[0.032s] Invoking command in '/home/jaeheyoung/robot_service_ws/build/turtlebot3_node': CMAKE_PREFIX_PATH=/home/jaeheyoung/robot_service_ws/install/turtlebot3_msgs:/home/jaeheyoung/robot_service_ws/install/turtlebot3:/home/jaeheyoung/robot_service_ws/install/turtlebot3_simulations:/home/jaeheyoung/robot_service_ws/install/turtlebot3_bringup:/home/jaeheyoung/robot_service_ws/install/turtlebot3_node:/home/jaeheyoung/robot_service_ws/install/turtlebot3_navigation2:/home/jaeheyoung/robot_service_ws/install/turtlebot3_fake_node:/home/jaeheyoung/robot_service_ws/install/turtlebot3_gazebo:/home/jaeheyoung/robot_service_ws/install/turtlebot3_description:/home/jaeheyoung/robot_service_ws/install/turtlebot3_cartographer:/home/jaeheyoung/robot_service_ws/install/order_interface:/home/jaeheyoung/robot_service_ws/install/turtlebot3_teleop:/home/jaeheyoung/robot_service_ws/install/turtlebot3_example:/home/jaeheyoung/robot_service_ws/install/robot_serving:/opt/ros/humble LD_LIBRARY_PATH=/home/jaeheyoung/robot_service_ws/install/turtlebot3_msgs/lib:/home/jaeheyoung/robot_service_ws/install/order_interface/lib:/usr/lib/x86_64-linux-gnu/gazebo-11/plugins:/opt/ros/humble/opt/rviz_ogre_vendor/lib:/opt/ros/humble/lib/x86_64-linux-gnu:/opt/ros/humble/lib:/usr/local/cuda-12.6/lib64:/usr/lib/x86_64-linux-gnu/gazebo-11/plugins /usr/bin/cmake --build /home/jaeheyoung/robot_service_ws/build/turtlebot3_node -- -j20 -l20
[2.890s] [35m[1mConsolidate compiler generated dependencies of target turtlebot3_node_lib[0m
[2.891s] [ 85%] Built target turtlebot3_node_lib
[2.892s] [35m[1mConsolidate compiler generated dependencies of target turtlebot3_ros[0m
[2.892s] [100%] Built target turtlebot3_ros
[2.893s] Invoked command in '/home/jaeheyoung/robot_service_ws/build/turtlebot3_node' returned '0': CMAKE_PREFIX_PATH=/home/jaeheyoung/robot_service_ws/install/turtlebot3_msgs:/home/jaeheyoung/robot_service_ws/install/turtlebot3:/home/jaeheyoung/robot_service_ws/install/turtlebot3_simulations:/home/jaeheyoung/robot_service_ws/install/turtlebot3_bringup:/home/jaeheyoung/robot_service_ws/install/turtlebot3_node:/home/jaeheyoung/robot_service_ws/install/turtlebot3_navigation2:/home/jaeheyoung/robot_service_ws/install/turtlebot3_fake_node:/home/jaeheyoung/robot_service_ws/install/turtlebot3_gazebo:/home/jaeheyoung/robot_service_ws/install/turtlebot3_description:/home/jaeheyoung/robot_service_ws/install/turtlebot3_cartographer:/home/jaeheyoung/robot_service_ws/install/order_interface:/home/jaeheyoung/robot_service_ws/install/turtlebot3_teleop:/home/jaeheyoung/robot_service_ws/install/turtlebot3_example:/home/jaeheyoung/robot_service_ws/install/robot_serving:/opt/ros/humble LD_LIBRARY_PATH=/home/jaeheyoung/robot_service_ws/install/turtlebot3_msgs/lib:/home/jaeheyoung/robot_service_ws/install/order_interface/lib:/usr/lib/x86_64-linux-gnu/gazebo-11/plugins:/opt/ros/humble/opt/rviz_ogre_vendor/lib:/opt/ros/humble/lib/x86_64-linux-gnu:/opt/ros/humble/lib:/usr/local/cuda-12.6/lib64:/usr/lib/x86_64-linux-gnu/gazebo-11/plugins /usr/bin/cmake --build /home/jaeheyoung/robot_service_ws/build/turtlebot3_node -- -j20 -l20
[3.098s] Invoking command in '/home/jaeheyoung/robot_service_ws/build/turtlebot3_node': CMAKE_PREFIX_PATH=/home/jaeheyoung/robot_service_ws/install/turtlebot3_msgs:/home/jaeheyoung/robot_service_ws/install/turtlebot3:/home/jaeheyoung/robot_service_ws/install/turtlebot3_simulations:/home/jaeheyoung/robot_service_ws/install/turtlebot3_bringup:/home/jaeheyoung/robot_service_ws/install/turtlebot3_node:/home/jaeheyoung/robot_service_ws/install/turtlebot3_navigation2:/home/jaeheyoung/robot_service_ws/install/turtlebot3_fake_node:/home/jaeheyoung/robot_service_ws/install/turtlebot3_gazebo:/home/jaeheyoung/robot_service_ws/install/turtlebot3_description:/home/jaeheyoung/robot_service_ws/install/turtlebot3_cartographer:/home/jaeheyoung/robot_service_ws/install/order_interface:/home/jaeheyoung/robot_service_ws/install/turtlebot3_teleop:/home/jaeheyoung/robot_service_ws/install/turtlebot3_example:/home/jaeheyoung/robot_service_ws/install/robot_serving:/opt/ros/humble LD_LIBRARY_PATH=/home/jaeheyoung/robot_service_ws/install/turtlebot3_msgs/lib:/home/jaeheyoung/robot_service_ws/install/order_interface/lib:/usr/lib/x86_64-linux-gnu/gazebo-11/plugins:/opt/ros/humble/opt/rviz_ogre_vendor/lib:/opt/ros/humble/lib/x86_64-linux-gnu:/opt/ros/humble/lib:/usr/local/cuda-12.6/lib64:/usr/lib/x86_64-linux-gnu/gazebo-11/plugins /usr/bin/cmake --install /home/jaeheyoung/robot_service_ws/build/turtlebot3_node
[3.099s] -- Install configuration: ""
[3.099s] -- Up-to-date: /home/jaeheyoung/robot_service_ws/install/turtlebot3_node/share/turtlebot3_node/param
[3.099s] -- Up-to-date: /home/jaeheyoung/robot_service_ws/install/turtlebot3_node/share/turtlebot3_node/param/waffle.yaml
[3.099s] -- Up-to-date: /home/jaeheyoung/robot_service_ws/install/turtlebot3_node/share/turtlebot3_node/param/burger.yaml
[3.099s] -- Up-to-date: /home/jaeheyoung/robot_service_ws/install/turtlebot3_node/share/turtlebot3_node/param/waffle_pi.yaml
[3.100s] -- Up-to-date: /home/jaeheyoung/robot_service_ws/install/turtlebot3_node/lib/turtlebot3_node/turtlebot3_ros
[3.100s] -- Up-to-date: /home/jaeheyoung/robot_service_ws/install/turtlebot3_node/share/ament_index/resource_index/package_run_dependencies/turtlebot3_node
[3.100s] -- Up-to-date: /home/jaeheyoung/robot_service_ws/install/turtlebot3_node/share/ament_index/resource_index/parent_prefix_path/turtlebot3_node
[3.100s] -- Up-to-date: /home/jaeheyoung/robot_service_ws/install/turtlebot3_node/share/turtlebot3_node/environment/ament_prefix_path.sh
[3.100s] -- Up-to-date: /home/jaeheyoung/robot_service_ws/install/turtlebot3_node/share/turtlebot3_node/environment/ament_prefix_path.dsv
[3.100s] -- Up-to-date: /home/jaeheyoung/robot_service_ws/install/turtlebot3_node/share/turtlebot3_node/environment/path.sh
[3.100s] -- Up-to-date: /home/jaeheyoung/robot_service_ws/install/turtlebot3_node/share/turtlebot3_node/environment/path.dsv
[3.100s] -- Up-to-date: /home/jaeheyoung/robot_service_ws/install/turtlebot3_node/share/turtlebot3_node/local_setup.bash
[3.100s] -- Up-to-date: /home/jaeheyoung/robot_service_ws/install/turtlebot3_node/share/turtlebot3_node/local_setup.sh
[3.100s] -- Up-to-date: /home/jaeheyoung/robot_service_ws/install/turtlebot3_node/share/turtlebot3_node/local_setup.zsh
[3.101s] -- Up-to-date: /home/jaeheyoung/robot_service_ws/install/turtlebot3_node/share/turtlebot3_node/local_setup.dsv
[3.101s] -- Installing: /home/jaeheyoung/robot_service_ws/install/turtlebot3_node/share/turtlebot3_node/package.dsv
[3.101s] -- Up-to-date: /home/jaeheyoung/robot_service_ws/install/turtlebot3_node/share/ament_index/resource_index/packages/turtlebot3_node
[3.101s] -- Up-to-date: /home/jaeheyoung/robot_service_ws/install/turtlebot3_node/share/turtlebot3_node/cmake/ament_cmake_export_include_directories-extras.cmake
[3.101s] -- Up-to-date: /home/jaeheyoung/robot_service_ws/install/turtlebot3_node/share/turtlebot3_node/cmake/turtlebot3_nodeConfig.cmake
[3.101s] -- Up-to-date: /home/jaeheyoung/robot_service_ws/install/turtlebot3_node/share/turtlebot3_node/cmake/turtlebot3_nodeConfig-version.cmake
[3.101s] -- Up-to-date: /home/jaeheyoung/robot_service_ws/install/turtlebot3_node/share/turtlebot3_node/package.xml
[3.102s] Invoked command in '/home/jaeheyoung/robot_service_ws/build/turtlebot3_node' returned '0': CMAKE_PREFIX_PATH=/home/jaeheyoung/robot_service_ws/install/turtlebot3_msgs:/home/jaeheyoung/robot_service_ws/install/turtlebot3:/home/jaeheyoung/robot_service_ws/install/turtlebot3_simulations:/home/jaeheyoung/robot_service_ws/install/turtlebot3_bringup:/home/jaeheyoung/robot_service_ws/install/turtlebot3_node:/home/jaeheyoung/robot_service_ws/install/turtlebot3_navigation2:/home/jaeheyoung/robot_service_ws/install/turtlebot3_fake_node:/home/jaeheyoung/robot_service_ws/install/turtlebot3_gazebo:/home/jaeheyoung/robot_service_ws/install/turtlebot3_description:/home/jaeheyoung/robot_service_ws/install/turtlebot3_cartographer:/home/jaeheyoung/robot_service_ws/install/order_interface:/home/jaeheyoung/robot_service_ws/install/turtlebot3_teleop:/home/jaeheyoung/robot_service_ws/install/turtlebot3_example:/home/jaeheyoung/robot_service_ws/install/robot_serving:/opt/ros/humble LD_LIBRARY_PATH=/home/jaeheyoung/robot_service_ws/install/turtlebot3_msgs/lib:/home/jaeheyoung/robot_service_ws/install/order_interface/lib:/usr/lib/x86_64-linux-gnu/gazebo-11/plugins:/opt/ros/humble/opt/rviz_ogre_vendor/lib:/opt/ros/humble/lib/x86_64-linux-gnu:/opt/ros/humble/lib:/usr/local/cuda-12.6/lib64:/usr/lib/x86_64-linux-gnu/gazebo-11/plugins /usr/bin/cmake --install /home/jaeheyoung/robot_service_ws/build/turtlebot3_node
