[1.100s] Invoking command in '/home/jaeheyoung/robot_service_ws/src/turtlebot3/turtlebot3_example': CMAKE_PREFIX_PATH=/home/jaeheyoung/robot_service_ws/install/turtlebot3_msgs:/home/jaeheyoung/robot_service_ws/install/turtlebot3:/home/jaeheyoung/robot_service_ws/install/turtlebot3_simulations:/home/jaeheyoung/robot_service_ws/install/turtlebot3_bringup:/home/jaeheyoung/robot_service_ws/install/turtlebot3_node:/home/jaeheyoung/robot_service_ws/install/turtlebot3_navigation2:/home/jaeheyoung/robot_service_ws/install/turtlebot3_fake_node:/home/jaeheyoung/robot_service_ws/install/turtlebot3_gazebo:/home/jaeheyoung/robot_service_ws/install/turtlebot3_description:/home/jaeheyoung/robot_service_ws/install/turtlebot3_cartographer:/home/jaeheyoung/robot_service_ws/install/order_interface LD_LIBRARY_PATH=/home/jaeheyoung/robot_service_ws/install/turtlebot3_msgs/lib:/home/jaeheyoung/robot_service_ws/install/order_interface/lib:/usr/lib/x86_64-linux-gnu/gazebo-11/plugins:/opt/ros/humble/opt/rviz_ogre_vendor/lib:/opt/ros/humble/lib/x86_64-linux-gnu:/opt/ros/humble/lib:/usr/local/cuda-12.6/lib64:/usr/lib/x86_64-linux-gnu/gazebo-11/plugins PYTHONPATH=/home/jaeheyoung/robot_service_ws/build/turtlebot3_example/prefix_override:/usr/lib/python3/dist-packages/colcon_core/task/python/colcon_distutils_commands:/home/jaeheyoung/robot_service_ws/install/turtlebot3_example/lib/python3.10/site-packages:${PYTHONPATH} /usr/bin/python3 -W ignore:setup.py install is deprecated setup.py egg_info --egg-base ../../../build/turtlebot3_example build --build-base /home/jaeheyoung/robot_service_ws/build/turtlebot3_example/build install --record /home/jaeheyoung/robot_service_ws/build/turtlebot3_example/install.log --single-version-externally-managed install_data
[1.548s] running egg_info
[1.554s] writing ../../../build/turtlebot3_example/turtlebot3_example.egg-info/PKG-INFO
[1.554s] writing dependency_links to ../../../build/turtlebot3_example/turtlebot3_example.egg-info/dependency_links.txt
[1.554s] writing entry points to ../../../build/turtlebot3_example/turtlebot3_example.egg-info/entry_points.txt
[1.555s] writing requirements to ../../../build/turtlebot3_example/turtlebot3_example.egg-info/requires.txt
[1.555s] writing top-level names to ../../../build/turtlebot3_example/turtlebot3_example.egg-info/top_level.txt
[1.557s] reading manifest file '../../../build/turtlebot3_example/turtlebot3_example.egg-info/SOURCES.txt'
[1.559s] writing manifest file '../../../build/turtlebot3_example/turtlebot3_example.egg-info/SOURCES.txt'
[1.559s] running build
[1.560s] running build_py
[1.560s] running install
[1.561s] running install_lib
[1.562s] running install_data
[1.563s] running install_egg_info
[1.564s] removing '/home/jaeheyoung/robot_service_ws/install/turtlebot3_example/lib/python3.10/site-packages/turtlebot3_example-2.1.5-py3.10.egg-info' (and everything under it)
[1.565s] Copying ../../../build/turtlebot3_example/turtlebot3_example.egg-info to /home/jaeheyoung/robot_service_ws/install/turtlebot3_example/lib/python3.10/site-packages/turtlebot3_example-2.1.5-py3.10.egg-info
[1.565s] running install_scripts
[1.588s] Installing turtlebot3_obstacle_detection script to /home/jaeheyoung/robot_service_ws/install/turtlebot3_example/lib/turtlebot3_example
[1.588s] Installing turtlebot3_patrol_client script to /home/jaeheyoung/robot_service_ws/install/turtlebot3_example/lib/turtlebot3_example
[1.588s] Installing turtlebot3_patrol_server script to /home/jaeheyoung/robot_service_ws/install/turtlebot3_example/lib/turtlebot3_example
[1.588s] Installing turtlebot3_position_control script to /home/jaeheyoung/robot_service_ws/install/turtlebot3_example/lib/turtlebot3_example
[1.588s] writing list of installed files to '/home/jaeheyoung/robot_service_ws/build/turtlebot3_example/install.log'
[1.615s] Invoked command in '/home/jaeheyoung/robot_service_ws/src/turtlebot3/turtlebot3_example' returned '0': CMAKE_PREFIX_PATH=/home/jaeheyoung/robot_service_ws/install/turtlebot3_msgs:/home/jaeheyoung/robot_service_ws/install/turtlebot3:/home/jaeheyoung/robot_service_ws/install/turtlebot3_simulations:/home/jaeheyoung/robot_service_ws/install/turtlebot3_bringup:/home/jaeheyoung/robot_service_ws/install/turtlebot3_node:/home/jaeheyoung/robot_service_ws/install/turtlebot3_navigation2:/home/jaeheyoung/robot_service_ws/install/turtlebot3_fake_node:/home/jaeheyoung/robot_service_ws/install/turtlebot3_gazebo:/home/jaeheyoung/robot_service_ws/install/turtlebot3_description:/home/jaeheyoung/robot_service_ws/install/turtlebot3_cartographer:/home/jaeheyoung/robot_service_ws/install/order_interface LD_LIBRARY_PATH=/home/jaeheyoung/robot_service_ws/install/turtlebot3_msgs/lib:/home/jaeheyoung/robot_service_ws/install/order_interface/lib:/usr/lib/x86_64-linux-gnu/gazebo-11/plugins:/opt/ros/humble/opt/rviz_ogre_vendor/lib:/opt/ros/humble/lib/x86_64-linux-gnu:/opt/ros/humble/lib:/usr/local/cuda-12.6/lib64:/usr/lib/x86_64-linux-gnu/gazebo-11/plugins PYTHONPATH=/home/jaeheyoung/robot_service_ws/build/turtlebot3_example/prefix_override:/usr/lib/python3/dist-packages/colcon_core/task/python/colcon_distutils_commands:/home/jaeheyoung/robot_service_ws/install/turtlebot3_example/lib/python3.10/site-packages:${PYTHONPATH} /usr/bin/python3 -W ignore:setup.py install is deprecated setup.py egg_info --egg-base ../../../build/turtlebot3_example build --build-base /home/jaeheyoung/robot_service_ws/build/turtlebot3_example/build install --record /home/jaeheyoung/robot_service_ws/build/turtlebot3_example/install.log --single-version-externally-managed install_data
