[ 25%] Built target rt_init
[ 50%] Built target realtime_control
[ 75%] Built target realtime_api
[100%] Built target rt_shutdown
-- Install configuration: ""
-- Up-to-date: /home/jaeheyoung/Rokey/7.PracticalProject/Week3_Coop2/DR_ws/install/realtime_control/lib/realtime_control/rt_init
-- Up-to-date: /home/jaeheyoung/Rokey/7.PracticalProject/Week3_Coop2/DR_ws/install/realtime_control/lib/realtime_control/realtime_control
-- Up-to-date: /home/jaeheyoung/Rokey/7.PracticalProject/Week3_Coop2/DR_ws/install/realtime_control/lib/realtime_control/rt_shutdown
-- Up-to-date: /home/jaeheyoung/Rokey/7.PracticalProject/Week3_Coop2/DR_ws/install/realtime_control/lib/realtime_control/realtime_api
-- Up-to-date: /home/jaeheyoung/Rokey/7.PracticalProject/Week3_Coop2/DR_ws/install/realtime_control/include/realtime_control
-- Up-to-date: /home/jaeheyoung/Rokey/7.PracticalProject/Week3_Coop2/DR_ws/install/realtime_control/include/realtime_control/dsr_realtime_control
-- Up-to-date: /home/jaeheyoung/Rokey/7.PracticalProject/Week3_Coop2/DR_ws/install/realtime_control/include/realtime_control/dsr_realtime_control/realtime_api.hpp
-- Up-to-date: /home/jaeheyoung/Rokey/7.PracticalProject/Week3_Coop2/DR_ws/install/realtime_control/include/realtime_control/dsr_realtime_control/burn_cpu_cycles.hpp
-- Up-to-date: /home/jaeheyoung/Rokey/7.PracticalProject/Week3_Coop2/DR_ws/install/realtime_control/include/realtime_control/dsr_realtime_control/rt_init.hpp
-- Up-to-date: /home/jaeheyoung/Rokey/7.PracticalProject/Week3_Coop2/DR_ws/install/realtime_control/include/realtime_control/dsr_realtime_control/command_line_options.hpp
-- Up-to-date: /home/jaeheyoung/Rokey/7.PracticalProject/Week3_Coop2/DR_ws/install/realtime_control/include/realtime_control/dsr_realtime_control/rt_shutdown.hpp
-- Up-to-date: /home/jaeheyoung/Rokey/7.PracticalProject/Week3_Coop2/DR_ws/install/realtime_control/include/realtime_control/dsr_realtime_control/sched_utils.hpp
-- Up-to-date: /home/jaeheyoung/Rokey/7.PracticalProject/Week3_Coop2/DR_ws/install/realtime_control/include/realtime_control/dsr_realtime_control/rusage_utils.hpp
-- Up-to-date: /home/jaeheyoung/Rokey/7.PracticalProject/Week3_Coop2/DR_ws/install/realtime_control/include/realtime_control/dsr_realtime_control/realtime_control.hpp
-- Up-to-date: /home/jaeheyoung/Rokey/7.PracticalProject/Week3_Coop2/DR_ws/install/realtime_control/share/ament_index/resource_index/package_run_dependencies/realtime_control
-- Up-to-date: /home/jaeheyoung/Rokey/7.PracticalProject/Week3_Coop2/DR_ws/install/realtime_control/share/ament_index/resource_index/parent_prefix_path/realtime_control
-- Up-to-date: /home/jaeheyoung/Rokey/7.PracticalProject/Week3_Coop2/DR_ws/install/realtime_control/share/realtime_control/environment/ament_prefix_path.sh
-- Up-to-date: /home/jaeheyoung/Rokey/7.PracticalProject/Week3_Coop2/DR_ws/install/realtime_control/share/realtime_control/environment/ament_prefix_path.dsv
-- Up-to-date: /home/jaeheyoung/Rokey/7.PracticalProject/Week3_Coop2/DR_ws/install/realtime_control/share/realtime_control/environment/path.sh
-- Up-to-date: /home/jaeheyoung/Rokey/7.PracticalProject/Week3_Coop2/DR_ws/install/realtime_control/share/realtime_control/environment/path.dsv
-- Up-to-date: /home/jaeheyoung/Rokey/7.PracticalProject/Week3_Coop2/DR_ws/install/realtime_control/share/realtime_control/local_setup.bash
-- Up-to-date: /home/jaeheyoung/Rokey/7.PracticalProject/Week3_Coop2/DR_ws/install/realtime_control/share/realtime_control/local_setup.sh
-- Up-to-date: /home/jaeheyoung/Rokey/7.PracticalProject/Week3_Coop2/DR_ws/install/realtime_control/share/realtime_control/local_setup.zsh
-- Up-to-date: /home/jaeheyoung/Rokey/7.PracticalProject/Week3_Coop2/DR_ws/install/realtime_control/share/realtime_control/local_setup.dsv
-- Installing: /home/jaeheyoung/Rokey/7.PracticalProject/Week3_Coop2/DR_ws/install/realtime_control/share/realtime_control/package.dsv
-- Up-to-date: /home/jaeheyoung/Rokey/7.PracticalProject/Week3_Coop2/DR_ws/install/realtime_control/share/ament_index/resource_index/packages/realtime_control
-- Up-to-date: /home/jaeheyoung/Rokey/7.PracticalProject/Week3_Coop2/DR_ws/install/realtime_control/share/realtime_control/cmake/realtime_controlConfig.cmake
-- Up-to-date: /home/jaeheyoung/Rokey/7.PracticalProject/Week3_Coop2/DR_ws/install/realtime_control/share/realtime_control/cmake/realtime_controlConfig-version.cmake
-- Up-to-date: /home/jaeheyoung/Rokey/7.PracticalProject/Week3_Coop2/DR_ws/install/realtime_control/share/realtime_control/package.xml
