[0.423s] Invoking command in '/home/jaeheyoung/Rokey/7.PracticalProject/Week3_Coop2/DR_ws/src/doosan-robot2/dsr_rokey/c5': CMAKE_PREFIX_PATH=/home/jaeheyoung/Rokey/7.PracticalProject/Week3_Coop2/DR_ws/install/common2:/home/jaeheyoung/Rokey/7.PracticalProject/Week3_Coop2/DR_ws/install/realtime_control:/home/jaeheyoung/Rokey/7.PracticalProject/Week3_Coop2/DR_ws/install/m1509_moveit_config:/home/jaeheyoung/Rokey/7.PracticalProject/Week3_Coop2/DR_ws/install/m1013_moveit_config:/home/jaeheyoung/Rokey/7.PracticalProject/Week3_Coop2/DR_ws/install/m0617_moveit_config:/home/jaeheyoung/Rokey/7.PracticalProject/Week3_Coop2/DR_ws/install/m0609_moveit_config:/home/jaeheyoung/Rokey/7.PracticalProject/Week3_Coop2/DR_ws/install/ign_ros2_control_demos:/home/jaeheyoung/Rokey/7.PracticalProject/Week3_Coop2/DR_ws/install/gz_ros2_control_tests:/home/jaeheyoung/Rokey/7.PracticalProject/Week3_Coop2/DR_ws/install/ign_ros2_control:/home/jaeheyoung/Rokey/7.PracticalProject/Week3_Coop2/DR_ws/install/h2515_moveit_config:/home/jaeheyoung/Rokey/7.PracticalProject/Week3_Coop2/DR_ws/install/h2017_moveit_config:/home/jaeheyoung/Rokey/7.PracticalProject/Week3_Coop2/DR_ws/install/e0509_moveit_config:/home/jaeheyoung/Rokey/7.PracticalProject/Week3_Coop2/DR_ws/install/dsr_controller2:/home/jaeheyoung/Rokey/7.PracticalProject/Week3_Coop2/DR_ws/install/dsr_msgs2:/home/jaeheyoung/Rokey/7.PracticalProject/Week3_Coop2/DR_ws/install/dsr_hardware2:/home/jaeheyoung/Rokey/7.PracticalProject/Week3_Coop2/DR_ws/install/dsr_gazebo2:/home/jaeheyoung/Rokey/7.PracticalProject/Week3_Coop2/DR_ws/install/dsr_description2:/home/jaeheyoung/Rokey/7.PracticalProject/Week3_Coop2/DR_ws/install/a0912_moveit_config:/home/jaeheyoung/Rokey/7.PracticalProject/Week3_Coop2/DR_ws/install/a0509_moveit_config PYTHONPATH=/home/jaeheyoung/Rokey/7.PracticalProject/Week3_Coop2/DR_ws/build/c5/prefix_override:/usr/lib/python3/dist-packages/colcon_core/task/python/colcon_distutils_commands:/home/jaeheyoung/Rokey/7.PracticalProject/Week3_Coop2/DR_ws/install/c5/lib/python3.10/site-packages:${PYTHONPATH} /usr/bin/python3 -W ignore:setup.py install is deprecated setup.py egg_info --egg-base ../../../../build/c5 build --build-base /home/jaeheyoung/Rokey/7.PracticalProject/Week3_Coop2/DR_ws/build/c5/build install --record /home/jaeheyoung/Rokey/7.PracticalProject/Week3_Coop2/DR_ws/build/c5/install.log --single-version-externally-managed install_data
[0.587s] running egg_info
[0.587s] writing ../../../../build/c5/c5.egg-info/PKG-INFO
[0.587s] writing dependency_links to ../../../../build/c5/c5.egg-info/dependency_links.txt
[0.587s] writing entry points to ../../../../build/c5/c5.egg-info/entry_points.txt
[0.587s] writing requirements to ../../../../build/c5/c5.egg-info/requires.txt
[0.587s] writing top-level names to ../../../../build/c5/c5.egg-info/top_level.txt
[0.589s] reading manifest file '../../../../build/c5/c5.egg-info/SOURCES.txt'
[0.589s] writing manifest file '../../../../build/c5/c5.egg-info/SOURCES.txt'
[0.589s] running build
[0.589s] running build_py
[0.590s] copying c5/basic/stack_domino1.py -> /home/jaeheyoung/Rokey/7.PracticalProject/Week3_Coop2/DR_ws/build/c5/build/lib/c5/basic
[0.590s] copying c5/basic/sortingBlock.py -> /home/jaeheyoung/Rokey/7.PracticalProject/Week3_Coop2/DR_ws/build/c5/build/lib/c5/basic
[0.590s] running install
[0.590s] running install_lib
[0.591s] copying /home/jaeheyoung/Rokey/7.PracticalProject/Week3_Coop2/DR_ws/build/c5/build/lib/c5/basic/stack_domino1.py -> /home/jaeheyoung/Rokey/7.PracticalProject/Week3_Coop2/DR_ws/install/c5/lib/python3.10/site-packages/c5/basic
[0.591s] copying /home/jaeheyoung/Rokey/7.PracticalProject/Week3_Coop2/DR_ws/build/c5/build/lib/c5/basic/sortingBlock.py -> /home/jaeheyoung/Rokey/7.PracticalProject/Week3_Coop2/DR_ws/install/c5/lib/python3.10/site-packages/c5/basic
[0.592s] byte-compiling /home/jaeheyoung/Rokey/7.PracticalProject/Week3_Coop2/DR_ws/install/c5/lib/python3.10/site-packages/c5/basic/stack_domino1.py to stack_domino1.cpython-310.pyc
[0.593s] byte-compiling /home/jaeheyoung/Rokey/7.PracticalProject/Week3_Coop2/DR_ws/install/c5/lib/python3.10/site-packages/c5/basic/sortingBlock.py to sortingBlock.cpython-310.pyc
[0.594s] running install_data
[0.594s] running install_egg_info
[0.595s] removing '/home/jaeheyoung/Rokey/7.PracticalProject/Week3_Coop2/DR_ws/install/c5/lib/python3.10/site-packages/c5-0.0.0-py3.10.egg-info' (and everything under it)
[0.595s] Copying ../../../../build/c5/c5.egg-info to /home/jaeheyoung/Rokey/7.PracticalProject/Week3_Coop2/DR_ws/install/c5/lib/python3.10/site-packages/c5-0.0.0-py3.10.egg-info
[0.595s] running install_scripts
[0.609s] Installing force_control script to /home/jaeheyoung/Rokey/7.PracticalProject/Week3_Coop2/DR_ws/install/c5/lib/c5
[0.609s] Installing getting_position script to /home/jaeheyoung/Rokey/7.PracticalProject/Week3_Coop2/DR_ws/install/c5/lib/c5
[0.609s] Installing grip script to /home/jaeheyoung/Rokey/7.PracticalProject/Week3_Coop2/DR_ws/install/c5/lib/c5
[0.609s] Installing move_periodic script to /home/jaeheyoung/Rokey/7.PracticalProject/Week3_Coop2/DR_ws/install/c5/lib/c5
[0.609s] Installing pickNplace script to /home/jaeheyoung/Rokey/7.PracticalProject/Week3_Coop2/DR_ws/install/c5/lib/c5
[0.609s] Installing simple_move script to /home/jaeheyoung/Rokey/7.PracticalProject/Week3_Coop2/DR_ws/install/c5/lib/c5
[0.610s] Installing sort_block script to /home/jaeheyoung/Rokey/7.PracticalProject/Week3_Coop2/DR_ws/install/c5/lib/c5
[0.610s] writing list of installed files to '/home/jaeheyoung/Rokey/7.PracticalProject/Week3_Coop2/DR_ws/build/c5/install.log'
[0.626s] Invoked command in '/home/jaeheyoung/Rokey/7.PracticalProject/Week3_Coop2/DR_ws/src/doosan-robot2/dsr_rokey/c5' returned '0': CMAKE_PREFIX_PATH=/home/jaeheyoung/Rokey/7.PracticalProject/Week3_Coop2/DR_ws/install/common2:/home/jaeheyoung/Rokey/7.PracticalProject/Week3_Coop2/DR_ws/install/realtime_control:/home/jaeheyoung/Rokey/7.PracticalProject/Week3_Coop2/DR_ws/install/m1509_moveit_config:/home/jaeheyoung/Rokey/7.PracticalProject/Week3_Coop2/DR_ws/install/m1013_moveit_config:/home/jaeheyoung/Rokey/7.PracticalProject/Week3_Coop2/DR_ws/install/m0617_moveit_config:/home/jaeheyoung/Rokey/7.PracticalProject/Week3_Coop2/DR_ws/install/m0609_moveit_config:/home/jaeheyoung/Rokey/7.PracticalProject/Week3_Coop2/DR_ws/install/ign_ros2_control_demos:/home/jaeheyoung/Rokey/7.PracticalProject/Week3_Coop2/DR_ws/install/gz_ros2_control_tests:/home/jaeheyoung/Rokey/7.PracticalProject/Week3_Coop2/DR_ws/install/ign_ros2_control:/home/jaeheyoung/Rokey/7.PracticalProject/Week3_Coop2/DR_ws/install/h2515_moveit_config:/home/jaeheyoung/Rokey/7.PracticalProject/Week3_Coop2/DR_ws/install/h2017_moveit_config:/home/jaeheyoung/Rokey/7.PracticalProject/Week3_Coop2/DR_ws/install/e0509_moveit_config:/home/jaeheyoung/Rokey/7.PracticalProject/Week3_Coop2/DR_ws/install/dsr_controller2:/home/jaeheyoung/Rokey/7.PracticalProject/Week3_Coop2/DR_ws/install/dsr_msgs2:/home/jaeheyoung/Rokey/7.PracticalProject/Week3_Coop2/DR_ws/install/dsr_hardware2:/home/jaeheyoung/Rokey/7.PracticalProject/Week3_Coop2/DR_ws/install/dsr_gazebo2:/home/jaeheyoung/Rokey/7.PracticalProject/Week3_Coop2/DR_ws/install/dsr_description2:/home/jaeheyoung/Rokey/7.PracticalProject/Week3_Coop2/DR_ws/install/a0912_moveit_config:/home/jaeheyoung/Rokey/7.PracticalProject/Week3_Coop2/DR_ws/install/a0509_moveit_config PYTHONPATH=/home/jaeheyoung/Rokey/7.PracticalProject/Week3_Coop2/DR_ws/build/c5/prefix_override:/usr/lib/python3/dist-packages/colcon_core/task/python/colcon_distutils_commands:/home/jaeheyoung/Rokey/7.PracticalProject/Week3_Coop2/DR_ws/install/c5/lib/python3.10/site-packages:${PYTHONPATH} /usr/bin/python3 -W ignore:setup.py install is deprecated setup.py egg_info --egg-base ../../../../build/c5 build --build-base /home/jaeheyoung/Rokey/7.PracticalProject/Week3_Coop2/DR_ws/build/c5/build install --record /home/jaeheyoung/Rokey/7.PracticalProject/Week3_Coop2/DR_ws/build/c5/install.log --single-version-externally-managed install_data
