[0.031s] Invoking command in '/home/jaeheyoung/Rokey/7.PracticalProject/Week6_Drive2/rbvacuum_ws/build/automap': CMAKE_PREFIX_PATH=${CMAKE_PREFIX_PATH}:/opt/ros/humble /usr/bin/cmake /home/jaeheyoung/Rokey/7.PracticalProject/Week6_Drive2/rbvacuum_ws/src/automap -DAMENT_CMAKE_SYMLINK_INSTALL=1 -DCMAKE_INSTALL_PREFIX=/home/jaeheyoung/Rokey/7.PracticalProject/Week6_Drive2/rbvacuum_ws/install/automap
[0.112s] -- The C compiler identification is GNU 11.4.0
[0.185s] -- The CXX compiler identification is GNU 11.4.0
[0.204s] -- Detecting C compiler ABI info
[0.315s] -- Detecting C compiler ABI info - done
[0.323s] -- Check for working C compiler: /usr/bin/cc - skipped
[0.324s] -- Detecting C compile features
[0.324s] -- Detecting C compile features - done
[0.327s] -- Detecting CXX compiler ABI info
[0.458s] -- Detecting CXX compiler ABI info - done
[0.466s] -- Check for working CXX compiler: /usr/bin/c++ - skipped
[0.467s] -- Detecting CXX compile features
[0.467s] -- Detecting CXX compile features - done
[0.470s] -- Found ament_cmake: 1.3.10 (/opt/ros/humble/share/ament_cmake/cmake)
[0.650s] -- Found Python3: /usr/bin/python3 (found version "3.10.12") found components: Interpreter 
[0.723s] -- Override CMake install command with custom implementation using symlinks instead of copying resources
[0.755s] -- Found rclpy: 3.3.14 (/opt/ros/humble/share/rclpy/cmake)
[0.832s] -- Configuring done
[0.834s] -- Generating done
[0.835s] -- Build files have been written to: /home/jaeheyoung/Rokey/7.PracticalProject/Week6_Drive2/rbvacuum_ws/build/automap
[0.840s] Invoked command in '/home/jaeheyoung/Rokey/7.PracticalProject/Week6_Drive2/rbvacuum_ws/build/automap' returned '0': CMAKE_PREFIX_PATH=${CMAKE_PREFIX_PATH}:/opt/ros/humble /usr/bin/cmake /home/jaeheyoung/Rokey/7.PracticalProject/Week6_Drive2/rbvacuum_ws/src/automap -DAMENT_CMAKE_SYMLINK_INSTALL=1 -DCMAKE_INSTALL_PREFIX=/home/jaeheyoung/Rokey/7.PracticalProject/Week6_Drive2/rbvacuum_ws/install/automap
[0.847s] Invoking command in '/home/jaeheyoung/Rokey/7.PracticalProject/Week6_Drive2/rbvacuum_ws/build/automap': CMAKE_PREFIX_PATH=${CMAKE_PREFIX_PATH}:/opt/ros/humble /usr/bin/cmake --build /home/jaeheyoung/Rokey/7.PracticalProject/Week6_Drive2/rbvacuum_ws/build/automap -- -j20 -l20
[0.898s] Invoked command in '/home/jaeheyoung/Rokey/7.PracticalProject/Week6_Drive2/rbvacuum_ws/build/automap' returned '0': CMAKE_PREFIX_PATH=${CMAKE_PREFIX_PATH}:/opt/ros/humble /usr/bin/cmake --build /home/jaeheyoung/Rokey/7.PracticalProject/Week6_Drive2/rbvacuum_ws/build/automap -- -j20 -l20
[0.967s] Invoking command in '/home/jaeheyoung/Rokey/7.PracticalProject/Week6_Drive2/rbvacuum_ws/build/automap': CMAKE_PREFIX_PATH=${CMAKE_PREFIX_PATH}:/opt/ros/humble /usr/bin/cmake --install /home/jaeheyoung/Rokey/7.PracticalProject/Week6_Drive2/rbvacuum_ws/build/automap
[0.975s] -- Install configuration: ""
[0.976s] -- Execute custom install script
[0.977s] -- Symlinking: /home/jaeheyoung/Rokey/7.PracticalProject/Week6_Drive2/rbvacuum_ws/install/automap/lib/automap/mapping.py
[0.986s] -- Symlinking: /home/jaeheyoung/Rokey/7.PracticalProject/Week6_Drive2/rbvacuum_ws/install/automap/share/automap/launch/automap.launch.py
[0.996s] -- Symlinking: /home/jaeheyoung/Rokey/7.PracticalProject/Week6_Drive2/rbvacuum_ws/install/automap/share/ament_index/resource_index/package_run_dependencies/automap
[1.009s] -- Symlinking: /home/jaeheyoung/Rokey/7.PracticalProject/Week6_Drive2/rbvacuum_ws/install/automap/share/ament_index/resource_index/parent_prefix_path/automap
[1.026s] -- Symlinking: /home/jaeheyoung/Rokey/7.PracticalProject/Week6_Drive2/rbvacuum_ws/install/automap/share/automap/environment/ament_prefix_path.sh
[1.035s] -- Symlinking: /home/jaeheyoung/Rokey/7.PracticalProject/Week6_Drive2/rbvacuum_ws/install/automap/share/automap/environment/ament_prefix_path.dsv
[1.051s] -- Symlinking: /home/jaeheyoung/Rokey/7.PracticalProject/Week6_Drive2/rbvacuum_ws/install/automap/share/automap/environment/path.sh
[1.060s] -- Symlinking: /home/jaeheyoung/Rokey/7.PracticalProject/Week6_Drive2/rbvacuum_ws/install/automap/share/automap/environment/path.dsv
[1.075s] -- Symlinking: /home/jaeheyoung/Rokey/7.PracticalProject/Week6_Drive2/rbvacuum_ws/install/automap/share/automap/local_setup.bash
[1.093s] -- Symlinking: /home/jaeheyoung/Rokey/7.PracticalProject/Week6_Drive2/rbvacuum_ws/install/automap/share/automap/local_setup.sh
[1.102s] -- Symlinking: /home/jaeheyoung/Rokey/7.PracticalProject/Week6_Drive2/rbvacuum_ws/install/automap/share/automap/local_setup.zsh
[1.113s] -- Symlinking: /home/jaeheyoung/Rokey/7.PracticalProject/Week6_Drive2/rbvacuum_ws/install/automap/share/automap/local_setup.dsv
[1.129s] -- Symlinking: /home/jaeheyoung/Rokey/7.PracticalProject/Week6_Drive2/rbvacuum_ws/install/automap/share/automap/package.dsv
[1.141s] -- Symlinking: /home/jaeheyoung/Rokey/7.PracticalProject/Week6_Drive2/rbvacuum_ws/install/automap/share/ament_index/resource_index/packages/automap
[1.153s] -- Symlinking: /home/jaeheyoung/Rokey/7.PracticalProject/Week6_Drive2/rbvacuum_ws/install/automap/share/automap/cmake/automapConfig.cmake
[1.170s] -- Symlinking: /home/jaeheyoung/Rokey/7.PracticalProject/Week6_Drive2/rbvacuum_ws/install/automap/share/automap/cmake/automapConfig-version.cmake
[1.180s] -- Symlinking: /home/jaeheyoung/Rokey/7.PracticalProject/Week6_Drive2/rbvacuum_ws/install/automap/share/automap/package.xml
[1.194s] Invoked command in '/home/jaeheyoung/Rokey/7.PracticalProject/Week6_Drive2/rbvacuum_ws/build/automap' returned '0': CMAKE_PREFIX_PATH=${CMAKE_PREFIX_PATH}:/opt/ros/humble /usr/bin/cmake --install /home/jaeheyoung/Rokey/7.PracticalProject/Week6_Drive2/rbvacuum_ws/build/automap
