[0.000000] (-) TimerEvent: {}
[0.000257] (-) JobUnselected: {'identifier': 'a0509_moveit_config'}
[0.000297] (-) JobUnselected: {'identifier': 'a0912_moveit_config'}
[0.000323] (-) JobUnselected: {'identifier': 'c5'}
[0.000346] (-) JobUnselected: {'identifier': 'common2'}
[0.000369] (-) JobUnselected: {'identifier': 'dsr_bringup2'}
[0.000392] (-) JobUnselected: {'identifier': 'dsr_controller2'}
[0.000413] (-) JobUnselected: {'identifier': 'dsr_description2'}
[0.000435] (-) JobUnselected: {'identifier': 'dsr_gazebo2'}
[0.000457] (-) JobUnselected: {'identifier': 'dsr_hardware2'}
[0.000479] (-) JobUnselected: {'identifier': 'dsr_msgs2'}
[0.000500] (-) JobUnselected: {'identifier': 'dsr_tests'}
[0.000521] (-) JobUnselected: {'identifier': 'e0509_moveit_config'}
[0.000542] (-) JobUnselected: {'identifier': 'example'}
[0.000563] (-) JobUnselected: {'identifier': 'gz_ros2_control_tests'}
[0.000584] (-) JobUnselected: {'identifier': 'h2017_moveit_config'}
[0.000604] (-) JobUnselected: {'identifier': 'h2515_moveit_config'}
[0.000625] (-) JobUnselected: {'identifier': 'ign_ros2_control'}
[0.000646] (-) JobUnselected: {'identifier': 'ign_ros2_control_demos'}
[0.000667] (-) JobUnselected: {'identifier': 'm0609_moveit_config'}
[0.000688] (-) JobUnselected: {'identifier': 'm0617_moveit_config'}
[0.000708] (-) JobUnselected: {'identifier': 'm1013_moveit_config'}
[0.000729] (-) JobUnselected: {'identifier': 'm1509_moveit_config'}
[0.000749] (-) JobUnselected: {'identifier': 'realtime_control'}
[0.000770] (-) JobUnselected: {'identifier': 'rokey'}
[0.000790] (-) JobUnselected: {'identifier': 'visualservoing'}
[0.000811] (-) EventReactorShutdown: {}
