[0.101s] DEBUG:colcon:Command line arguments: ['/usr/bin/colcon', 'build', '--packages-select', 'dsr_rokey']
[0.101s] DEBUG:colcon:Parsed command line arguments: Namespace(log_base=None, log_level=None, verb_name='build', build_base='build', install_base='install', merge_install=False, symlink_install=False, test_result_base=None, continue_on_error=False, executor='parallel', parallel_workers=20, event_handlers=None, ignore_user_meta=False, metas=['./colcon.meta'], base_paths=['.'], packages_ignore=None, packages_ignore_regex=None, paths=None, packages_up_to=None, packages_up_to_regex=None, packages_above=None, packages_above_and_dependencies=None, packages_above_depth=None, packages_select_by_dep=None, packages_skip_by_dep=None, packages_skip_up_to=None, packages_select_build_failed=False, packages_skip_build_finished=False, packages_select_test_failures=False, packages_skip_test_passed=False, packages_select=['dsr_rokey'], packages_skip=None, packages_select_regex=None, packages_skip_regex=None, packages_start=None, packages_end=None, allow_overriding=[], cmake_args=None, cmake_target=None, cmake_target_skip_unavailable=False, cmake_clean_cache=False, cmake_clean_first=False, cmake_force_configure=False, ament_cmake_args=None, catkin_cmake_args=None, catkin_skip_building_tests=False, mixin_files=None, mixin=None, verb_parser=<colcon_mixin.mixin.mixin_argument.MixinArgumentDecorator object at 0x715dfbf761d0>, verb_extension=<colcon_core.verb.build.BuildVerb object at 0x715dfbf75d20>, main=<bound method BuildVerb.main of <colcon_core.verb.build.BuildVerb object at 0x715dfbf75d20>>, mixin_verb=('build',))
[0.281s] Level 1:colcon.colcon_core.package_discovery:discover_packages(colcon_meta) check parameters
[0.281s] Level 1:colcon.colcon_core.package_discovery:discover_packages(recursive) check parameters
[0.281s] Level 1:colcon.colcon_core.package_discovery:discover_packages(ignore) check parameters
[0.281s] Level 1:colcon.colcon_core.package_discovery:discover_packages(path) check parameters
[0.281s] Level 1:colcon.colcon_core.package_discovery:discover_packages(colcon_meta) discover
[0.281s] Level 1:colcon.colcon_core.package_discovery:discover_packages(recursive) discover
[0.281s] INFO:colcon.colcon_core.package_discovery:Crawling recursively for packages in '/home/jaeheyoung/Rokey/7.PracticalProject/Week3_Coop2/DR_ws'
[0.281s] Level 1:colcon.colcon_core.package_identification:_identify(.) by extensions ['ignore', 'ignore_ament_install']
[0.281s] Level 1:colcon.colcon_core.package_identification:_identify(.) by extension 'ignore'
[0.281s] Level 1:colcon.colcon_core.package_identification:_identify(.) by extension 'ignore_ament_install'
[0.281s] Level 1:colcon.colcon_core.package_identification:_identify(.) by extensions ['colcon_pkg']
[0.281s] Level 1:colcon.colcon_core.package_identification:_identify(.) by extension 'colcon_pkg'
[0.281s] Level 1:colcon.colcon_core.package_identification:_identify(.) by extensions ['colcon_meta']
[0.281s] Level 1:colcon.colcon_core.package_identification:_identify(.) by extension 'colcon_meta'
[0.281s] Level 1:colcon.colcon_core.package_identification:_identify(.) by extensions ['ros']
[0.281s] Level 1:colcon.colcon_core.package_identification:_identify(.) by extension 'ros'
[0.299s] Level 1:colcon.colcon_core.package_identification:_identify(.) by extensions ['cmake', 'python']
[0.299s] Level 1:colcon.colcon_core.package_identification:_identify(.) by extension 'cmake'
[0.299s] Level 1:colcon.colcon_core.package_identification:_identify(.) by extension 'python'
[0.299s] Level 1:colcon.colcon_core.package_identification:_identify(.) by extensions ['python_setup_py']
[0.299s] Level 1:colcon.colcon_core.package_identification:_identify(.) by extension 'python_setup_py'
[0.299s] Level 1:colcon.colcon_core.package_identification:_identify(build) by extensions ['ignore', 'ignore_ament_install']
[0.299s] Level 1:colcon.colcon_core.package_identification:_identify(build) by extension 'ignore'
[0.299s] Level 1:colcon.colcon_core.package_identification:_identify(build) ignored
[0.299s] Level 1:colcon.colcon_core.package_identification:_identify(install) by extensions ['ignore', 'ignore_ament_install']
[0.299s] Level 1:colcon.colcon_core.package_identification:_identify(install) by extension 'ignore'
[0.299s] Level 1:colcon.colcon_core.package_identification:_identify(install) ignored
[0.299s] Level 1:colcon.colcon_core.package_identification:_identify(log) by extensions ['ignore', 'ignore_ament_install']
[0.299s] Level 1:colcon.colcon_core.package_identification:_identify(log) by extension 'ignore'
[0.299s] Level 1:colcon.colcon_core.package_identification:_identify(log) ignored
[0.300s] Level 1:colcon.colcon_core.package_identification:_identify(src) by extensions ['ignore', 'ignore_ament_install']
[0.300s] Level 1:colcon.colcon_core.package_identification:_identify(src) by extension 'ignore'
[0.300s] Level 1:colcon.colcon_core.package_identification:_identify(src) by extension 'ignore_ament_install'
[0.300s] Level 1:colcon.colcon_core.package_identification:_identify(src) by extensions ['colcon_pkg']
[0.300s] Level 1:colcon.colcon_core.package_identification:_identify(src) by extension 'colcon_pkg'
[0.300s] Level 1:colcon.colcon_core.package_identification:_identify(src) by extensions ['colcon_meta']
[0.300s] Level 1:colcon.colcon_core.package_identification:_identify(src) by extension 'colcon_meta'
[0.300s] Level 1:colcon.colcon_core.package_identification:_identify(src) by extensions ['ros']
[0.300s] Level 1:colcon.colcon_core.package_identification:_identify(src) by extension 'ros'
[0.300s] Level 1:colcon.colcon_core.package_identification:_identify(src) by extensions ['cmake', 'python']
[0.300s] Level 1:colcon.colcon_core.package_identification:_identify(src) by extension 'cmake'
[0.300s] Level 1:colcon.colcon_core.package_identification:_identify(src) by extension 'python'
[0.300s] Level 1:colcon.colcon_core.package_identification:_identify(src) by extensions ['python_setup_py']
[0.300s] Level 1:colcon.colcon_core.package_identification:_identify(src) by extension 'python_setup_py'
[0.300s] Level 1:colcon.colcon_core.package_identification:_identify(src/doosan-robot2) by extensions ['ignore', 'ignore_ament_install']
[0.300s] Level 1:colcon.colcon_core.package_identification:_identify(src/doosan-robot2) by extension 'ignore'
[0.300s] Level 1:colcon.colcon_core.package_identification:_identify(src/doosan-robot2) by extension 'ignore_ament_install'
[0.300s] Level 1:colcon.colcon_core.package_identification:_identify(src/doosan-robot2) by extensions ['colcon_pkg']
[0.300s] Level 1:colcon.colcon_core.package_identification:_identify(src/doosan-robot2) by extension 'colcon_pkg'
[0.300s] Level 1:colcon.colcon_core.package_identification:_identify(src/doosan-robot2) by extensions ['colcon_meta']
[0.300s] Level 1:colcon.colcon_core.package_identification:_identify(src/doosan-robot2) by extension 'colcon_meta'
[0.300s] Level 1:colcon.colcon_core.package_identification:_identify(src/doosan-robot2) by extensions ['ros']
[0.300s] Level 1:colcon.colcon_core.package_identification:_identify(src/doosan-robot2) by extension 'ros'
[0.300s] Level 1:colcon.colcon_core.package_identification:_identify(src/doosan-robot2) by extensions ['cmake', 'python']
[0.300s] Level 1:colcon.colcon_core.package_identification:_identify(src/doosan-robot2) by extension 'cmake'
[0.300s] Level 1:colcon.colcon_core.package_identification:_identify(src/doosan-robot2) by extension 'python'
[0.300s] Level 1:colcon.colcon_core.package_identification:_identify(src/doosan-robot2) by extensions ['python_setup_py']
[0.300s] Level 1:colcon.colcon_core.package_identification:_identify(src/doosan-robot2) by extension 'python_setup_py'
[0.301s] Level 1:colcon.colcon_core.package_identification:_identify(src/doosan-robot2/common2) by extensions ['ignore', 'ignore_ament_install']
[0.301s] Level 1:colcon.colcon_core.package_identification:_identify(src/doosan-robot2/common2) by extension 'ignore'
[0.301s] Level 1:colcon.colcon_core.package_identification:_identify(src/doosan-robot2/common2) by extension 'ignore_ament_install'
[0.301s] Level 1:colcon.colcon_core.package_identification:_identify(src/doosan-robot2/common2) by extensions ['colcon_pkg']
[0.301s] Level 1:colcon.colcon_core.package_identification:_identify(src/doosan-robot2/common2) by extension 'colcon_pkg'
[0.301s] Level 1:colcon.colcon_core.package_identification:_identify(src/doosan-robot2/common2) by extensions ['colcon_meta']
[0.301s] Level 1:colcon.colcon_core.package_identification:_identify(src/doosan-robot2/common2) by extension 'colcon_meta'
[0.301s] Level 1:colcon.colcon_core.package_identification:_identify(src/doosan-robot2/common2) by extensions ['ros']
[0.301s] Level 1:colcon.colcon_core.package_identification:_identify(src/doosan-robot2/common2) by extension 'ros'
[0.303s] DEBUG:colcon.colcon_core.package_identification:Package 'src/doosan-robot2/common2' with type 'ros.ament_cmake' and name 'common2'
[0.303s] Level 1:colcon.colcon_core.package_identification:_identify(src/doosan-robot2/dsr_bringup2) by extensions ['ignore', 'ignore_ament_install']
[0.303s] Level 1:colcon.colcon_core.package_identification:_identify(src/doosan-robot2/dsr_bringup2) by extension 'ignore'
[0.303s] Level 1:colcon.colcon_core.package_identification:_identify(src/doosan-robot2/dsr_bringup2) by extension 'ignore_ament_install'
[0.303s] Level 1:colcon.colcon_core.package_identification:_identify(src/doosan-robot2/dsr_bringup2) by extensions ['colcon_pkg']
[0.303s] Level 1:colcon.colcon_core.package_identification:_identify(src/doosan-robot2/dsr_bringup2) by extension 'colcon_pkg'
[0.303s] Level 1:colcon.colcon_core.package_identification:_identify(src/doosan-robot2/dsr_bringup2) by extensions ['colcon_meta']
[0.303s] Level 1:colcon.colcon_core.package_identification:_identify(src/doosan-robot2/dsr_bringup2) by extension 'colcon_meta'
[0.303s] Level 1:colcon.colcon_core.package_identification:_identify(src/doosan-robot2/dsr_bringup2) by extensions ['ros']
[0.303s] Level 1:colcon.colcon_core.package_identification:_identify(src/doosan-robot2/dsr_bringup2) by extension 'ros'
[0.304s] DEBUG:colcon.colcon_core.package_identification:Package 'src/doosan-robot2/dsr_bringup2' with type 'ros.ament_python' and name 'dsr_bringup2'
[0.304s] Level 1:colcon.colcon_core.package_identification:_identify(src/doosan-robot2/dsr_controller2) by extensions ['ignore', 'ignore_ament_install']
[0.304s] Level 1:colcon.colcon_core.package_identification:_identify(src/doosan-robot2/dsr_controller2) by extension 'ignore'
[0.304s] Level 1:colcon.colcon_core.package_identification:_identify(src/doosan-robot2/dsr_controller2) by extension 'ignore_ament_install'
[0.304s] Level 1:colcon.colcon_core.package_identification:_identify(src/doosan-robot2/dsr_controller2) by extensions ['colcon_pkg']
[0.304s] Level 1:colcon.colcon_core.package_identification:_identify(src/doosan-robot2/dsr_controller2) by extension 'colcon_pkg'
[0.304s] Level 1:colcon.colcon_core.package_identification:_identify(src/doosan-robot2/dsr_controller2) by extensions ['colcon_meta']
[0.304s] Level 1:colcon.colcon_core.package_identification:_identify(src/doosan-robot2/dsr_controller2) by extension 'colcon_meta'
[0.304s] Level 1:colcon.colcon_core.package_identification:_identify(src/doosan-robot2/dsr_controller2) by extensions ['ros']
[0.304s] Level 1:colcon.colcon_core.package_identification:_identify(src/doosan-robot2/dsr_controller2) by extension 'ros'
[0.306s] DEBUG:colcon.colcon_core.package_identification:Package 'src/doosan-robot2/dsr_controller2' with type 'ros.ament_cmake' and name 'dsr_controller2'
[0.306s] Level 1:colcon.colcon_core.package_identification:_identify(src/doosan-robot2/dsr_description2) by extensions ['ignore', 'ignore_ament_install']
[0.306s] Level 1:colcon.colcon_core.package_identification:_identify(src/doosan-robot2/dsr_description2) by extension 'ignore'
[0.306s] Level 1:colcon.colcon_core.package_identification:_identify(src/doosan-robot2/dsr_description2) by extension 'ignore_ament_install'
[0.306s] Level 1:colcon.colcon_core.package_identification:_identify(src/doosan-robot2/dsr_description2) by extensions ['colcon_pkg']
[0.306s] Level 1:colcon.colcon_core.package_identification:_identify(src/doosan-robot2/dsr_description2) by extension 'colcon_pkg'
[0.306s] Level 1:colcon.colcon_core.package_identification:_identify(src/doosan-robot2/dsr_description2) by extensions ['colcon_meta']
[0.306s] Level 1:colcon.colcon_core.package_identification:_identify(src/doosan-robot2/dsr_description2) by extension 'colcon_meta'
[0.306s] Level 1:colcon.colcon_core.package_identification:_identify(src/doosan-robot2/dsr_description2) by extensions ['ros']
[0.306s] Level 1:colcon.colcon_core.package_identification:_identify(src/doosan-robot2/dsr_description2) by extension 'ros'
[0.307s] DEBUG:colcon.colcon_core.package_identification:Package 'src/doosan-robot2/dsr_description2' with type 'ros.ament_cmake' and name 'dsr_description2'
[0.307s] Level 1:colcon.colcon_core.package_identification:_identify(src/doosan-robot2/dsr_example2) by extensions ['ignore', 'ignore_ament_install']
[0.307s] Level 1:colcon.colcon_core.package_identification:_identify(src/doosan-robot2/dsr_example2) by extension 'ignore'
[0.307s] Level 1:colcon.colcon_core.package_identification:_identify(src/doosan-robot2/dsr_example2) by extension 'ignore_ament_install'
[0.307s] Level 1:colcon.colcon_core.package_identification:_identify(src/doosan-robot2/dsr_example2) by extensions ['colcon_pkg']
[0.307s] Level 1:colcon.colcon_core.package_identification:_identify(src/doosan-robot2/dsr_example2) by extension 'colcon_pkg'
[0.307s] Level 1:colcon.colcon_core.package_identification:_identify(src/doosan-robot2/dsr_example2) by extensions ['colcon_meta']
[0.307s] Level 1:colcon.colcon_core.package_identification:_identify(src/doosan-robot2/dsr_example2) by extension 'colcon_meta'
[0.307s] Level 1:colcon.colcon_core.package_identification:_identify(src/doosan-robot2/dsr_example2) by extensions ['ros']
[0.307s] Level 1:colcon.colcon_core.package_identification:_identify(src/doosan-robot2/dsr_example2) by extension 'ros'
[0.307s] Level 1:colcon.colcon_core.package_identification:_identify(src/doosan-robot2/dsr_example2) by extensions ['cmake', 'python']
[0.307s] Level 1:colcon.colcon_core.package_identification:_identify(src/doosan-robot2/dsr_example2) by extension 'cmake'
[0.307s] Level 1:colcon.colcon_core.package_identification:_identify(src/doosan-robot2/dsr_example2) by extension 'python'
[0.307s] Level 1:colcon.colcon_core.package_identification:_identify(src/doosan-robot2/dsr_example2) by extensions ['python_setup_py']
[0.307s] Level 1:colcon.colcon_core.package_identification:_identify(src/doosan-robot2/dsr_example2) by extension 'python_setup_py'
[0.307s] Level 1:colcon.colcon_core.package_identification:_identify(src/doosan-robot2/dsr_example2/example) by extensions ['ignore', 'ignore_ament_install']
[0.308s] Level 1:colcon.colcon_core.package_identification:_identify(src/doosan-robot2/dsr_example2/example) by extension 'ignore'
[0.308s] Level 1:colcon.colcon_core.package_identification:_identify(src/doosan-robot2/dsr_example2/example) by extension 'ignore_ament_install'
[0.308s] Level 1:colcon.colcon_core.package_identification:_identify(src/doosan-robot2/dsr_example2/example) by extensions ['colcon_pkg']
[0.308s] Level 1:colcon.colcon_core.package_identification:_identify(src/doosan-robot2/dsr_example2/example) by extension 'colcon_pkg'
[0.308s] Level 1:colcon.colcon_core.package_identification:_identify(src/doosan-robot2/dsr_example2/example) by extensions ['colcon_meta']
[0.308s] Level 1:colcon.colcon_core.package_identification:_identify(src/doosan-robot2/dsr_example2/example) by extension 'colcon_meta'
[0.308s] Level 1:colcon.colcon_core.package_identification:_identify(src/doosan-robot2/dsr_example2/example) by extensions ['ros']
[0.308s] Level 1:colcon.colcon_core.package_identification:_identify(src/doosan-robot2/dsr_example2/example) by extension 'ros'
[0.308s] DEBUG:colcon.colcon_core.package_identification:Package 'src/doosan-robot2/dsr_example2/example' with type 'ros.ament_python' and name 'example'
[0.308s] Level 1:colcon.colcon_core.package_identification:_identify(src/doosan-robot2/dsr_example2/realtime_control) by extensions ['ignore', 'ignore_ament_install']
[0.309s] Level 1:colcon.colcon_core.package_identification:_identify(src/doosan-robot2/dsr_example2/realtime_control) by extension 'ignore'
[0.309s] Level 1:colcon.colcon_core.package_identification:_identify(src/doosan-robot2/dsr_example2/realtime_control) by extension 'ignore_ament_install'
[0.309s] Level 1:colcon.colcon_core.package_identification:_identify(src/doosan-robot2/dsr_example2/realtime_control) by extensions ['colcon_pkg']
[0.309s] Level 1:colcon.colcon_core.package_identification:_identify(src/doosan-robot2/dsr_example2/realtime_control) by extension 'colcon_pkg'
[0.309s] Level 1:colcon.colcon_core.package_identification:_identify(src/doosan-robot2/dsr_example2/realtime_control) by extensions ['colcon_meta']
[0.309s] Level 1:colcon.colcon_core.package_identification:_identify(src/doosan-robot2/dsr_example2/realtime_control) by extension 'colcon_meta'
[0.309s] Level 1:colcon.colcon_core.package_identification:_identify(src/doosan-robot2/dsr_example2/realtime_control) by extensions ['ros']
[0.309s] Level 1:colcon.colcon_core.package_identification:_identify(src/doosan-robot2/dsr_example2/realtime_control) by extension 'ros'
[0.310s] DEBUG:colcon.colcon_core.package_identification:Package 'src/doosan-robot2/dsr_example2/realtime_control' with type 'ros.ament_cmake' and name 'realtime_control'
[0.310s] Level 1:colcon.colcon_core.package_identification:_identify(src/doosan-robot2/dsr_example2/visualservoing) by extensions ['ignore', 'ignore_ament_install']
[0.310s] Level 1:colcon.colcon_core.package_identification:_identify(src/doosan-robot2/dsr_example2/visualservoing) by extension 'ignore'
[0.310s] Level 1:colcon.colcon_core.package_identification:_identify(src/doosan-robot2/dsr_example2/visualservoing) by extension 'ignore_ament_install'
[0.310s] Level 1:colcon.colcon_core.package_identification:_identify(src/doosan-robot2/dsr_example2/visualservoing) by extensions ['colcon_pkg']
[0.310s] Level 1:colcon.colcon_core.package_identification:_identify(src/doosan-robot2/dsr_example2/visualservoing) by extension 'colcon_pkg'
[0.310s] Level 1:colcon.colcon_core.package_identification:_identify(src/doosan-robot2/dsr_example2/visualservoing) by extensions ['colcon_meta']
[0.310s] Level 1:colcon.colcon_core.package_identification:_identify(src/doosan-robot2/dsr_example2/visualservoing) by extension 'colcon_meta'
[0.310s] Level 1:colcon.colcon_core.package_identification:_identify(src/doosan-robot2/dsr_example2/visualservoing) by extensions ['ros']
[0.310s] Level 1:colcon.colcon_core.package_identification:_identify(src/doosan-robot2/dsr_example2/visualservoing) by extension 'ros'
[0.311s] DEBUG:colcon.colcon_core.package_identification:Package 'src/doosan-robot2/dsr_example2/visualservoing' with type 'ros.ament_python' and name 'visualservoing'
[0.311s] Level 1:colcon.colcon_core.package_identification:_identify(src/doosan-robot2/dsr_gazebo2) by extensions ['ignore', 'ignore_ament_install']
[0.311s] Level 1:colcon.colcon_core.package_identification:_identify(src/doosan-robot2/dsr_gazebo2) by extension 'ignore'
[0.311s] Level 1:colcon.colcon_core.package_identification:_identify(src/doosan-robot2/dsr_gazebo2) by extension 'ignore_ament_install'
[0.311s] Level 1:colcon.colcon_core.package_identification:_identify(src/doosan-robot2/dsr_gazebo2) by extensions ['colcon_pkg']
[0.311s] Level 1:colcon.colcon_core.package_identification:_identify(src/doosan-robot2/dsr_gazebo2) by extension 'colcon_pkg'
[0.311s] Level 1:colcon.colcon_core.package_identification:_identify(src/doosan-robot2/dsr_gazebo2) by extensions ['colcon_meta']
[0.311s] Level 1:colcon.colcon_core.package_identification:_identify(src/doosan-robot2/dsr_gazebo2) by extension 'colcon_meta'
[0.311s] Level 1:colcon.colcon_core.package_identification:_identify(src/doosan-robot2/dsr_gazebo2) by extensions ['ros']
[0.311s] Level 1:colcon.colcon_core.package_identification:_identify(src/doosan-robot2/dsr_gazebo2) by extension 'ros'
[0.312s] DEBUG:colcon.colcon_core.package_identification:Package 'src/doosan-robot2/dsr_gazebo2' with type 'ros.ament_cmake' and name 'dsr_gazebo2'
[0.312s] Level 1:colcon.colcon_core.package_identification:_identify(src/doosan-robot2/dsr_hardware2) by extensions ['ignore', 'ignore_ament_install']
[0.312s] Level 1:colcon.colcon_core.package_identification:_identify(src/doosan-robot2/dsr_hardware2) by extension 'ignore'
[0.312s] Level 1:colcon.colcon_core.package_identification:_identify(src/doosan-robot2/dsr_hardware2) by extension 'ignore_ament_install'
[0.312s] Level 1:colcon.colcon_core.package_identification:_identify(src/doosan-robot2/dsr_hardware2) by extensions ['colcon_pkg']
[0.312s] Level 1:colcon.colcon_core.package_identification:_identify(src/doosan-robot2/dsr_hardware2) by extension 'colcon_pkg'
[0.312s] Level 1:colcon.colcon_core.package_identification:_identify(src/doosan-robot2/dsr_hardware2) by extensions ['colcon_meta']
[0.312s] Level 1:colcon.colcon_core.package_identification:_identify(src/doosan-robot2/dsr_hardware2) by extension 'colcon_meta'
[0.312s] Level 1:colcon.colcon_core.package_identification:_identify(src/doosan-robot2/dsr_hardware2) by extensions ['ros']
[0.312s] Level 1:colcon.colcon_core.package_identification:_identify(src/doosan-robot2/dsr_hardware2) by extension 'ros'
[0.314s] DEBUG:colcon.colcon_core.package_identification:Package 'src/doosan-robot2/dsr_hardware2' with type 'ros.ament_cmake' and name 'dsr_hardware2'
[0.314s] Level 1:colcon.colcon_core.package_identification:_identify(src/doosan-robot2/dsr_moveit2) by extensions ['ignore', 'ignore_ament_install']
[0.314s] Level 1:colcon.colcon_core.package_identification:_identify(src/doosan-robot2/dsr_moveit2) by extension 'ignore'
[0.314s] Level 1:colcon.colcon_core.package_identification:_identify(src/doosan-robot2/dsr_moveit2) by extension 'ignore_ament_install'
[0.314s] Level 1:colcon.colcon_core.package_identification:_identify(src/doosan-robot2/dsr_moveit2) by extensions ['colcon_pkg']
[0.314s] Level 1:colcon.colcon_core.package_identification:_identify(src/doosan-robot2/dsr_moveit2) by extension 'colcon_pkg'
[0.314s] Level 1:colcon.colcon_core.package_identification:_identify(src/doosan-robot2/dsr_moveit2) by extensions ['colcon_meta']
[0.314s] Level 1:colcon.colcon_core.package_identification:_identify(src/doosan-robot2/dsr_moveit2) by extension 'colcon_meta'
[0.314s] Level 1:colcon.colcon_core.package_identification:_identify(src/doosan-robot2/dsr_moveit2) by extensions ['ros']
[0.314s] Level 1:colcon.colcon_core.package_identification:_identify(src/doosan-robot2/dsr_moveit2) by extension 'ros'
[0.314s] Level 1:colcon.colcon_core.package_identification:_identify(src/doosan-robot2/dsr_moveit2) by extensions ['cmake', 'python']
[0.314s] Level 1:colcon.colcon_core.package_identification:_identify(src/doosan-robot2/dsr_moveit2) by extension 'cmake'
[0.314s] Level 1:colcon.colcon_core.package_identification:_identify(src/doosan-robot2/dsr_moveit2) by extension 'python'
[0.314s] Level 1:colcon.colcon_core.package_identification:_identify(src/doosan-robot2/dsr_moveit2) by extensions ['python_setup_py']
[0.314s] Level 1:colcon.colcon_core.package_identification:_identify(src/doosan-robot2/dsr_moveit2) by extension 'python_setup_py'
[0.315s] Level 1:colcon.colcon_core.package_identification:_identify(src/doosan-robot2/dsr_moveit2/a0509_moveit_config) by extensions ['ignore', 'ignore_ament_install']
[0.315s] Level 1:colcon.colcon_core.package_identification:_identify(src/doosan-robot2/dsr_moveit2/a0509_moveit_config) by extension 'ignore'
[0.315s] Level 1:colcon.colcon_core.package_identification:_identify(src/doosan-robot2/dsr_moveit2/a0509_moveit_config) by extension 'ignore_ament_install'
[0.315s] Level 1:colcon.colcon_core.package_identification:_identify(src/doosan-robot2/dsr_moveit2/a0509_moveit_config) by extensions ['colcon_pkg']
[0.315s] Level 1:colcon.colcon_core.package_identification:_identify(src/doosan-robot2/dsr_moveit2/a0509_moveit_config) by extension 'colcon_pkg'
[0.315s] Level 1:colcon.colcon_core.package_identification:_identify(src/doosan-robot2/dsr_moveit2/a0509_moveit_config) by extensions ['colcon_meta']
[0.315s] Level 1:colcon.colcon_core.package_identification:_identify(src/doosan-robot2/dsr_moveit2/a0509_moveit_config) by extension 'colcon_meta'
[0.315s] Level 1:colcon.colcon_core.package_identification:_identify(src/doosan-robot2/dsr_moveit2/a0509_moveit_config) by extensions ['ros']
[0.315s] Level 1:colcon.colcon_core.package_identification:_identify(src/doosan-robot2/dsr_moveit2/a0509_moveit_config) by extension 'ros'
[0.315s] DEBUG:colcon.colcon_core.package_identification:Package 'src/doosan-robot2/dsr_moveit2/a0509_moveit_config' with type 'ros.ament_cmake' and name 'a0509_moveit_config'
[0.315s] Level 1:colcon.colcon_core.package_identification:_identify(src/doosan-robot2/dsr_moveit2/a0912_moveit_config) by extensions ['ignore', 'ignore_ament_install']
[0.316s] Level 1:colcon.colcon_core.package_identification:_identify(src/doosan-robot2/dsr_moveit2/a0912_moveit_config) by extension 'ignore'
[0.316s] Level 1:colcon.colcon_core.package_identification:_identify(src/doosan-robot2/dsr_moveit2/a0912_moveit_config) by extension 'ignore_ament_install'
[0.316s] Level 1:colcon.colcon_core.package_identification:_identify(src/doosan-robot2/dsr_moveit2/a0912_moveit_config) by extensions ['colcon_pkg']
[0.316s] Level 1:colcon.colcon_core.package_identification:_identify(src/doosan-robot2/dsr_moveit2/a0912_moveit_config) by extension 'colcon_pkg'
[0.316s] Level 1:colcon.colcon_core.package_identification:_identify(src/doosan-robot2/dsr_moveit2/a0912_moveit_config) by extensions ['colcon_meta']
[0.316s] Level 1:colcon.colcon_core.package_identification:_identify(src/doosan-robot2/dsr_moveit2/a0912_moveit_config) by extension 'colcon_meta'
[0.316s] Level 1:colcon.colcon_core.package_identification:_identify(src/doosan-robot2/dsr_moveit2/a0912_moveit_config) by extensions ['ros']
[0.316s] Level 1:colcon.colcon_core.package_identification:_identify(src/doosan-robot2/dsr_moveit2/a0912_moveit_config) by extension 'ros'
[0.316s] DEBUG:colcon.colcon_core.package_identification:Package 'src/doosan-robot2/dsr_moveit2/a0912_moveit_config' with type 'ros.ament_cmake' and name 'a0912_moveit_config'
[0.316s] Level 1:colcon.colcon_core.package_identification:_identify(src/doosan-robot2/dsr_moveit2/e0509_moveit_config) by extensions ['ignore', 'ignore_ament_install']
[0.316s] Level 1:colcon.colcon_core.package_identification:_identify(src/doosan-robot2/dsr_moveit2/e0509_moveit_config) by extension 'ignore'
[0.316s] Level 1:colcon.colcon_core.package_identification:_identify(src/doosan-robot2/dsr_moveit2/e0509_moveit_config) by extension 'ignore_ament_install'
[0.317s] Level 1:colcon.colcon_core.package_identification:_identify(src/doosan-robot2/dsr_moveit2/e0509_moveit_config) by extensions ['colcon_pkg']
[0.317s] Level 1:colcon.colcon_core.package_identification:_identify(src/doosan-robot2/dsr_moveit2/e0509_moveit_config) by extension 'colcon_pkg'
[0.317s] Level 1:colcon.colcon_core.package_identification:_identify(src/doosan-robot2/dsr_moveit2/e0509_moveit_config) by extensions ['colcon_meta']
[0.317s] Level 1:colcon.colcon_core.package_identification:_identify(src/doosan-robot2/dsr_moveit2/e0509_moveit_config) by extension 'colcon_meta'
[0.317s] Level 1:colcon.colcon_core.package_identification:_identify(src/doosan-robot2/dsr_moveit2/e0509_moveit_config) by extensions ['ros']
[0.317s] Level 1:colcon.colcon_core.package_identification:_identify(src/doosan-robot2/dsr_moveit2/e0509_moveit_config) by extension 'ros'
[0.317s] DEBUG:colcon.colcon_core.package_identification:Package 'src/doosan-robot2/dsr_moveit2/e0509_moveit_config' with type 'ros.ament_cmake' and name 'e0509_moveit_config'
[0.317s] Level 1:colcon.colcon_core.package_identification:_identify(src/doosan-robot2/dsr_moveit2/h2017_moveit_config) by extensions ['ignore', 'ignore_ament_install']
[0.318s] Level 1:colcon.colcon_core.package_identification:_identify(src/doosan-robot2/dsr_moveit2/h2017_moveit_config) by extension 'ignore'
[0.318s] Level 1:colcon.colcon_core.package_identification:_identify(src/doosan-robot2/dsr_moveit2/h2017_moveit_config) by extension 'ignore_ament_install'
[0.318s] Level 1:colcon.colcon_core.package_identification:_identify(src/doosan-robot2/dsr_moveit2/h2017_moveit_config) by extensions ['colcon_pkg']
[0.318s] Level 1:colcon.colcon_core.package_identification:_identify(src/doosan-robot2/dsr_moveit2/h2017_moveit_config) by extension 'colcon_pkg'
[0.318s] Level 1:colcon.colcon_core.package_identification:_identify(src/doosan-robot2/dsr_moveit2/h2017_moveit_config) by extensions ['colcon_meta']
[0.318s] Level 1:colcon.colcon_core.package_identification:_identify(src/doosan-robot2/dsr_moveit2/h2017_moveit_config) by extension 'colcon_meta'
[0.318s] Level 1:colcon.colcon_core.package_identification:_identify(src/doosan-robot2/dsr_moveit2/h2017_moveit_config) by extensions ['ros']
[0.318s] Level 1:colcon.colcon_core.package_identification:_identify(src/doosan-robot2/dsr_moveit2/h2017_moveit_config) by extension 'ros'
[0.318s] DEBUG:colcon.colcon_core.package_identification:Package 'src/doosan-robot2/dsr_moveit2/h2017_moveit_config' with type 'ros.ament_cmake' and name 'h2017_moveit_config'
[0.319s] Level 1:colcon.colcon_core.package_identification:_identify(src/doosan-robot2/dsr_moveit2/h2515_moveit_config) by extensions ['ignore', 'ignore_ament_install']
[0.319s] Level 1:colcon.colcon_core.package_identification:_identify(src/doosan-robot2/dsr_moveit2/h2515_moveit_config) by extension 'ignore'
[0.319s] Level 1:colcon.colcon_core.package_identification:_identify(src/doosan-robot2/dsr_moveit2/h2515_moveit_config) by extension 'ignore_ament_install'
[0.319s] Level 1:colcon.colcon_core.package_identification:_identify(src/doosan-robot2/dsr_moveit2/h2515_moveit_config) by extensions ['colcon_pkg']
[0.319s] Level 1:colcon.colcon_core.package_identification:_identify(src/doosan-robot2/dsr_moveit2/h2515_moveit_config) by extension 'colcon_pkg'
[0.319s] Level 1:colcon.colcon_core.package_identification:_identify(src/doosan-robot2/dsr_moveit2/h2515_moveit_config) by extensions ['colcon_meta']
[0.319s] Level 1:colcon.colcon_core.package_identification:_identify(src/doosan-robot2/dsr_moveit2/h2515_moveit_config) by extension 'colcon_meta'
[0.319s] Level 1:colcon.colcon_core.package_identification:_identify(src/doosan-robot2/dsr_moveit2/h2515_moveit_config) by extensions ['ros']
[0.319s] Level 1:colcon.colcon_core.package_identification:_identify(src/doosan-robot2/dsr_moveit2/h2515_moveit_config) by extension 'ros'
[0.320s] DEBUG:colcon.colcon_core.package_identification:Package 'src/doosan-robot2/dsr_moveit2/h2515_moveit_config' with type 'ros.ament_cmake' and name 'h2515_moveit_config'
[0.320s] Level 1:colcon.colcon_core.package_identification:_identify(src/doosan-robot2/dsr_moveit2/m0609_moveit_config) by extensions ['ignore', 'ignore_ament_install']
[0.320s] Level 1:colcon.colcon_core.package_identification:_identify(src/doosan-robot2/dsr_moveit2/m0609_moveit_config) by extension 'ignore'
[0.320s] Level 1:colcon.colcon_core.package_identification:_identify(src/doosan-robot2/dsr_moveit2/m0609_moveit_config) by extension 'ignore_ament_install'
[0.320s] Level 1:colcon.colcon_core.package_identification:_identify(src/doosan-robot2/dsr_moveit2/m0609_moveit_config) by extensions ['colcon_pkg']
[0.320s] Level 1:colcon.colcon_core.package_identification:_identify(src/doosan-robot2/dsr_moveit2/m0609_moveit_config) by extension 'colcon_pkg'
[0.320s] Level 1:colcon.colcon_core.package_identification:_identify(src/doosan-robot2/dsr_moveit2/m0609_moveit_config) by extensions ['colcon_meta']
[0.320s] Level 1:colcon.colcon_core.package_identification:_identify(src/doosan-robot2/dsr_moveit2/m0609_moveit_config) by extension 'colcon_meta'
[0.320s] Level 1:colcon.colcon_core.package_identification:_identify(src/doosan-robot2/dsr_moveit2/m0609_moveit_config) by extensions ['ros']
[0.320s] Level 1:colcon.colcon_core.package_identification:_identify(src/doosan-robot2/dsr_moveit2/m0609_moveit_config) by extension 'ros'
[0.321s] DEBUG:colcon.colcon_core.package_identification:Package 'src/doosan-robot2/dsr_moveit2/m0609_moveit_config' with type 'ros.ament_cmake' and name 'm0609_moveit_config'
[0.321s] Level 1:colcon.colcon_core.package_identification:_identify(src/doosan-robot2/dsr_moveit2/m0617_moveit_config) by extensions ['ignore', 'ignore_ament_install']
[0.321s] Level 1:colcon.colcon_core.package_identification:_identify(src/doosan-robot2/dsr_moveit2/m0617_moveit_config) by extension 'ignore'
[0.321s] Level 1:colcon.colcon_core.package_identification:_identify(src/doosan-robot2/dsr_moveit2/m0617_moveit_config) by extension 'ignore_ament_install'
[0.321s] Level 1:colcon.colcon_core.package_identification:_identify(src/doosan-robot2/dsr_moveit2/m0617_moveit_config) by extensions ['colcon_pkg']
[0.321s] Level 1:colcon.colcon_core.package_identification:_identify(src/doosan-robot2/dsr_moveit2/m0617_moveit_config) by extension 'colcon_pkg'
[0.321s] Level 1:colcon.colcon_core.package_identification:_identify(src/doosan-robot2/dsr_moveit2/m0617_moveit_config) by extensions ['colcon_meta']
[0.321s] Level 1:colcon.colcon_core.package_identification:_identify(src/doosan-robot2/dsr_moveit2/m0617_moveit_config) by extension 'colcon_meta'
[0.321s] Level 1:colcon.colcon_core.package_identification:_identify(src/doosan-robot2/dsr_moveit2/m0617_moveit_config) by extensions ['ros']
[0.321s] Level 1:colcon.colcon_core.package_identification:_identify(src/doosan-robot2/dsr_moveit2/m0617_moveit_config) by extension 'ros'
[0.322s] DEBUG:colcon.colcon_core.package_identification:Package 'src/doosan-robot2/dsr_moveit2/m0617_moveit_config' with type 'ros.ament_cmake' and name 'm0617_moveit_config'
[0.322s] Level 1:colcon.colcon_core.package_identification:_identify(src/doosan-robot2/dsr_moveit2/m1013_moveit_config) by extensions ['ignore', 'ignore_ament_install']
[0.322s] Level 1:colcon.colcon_core.package_identification:_identify(src/doosan-robot2/dsr_moveit2/m1013_moveit_config) by extension 'ignore'
[0.322s] Level 1:colcon.colcon_core.package_identification:_identify(src/doosan-robot2/dsr_moveit2/m1013_moveit_config) by extension 'ignore_ament_install'
[0.322s] Level 1:colcon.colcon_core.package_identification:_identify(src/doosan-robot2/dsr_moveit2/m1013_moveit_config) by extensions ['colcon_pkg']
[0.322s] Level 1:colcon.colcon_core.package_identification:_identify(src/doosan-robot2/dsr_moveit2/m1013_moveit_config) by extension 'colcon_pkg'
[0.322s] Level 1:colcon.colcon_core.package_identification:_identify(src/doosan-robot2/dsr_moveit2/m1013_moveit_config) by extensions ['colcon_meta']
[0.322s] Level 1:colcon.colcon_core.package_identification:_identify(src/doosan-robot2/dsr_moveit2/m1013_moveit_config) by extension 'colcon_meta'
[0.322s] Level 1:colcon.colcon_core.package_identification:_identify(src/doosan-robot2/dsr_moveit2/m1013_moveit_config) by extensions ['ros']
[0.322s] Level 1:colcon.colcon_core.package_identification:_identify(src/doosan-robot2/dsr_moveit2/m1013_moveit_config) by extension 'ros'
[0.323s] DEBUG:colcon.colcon_core.package_identification:Package 'src/doosan-robot2/dsr_moveit2/m1013_moveit_config' with type 'ros.ament_cmake' and name 'm1013_moveit_config'
[0.323s] Level 1:colcon.colcon_core.package_identification:_identify(src/doosan-robot2/dsr_moveit2/m1509_moveit_config) by extensions ['ignore', 'ignore_ament_install']
[0.323s] Level 1:colcon.colcon_core.package_identification:_identify(src/doosan-robot2/dsr_moveit2/m1509_moveit_config) by extension 'ignore'
[0.323s] Level 1:colcon.colcon_core.package_identification:_identify(src/doosan-robot2/dsr_moveit2/m1509_moveit_config) by extension 'ignore_ament_install'
[0.323s] Level 1:colcon.colcon_core.package_identification:_identify(src/doosan-robot2/dsr_moveit2/m1509_moveit_config) by extensions ['colcon_pkg']
[0.323s] Level 1:colcon.colcon_core.package_identification:_identify(src/doosan-robot2/dsr_moveit2/m1509_moveit_config) by extension 'colcon_pkg'
[0.323s] Level 1:colcon.colcon_core.package_identification:_identify(src/doosan-robot2/dsr_moveit2/m1509_moveit_config) by extensions ['colcon_meta']
[0.323s] Level 1:colcon.colcon_core.package_identification:_identify(src/doosan-robot2/dsr_moveit2/m1509_moveit_config) by extension 'colcon_meta'
[0.323s] Level 1:colcon.colcon_core.package_identification:_identify(src/doosan-robot2/dsr_moveit2/m1509_moveit_config) by extensions ['ros']
[0.323s] Level 1:colcon.colcon_core.package_identification:_identify(src/doosan-robot2/dsr_moveit2/m1509_moveit_config) by extension 'ros'
[0.324s] DEBUG:colcon.colcon_core.package_identification:Package 'src/doosan-robot2/dsr_moveit2/m1509_moveit_config' with type 'ros.ament_cmake' and name 'm1509_moveit_config'
[0.324s] Level 1:colcon.colcon_core.package_identification:_identify(src/doosan-robot2/dsr_msgs2) by extensions ['ignore', 'ignore_ament_install']
[0.324s] Level 1:colcon.colcon_core.package_identification:_identify(src/doosan-robot2/dsr_msgs2) by extension 'ignore'
[0.324s] Level 1:colcon.colcon_core.package_identification:_identify(src/doosan-robot2/dsr_msgs2) by extension 'ignore_ament_install'
[0.324s] Level 1:colcon.colcon_core.package_identification:_identify(src/doosan-robot2/dsr_msgs2) by extensions ['colcon_pkg']
[0.324s] Level 1:colcon.colcon_core.package_identification:_identify(src/doosan-robot2/dsr_msgs2) by extension 'colcon_pkg'
[0.324s] Level 1:colcon.colcon_core.package_identification:_identify(src/doosan-robot2/dsr_msgs2) by extensions ['colcon_meta']
[0.324s] Level 1:colcon.colcon_core.package_identification:_identify(src/doosan-robot2/dsr_msgs2) by extension 'colcon_meta'
[0.324s] Level 1:colcon.colcon_core.package_identification:_identify(src/doosan-robot2/dsr_msgs2) by extensions ['ros']
[0.324s] Level 1:colcon.colcon_core.package_identification:_identify(src/doosan-robot2/dsr_msgs2) by extension 'ros'
[0.325s] DEBUG:colcon.colcon_core.package_identification:Package 'src/doosan-robot2/dsr_msgs2' with type 'ros.ament_cmake' and name 'dsr_msgs2'
[0.325s] Level 1:colcon.colcon_core.package_identification:_identify(src/doosan-robot2/dsr_rokey) by extensions ['ignore', 'ignore_ament_install']
[0.325s] Level 1:colcon.colcon_core.package_identification:_identify(src/doosan-robot2/dsr_rokey) by extension 'ignore'
[0.325s] Level 1:colcon.colcon_core.package_identification:_identify(src/doosan-robot2/dsr_rokey) by extension 'ignore_ament_install'
[0.325s] Level 1:colcon.colcon_core.package_identification:_identify(src/doosan-robot2/dsr_rokey) by extensions ['colcon_pkg']
[0.325s] Level 1:colcon.colcon_core.package_identification:_identify(src/doosan-robot2/dsr_rokey) by extension 'colcon_pkg'
[0.325s] Level 1:colcon.colcon_core.package_identification:_identify(src/doosan-robot2/dsr_rokey) by extensions ['colcon_meta']
[0.325s] Level 1:colcon.colcon_core.package_identification:_identify(src/doosan-robot2/dsr_rokey) by extension 'colcon_meta'
[0.325s] Level 1:colcon.colcon_core.package_identification:_identify(src/doosan-robot2/dsr_rokey) by extensions ['ros']
[0.325s] Level 1:colcon.colcon_core.package_identification:_identify(src/doosan-robot2/dsr_rokey) by extension 'ros'
[0.325s] Level 1:colcon.colcon_core.package_identification:_identify(src/doosan-robot2/dsr_rokey) by extensions ['cmake', 'python']
[0.325s] Level 1:colcon.colcon_core.package_identification:_identify(src/doosan-robot2/dsr_rokey) by extension 'cmake'
[0.325s] Level 1:colcon.colcon_core.package_identification:_identify(src/doosan-robot2/dsr_rokey) by extension 'python'
[0.325s] Level 1:colcon.colcon_core.package_identification:_identify(src/doosan-robot2/dsr_rokey) by extensions ['python_setup_py']
[0.325s] Level 1:colcon.colcon_core.package_identification:_identify(src/doosan-robot2/dsr_rokey) by extension 'python_setup_py'
[0.325s] Level 1:colcon.colcon_core.package_identification:_identify(src/doosan-robot2/dsr_rokey/c5) by extensions ['ignore', 'ignore_ament_install']
[0.325s] Level 1:colcon.colcon_core.package_identification:_identify(src/doosan-robot2/dsr_rokey/c5) by extension 'ignore'
[0.325s] Level 1:colcon.colcon_core.package_identification:_identify(src/doosan-robot2/dsr_rokey/c5) by extension 'ignore_ament_install'
[0.325s] Level 1:colcon.colcon_core.package_identification:_identify(src/doosan-robot2/dsr_rokey/c5) by extensions ['colcon_pkg']
[0.325s] Level 1:colcon.colcon_core.package_identification:_identify(src/doosan-robot2/dsr_rokey/c5) by extension 'colcon_pkg'
[0.325s] Level 1:colcon.colcon_core.package_identification:_identify(src/doosan-robot2/dsr_rokey/c5) by extensions ['colcon_meta']
[0.325s] Level 1:colcon.colcon_core.package_identification:_identify(src/doosan-robot2/dsr_rokey/c5) by extension 'colcon_meta'
[0.325s] Level 1:colcon.colcon_core.package_identification:_identify(src/doosan-robot2/dsr_rokey/c5) by extensions ['ros']
[0.326s] Level 1:colcon.colcon_core.package_identification:_identify(src/doosan-robot2/dsr_rokey/c5) by extension 'ros'
[0.326s] DEBUG:colcon.colcon_core.package_identification:Package 'src/doosan-robot2/dsr_rokey/c5' with type 'ros.ament_python' and name 'c5'
[0.326s] Level 1:colcon.colcon_core.package_identification:_identify(src/doosan-robot2/dsr_rokey/rokey) by extensions ['ignore', 'ignore_ament_install']
[0.326s] Level 1:colcon.colcon_core.package_identification:_identify(src/doosan-robot2/dsr_rokey/rokey) by extension 'ignore'
[0.326s] Level 1:colcon.colcon_core.package_identification:_identify(src/doosan-robot2/dsr_rokey/rokey) by extension 'ignore_ament_install'
[0.326s] Level 1:colcon.colcon_core.package_identification:_identify(src/doosan-robot2/dsr_rokey/rokey) by extensions ['colcon_pkg']
[0.326s] Level 1:colcon.colcon_core.package_identification:_identify(src/doosan-robot2/dsr_rokey/rokey) by extension 'colcon_pkg'
[0.326s] Level 1:colcon.colcon_core.package_identification:_identify(src/doosan-robot2/dsr_rokey/rokey) by extensions ['colcon_meta']
[0.326s] Level 1:colcon.colcon_core.package_identification:_identify(src/doosan-robot2/dsr_rokey/rokey) by extension 'colcon_meta'
[0.326s] Level 1:colcon.colcon_core.package_identification:_identify(src/doosan-robot2/dsr_rokey/rokey) by extensions ['ros']
[0.326s] Level 1:colcon.colcon_core.package_identification:_identify(src/doosan-robot2/dsr_rokey/rokey) by extension 'ros'
[0.327s] DEBUG:colcon.colcon_core.package_identification:Package 'src/doosan-robot2/dsr_rokey/rokey' with type 'ros.ament_python' and name 'rokey'
[0.327s] Level 1:colcon.colcon_core.package_identification:_identify(src/doosan-robot2/dsr_tests) by extensions ['ignore', 'ignore_ament_install']
[0.327s] Level 1:colcon.colcon_core.package_identification:_identify(src/doosan-robot2/dsr_tests) by extension 'ignore'
[0.327s] Level 1:colcon.colcon_core.package_identification:_identify(src/doosan-robot2/dsr_tests) by extension 'ignore_ament_install'
[0.327s] Level 1:colcon.colcon_core.package_identification:_identify(src/doosan-robot2/dsr_tests) by extensions ['colcon_pkg']
[0.327s] Level 1:colcon.colcon_core.package_identification:_identify(src/doosan-robot2/dsr_tests) by extension 'colcon_pkg'
[0.327s] Level 1:colcon.colcon_core.package_identification:_identify(src/doosan-robot2/dsr_tests) by extensions ['colcon_meta']
[0.327s] Level 1:colcon.colcon_core.package_identification:_identify(src/doosan-robot2/dsr_tests) by extension 'colcon_meta'
[0.327s] Level 1:colcon.colcon_core.package_identification:_identify(src/doosan-robot2/dsr_tests) by extensions ['ros']
[0.327s] Level 1:colcon.colcon_core.package_identification:_identify(src/doosan-robot2/dsr_tests) by extension 'ros'
[0.328s] DEBUG:colcon.colcon_core.package_identification:Package 'src/doosan-robot2/dsr_tests' with type 'ros.ament_python' and name 'dsr_tests'
[0.328s] Level 1:colcon.colcon_core.package_identification:_identify(src/gz_ros2_control) by extensions ['ignore', 'ignore_ament_install']
[0.328s] Level 1:colcon.colcon_core.package_identification:_identify(src/gz_ros2_control) by extension 'ignore'
[0.328s] Level 1:colcon.colcon_core.package_identification:_identify(src/gz_ros2_control) by extension 'ignore_ament_install'
[0.328s] Level 1:colcon.colcon_core.package_identification:_identify(src/gz_ros2_control) by extensions ['colcon_pkg']
[0.328s] Level 1:colcon.colcon_core.package_identification:_identify(src/gz_ros2_control) by extension 'colcon_pkg'
[0.328s] Level 1:colcon.colcon_core.package_identification:_identify(src/gz_ros2_control) by extensions ['colcon_meta']
[0.328s] Level 1:colcon.colcon_core.package_identification:_identify(src/gz_ros2_control) by extension 'colcon_meta'
[0.328s] Level 1:colcon.colcon_core.package_identification:_identify(src/gz_ros2_control) by extensions ['ros']
[0.328s] Level 1:colcon.colcon_core.package_identification:_identify(src/gz_ros2_control) by extension 'ros'
[0.328s] Level 1:colcon.colcon_core.package_identification:_identify(src/gz_ros2_control) by extensions ['cmake', 'python']
[0.328s] Level 1:colcon.colcon_core.package_identification:_identify(src/gz_ros2_control) by extension 'cmake'
[0.328s] Level 1:colcon.colcon_core.package_identification:_identify(src/gz_ros2_control) by extension 'python'
[0.328s] Level 1:colcon.colcon_core.package_identification:_identify(src/gz_ros2_control) by extensions ['python_setup_py']
[0.328s] Level 1:colcon.colcon_core.package_identification:_identify(src/gz_ros2_control) by extension 'python_setup_py'
[0.328s] Level 1:colcon.colcon_core.package_identification:_identify(src/gz_ros2_control/Dockerfile) by extensions ['ignore', 'ignore_ament_install']
[0.329s] Level 1:colcon.colcon_core.package_identification:_identify(src/gz_ros2_control/Dockerfile) by extension 'ignore'
[0.329s] Level 1:colcon.colcon_core.package_identification:_identify(src/gz_ros2_control/Dockerfile) by extension 'ignore_ament_install'
[0.329s] Level 1:colcon.colcon_core.package_identification:_identify(src/gz_ros2_control/Dockerfile) by extensions ['colcon_pkg']
[0.329s] Level 1:colcon.colcon_core.package_identification:_identify(src/gz_ros2_control/Dockerfile) by extension 'colcon_pkg'
[0.329s] Level 1:colcon.colcon_core.package_identification:_identify(src/gz_ros2_control/Dockerfile) by extensions ['colcon_meta']
[0.329s] Level 1:colcon.colcon_core.package_identification:_identify(src/gz_ros2_control/Dockerfile) by extension 'colcon_meta'
[0.329s] Level 1:colcon.colcon_core.package_identification:_identify(src/gz_ros2_control/Dockerfile) by extensions ['ros']
[0.329s] Level 1:colcon.colcon_core.package_identification:_identify(src/gz_ros2_control/Dockerfile) by extension 'ros'
[0.329s] Level 1:colcon.colcon_core.package_identification:_identify(src/gz_ros2_control/Dockerfile) by extensions ['cmake', 'python']
[0.329s] Level 1:colcon.colcon_core.package_identification:_identify(src/gz_ros2_control/Dockerfile) by extension 'cmake'
[0.329s] Level 1:colcon.colcon_core.package_identification:_identify(src/gz_ros2_control/Dockerfile) by extension 'python'
[0.329s] Level 1:colcon.colcon_core.package_identification:_identify(src/gz_ros2_control/Dockerfile) by extensions ['python_setup_py']
[0.329s] Level 1:colcon.colcon_core.package_identification:_identify(src/gz_ros2_control/Dockerfile) by extension 'python_setup_py'
[0.329s] Level 1:colcon.colcon_core.package_identification:_identify(src/gz_ros2_control/doc) by extensions ['ignore', 'ignore_ament_install']
[0.329s] Level 1:colcon.colcon_core.package_identification:_identify(src/gz_ros2_control/doc) by extension 'ignore'
[0.329s] Level 1:colcon.colcon_core.package_identification:_identify(src/gz_ros2_control/doc) by extension 'ignore_ament_install'
[0.329s] Level 1:colcon.colcon_core.package_identification:_identify(src/gz_ros2_control/doc) by extensions ['colcon_pkg']
[0.329s] Level 1:colcon.colcon_core.package_identification:_identify(src/gz_ros2_control/doc) by extension 'colcon_pkg'
[0.329s] Level 1:colcon.colcon_core.package_identification:_identify(src/gz_ros2_control/doc) by extensions ['colcon_meta']
[0.329s] Level 1:colcon.colcon_core.package_identification:_identify(src/gz_ros2_control/doc) by extension 'colcon_meta'
[0.329s] Level 1:colcon.colcon_core.package_identification:_identify(src/gz_ros2_control/doc) by extensions ['ros']
[0.329s] Level 1:colcon.colcon_core.package_identification:_identify(src/gz_ros2_control/doc) by extension 'ros'
[0.329s] Level 1:colcon.colcon_core.package_identification:_identify(src/gz_ros2_control/doc) by extensions ['cmake', 'python']
[0.329s] Level 1:colcon.colcon_core.package_identification:_identify(src/gz_ros2_control/doc) by extension 'cmake'
[0.329s] Level 1:colcon.colcon_core.package_identification:_identify(src/gz_ros2_control/doc) by extension 'python'
[0.329s] Level 1:colcon.colcon_core.package_identification:_identify(src/gz_ros2_control/doc) by extensions ['python_setup_py']
[0.329s] Level 1:colcon.colcon_core.package_identification:_identify(src/gz_ros2_control/doc) by extension 'python_setup_py'
[0.329s] Level 1:colcon.colcon_core.package_identification:_identify(src/gz_ros2_control/doc/img) by extensions ['ignore', 'ignore_ament_install']
[0.330s] Level 1:colcon.colcon_core.package_identification:_identify(src/gz_ros2_control/doc/img) by extension 'ignore'
[0.330s] Level 1:colcon.colcon_core.package_identification:_identify(src/gz_ros2_control/doc/img) by extension 'ignore_ament_install'
[0.330s] Level 1:colcon.colcon_core.package_identification:_identify(src/gz_ros2_control/doc/img) by extensions ['colcon_pkg']
[0.330s] Level 1:colcon.colcon_core.package_identification:_identify(src/gz_ros2_control/doc/img) by extension 'colcon_pkg'
[0.330s] Level 1:colcon.colcon_core.package_identification:_identify(src/gz_ros2_control/doc/img) by extensions ['colcon_meta']
[0.330s] Level 1:colcon.colcon_core.package_identification:_identify(src/gz_ros2_control/doc/img) by extension 'colcon_meta'
[0.330s] Level 1:colcon.colcon_core.package_identification:_identify(src/gz_ros2_control/doc/img) by extensions ['ros']
[0.330s] Level 1:colcon.colcon_core.package_identification:_identify(src/gz_ros2_control/doc/img) by extension 'ros'
[0.330s] Level 1:colcon.colcon_core.package_identification:_identify(src/gz_ros2_control/doc/img) by extensions ['cmake', 'python']
[0.330s] Level 1:colcon.colcon_core.package_identification:_identify(src/gz_ros2_control/doc/img) by extension 'cmake'
[0.330s] Level 1:colcon.colcon_core.package_identification:_identify(src/gz_ros2_control/doc/img) by extension 'python'
[0.330s] Level 1:colcon.colcon_core.package_identification:_identify(src/gz_ros2_control/doc/img) by extensions ['python_setup_py']
[0.330s] Level 1:colcon.colcon_core.package_identification:_identify(src/gz_ros2_control/doc/img) by extension 'python_setup_py'
[0.330s] Level 1:colcon.colcon_core.package_identification:_identify(src/gz_ros2_control/gz_ros2_control_tests) by extensions ['ignore', 'ignore_ament_install']
[0.330s] Level 1:colcon.colcon_core.package_identification:_identify(src/gz_ros2_control/gz_ros2_control_tests) by extension 'ignore'
[0.330s] Level 1:colcon.colcon_core.package_identification:_identify(src/gz_ros2_control/gz_ros2_control_tests) by extension 'ignore_ament_install'
[0.330s] Level 1:colcon.colcon_core.package_identification:_identify(src/gz_ros2_control/gz_ros2_control_tests) by extensions ['colcon_pkg']
[0.330s] Level 1:colcon.colcon_core.package_identification:_identify(src/gz_ros2_control/gz_ros2_control_tests) by extension 'colcon_pkg'
[0.330s] Level 1:colcon.colcon_core.package_identification:_identify(src/gz_ros2_control/gz_ros2_control_tests) by extensions ['colcon_meta']
[0.330s] Level 1:colcon.colcon_core.package_identification:_identify(src/gz_ros2_control/gz_ros2_control_tests) by extension 'colcon_meta'
[0.330s] Level 1:colcon.colcon_core.package_identification:_identify(src/gz_ros2_control/gz_ros2_control_tests) by extensions ['ros']
[0.330s] Level 1:colcon.colcon_core.package_identification:_identify(src/gz_ros2_control/gz_ros2_control_tests) by extension 'ros'
[0.333s] DEBUG:colcon.colcon_core.package_identification:Package 'src/gz_ros2_control/gz_ros2_control_tests' with type 'ros.ament_cmake' and name 'gz_ros2_control_tests'
[0.333s] Level 1:colcon.colcon_core.package_identification:_identify(src/gz_ros2_control/ign_ros2_control) by extensions ['ignore', 'ignore_ament_install']
[0.333s] Level 1:colcon.colcon_core.package_identification:_identify(src/gz_ros2_control/ign_ros2_control) by extension 'ignore'
[0.333s] Level 1:colcon.colcon_core.package_identification:_identify(src/gz_ros2_control/ign_ros2_control) by extension 'ignore_ament_install'
[0.333s] Level 1:colcon.colcon_core.package_identification:_identify(src/gz_ros2_control/ign_ros2_control) by extensions ['colcon_pkg']
[0.333s] Level 1:colcon.colcon_core.package_identification:_identify(src/gz_ros2_control/ign_ros2_control) by extension 'colcon_pkg'
[0.333s] Level 1:colcon.colcon_core.package_identification:_identify(src/gz_ros2_control/ign_ros2_control) by extensions ['colcon_meta']
[0.333s] Level 1:colcon.colcon_core.package_identification:_identify(src/gz_ros2_control/ign_ros2_control) by extension 'colcon_meta'
[0.333s] Level 1:colcon.colcon_core.package_identification:_identify(src/gz_ros2_control/ign_ros2_control) by extensions ['ros']
[0.333s] Level 1:colcon.colcon_core.package_identification:_identify(src/gz_ros2_control/ign_ros2_control) by extension 'ros'
[0.338s] DEBUG:colcon.colcon_core.package_identification:Package 'src/gz_ros2_control/ign_ros2_control' with type 'ros.ament_cmake' and name 'ign_ros2_control'
[0.338s] Level 1:colcon.colcon_core.package_identification:_identify(src/gz_ros2_control/ign_ros2_control_demos) by extensions ['ignore', 'ignore_ament_install']
[0.338s] Level 1:colcon.colcon_core.package_identification:_identify(src/gz_ros2_control/ign_ros2_control_demos) by extension 'ignore'
[0.338s] Level 1:colcon.colcon_core.package_identification:_identify(src/gz_ros2_control/ign_ros2_control_demos) by extension 'ignore_ament_install'
[0.338s] Level 1:colcon.colcon_core.package_identification:_identify(src/gz_ros2_control/ign_ros2_control_demos) by extensions ['colcon_pkg']
[0.338s] Level 1:colcon.colcon_core.package_identification:_identify(src/gz_ros2_control/ign_ros2_control_demos) by extension 'colcon_pkg'
[0.338s] Level 1:colcon.colcon_core.package_identification:_identify(src/gz_ros2_control/ign_ros2_control_demos) by extensions ['colcon_meta']
[0.338s] Level 1:colcon.colcon_core.package_identification:_identify(src/gz_ros2_control/ign_ros2_control_demos) by extension 'colcon_meta'
[0.338s] Level 1:colcon.colcon_core.package_identification:_identify(src/gz_ros2_control/ign_ros2_control_demos) by extensions ['ros']
[0.338s] Level 1:colcon.colcon_core.package_identification:_identify(src/gz_ros2_control/ign_ros2_control_demos) by extension 'ros'
[0.339s] DEBUG:colcon.colcon_core.package_identification:Package 'src/gz_ros2_control/ign_ros2_control_demos' with type 'ros.ament_cmake' and name 'ign_ros2_control_demos'
[0.339s] Level 1:colcon.colcon_core.package_discovery:discover_packages(recursive) using defaults
[0.339s] Level 1:colcon.colcon_core.package_discovery:discover_packages(ignore) discover
[0.339s] Level 1:colcon.colcon_core.package_discovery:discover_packages(ignore) using defaults
[0.339s] Level 1:colcon.colcon_core.package_discovery:discover_packages(path) discover
[0.339s] Level 1:colcon.colcon_core.package_discovery:discover_packages(path) using defaults
[0.339s] WARNING:colcon.colcon_core.package_selection:ignoring unknown package 'dsr_rokey' in --packages-select
[0.364s] INFO:colcon.colcon_core.package_selection:Skipping not selected package 'a0509_moveit_config' in 'src/doosan-robot2/dsr_moveit2/a0509_moveit_config'
[0.364s] INFO:colcon.colcon_core.package_selection:Skipping not selected package 'a0912_moveit_config' in 'src/doosan-robot2/dsr_moveit2/a0912_moveit_config'
[0.364s] INFO:colcon.colcon_core.package_selection:Skipping not selected package 'common2' in 'src/doosan-robot2/common2'
[0.364s] INFO:colcon.colcon_core.package_selection:Skipping not selected package 'dsr_description2' in 'src/doosan-robot2/dsr_description2'
[0.364s] INFO:colcon.colcon_core.package_selection:Skipping not selected package 'dsr_msgs2' in 'src/doosan-robot2/dsr_msgs2'
[0.364s] INFO:colcon.colcon_core.package_selection:Skipping not selected package 'dsr_tests' in 'src/doosan-robot2/dsr_tests'
[0.364s] INFO:colcon.colcon_core.package_selection:Skipping not selected package 'e0509_moveit_config' in 'src/doosan-robot2/dsr_moveit2/e0509_moveit_config'
[0.364s] INFO:colcon.colcon_core.package_selection:Skipping not selected package 'h2017_moveit_config' in 'src/doosan-robot2/dsr_moveit2/h2017_moveit_config'
[0.364s] INFO:colcon.colcon_core.package_selection:Skipping not selected package 'h2515_moveit_config' in 'src/doosan-robot2/dsr_moveit2/h2515_moveit_config'
[0.364s] INFO:colcon.colcon_core.package_selection:Skipping not selected package 'ign_ros2_control' in 'src/gz_ros2_control/ign_ros2_control'
[0.364s] INFO:colcon.colcon_core.package_selection:Skipping not selected package 'm0609_moveit_config' in 'src/doosan-robot2/dsr_moveit2/m0609_moveit_config'
[0.364s] INFO:colcon.colcon_core.package_selection:Skipping not selected package 'm0617_moveit_config' in 'src/doosan-robot2/dsr_moveit2/m0617_moveit_config'
[0.364s] INFO:colcon.colcon_core.package_selection:Skipping not selected package 'm1013_moveit_config' in 'src/doosan-robot2/dsr_moveit2/m1013_moveit_config'
[0.364s] INFO:colcon.colcon_core.package_selection:Skipping not selected package 'm1509_moveit_config' in 'src/doosan-robot2/dsr_moveit2/m1509_moveit_config'
[0.364s] INFO:colcon.colcon_core.package_selection:Skipping not selected package 'visualservoing' in 'src/doosan-robot2/dsr_example2/visualservoing'
[0.364s] INFO:colcon.colcon_core.package_selection:Skipping not selected package 'c5' in 'src/doosan-robot2/dsr_rokey/c5'
[0.364s] INFO:colcon.colcon_core.package_selection:Skipping not selected package 'dsr_bringup2' in 'src/doosan-robot2/dsr_bringup2'
[0.364s] INFO:colcon.colcon_core.package_selection:Skipping not selected package 'dsr_gazebo2' in 'src/doosan-robot2/dsr_gazebo2'
[0.364s] INFO:colcon.colcon_core.package_selection:Skipping not selected package 'dsr_hardware2' in 'src/doosan-robot2/dsr_hardware2'
[0.364s] INFO:colcon.colcon_core.package_selection:Skipping not selected package 'example' in 'src/doosan-robot2/dsr_example2/example'
[0.364s] INFO:colcon.colcon_core.package_selection:Skipping not selected package 'gz_ros2_control_tests' in 'src/gz_ros2_control/gz_ros2_control_tests'
[0.364s] INFO:colcon.colcon_core.package_selection:Skipping not selected package 'ign_ros2_control_demos' in 'src/gz_ros2_control/ign_ros2_control_demos'
[0.364s] INFO:colcon.colcon_core.package_selection:Skipping not selected package 'realtime_control' in 'src/doosan-robot2/dsr_example2/realtime_control'
[0.364s] INFO:colcon.colcon_core.package_selection:Skipping not selected package 'rokey' in 'src/doosan-robot2/dsr_rokey/rokey'
[0.364s] INFO:colcon.colcon_core.package_selection:Skipping not selected package 'dsr_controller2' in 'src/doosan-robot2/dsr_controller2'
[0.365s] Level 1:colcon.colcon_core.package_discovery:discover_packages(prefix_path) check parameters
[0.365s] Level 1:colcon.colcon_core.package_discovery:discover_packages(prefix_path) discover
[0.367s] DEBUG:colcon.colcon_installed_package_information.package_discovery:Found 24 installed packages in /home/jaeheyoung/Rokey/7.PracticalProject/Week3_Coop2/DR_ws/install
[0.369s] DEBUG:colcon.colcon_installed_package_information.package_discovery:Found 399 installed packages in /opt/ros/humble
[0.371s] Level 1:colcon.colcon_core.package_discovery:discover_packages(prefix_path) using defaults
[0.413s] INFO:colcon.colcon_core.executor:Executing jobs using 'parallel' executor
[0.414s] DEBUG:colcon.colcon_parallel_executor.executor.parallel:run_until_complete
[0.414s] DEBUG:colcon.colcon_parallel_executor.executor.parallel:closing loop
[0.414s] DEBUG:colcon.colcon_parallel_executor.executor.parallel:loop closed
[0.414s] DEBUG:colcon.colcon_parallel_executor.executor.parallel:run_until_complete finished with '0'
[0.414s] DEBUG:colcon.colcon_core.event_reactor:joining thread
[0.421s] INFO:colcon.colcon_core.plugin_system:Skipping extension 'colcon_notification.desktop_notification.terminal_notifier': Not used on non-Darwin systems
[0.422s] INFO:colcon.colcon_core.plugin_system:Skipping extension 'colcon_notification.desktop_notification.win32': Not used on non-Windows systems
[0.422s] INFO:colcon.colcon_notification.desktop_notification:Sending desktop notification using 'notify2'
[0.434s] DEBUG:colcon.colcon_core.event_reactor:joined thread
[0.436s] INFO:colcon.colcon_core.plugin_system:Skipping extension 'colcon_core.shell.bat': Not used on non-Windows systems
[0.437s] INFO:colcon.colcon_core.shell:Creating prefix script '/home/jaeheyoung/Rokey/7.PracticalProject/Week3_Coop2/DR_ws/install/local_setup.ps1'
[0.438s] INFO:colcon.colcon_core.shell:Creating prefix util module '/home/jaeheyoung/Rokey/7.PracticalProject/Week3_Coop2/DR_ws/install/_local_setup_util_ps1.py'
[0.439s] INFO:colcon.colcon_core.shell:Creating prefix chain script '/home/jaeheyoung/Rokey/7.PracticalProject/Week3_Coop2/DR_ws/install/setup.ps1'
[0.440s] INFO:colcon.colcon_core.shell:Creating prefix script '/home/jaeheyoung/Rokey/7.PracticalProject/Week3_Coop2/DR_ws/install/local_setup.sh'
[0.441s] INFO:colcon.colcon_core.shell:Creating prefix util module '/home/jaeheyoung/Rokey/7.PracticalProject/Week3_Coop2/DR_ws/install/_local_setup_util_sh.py'
[0.441s] INFO:colcon.colcon_core.shell:Creating prefix chain script '/home/jaeheyoung/Rokey/7.PracticalProject/Week3_Coop2/DR_ws/install/setup.sh'
[0.443s] INFO:colcon.colcon_core.shell:Creating prefix script '/home/jaeheyoung/Rokey/7.PracticalProject/Week3_Coop2/DR_ws/install/local_setup.bash'
[0.443s] INFO:colcon.colcon_core.shell:Creating prefix chain script '/home/jaeheyoung/Rokey/7.PracticalProject/Week3_Coop2/DR_ws/install/setup.bash'
[0.445s] INFO:colcon.colcon_core.shell:Creating prefix script '/home/jaeheyoung/Rokey/7.PracticalProject/Week3_Coop2/DR_ws/install/local_setup.zsh'
[0.446s] INFO:colcon.colcon_core.shell:Creating prefix chain script '/home/jaeheyoung/Rokey/7.PracticalProject/Week3_Coop2/DR_ws/install/setup.zsh'
