[0.219s] Invoking command in '/home/jaeheyoung/robot_service_ws/build/turtlebot3_fake_node': AMENT_PREFIX_PATH=/home/jaeheyoung/robot_service_ws/install/turtlebot3_msgs:${AMENT_PREFIX_PATH} CMAKE_PREFIX_PATH=/home/jaeheyoung/robot_service_ws/install/turtlebot3_msgs:/opt/ros/humble LD_LIBRARY_PATH=/home/jaeheyoung/robot_service_ws/install/turtlebot3_msgs/lib:/usr/lib/x86_64-linux-gnu/gazebo-11/plugins:/opt/ros/humble/opt/rviz_ogre_vendor/lib:/opt/ros/humble/lib/x86_64-linux-gnu:/opt/ros/humble/lib:/usr/local/cuda-12.6/lib64:/usr/lib/x86_64-linux-gnu/gazebo-11/plugins PYTHONPATH=/home/jaeheyoung/robot_service_ws/install/turtlebot3_msgs/local/lib/python3.10/dist-packages:${PYTHONPATH} /usr/bin/cmake /home/jaeheyoung/robot_service_ws/src/turtlebot3_simulations/turtlebot3_fake_node -DCMAKE_INSTALL_PREFIX=/home/jaeheyoung/robot_service_ws/install/turtlebot3_fake_node
[0.273s] -- The C compiler identification is GNU 11.4.0
[0.322s] -- The CXX compiler identification is GNU 11.4.0
[0.328s] -- Detecting C compiler ABI info
[0.389s] -- Detecting C compiler ABI info - done
[0.395s] -- Check for working C compiler: /usr/bin/cc - skipped
[0.396s] -- Detecting C compile features
[0.396s] -- Detecting C compile features - done
[0.398s] -- Detecting CXX compiler ABI info
[0.469s] -- Detecting CXX compiler ABI info - done
[0.476s] -- Check for working CXX compiler: /usr/bin/c++ - skipped
[0.477s] -- Detecting CXX compile features
[0.477s] -- Detecting CXX compile features - done
[0.479s] -- Found ament_cmake: 1.3.10 (/opt/ros/humble/share/ament_cmake/cmake)
[0.610s] -- Found Python3: /usr/bin/python3 (found version "3.10.12") found components: Interpreter 
[0.680s] -- Found geometry_msgs: 4.2.4 (/opt/ros/humble/share/geometry_msgs/cmake)
[0.715s] -- Found rosidl_generator_c: 3.1.5 (/opt/ros/humble/share/rosidl_generator_c/cmake)
[0.719s] -- Found rosidl_adapter: 3.1.5 (/opt/ros/humble/share/rosidl_adapter/cmake)
[0.726s] -- Found rosidl_generator_cpp: 3.1.5 (/opt/ros/humble/share/rosidl_generator_cpp/cmake)
[0.735s] -- Using all available rosidl_typesupport_c: rosidl_typesupport_fastrtps_c;rosidl_typesupport_introspection_c
[0.747s] -- Using all available rosidl_typesupport_cpp: rosidl_typesupport_fastrtps_cpp;rosidl_typesupport_introspection_cpp
[0.778s] -- Found nav_msgs: 4.2.4 (/opt/ros/humble/share/nav_msgs/cmake)
[0.791s] -- Found rclcpp: 16.0.10 (/opt/ros/humble/share/rclcpp/cmake)
[0.819s] -- Found rmw_implementation_cmake: 6.1.2 (/opt/ros/humble/share/rmw_implementation_cmake/cmake)
[0.821s] -- Found rmw_fastrtps_cpp: 6.2.7 (/opt/ros/humble/share/rmw_fastrtps_cpp/cmake)
[0.887s] -- Found OpenSSL: /usr/lib/x86_64-linux-gnu/libcrypto.so (found version "3.0.2")  
[0.912s] -- Found FastRTPS: /opt/ros/humble/include  
[0.945s] -- Using RMW implementation 'rmw_fastrtps_cpp' as default
[0.954s] -- Looking for pthread.h
[1.013s] -- Looking for pthread.h - found
[1.014s] -- Performing Test CMAKE_HAVE_LIBC_PTHREAD
[1.081s] -- Performing Test CMAKE_HAVE_LIBC_PTHREAD - Success
[1.082s] -- Found Threads: TRUE  
[1.116s] -- Found sensor_msgs: 4.2.4 (/opt/ros/humble/share/sensor_msgs/cmake)
[1.129s] -- Found tf2: 0.25.8 (/opt/ros/humble/share/tf2/cmake)
[1.136s] -- Found tf2_msgs: 0.25.8 (/opt/ros/humble/share/tf2_msgs/cmake)
[1.166s] -- Found turtlebot3_msgs: 2.2.3 (/home/jaeheyoung/robot_service_ws/install/turtlebot3_msgs/share/turtlebot3_msgs/cmake)
[1.228s] -- Configuring done
[1.236s] -- Generating done
[1.237s] -- Build files have been written to: /home/jaeheyoung/robot_service_ws/build/turtlebot3_fake_node
[1.244s] Invoked command in '/home/jaeheyoung/robot_service_ws/build/turtlebot3_fake_node' returned '0': AMENT_PREFIX_PATH=/home/jaeheyoung/robot_service_ws/install/turtlebot3_msgs:${AMENT_PREFIX_PATH} CMAKE_PREFIX_PATH=/home/jaeheyoung/robot_service_ws/install/turtlebot3_msgs:/opt/ros/humble LD_LIBRARY_PATH=/home/jaeheyoung/robot_service_ws/install/turtlebot3_msgs/lib:/usr/lib/x86_64-linux-gnu/gazebo-11/plugins:/opt/ros/humble/opt/rviz_ogre_vendor/lib:/opt/ros/humble/lib/x86_64-linux-gnu:/opt/ros/humble/lib:/usr/local/cuda-12.6/lib64:/usr/lib/x86_64-linux-gnu/gazebo-11/plugins PYTHONPATH=/home/jaeheyoung/robot_service_ws/install/turtlebot3_msgs/local/lib/python3.10/dist-packages:${PYTHONPATH} /usr/bin/cmake /home/jaeheyoung/robot_service_ws/src/turtlebot3_simulations/turtlebot3_fake_node -DCMAKE_INSTALL_PREFIX=/home/jaeheyoung/robot_service_ws/install/turtlebot3_fake_node
[1.246s] Invoking command in '/home/jaeheyoung/robot_service_ws/build/turtlebot3_fake_node': AMENT_PREFIX_PATH=/home/jaeheyoung/robot_service_ws/install/turtlebot3_msgs:${AMENT_PREFIX_PATH} CMAKE_PREFIX_PATH=/home/jaeheyoung/robot_service_ws/install/turtlebot3_msgs:/opt/ros/humble LD_LIBRARY_PATH=/home/jaeheyoung/robot_service_ws/install/turtlebot3_msgs/lib:/usr/lib/x86_64-linux-gnu/gazebo-11/plugins:/opt/ros/humble/opt/rviz_ogre_vendor/lib:/opt/ros/humble/lib/x86_64-linux-gnu:/opt/ros/humble/lib:/usr/local/cuda-12.6/lib64:/usr/lib/x86_64-linux-gnu/gazebo-11/plugins PYTHONPATH=/home/jaeheyoung/robot_service_ws/install/turtlebot3_msgs/local/lib/python3.10/dist-packages:${PYTHONPATH} /usr/bin/cmake --build /home/jaeheyoung/robot_service_ws/build/turtlebot3_fake_node -- -j20 -l20
[1.290s] [ 50%] [32mBuilding CXX object CMakeFiles/turtlebot3_fake_node.dir/src/turtlebot3_fake_node.cpp.o[0m
[8.708s] [100%] [32m[1mLinking CXX executable turtlebot3_fake_node[0m
[8.990s] [100%] Built target turtlebot3_fake_node
[8.999s] Invoked command in '/home/jaeheyoung/robot_service_ws/build/turtlebot3_fake_node' returned '0': AMENT_PREFIX_PATH=/home/jaeheyoung/robot_service_ws/install/turtlebot3_msgs:${AMENT_PREFIX_PATH} CMAKE_PREFIX_PATH=/home/jaeheyoung/robot_service_ws/install/turtlebot3_msgs:/opt/ros/humble LD_LIBRARY_PATH=/home/jaeheyoung/robot_service_ws/install/turtlebot3_msgs/lib:/usr/lib/x86_64-linux-gnu/gazebo-11/plugins:/opt/ros/humble/opt/rviz_ogre_vendor/lib:/opt/ros/humble/lib/x86_64-linux-gnu:/opt/ros/humble/lib:/usr/local/cuda-12.6/lib64:/usr/lib/x86_64-linux-gnu/gazebo-11/plugins PYTHONPATH=/home/jaeheyoung/robot_service_ws/install/turtlebot3_msgs/local/lib/python3.10/dist-packages:${PYTHONPATH} /usr/bin/cmake --build /home/jaeheyoung/robot_service_ws/build/turtlebot3_fake_node -- -j20 -l20
[9.018s] Invoking command in '/home/jaeheyoung/robot_service_ws/build/turtlebot3_fake_node': AMENT_PREFIX_PATH=/home/jaeheyoung/robot_service_ws/install/turtlebot3_msgs:${AMENT_PREFIX_PATH} CMAKE_PREFIX_PATH=/home/jaeheyoung/robot_service_ws/install/turtlebot3_msgs:/opt/ros/humble LD_LIBRARY_PATH=/home/jaeheyoung/robot_service_ws/install/turtlebot3_msgs/lib:/usr/lib/x86_64-linux-gnu/gazebo-11/plugins:/opt/ros/humble/opt/rviz_ogre_vendor/lib:/opt/ros/humble/lib/x86_64-linux-gnu:/opt/ros/humble/lib:/usr/local/cuda-12.6/lib64:/usr/lib/x86_64-linux-gnu/gazebo-11/plugins PYTHONPATH=/home/jaeheyoung/robot_service_ws/install/turtlebot3_msgs/local/lib/python3.10/dist-packages:${PYTHONPATH} /usr/bin/cmake --install /home/jaeheyoung/robot_service_ws/build/turtlebot3_fake_node
[9.023s] -- Install configuration: ""
[9.023s] -- Installing: /home/jaeheyoung/robot_service_ws/install/turtlebot3_fake_node/lib/turtlebot3_fake_node/turtlebot3_fake_node
[9.025s] -- Set runtime path of "/home/jaeheyoung/robot_service_ws/install/turtlebot3_fake_node/lib/turtlebot3_fake_node/turtlebot3_fake_node" to ""
[9.025s] -- Installing: /home/jaeheyoung/robot_service_ws/install/turtlebot3_fake_node/share/turtlebot3_fake_node/launch
[9.025s] -- Installing: /home/jaeheyoung/robot_service_ws/install/turtlebot3_fake_node/share/turtlebot3_fake_node/launch/turtlebot3_fake_node.launch.py
[9.025s] -- Installing: /home/jaeheyoung/robot_service_ws/install/turtlebot3_fake_node/share/turtlebot3_fake_node/launch/rviz2.launch.py
[9.025s] -- Installing: /home/jaeheyoung/robot_service_ws/install/turtlebot3_fake_node/share/turtlebot3_fake_node/param
[9.025s] -- Installing: /home/jaeheyoung/robot_service_ws/install/turtlebot3_fake_node/share/turtlebot3_fake_node/param/waffle.yaml
[9.025s] -- Installing: /home/jaeheyoung/robot_service_ws/install/turtlebot3_fake_node/share/turtlebot3_fake_node/param/burger.yaml
[9.025s] -- Installing: /home/jaeheyoung/robot_service_ws/install/turtlebot3_fake_node/share/turtlebot3_fake_node/param/waffle_pi.yaml
[9.025s] -- Installing: /home/jaeheyoung/robot_service_ws/install/turtlebot3_fake_node/include/
[9.025s] -- Installing: /home/jaeheyoung/robot_service_ws/install/turtlebot3_fake_node/include//turtlebot3_fake_node
[9.026s] -- Installing: /home/jaeheyoung/robot_service_ws/install/turtlebot3_fake_node/include//turtlebot3_fake_node/turtlebot3_fake_node.hpp
[9.026s] -- Installing: /home/jaeheyoung/robot_service_ws/install/turtlebot3_fake_node/share/ament_index/resource_index/package_run_dependencies/turtlebot3_fake_node
[9.026s] -- Installing: /home/jaeheyoung/robot_service_ws/install/turtlebot3_fake_node/share/ament_index/resource_index/parent_prefix_path/turtlebot3_fake_node
[9.026s] -- Installing: /home/jaeheyoung/robot_service_ws/install/turtlebot3_fake_node/share/turtlebot3_fake_node/environment/ament_prefix_path.sh
[9.026s] -- Installing: /home/jaeheyoung/robot_service_ws/install/turtlebot3_fake_node/share/turtlebot3_fake_node/environment/ament_prefix_path.dsv
[9.026s] -- Installing: /home/jaeheyoung/robot_service_ws/install/turtlebot3_fake_node/share/turtlebot3_fake_node/environment/path.sh
[9.026s] -- Installing: /home/jaeheyoung/robot_service_ws/install/turtlebot3_fake_node/share/turtlebot3_fake_node/environment/path.dsv
[9.026s] -- Installing: /home/jaeheyoung/robot_service_ws/install/turtlebot3_fake_node/share/turtlebot3_fake_node/local_setup.bash
[9.026s] -- Installing: /home/jaeheyoung/robot_service_ws/install/turtlebot3_fake_node/share/turtlebot3_fake_node/local_setup.sh
[9.026s] -- Installing: /home/jaeheyoung/robot_service_ws/install/turtlebot3_fake_node/share/turtlebot3_fake_node/local_setup.zsh
[9.026s] -- Installing: /home/jaeheyoung/robot_service_ws/install/turtlebot3_fake_node/share/turtlebot3_fake_node/local_setup.dsv
[9.026s] -- Installing: /home/jaeheyoung/robot_service_ws/install/turtlebot3_fake_node/share/turtlebot3_fake_node/package.dsv
[9.026s] -- Installing: /home/jaeheyoung/robot_service_ws/install/turtlebot3_fake_node/share/ament_index/resource_index/packages/turtlebot3_fake_node
[9.026s] -- Installing: /home/jaeheyoung/robot_service_ws/install/turtlebot3_fake_node/share/turtlebot3_fake_node/cmake/ament_cmake_export_include_directories-extras.cmake
[9.026s] -- Installing: /home/jaeheyoung/robot_service_ws/install/turtlebot3_fake_node/share/turtlebot3_fake_node/cmake/ament_cmake_export_dependencies-extras.cmake
[9.026s] -- Installing: /home/jaeheyoung/robot_service_ws/install/turtlebot3_fake_node/share/turtlebot3_fake_node/cmake/turtlebot3_fake_nodeConfig.cmake
[9.026s] -- Installing: /home/jaeheyoung/robot_service_ws/install/turtlebot3_fake_node/share/turtlebot3_fake_node/cmake/turtlebot3_fake_nodeConfig-version.cmake
[9.026s] -- Installing: /home/jaeheyoung/robot_service_ws/install/turtlebot3_fake_node/share/turtlebot3_fake_node/package.xml
[9.027s] Invoked command in '/home/jaeheyoung/robot_service_ws/build/turtlebot3_fake_node' returned '0': AMENT_PREFIX_PATH=/home/jaeheyoung/robot_service_ws/install/turtlebot3_msgs:${AMENT_PREFIX_PATH} CMAKE_PREFIX_PATH=/home/jaeheyoung/robot_service_ws/install/turtlebot3_msgs:/opt/ros/humble LD_LIBRARY_PATH=/home/jaeheyoung/robot_service_ws/install/turtlebot3_msgs/lib:/usr/lib/x86_64-linux-gnu/gazebo-11/plugins:/opt/ros/humble/opt/rviz_ogre_vendor/lib:/opt/ros/humble/lib/x86_64-linux-gnu:/opt/ros/humble/lib:/usr/local/cuda-12.6/lib64:/usr/lib/x86_64-linux-gnu/gazebo-11/plugins PYTHONPATH=/home/jaeheyoung/robot_service_ws/install/turtlebot3_msgs/local/lib/python3.10/dist-packages:${PYTHONPATH} /usr/bin/cmake --install /home/jaeheyoung/robot_service_ws/build/turtlebot3_fake_node
