[0.031s] Invoking command in '/home/jaeheyoung/robot_service_ws/build/order_interface': CMAKE_PREFIX_PATH=${CMAKE_PREFIX_PATH}:/home/jaeheyoung/turtlebot3_ws/install/turtlebot3_teleop:/home/jaeheyoung/turtlebot3_ws/install/turtlebot3_example:/opt/ros/humble /usr/bin/cmake /home/jaeheyoung/robot_service_ws/src/order_interface -DAMENT_CMAKE_SYMLINK_INSTALL=1 -DCMAKE_INSTALL_PREFIX=/home/jaeheyoung/robot_service_ws/install/order_interface
[0.131s] -- The C compiler identification is GNU 11.4.0
[0.216s] -- The CXX compiler identification is GNU 11.4.0
[0.224s] -- Detecting C compiler ABI info
[0.338s] -- Detecting C compiler ABI info - done
[0.346s] -- Check for working C compiler: /usr/bin/cc - skipped
[0.346s] -- Detecting C compile features
[0.347s] -- Detecting C compile features - done
[0.351s] -- Detecting CXX compiler ABI info
[0.482s] -- Detecting CXX compiler ABI info - done
[0.491s] -- Check for working CXX compiler: /usr/bin/c++ - skipped
[0.492s] -- Detecting CXX compile features
[0.492s] -- Detecting CXX compile features - done
[0.496s] -- Found ament_cmake: 1.3.10 (/opt/ros/humble/share/ament_cmake/cmake)
[0.779s] -- Found Python3: /usr/bin/python3 (found version "3.10.12") found components: Interpreter 
[0.872s] -- Override CMake install command with custom implementation using symlinks instead of copying resources
[0.923s] -- Found rosidl_default_generators: 1.2.0 (/opt/ros/humble/share/rosidl_default_generators/cmake)
[0.928s] -- Using all available rosidl_typesupport_c: rosidl_typesupport_fastrtps_c;rosidl_typesupport_introspection_c
[0.949s] -- Found rosidl_adapter: 3.1.5 (/opt/ros/humble/share/rosidl_adapter/cmake)
[0.999s] -- Using all available rosidl_typesupport_cpp: rosidl_typesupport_fastrtps_cpp;rosidl_typesupport_introspection_cpp
[1.346s] -- Found ament_cmake_ros: 0.10.0 (/opt/ros/humble/share/ament_cmake_ros/cmake)
[1.596s] -- Using all available rosidl_typesupport_c: rosidl_typesupport_fastrtps_c;rosidl_typesupport_introspection_c
[1.947s] -- Using all available rosidl_typesupport_cpp: rosidl_typesupport_fastrtps_cpp;rosidl_typesupport_introspection_cpp
[1.979s] -- Found PythonInterp: /usr/bin/python3 (found suitable version "3.10.12", minimum required is "3.6") 
[1.981s] -- Found python_cmake_module: 0.10.0 (/opt/ros/humble/share/python_cmake_module/cmake)
[2.023s] -- Found PythonLibs: /usr/lib/x86_64-linux-gnu/libpython3.10.so (found suitable version "3.10.12", minimum required is "3.5") 
[2.023s] -- Using PYTHON_EXECUTABLE: /usr/bin/python3
[2.023s] -- Using PYTHON_INCLUDE_DIRS: /usr/include/python3.10
[2.023s] -- Using PYTHON_LIBRARIES: /usr/lib/x86_64-linux-gnu/libpython3.10.so
[2.056s] -- Found PythonExtra: .so  
[2.110s] -- Found ament_lint_auto: 0.12.11 (/opt/ros/humble/share/ament_lint_auto/cmake)
[2.135s] -- Added test 'lint_cmake' to check CMake code style
[2.136s] -- Added test 'xmllint' to check XML markup files
[2.139s] -- Configuring done
[2.164s] -- Generating done
[2.166s] -- Build files have been written to: /home/jaeheyoung/robot_service_ws/build/order_interface
[2.178s] Invoked command in '/home/jaeheyoung/robot_service_ws/build/order_interface' returned '0': CMAKE_PREFIX_PATH=${CMAKE_PREFIX_PATH}:/home/jaeheyoung/turtlebot3_ws/install/turtlebot3_teleop:/home/jaeheyoung/turtlebot3_ws/install/turtlebot3_example:/opt/ros/humble /usr/bin/cmake /home/jaeheyoung/robot_service_ws/src/order_interface -DAMENT_CMAKE_SYMLINK_INSTALL=1 -DCMAKE_INSTALL_PREFIX=/home/jaeheyoung/robot_service_ws/install/order_interface
[2.180s] Invoking command in '/home/jaeheyoung/robot_service_ws/build/order_interface': CMAKE_PREFIX_PATH=${CMAKE_PREFIX_PATH}:/home/jaeheyoung/turtlebot3_ws/install/turtlebot3_teleop:/home/jaeheyoung/turtlebot3_ws/install/turtlebot3_example:/opt/ros/humble /usr/bin/cmake --build /home/jaeheyoung/robot_service_ws/build/order_interface -- -j20 -l20
[2.250s] [  3%] [34m[1mGenerating C code for ROS interfaces[0m
[2.262s] [  6%] [34m[1mGenerating C++ code for ROS interfaces[0m
[2.267s] [  6%] Built target ament_cmake_python_symlink_order_interface
[2.583s] [  6%] Built target order_interface__cpp
[2.594s] [  9%] [32mBuilding C object CMakeFiles/order_interface__rosidl_generator_c.dir/rosidl_generator_c/order_interface/srv/detail/order__functions.c.o[0m
[2.595s] [ 12%] [34m[1mGenerating C++ introspection for ROS interfaces[0m
[2.596s] [ 16%] [34m[1mGenerating C++ type support dispatch for ROS interfaces[0m
[2.599s] [ 19%] [34m[1mGenerating C++ type support for eProsima Fast-RTPS[0m
[2.602s] running egg_info
[2.603s] creating order_interface.egg-info
[2.604s] writing order_interface.egg-info/PKG-INFO
[2.604s] writing dependency_links to order_interface.egg-info/dependency_links.txt
[2.604s] writing top-level names to order_interface.egg-info/top_level.txt
[2.604s] writing manifest file 'order_interface.egg-info/SOURCES.txt'
[2.605s] reading manifest file 'order_interface.egg-info/SOURCES.txt'
[2.606s] writing manifest file 'order_interface.egg-info/SOURCES.txt'
[2.639s] [ 19%] Built target ament_cmake_python_build_order_interface_egg
[2.681s] [ 22%] [32m[1mLinking C shared library liborder_interface__rosidl_generator_c.so[0m
[2.757s] [ 22%] Built target order_interface__rosidl_generator_c
[2.772s] [ 25%] [34m[1mGenerating C type support for eProsima Fast-RTPS[0m
[2.773s] [ 29%] [34m[1mGenerating C type support dispatch for ROS interfaces[0m
[2.776s] [ 32%] [34m[1mGenerating C introspection for ROS interfaces[0m
[2.877s] [ 35%] [32mBuilding CXX object CMakeFiles/order_interface__rosidl_typesupport_introspection_cpp.dir/rosidl_typesupport_introspection_cpp/order_interface/srv/detail/order__type_support.cpp.o[0m
[2.942s] [ 38%] [32mBuilding CXX object CMakeFiles/order_interface__rosidl_typesupport_fastrtps_cpp.dir/rosidl_typesupport_fastrtps_cpp/order_interface/srv/detail/dds_fastrtps/order__type_support.cpp.o[0m
[2.956s] [ 41%] [32mBuilding CXX object CMakeFiles/order_interface__rosidl_typesupport_cpp.dir/rosidl_typesupport_cpp/order_interface/srv/order__type_support.cpp.o[0m
[3.054s] [ 45%] [32mBuilding CXX object CMakeFiles/order_interface__rosidl_typesupport_c.dir/rosidl_typesupport_c/order_interface/srv/order__type_support.cpp.o[0m
[3.077s] [ 48%] [32mBuilding CXX object CMakeFiles/order_interface__rosidl_typesupport_fastrtps_c.dir/rosidl_typesupport_fastrtps_c/order_interface/srv/detail/order__type_support_c.cpp.o[0m
[3.099s] [ 51%] [32m[1mLinking CXX shared library liborder_interface__rosidl_typesupport_c.so[0m
[3.165s] [ 51%] Built target order_interface__rosidl_typesupport_c
[3.244s] [ 54%] [32m[1mLinking CXX shared library liborder_interface__rosidl_typesupport_cpp.so[0m
[3.274s] [ 58%] [32m[1mLinking CXX shared library liborder_interface__rosidl_typesupport_introspection_cpp.so[0m
[3.297s] [ 58%] Built target order_interface__rosidl_typesupport_cpp
[3.363s] [ 61%] [32m[1mLinking CXX shared library liborder_interface__rosidl_typesupport_fastrtps_cpp.so[0m
[3.371s] [ 61%] Built target order_interface__rosidl_typesupport_introspection_cpp
[3.447s] [ 64%] [32m[1mLinking CXX shared library liborder_interface__rosidl_typesupport_fastrtps_c.so[0m
[3.466s] [ 64%] Built target order_interface__rosidl_typesupport_fastrtps_cpp
[3.545s] [ 64%] Built target order_interface__rosidl_typesupport_fastrtps_c
[3.550s] [ 67%] [32mBuilding C object CMakeFiles/order_interface__rosidl_typesupport_introspection_c.dir/rosidl_typesupport_introspection_c/order_interface/srv/detail/order__type_support.c.o[0m
[3.596s] [ 70%] [32m[1mLinking C shared library liborder_interface__rosidl_typesupport_introspection_c.so[0m
[3.635s] [ 70%] Built target order_interface__rosidl_typesupport_introspection_c
[3.665s] [ 70%] Built target order_interface
[3.698s] [ 74%] [34m[1mGenerating Python code for ROS interfaces[0m
[4.078s] [ 74%] Built target order_interface__py
[4.125s] [ 77%] [32mBuilding C object CMakeFiles/order_interface__rosidl_generator_py.dir/rosidl_generator_py/order_interface/srv/_order_s.c.o[0m
[4.266s] [ 80%] [32m[1mLinking C shared library rosidl_generator_py/order_interface/liborder_interface__rosidl_generator_py.so[0m
[4.329s] [ 80%] Built target order_interface__rosidl_generator_py
[4.359s] [ 83%] [32mBuilding C object CMakeFiles/order_interface__rosidl_typesupport_fastrtps_c__pyext.dir/rosidl_generator_py/order_interface/_order_interface_s.ep.rosidl_typesupport_fastrtps_c.c.o[0m
[4.364s] [ 87%] [32mBuilding C object CMakeFiles/order_interface__rosidl_typesupport_c__pyext.dir/rosidl_generator_py/order_interface/_order_interface_s.ep.rosidl_typesupport_c.c.o[0m
[4.373s] [ 90%] [32mBuilding C object CMakeFiles/order_interface__rosidl_typesupport_introspection_c__pyext.dir/rosidl_generator_py/order_interface/_order_interface_s.ep.rosidl_typesupport_introspection_c.c.o[0m
[4.487s] [ 93%] [32m[1mLinking C shared library rosidl_generator_py/order_interface/order_interface_s__rosidl_typesupport_fastrtps_c.cpython-310-x86_64-linux-gnu.so[0m
[4.488s] [ 96%] [32m[1mLinking C shared library rosidl_generator_py/order_interface/order_interface_s__rosidl_typesupport_introspection_c.cpython-310-x86_64-linux-gnu.so[0m
[4.497s] [100%] [32m[1mLinking C shared library rosidl_generator_py/order_interface/order_interface_s__rosidl_typesupport_c.cpython-310-x86_64-linux-gnu.so[0m
[4.541s] [100%] Built target order_interface__rosidl_typesupport_introspection_c__pyext
[4.545s] [100%] Built target order_interface__rosidl_typesupport_fastrtps_c__pyext
[4.554s] [100%] Built target order_interface__rosidl_typesupport_c__pyext
[4.569s] Invoked command in '/home/jaeheyoung/robot_service_ws/build/order_interface' returned '0': CMAKE_PREFIX_PATH=${CMAKE_PREFIX_PATH}:/home/jaeheyoung/turtlebot3_ws/install/turtlebot3_teleop:/home/jaeheyoung/turtlebot3_ws/install/turtlebot3_example:/opt/ros/humble /usr/bin/cmake --build /home/jaeheyoung/robot_service_ws/build/order_interface -- -j20 -l20
[4.801s] Invoking command in '/home/jaeheyoung/robot_service_ws/build/order_interface': CMAKE_PREFIX_PATH=${CMAKE_PREFIX_PATH}:/home/jaeheyoung/turtlebot3_ws/install/turtlebot3_teleop:/home/jaeheyoung/turtlebot3_ws/install/turtlebot3_example:/opt/ros/humble /usr/bin/cmake --install /home/jaeheyoung/robot_service_ws/build/order_interface
[4.806s] -- Install configuration: ""
[4.807s] -- Execute custom install script
[4.808s] -- Symlinking: /home/jaeheyoung/robot_service_ws/install/order_interface/share/ament_index/resource_index/rosidl_interfaces/order_interface
[4.818s] -- Symlinking: /home/jaeheyoung/robot_service_ws/install/order_interface/include/order_interface/order_interface/msg/rosidl_generator_c__visibility_control.h
[4.827s] -- Symlinking: /home/jaeheyoung/robot_service_ws/install/order_interface/include/order_interface/order_interface/srv/detail/order__functions.h
[4.842s] -- Symlinking: /home/jaeheyoung/robot_service_ws/install/order_interface/include/order_interface/order_interface/srv/detail/order__struct.h
[4.851s] -- Symlinking: /home/jaeheyoung/robot_service_ws/install/order_interface/include/order_interface/order_interface/srv/detail/order__type_support.h
[4.861s] -- Symlinking: /home/jaeheyoung/robot_service_ws/install/order_interface/include/order_interface/order_interface/srv/order.h
[4.870s] -- Symlinking: /home/jaeheyoung/robot_service_ws/install/order_interface/share/order_interface/environment/library_path.sh
[4.880s] -- Symlinking: /home/jaeheyoung/robot_service_ws/install/order_interface/share/order_interface/environment/library_path.dsv
[4.902s] -- Symlinking: /home/jaeheyoung/robot_service_ws/install/order_interface/include/order_interface/order_interface/msg/rosidl_typesupport_fastrtps_c__visibility_control.h
[4.920s] -- Symlinking: /home/jaeheyoung/robot_service_ws/install/order_interface/include/order_interface/order_interface/srv/detail/order__rosidl_typesupport_fastrtps_c.h
[4.931s] -- Symlinking: /home/jaeheyoung/robot_service_ws/install/order_interface/include/order_interface/order_interface/msg/rosidl_typesupport_introspection_c__visibility_control.h
[4.940s] -- Symlinking: /home/jaeheyoung/robot_service_ws/install/order_interface/include/order_interface/order_interface/srv/detail/order__rosidl_typesupport_introspection_c.h
[4.958s] -- Symlinking: /home/jaeheyoung/robot_service_ws/install/order_interface/include/order_interface/order_interface/srv/detail/order__builder.hpp
[4.969s] -- Symlinking: /home/jaeheyoung/robot_service_ws/install/order_interface/include/order_interface/order_interface/srv/detail/order__struct.hpp
[4.981s] -- Symlinking: /home/jaeheyoung/robot_service_ws/install/order_interface/include/order_interface/order_interface/srv/detail/order__traits.hpp
[4.992s] -- Symlinking: /home/jaeheyoung/robot_service_ws/install/order_interface/include/order_interface/order_interface/srv/order.hpp
[5.008s] -- Symlinking: /home/jaeheyoung/robot_service_ws/install/order_interface/include/order_interface/order_interface/msg/rosidl_typesupport_fastrtps_cpp__visibility_control.h
[5.019s] -- Symlinking: /home/jaeheyoung/robot_service_ws/install/order_interface/include/order_interface/order_interface/srv/detail/order__rosidl_typesupport_fastrtps_cpp.hpp
[5.030s] -- Symlinking: /home/jaeheyoung/robot_service_ws/install/order_interface/include/order_interface/order_interface/srv/detail/order__rosidl_typesupport_introspection_cpp.hpp
[5.040s] -- Symlinking: /home/jaeheyoung/robot_service_ws/install/order_interface/share/order_interface/environment/pythonpath.sh
[5.065s] -- Symlinking: /home/jaeheyoung/robot_service_ws/install/order_interface/share/order_interface/environment/pythonpath.dsv
[5.083s] -- Symlinking: /home/jaeheyoung/robot_service_ws/install/order_interface/local/lib/python3.10/dist-packages/order_interface-0.0.0-py3.10.egg-info/PKG-INFO
[5.100s] -- Symlinking: /home/jaeheyoung/robot_service_ws/install/order_interface/local/lib/python3.10/dist-packages/order_interface-0.0.0-py3.10.egg-info/SOURCES.txt
[5.111s] -- Symlinking: /home/jaeheyoung/robot_service_ws/install/order_interface/local/lib/python3.10/dist-packages/order_interface-0.0.0-py3.10.egg-info/dependency_links.txt
[5.126s] -- Symlinking: /home/jaeheyoung/robot_service_ws/install/order_interface/local/lib/python3.10/dist-packages/order_interface-0.0.0-py3.10.egg-info/top_level.txt
[5.138s] -- Symlinking: /home/jaeheyoung/robot_service_ws/install/order_interface/local/lib/python3.10/dist-packages/order_interface/__init__.py
[5.151s] -- Symlinking: /home/jaeheyoung/robot_service_ws/install/order_interface/local/lib/python3.10/dist-packages/order_interface/_order_interface_s.ep.rosidl_typesupport_c.c
[5.161s] -- Symlinking: /home/jaeheyoung/robot_service_ws/install/order_interface/local/lib/python3.10/dist-packages/order_interface/_order_interface_s.ep.rosidl_typesupport_fastrtps_c.c
[5.173s] -- Symlinking: /home/jaeheyoung/robot_service_ws/install/order_interface/local/lib/python3.10/dist-packages/order_interface/_order_interface_s.ep.rosidl_typesupport_introspection_c.c
[5.185s] -- Symlinking: /home/jaeheyoung/robot_service_ws/install/order_interface/local/lib/python3.10/dist-packages/order_interface/liborder_interface__rosidl_generator_py.so
[5.195s] -- Symlinking: /home/jaeheyoung/robot_service_ws/install/order_interface/local/lib/python3.10/dist-packages/order_interface/order_interface_s__rosidl_typesupport_c.cpython-310-x86_64-linux-gnu.so
[5.207s] -- Symlinking: /home/jaeheyoung/robot_service_ws/install/order_interface/local/lib/python3.10/dist-packages/order_interface/order_interface_s__rosidl_typesupport_fastrtps_c.cpython-310-x86_64-linux-gnu.so
[5.217s] -- Symlinking: /home/jaeheyoung/robot_service_ws/install/order_interface/local/lib/python3.10/dist-packages/order_interface/order_interface_s__rosidl_typesupport_introspection_c.cpython-310-x86_64-linux-gnu.so
[5.231s] -- Symlinking: /home/jaeheyoung/robot_service_ws/install/order_interface/local/lib/python3.10/dist-packages/order_interface/srv/__init__.py
[5.246s] -- Symlinking: /home/jaeheyoung/robot_service_ws/install/order_interface/local/lib/python3.10/dist-packages/order_interface/srv/_order.py
[5.256s] -- Symlinking: /home/jaeheyoung/robot_service_ws/install/order_interface/local/lib/python3.10/dist-packages/order_interface/srv/_order_s.c
[5.267s] -- Up-to-date symlink: /home/jaeheyoung/robot_service_ws/install/order_interface/local/lib/python3.10/dist-packages/order_interface/order_interface_s__rosidl_typesupport_fastrtps_c.cpython-310-x86_64-linux-gnu.so
[5.268s] -- Up-to-date symlink: /home/jaeheyoung/robot_service_ws/install/order_interface/local/lib/python3.10/dist-packages/order_interface/order_interface_s__rosidl_typesupport_introspection_c.cpython-310-x86_64-linux-gnu.so
[5.268s] -- Up-to-date symlink: /home/jaeheyoung/robot_service_ws/install/order_interface/local/lib/python3.10/dist-packages/order_interface/order_interface_s__rosidl_typesupport_c.cpython-310-x86_64-linux-gnu.so
[5.268s] -- Symlinking: /home/jaeheyoung/robot_service_ws/install/order_interface/share/order_interface/srv/Order.idl
[5.279s] -- Symlinking: /home/jaeheyoung/robot_service_ws/install/order_interface/share/order_interface/srv/Order.srv
[5.296s] -- Symlinking: /home/jaeheyoung/robot_service_ws/install/order_interface/share/order_interface/srv/Order_Request.msg
[5.306s] -- Symlinking: /home/jaeheyoung/robot_service_ws/install/order_interface/share/order_interface/srv/Order_Response.msg
[5.316s] -- Symlinking: /home/jaeheyoung/robot_service_ws/install/order_interface/share/ament_index/resource_index/package_run_dependencies/order_interface
[5.329s] -- Symlinking: /home/jaeheyoung/robot_service_ws/install/order_interface/share/ament_index/resource_index/parent_prefix_path/order_interface
[5.346s] -- Symlinking: /home/jaeheyoung/robot_service_ws/install/order_interface/share/order_interface/environment/ament_prefix_path.sh
[5.355s] -- Symlinking: /home/jaeheyoung/robot_service_ws/install/order_interface/share/order_interface/environment/ament_prefix_path.dsv
[5.367s] -- Symlinking: /home/jaeheyoung/robot_service_ws/install/order_interface/share/order_interface/environment/path.sh
[5.380s] -- Symlinking: /home/jaeheyoung/robot_service_ws/install/order_interface/share/order_interface/environment/path.dsv
[5.391s] -- Symlinking: /home/jaeheyoung/robot_service_ws/install/order_interface/share/order_interface/local_setup.bash
[5.410s] -- Symlinking: /home/jaeheyoung/robot_service_ws/install/order_interface/share/order_interface/local_setup.sh
[5.423s] -- Symlinking: /home/jaeheyoung/robot_service_ws/install/order_interface/share/order_interface/local_setup.zsh
[5.433s] -- Symlinking: /home/jaeheyoung/robot_service_ws/install/order_interface/share/order_interface/local_setup.dsv
[5.444s] -- Symlinking: /home/jaeheyoung/robot_service_ws/install/order_interface/share/order_interface/package.dsv
[5.456s] -- Symlinking: /home/jaeheyoung/robot_service_ws/install/order_interface/share/ament_index/resource_index/packages/order_interface
[5.467s] -- Symlinking: /home/jaeheyoung/robot_service_ws/install/order_interface/share/order_interface/cmake/rosidl_cmake-extras.cmake
[5.483s] -- Symlinking: /home/jaeheyoung/robot_service_ws/install/order_interface/share/order_interface/cmake/ament_cmake_export_include_directories-extras.cmake
[5.499s] -- Symlinking: /home/jaeheyoung/robot_service_ws/install/order_interface/share/order_interface/cmake/ament_cmake_export_libraries-extras.cmake
[5.509s] -- Symlinking: /home/jaeheyoung/robot_service_ws/install/order_interface/share/order_interface/cmake/ament_cmake_export_targets-extras.cmake
[5.521s] -- Symlinking: /home/jaeheyoung/robot_service_ws/install/order_interface/share/order_interface/cmake/rosidl_cmake_export_typesupport_targets-extras.cmake
[5.530s] -- Symlinking: /home/jaeheyoung/robot_service_ws/install/order_interface/share/order_interface/cmake/ament_cmake_export_dependencies-extras.cmake
[5.540s] -- Symlinking: /home/jaeheyoung/robot_service_ws/install/order_interface/share/order_interface/cmake/rosidl_cmake_export_typesupport_libraries-extras.cmake
[5.551s] -- Symlinking: /home/jaeheyoung/robot_service_ws/install/order_interface/share/order_interface/cmake/order_interfaceConfig.cmake
[5.560s] -- Symlinking: /home/jaeheyoung/robot_service_ws/install/order_interface/share/order_interface/cmake/order_interfaceConfig-version.cmake
[5.580s] -- Symlinking: /home/jaeheyoung/robot_service_ws/install/order_interface/share/order_interface/package.xml
[5.593s] -- Installing: /home/jaeheyoung/robot_service_ws/install/order_interface/lib/liborder_interface__rosidl_generator_c.so
[5.593s] -- Set runtime path of "/home/jaeheyoung/robot_service_ws/install/order_interface/lib/liborder_interface__rosidl_generator_c.so" to ""
[5.593s] -- Installing: /home/jaeheyoung/robot_service_ws/install/order_interface/lib/liborder_interface__rosidl_typesupport_fastrtps_c.so
[5.593s] -- Set runtime path of "/home/jaeheyoung/robot_service_ws/install/order_interface/lib/liborder_interface__rosidl_typesupport_fastrtps_c.so" to ""
[5.593s] -- Installing: /home/jaeheyoung/robot_service_ws/install/order_interface/lib/liborder_interface__rosidl_typesupport_introspection_c.so
[5.594s] -- Set runtime path of "/home/jaeheyoung/robot_service_ws/install/order_interface/lib/liborder_interface__rosidl_typesupport_introspection_c.so" to ""
[5.594s] -- Installing: /home/jaeheyoung/robot_service_ws/install/order_interface/lib/liborder_interface__rosidl_typesupport_c.so
[5.594s] -- Set runtime path of "/home/jaeheyoung/robot_service_ws/install/order_interface/lib/liborder_interface__rosidl_typesupport_c.so" to ""
[5.594s] -- Installing: /home/jaeheyoung/robot_service_ws/install/order_interface/lib/liborder_interface__rosidl_typesupport_fastrtps_cpp.so
[5.594s] -- Set runtime path of "/home/jaeheyoung/robot_service_ws/install/order_interface/lib/liborder_interface__rosidl_typesupport_fastrtps_cpp.so" to ""
[5.594s] -- Installing: /home/jaeheyoung/robot_service_ws/install/order_interface/lib/liborder_interface__rosidl_typesupport_introspection_cpp.so
[5.594s] -- Set runtime path of "/home/jaeheyoung/robot_service_ws/install/order_interface/lib/liborder_interface__rosidl_typesupport_introspection_cpp.so" to ""
[5.594s] -- Installing: /home/jaeheyoung/robot_service_ws/install/order_interface/lib/liborder_interface__rosidl_typesupport_cpp.so
[5.595s] -- Set runtime path of "/home/jaeheyoung/robot_service_ws/install/order_interface/lib/liborder_interface__rosidl_typesupport_cpp.so" to ""
[5.651s] Listing '/home/jaeheyoung/robot_service_ws/install/order_interface/local/lib/python3.10/dist-packages/order_interface'...
[5.652s] Compiling '/home/jaeheyoung/robot_service_ws/install/order_interface/local/lib/python3.10/dist-packages/order_interface/__init__.py'...
[5.652s] Listing '/home/jaeheyoung/robot_service_ws/install/order_interface/local/lib/python3.10/dist-packages/order_interface/srv'...
[5.652s] Compiling '/home/jaeheyoung/robot_service_ws/install/order_interface/local/lib/python3.10/dist-packages/order_interface/srv/__init__.py'...
[5.652s] Compiling '/home/jaeheyoung/robot_service_ws/install/order_interface/local/lib/python3.10/dist-packages/order_interface/srv/_order.py'...
[5.657s] -- Installing: /home/jaeheyoung/robot_service_ws/install/order_interface/lib/liborder_interface__rosidl_generator_py.so
[5.657s] -- Set runtime path of "/home/jaeheyoung/robot_service_ws/install/order_interface/lib/liborder_interface__rosidl_generator_py.so" to ""
[5.657s] -- Installing: /home/jaeheyoung/robot_service_ws/install/order_interface/share/order_interface/cmake/export_order_interface__rosidl_generator_cExport.cmake
[5.657s] -- Installing: /home/jaeheyoung/robot_service_ws/install/order_interface/share/order_interface/cmake/export_order_interface__rosidl_generator_cExport-noconfig.cmake
[5.657s] -- Installing: /home/jaeheyoung/robot_service_ws/install/order_interface/share/order_interface/cmake/export_order_interface__rosidl_typesupport_fastrtps_cExport.cmake
[5.658s] -- Installing: /home/jaeheyoung/robot_service_ws/install/order_interface/share/order_interface/cmake/export_order_interface__rosidl_typesupport_fastrtps_cExport-noconfig.cmake
[5.658s] -- Installing: /home/jaeheyoung/robot_service_ws/install/order_interface/share/order_interface/cmake/order_interface__rosidl_typesupport_introspection_cExport.cmake
[5.658s] -- Installing: /home/jaeheyoung/robot_service_ws/install/order_interface/share/order_interface/cmake/order_interface__rosidl_typesupport_introspection_cExport-noconfig.cmake
[5.659s] -- Installing: /home/jaeheyoung/robot_service_ws/install/order_interface/share/order_interface/cmake/order_interface__rosidl_typesupport_cExport.cmake
[5.659s] -- Installing: /home/jaeheyoung/robot_service_ws/install/order_interface/share/order_interface/cmake/order_interface__rosidl_typesupport_cExport-noconfig.cmake
[5.659s] -- Installing: /home/jaeheyoung/robot_service_ws/install/order_interface/share/order_interface/cmake/export_order_interface__rosidl_generator_cppExport.cmake
[5.659s] -- Installing: /home/jaeheyoung/robot_service_ws/install/order_interface/share/order_interface/cmake/export_order_interface__rosidl_typesupport_fastrtps_cppExport.cmake
[5.659s] -- Installing: /home/jaeheyoung/robot_service_ws/install/order_interface/share/order_interface/cmake/export_order_interface__rosidl_typesupport_fastrtps_cppExport-noconfig.cmake
[5.659s] -- Installing: /home/jaeheyoung/robot_service_ws/install/order_interface/share/order_interface/cmake/order_interface__rosidl_typesupport_introspection_cppExport.cmake
[5.659s] -- Installing: /home/jaeheyoung/robot_service_ws/install/order_interface/share/order_interface/cmake/order_interface__rosidl_typesupport_introspection_cppExport-noconfig.cmake
[5.659s] -- Installing: /home/jaeheyoung/robot_service_ws/install/order_interface/share/order_interface/cmake/order_interface__rosidl_typesupport_cppExport.cmake
[5.659s] -- Installing: /home/jaeheyoung/robot_service_ws/install/order_interface/share/order_interface/cmake/order_interface__rosidl_typesupport_cppExport-noconfig.cmake
[5.659s] -- Installing: /home/jaeheyoung/robot_service_ws/install/order_interface/share/order_interface/cmake/export_order_interface__rosidl_generator_pyExport.cmake
[5.659s] -- Installing: /home/jaeheyoung/robot_service_ws/install/order_interface/share/order_interface/cmake/export_order_interface__rosidl_generator_pyExport-noconfig.cmake
[5.664s] Invoked command in '/home/jaeheyoung/robot_service_ws/build/order_interface' returned '0': CMAKE_PREFIX_PATH=${CMAKE_PREFIX_PATH}:/home/jaeheyoung/turtlebot3_ws/install/turtlebot3_teleop:/home/jaeheyoung/turtlebot3_ws/install/turtlebot3_example:/opt/ros/humble /usr/bin/cmake --install /home/jaeheyoung/robot_service_ws/build/order_interface
