[0.123s] DEBUG:colcon:Command line arguments: ['/usr/bin/colcon', 'build', '--symlink-install']
[0.123s] DEBUG:colcon:Parsed command line arguments: Namespace(log_base=None, log_level=None, verb_name='build', build_base='build', install_base='install', merge_install=False, symlink_install=True, test_result_base=None, continue_on_error=False, executor='parallel', parallel_workers=20, event_handlers=None, ignore_user_meta=False, metas=['./colcon.meta'], base_paths=['.'], packages_ignore=None, packages_ignore_regex=None, paths=None, packages_up_to=None, packages_up_to_regex=None, packages_above=None, packages_above_and_dependencies=None, packages_above_depth=None, packages_select_by_dep=None, packages_skip_by_dep=None, packages_skip_up_to=None, packages_select_build_failed=False, packages_skip_build_finished=False, packages_select_test_failures=False, packages_skip_test_passed=False, packages_select=None, packages_skip=None, packages_select_regex=None, packages_skip_regex=None, packages_start=None, packages_end=None, allow_overriding=[], cmake_args=None, cmake_target=None, cmake_target_skip_unavailable=False, cmake_clean_cache=False, cmake_clean_first=False, cmake_force_configure=False, ament_cmake_args=None, catkin_cmake_args=None, catkin_skip_building_tests=False, mixin_files=None, mixin=None, verb_parser=<colcon_mixin.mixin.mixin_argument.MixinArgumentDecorator object at 0x7e8993f7a230>, verb_extension=<colcon_core.verb.build.BuildVerb object at 0x7e8994076800>, main=<bound method BuildVerb.main of <colcon_core.verb.build.BuildVerb object at 0x7e8994076800>>, mixin_verb=('build',))
[0.358s] Level 1:colcon.colcon_core.package_discovery:discover_packages(colcon_meta) check parameters
[0.358s] Level 1:colcon.colcon_core.package_discovery:discover_packages(recursive) check parameters
[0.358s] Level 1:colcon.colcon_core.package_discovery:discover_packages(ignore) check parameters
[0.358s] Level 1:colcon.colcon_core.package_discovery:discover_packages(path) check parameters
[0.358s] Level 1:colcon.colcon_core.package_discovery:discover_packages(colcon_meta) discover
[0.358s] Level 1:colcon.colcon_core.package_discovery:discover_packages(recursive) discover
[0.358s] INFO:colcon.colcon_core.package_discovery:Crawling recursively for packages in '/home/jaeheyoung/Rokey/7.PracticalProject/Week5_Coop3/coop3_ws'
[0.359s] Level 1:colcon.colcon_core.package_identification:_identify(.) by extensions ['ignore', 'ignore_ament_install']
[0.359s] Level 1:colcon.colcon_core.package_identification:_identify(.) by extension 'ignore'
[0.359s] Level 1:colcon.colcon_core.package_identification:_identify(.) by extension 'ignore_ament_install'
[0.359s] Level 1:colcon.colcon_core.package_identification:_identify(.) by extensions ['colcon_pkg']
[0.359s] Level 1:colcon.colcon_core.package_identification:_identify(.) by extension 'colcon_pkg'
[0.359s] Level 1:colcon.colcon_core.package_identification:_identify(.) by extensions ['colcon_meta']
[0.359s] Level 1:colcon.colcon_core.package_identification:_identify(.) by extension 'colcon_meta'
[0.359s] Level 1:colcon.colcon_core.package_identification:_identify(.) by extensions ['ros']
[0.359s] Level 1:colcon.colcon_core.package_identification:_identify(.) by extension 'ros'
[0.371s] Level 1:colcon.colcon_core.package_identification:_identify(.) by extensions ['cmake', 'python']
[0.371s] Level 1:colcon.colcon_core.package_identification:_identify(.) by extension 'cmake'
[0.371s] Level 1:colcon.colcon_core.package_identification:_identify(.) by extension 'python'
[0.371s] Level 1:colcon.colcon_core.package_identification:_identify(.) by extensions ['python_setup_py']
[0.371s] Level 1:colcon.colcon_core.package_identification:_identify(.) by extension 'python_setup_py'
[0.371s] Level 1:colcon.colcon_core.package_identification:_identify(build) by extensions ['ignore', 'ignore_ament_install']
[0.371s] Level 1:colcon.colcon_core.package_identification:_identify(build) by extension 'ignore'
[0.371s] Level 1:colcon.colcon_core.package_identification:_identify(build) ignored
[0.371s] Level 1:colcon.colcon_core.package_identification:_identify(install) by extensions ['ignore', 'ignore_ament_install']
[0.371s] Level 1:colcon.colcon_core.package_identification:_identify(install) by extension 'ignore'
[0.371s] Level 1:colcon.colcon_core.package_identification:_identify(install) ignored
[0.372s] Level 1:colcon.colcon_core.package_identification:_identify(log) by extensions ['ignore', 'ignore_ament_install']
[0.372s] Level 1:colcon.colcon_core.package_identification:_identify(log) by extension 'ignore'
[0.372s] Level 1:colcon.colcon_core.package_identification:_identify(log) ignored
[0.372s] Level 1:colcon.colcon_core.package_identification:_identify(src) by extensions ['ignore', 'ignore_ament_install']
[0.372s] Level 1:colcon.colcon_core.package_identification:_identify(src) by extension 'ignore'
[0.372s] Level 1:colcon.colcon_core.package_identification:_identify(src) by extension 'ignore_ament_install'
[0.372s] Level 1:colcon.colcon_core.package_identification:_identify(src) by extensions ['colcon_pkg']
[0.372s] Level 1:colcon.colcon_core.package_identification:_identify(src) by extension 'colcon_pkg'
[0.372s] Level 1:colcon.colcon_core.package_identification:_identify(src) by extensions ['colcon_meta']
[0.372s] Level 1:colcon.colcon_core.package_identification:_identify(src) by extension 'colcon_meta'
[0.372s] Level 1:colcon.colcon_core.package_identification:_identify(src) by extensions ['ros']
[0.372s] Level 1:colcon.colcon_core.package_identification:_identify(src) by extension 'ros'
[0.372s] Level 1:colcon.colcon_core.package_identification:_identify(src) by extensions ['cmake', 'python']
[0.372s] Level 1:colcon.colcon_core.package_identification:_identify(src) by extension 'cmake'
[0.372s] Level 1:colcon.colcon_core.package_identification:_identify(src) by extension 'python'
[0.372s] Level 1:colcon.colcon_core.package_identification:_identify(src) by extensions ['python_setup_py']
[0.372s] Level 1:colcon.colcon_core.package_identification:_identify(src) by extension 'python_setup_py'
[0.372s] Level 1:colcon.colcon_core.package_identification:_identify(src/car_simulation) by extensions ['ignore', 'ignore_ament_install']
[0.372s] Level 1:colcon.colcon_core.package_identification:_identify(src/car_simulation) by extension 'ignore'
[0.372s] Level 1:colcon.colcon_core.package_identification:_identify(src/car_simulation) by extension 'ignore_ament_install'
[0.373s] Level 1:colcon.colcon_core.package_identification:_identify(src/car_simulation) by extensions ['colcon_pkg']
[0.373s] Level 1:colcon.colcon_core.package_identification:_identify(src/car_simulation) by extension 'colcon_pkg'
[0.373s] Level 1:colcon.colcon_core.package_identification:_identify(src/car_simulation) by extensions ['colcon_meta']
[0.373s] Level 1:colcon.colcon_core.package_identification:_identify(src/car_simulation) by extension 'colcon_meta'
[0.373s] Level 1:colcon.colcon_core.package_identification:_identify(src/car_simulation) by extensions ['ros']
[0.373s] Level 1:colcon.colcon_core.package_identification:_identify(src/car_simulation) by extension 'ros'
[0.381s] DEBUG:colcon.colcon_core.package_identification:Package 'src/car_simulation' with type 'ros.ament_python' and name 'car_simulation'
[0.381s] Level 1:colcon.colcon_core.package_identification:_identify(src/firedetect) by extensions ['ignore', 'ignore_ament_install']
[0.381s] Level 1:colcon.colcon_core.package_identification:_identify(src/firedetect) by extension 'ignore'
[0.381s] Level 1:colcon.colcon_core.package_identification:_identify(src/firedetect) by extension 'ignore_ament_install'
[0.381s] Level 1:colcon.colcon_core.package_identification:_identify(src/firedetect) by extensions ['colcon_pkg']
[0.381s] Level 1:colcon.colcon_core.package_identification:_identify(src/firedetect) by extension 'colcon_pkg'
[0.381s] Level 1:colcon.colcon_core.package_identification:_identify(src/firedetect) by extensions ['colcon_meta']
[0.381s] Level 1:colcon.colcon_core.package_identification:_identify(src/firedetect) by extension 'colcon_meta'
[0.381s] Level 1:colcon.colcon_core.package_identification:_identify(src/firedetect) by extensions ['ros']
[0.381s] Level 1:colcon.colcon_core.package_identification:_identify(src/firedetect) by extension 'ros'
[0.382s] DEBUG:colcon.colcon_core.package_identification:Package 'src/firedetect' with type 'ros.ament_python' and name 'firedetect'
[0.382s] Level 1:colcon.colcon_core.package_identification:_identify(src/set_sim) by extensions ['ignore', 'ignore_ament_install']
[0.382s] Level 1:colcon.colcon_core.package_identification:_identify(src/set_sim) by extension 'ignore'
[0.382s] Level 1:colcon.colcon_core.package_identification:_identify(src/set_sim) by extension 'ignore_ament_install'
[0.383s] Level 1:colcon.colcon_core.package_identification:_identify(src/set_sim) by extensions ['colcon_pkg']
[0.383s] Level 1:colcon.colcon_core.package_identification:_identify(src/set_sim) by extension 'colcon_pkg'
[0.383s] Level 1:colcon.colcon_core.package_identification:_identify(src/set_sim) by extensions ['colcon_meta']
[0.383s] Level 1:colcon.colcon_core.package_identification:_identify(src/set_sim) by extension 'colcon_meta'
[0.383s] Level 1:colcon.colcon_core.package_identification:_identify(src/set_sim) by extensions ['ros']
[0.383s] Level 1:colcon.colcon_core.package_identification:_identify(src/set_sim) by extension 'ros'
[0.383s] DEBUG:colcon.colcon_core.package_identification:Package 'src/set_sim' with type 'ros.ament_python' and name 'set_sim'
[0.383s] Level 1:colcon.colcon_core.package_identification:_identify(src/turtlebot3_multi_robot) by extensions ['ignore', 'ignore_ament_install']
[0.383s] Level 1:colcon.colcon_core.package_identification:_identify(src/turtlebot3_multi_robot) by extension 'ignore'
[0.383s] Level 1:colcon.colcon_core.package_identification:_identify(src/turtlebot3_multi_robot) by extension 'ignore_ament_install'
[0.384s] Level 1:colcon.colcon_core.package_identification:_identify(src/turtlebot3_multi_robot) by extensions ['colcon_pkg']
[0.384s] Level 1:colcon.colcon_core.package_identification:_identify(src/turtlebot3_multi_robot) by extension 'colcon_pkg'
[0.384s] Level 1:colcon.colcon_core.package_identification:_identify(src/turtlebot3_multi_robot) by extensions ['colcon_meta']
[0.384s] Level 1:colcon.colcon_core.package_identification:_identify(src/turtlebot3_multi_robot) by extension 'colcon_meta'
[0.384s] Level 1:colcon.colcon_core.package_identification:_identify(src/turtlebot3_multi_robot) by extensions ['ros']
[0.384s] Level 1:colcon.colcon_core.package_identification:_identify(src/turtlebot3_multi_robot) by extension 'ros'
[0.385s] DEBUG:colcon.colcon_core.package_identification:Package 'src/turtlebot3_multi_robot' with type 'ros.ament_cmake' and name 'turtlebot3_multi_robot'
[0.385s] Level 1:colcon.colcon_core.package_discovery:discover_packages(recursive) using defaults
[0.385s] Level 1:colcon.colcon_core.package_discovery:discover_packages(ignore) discover
[0.385s] Level 1:colcon.colcon_core.package_discovery:discover_packages(ignore) using defaults
[0.385s] Level 1:colcon.colcon_core.package_discovery:discover_packages(path) discover
[0.385s] Level 1:colcon.colcon_core.package_discovery:discover_packages(path) using defaults
[0.408s] Level 1:colcon.colcon_core.package_discovery:discover_packages(prefix_path) check parameters
[0.408s] Level 1:colcon.colcon_core.package_discovery:discover_packages(prefix_path) discover
[0.410s] DEBUG:colcon.colcon_installed_package_information.package_discovery:Found 4 installed packages in /home/jaeheyoung/Rokey/7.PracticalProject/Week5_Coop3/coop3_ws/install
[0.411s] DEBUG:colcon.colcon_installed_package_information.package_discovery:Found 401 installed packages in /opt/ros/humble
[0.413s] Level 1:colcon.colcon_core.package_discovery:discover_packages(prefix_path) using defaults
[0.461s] Level 5:colcon.colcon_core.verb:set package 'car_simulation' build argument 'cmake_args' from command line to 'None'
[0.461s] Level 5:colcon.colcon_core.verb:set package 'car_simulation' build argument 'cmake_target' from command line to 'None'
[0.461s] Level 5:colcon.colcon_core.verb:set package 'car_simulation' build argument 'cmake_target_skip_unavailable' from command line to 'False'
[0.461s] Level 5:colcon.colcon_core.verb:set package 'car_simulation' build argument 'cmake_clean_cache' from command line to 'False'
[0.461s] Level 5:colcon.colcon_core.verb:set package 'car_simulation' build argument 'cmake_clean_first' from command line to 'False'
[0.461s] Level 5:colcon.colcon_core.verb:set package 'car_simulation' build argument 'cmake_force_configure' from command line to 'False'
[0.461s] Level 5:colcon.colcon_core.verb:set package 'car_simulation' build argument 'ament_cmake_args' from command line to 'None'
[0.461s] Level 5:colcon.colcon_core.verb:set package 'car_simulation' build argument 'catkin_cmake_args' from command line to 'None'
[0.461s] Level 5:colcon.colcon_core.verb:set package 'car_simulation' build argument 'catkin_skip_building_tests' from command line to 'False'
[0.461s] DEBUG:colcon.colcon_core.verb:Building package 'car_simulation' with the following arguments: {'ament_cmake_args': None, 'build_base': '/home/jaeheyoung/Rokey/7.PracticalProject/Week5_Coop3/coop3_ws/build/car_simulation', 'catkin_cmake_args': None, 'catkin_skip_building_tests': False, 'cmake_args': None, 'cmake_clean_cache': False, 'cmake_clean_first': False, 'cmake_force_configure': False, 'cmake_target': None, 'cmake_target_skip_unavailable': False, 'install_base': '/home/jaeheyoung/Rokey/7.PracticalProject/Week5_Coop3/coop3_ws/install/car_simulation', 'merge_install': False, 'path': '/home/jaeheyoung/Rokey/7.PracticalProject/Week5_Coop3/coop3_ws/src/car_simulation', 'symlink_install': True, 'test_result_base': None}
[0.461s] Level 5:colcon.colcon_core.verb:set package 'firedetect' build argument 'cmake_args' from command line to 'None'
[0.461s] Level 5:colcon.colcon_core.verb:set package 'firedetect' build argument 'cmake_target' from command line to 'None'
[0.461s] Level 5:colcon.colcon_core.verb:set package 'firedetect' build argument 'cmake_target_skip_unavailable' from command line to 'False'
[0.461s] Level 5:colcon.colcon_core.verb:set package 'firedetect' build argument 'cmake_clean_cache' from command line to 'False'
[0.461s] Level 5:colcon.colcon_core.verb:set package 'firedetect' build argument 'cmake_clean_first' from command line to 'False'
[0.461s] Level 5:colcon.colcon_core.verb:set package 'firedetect' build argument 'cmake_force_configure' from command line to 'False'
[0.461s] Level 5:colcon.colcon_core.verb:set package 'firedetect' build argument 'ament_cmake_args' from command line to 'None'
[0.461s] Level 5:colcon.colcon_core.verb:set package 'firedetect' build argument 'catkin_cmake_args' from command line to 'None'
[0.461s] Level 5:colcon.colcon_core.verb:set package 'firedetect' build argument 'catkin_skip_building_tests' from command line to 'False'
[0.461s] DEBUG:colcon.colcon_core.verb:Building package 'firedetect' with the following arguments: {'ament_cmake_args': None, 'build_base': '/home/jaeheyoung/Rokey/7.PracticalProject/Week5_Coop3/coop3_ws/build/firedetect', 'catkin_cmake_args': None, 'catkin_skip_building_tests': False, 'cmake_args': None, 'cmake_clean_cache': False, 'cmake_clean_first': False, 'cmake_force_configure': False, 'cmake_target': None, 'cmake_target_skip_unavailable': False, 'install_base': '/home/jaeheyoung/Rokey/7.PracticalProject/Week5_Coop3/coop3_ws/install/firedetect', 'merge_install': False, 'path': '/home/jaeheyoung/Rokey/7.PracticalProject/Week5_Coop3/coop3_ws/src/firedetect', 'symlink_install': True, 'test_result_base': None}
[0.462s] Level 5:colcon.colcon_core.verb:set package 'set_sim' build argument 'cmake_args' from command line to 'None'
[0.462s] Level 5:colcon.colcon_core.verb:set package 'set_sim' build argument 'cmake_target' from command line to 'None'
[0.462s] Level 5:colcon.colcon_core.verb:set package 'set_sim' build argument 'cmake_target_skip_unavailable' from command line to 'False'
[0.462s] Level 5:colcon.colcon_core.verb:set package 'set_sim' build argument 'cmake_clean_cache' from command line to 'False'
[0.462s] Level 5:colcon.colcon_core.verb:set package 'set_sim' build argument 'cmake_clean_first' from command line to 'False'
[0.462s] Level 5:colcon.colcon_core.verb:set package 'set_sim' build argument 'cmake_force_configure' from command line to 'False'
[0.462s] Level 5:colcon.colcon_core.verb:set package 'set_sim' build argument 'ament_cmake_args' from command line to 'None'
[0.462s] Level 5:colcon.colcon_core.verb:set package 'set_sim' build argument 'catkin_cmake_args' from command line to 'None'
[0.462s] Level 5:colcon.colcon_core.verb:set package 'set_sim' build argument 'catkin_skip_building_tests' from command line to 'False'
[0.462s] DEBUG:colcon.colcon_core.verb:Building package 'set_sim' with the following arguments: {'ament_cmake_args': None, 'build_base': '/home/jaeheyoung/Rokey/7.PracticalProject/Week5_Coop3/coop3_ws/build/set_sim', 'catkin_cmake_args': None, 'catkin_skip_building_tests': False, 'cmake_args': None, 'cmake_clean_cache': False, 'cmake_clean_first': False, 'cmake_force_configure': False, 'cmake_target': None, 'cmake_target_skip_unavailable': False, 'install_base': '/home/jaeheyoung/Rokey/7.PracticalProject/Week5_Coop3/coop3_ws/install/set_sim', 'merge_install': False, 'path': '/home/jaeheyoung/Rokey/7.PracticalProject/Week5_Coop3/coop3_ws/src/set_sim', 'symlink_install': True, 'test_result_base': None}
[0.462s] Level 5:colcon.colcon_core.verb:set package 'turtlebot3_multi_robot' build argument 'cmake_args' from command line to 'None'
[0.462s] Level 5:colcon.colcon_core.verb:set package 'turtlebot3_multi_robot' build argument 'cmake_target' from command line to 'None'
[0.462s] Level 5:colcon.colcon_core.verb:set package 'turtlebot3_multi_robot' build argument 'cmake_target_skip_unavailable' from command line to 'False'
[0.462s] Level 5:colcon.colcon_core.verb:set package 'turtlebot3_multi_robot' build argument 'cmake_clean_cache' from command line to 'False'
[0.462s] Level 5:colcon.colcon_core.verb:set package 'turtlebot3_multi_robot' build argument 'cmake_clean_first' from command line to 'False'
[0.463s] Level 5:colcon.colcon_core.verb:set package 'turtlebot3_multi_robot' build argument 'cmake_force_configure' from command line to 'False'
[0.463s] Level 5:colcon.colcon_core.verb:set package 'turtlebot3_multi_robot' build argument 'ament_cmake_args' from command line to 'None'
[0.463s] Level 5:colcon.colcon_core.verb:set package 'turtlebot3_multi_robot' build argument 'catkin_cmake_args' from command line to 'None'
[0.463s] Level 5:colcon.colcon_core.verb:set package 'turtlebot3_multi_robot' build argument 'catkin_skip_building_tests' from command line to 'False'
[0.463s] DEBUG:colcon.colcon_core.verb:Building package 'turtlebot3_multi_robot' with the following arguments: {'ament_cmake_args': None, 'build_base': '/home/jaeheyoung/Rokey/7.PracticalProject/Week5_Coop3/coop3_ws/build/turtlebot3_multi_robot', 'catkin_cmake_args': None, 'catkin_skip_building_tests': False, 'cmake_args': None, 'cmake_clean_cache': False, 'cmake_clean_first': False, 'cmake_force_configure': False, 'cmake_target': None, 'cmake_target_skip_unavailable': False, 'install_base': '/home/jaeheyoung/Rokey/7.PracticalProject/Week5_Coop3/coop3_ws/install/turtlebot3_multi_robot', 'merge_install': False, 'path': '/home/jaeheyoung/Rokey/7.PracticalProject/Week5_Coop3/coop3_ws/src/turtlebot3_multi_robot', 'symlink_install': True, 'test_result_base': None}
[0.463s] INFO:colcon.colcon_core.executor:Executing jobs using 'parallel' executor
[0.464s] DEBUG:colcon.colcon_parallel_executor.executor.parallel:run_until_complete
[0.465s] INFO:colcon.colcon_ros.task.ament_python.build:Building ROS package in '/home/jaeheyoung/Rokey/7.PracticalProject/Week5_Coop3/coop3_ws/src/car_simulation' with build type 'ament_python'
[0.465s] Level 1:colcon.colcon_core.shell:create_environment_hook('car_simulation', 'ament_prefix_path')
[0.469s] INFO:colcon.colcon_core.plugin_system:Skipping extension 'colcon_core.shell.bat': Not used on non-Windows systems
[0.469s] INFO:colcon.colcon_core.shell:Creating environment hook '/home/jaeheyoung/Rokey/7.PracticalProject/Week5_Coop3/coop3_ws/install/car_simulation/share/car_simulation/hook/ament_prefix_path.ps1'
[0.470s] INFO:colcon.colcon_core.shell:Creating environment descriptor '/home/jaeheyoung/Rokey/7.PracticalProject/Week5_Coop3/coop3_ws/install/car_simulation/share/car_simulation/hook/ament_prefix_path.dsv'
[0.470s] INFO:colcon.colcon_core.shell:Creating environment hook '/home/jaeheyoung/Rokey/7.PracticalProject/Week5_Coop3/coop3_ws/install/car_simulation/share/car_simulation/hook/ament_prefix_path.sh'
[0.471s] INFO:colcon.colcon_core.shell:Skip shell extension 'powershell' for command environment: Not usable outside of PowerShell
[0.471s] DEBUG:colcon.colcon_core.shell:Skip shell extension 'dsv' for command environment
[0.476s] INFO:colcon.colcon_ros.task.ament_python.build:Building ROS package in '/home/jaeheyoung/Rokey/7.PracticalProject/Week5_Coop3/coop3_ws/src/firedetect' with build type 'ament_python'
[0.476s] Level 1:colcon.colcon_core.shell:create_environment_hook('firedetect', 'ament_prefix_path')
[0.477s] INFO:colcon.colcon_core.shell:Creating environment hook '/home/jaeheyoung/Rokey/7.PracticalProject/Week5_Coop3/coop3_ws/install/firedetect/share/firedetect/hook/ament_prefix_path.ps1'
[0.477s] INFO:colcon.colcon_core.shell:Creating environment descriptor '/home/jaeheyoung/Rokey/7.PracticalProject/Week5_Coop3/coop3_ws/install/firedetect/share/firedetect/hook/ament_prefix_path.dsv'
[0.478s] INFO:colcon.colcon_core.shell:Creating environment hook '/home/jaeheyoung/Rokey/7.PracticalProject/Week5_Coop3/coop3_ws/install/firedetect/share/firedetect/hook/ament_prefix_path.sh'
[0.478s] INFO:colcon.colcon_core.shell:Skip shell extension 'powershell' for command environment: Not usable outside of PowerShell
[0.479s] DEBUG:colcon.colcon_core.shell:Skip shell extension 'dsv' for command environment
[0.483s] INFO:colcon.colcon_ros.task.ament_python.build:Building ROS package in '/home/jaeheyoung/Rokey/7.PracticalProject/Week5_Coop3/coop3_ws/src/set_sim' with build type 'ament_python'
[0.484s] Level 1:colcon.colcon_core.shell:create_environment_hook('set_sim', 'ament_prefix_path')
[0.484s] INFO:colcon.colcon_core.shell:Creating environment hook '/home/jaeheyoung/Rokey/7.PracticalProject/Week5_Coop3/coop3_ws/install/set_sim/share/set_sim/hook/ament_prefix_path.ps1'
[0.497s] INFO:colcon.colcon_core.shell:Creating environment descriptor '/home/jaeheyoung/Rokey/7.PracticalProject/Week5_Coop3/coop3_ws/install/set_sim/share/set_sim/hook/ament_prefix_path.dsv'
[0.498s] INFO:colcon.colcon_core.shell:Creating environment hook '/home/jaeheyoung/Rokey/7.PracticalProject/Week5_Coop3/coop3_ws/install/set_sim/share/set_sim/hook/ament_prefix_path.sh'
[0.498s] INFO:colcon.colcon_core.shell:Skip shell extension 'powershell' for command environment: Not usable outside of PowerShell
[0.499s] DEBUG:colcon.colcon_core.shell:Skip shell extension 'dsv' for command environment
[0.503s] INFO:colcon.colcon_ros.task.ament_cmake.build:Building ROS package in '/home/jaeheyoung/Rokey/7.PracticalProject/Week5_Coop3/coop3_ws/src/turtlebot3_multi_robot' with build type 'ament_cmake'
[0.503s] INFO:colcon.colcon_cmake.task.cmake.build:Building CMake package in '/home/jaeheyoung/Rokey/7.PracticalProject/Week5_Coop3/coop3_ws/src/turtlebot3_multi_robot'
[0.503s] INFO:colcon.colcon_core.shell:Skip shell extension 'powershell' for command environment: Not usable outside of PowerShell
[0.503s] DEBUG:colcon.colcon_core.shell:Skip shell extension 'dsv' for command environment
[0.889s] INFO:colcon.colcon_core.task.python.build:Building Python package in '/home/jaeheyoung/Rokey/7.PracticalProject/Week5_Coop3/coop3_ws/src/car_simulation'
[0.889s] INFO:colcon.colcon_core.shell:Skip shell extension 'powershell' for command environment: Not usable outside of PowerShell
[0.890s] DEBUG:colcon.colcon_core.shell:Skip shell extension 'dsv' for command environment
[1.227s] INFO:colcon.colcon_core.task.python.build:Building Python package in '/home/jaeheyoung/Rokey/7.PracticalProject/Week5_Coop3/coop3_ws/src/firedetect'
[1.227s] INFO:colcon.colcon_core.shell:Skip shell extension 'powershell' for command environment: Not usable outside of PowerShell
[1.227s] DEBUG:colcon.colcon_core.shell:Skip shell extension 'dsv' for command environment
[1.568s] INFO:colcon.colcon_core.task.python.build:Building Python package in '/home/jaeheyoung/Rokey/7.PracticalProject/Week5_Coop3/coop3_ws/src/set_sim'
[1.569s] INFO:colcon.colcon_core.shell:Skip shell extension 'powershell' for command environment: Not usable outside of PowerShell
[1.569s] DEBUG:colcon.colcon_core.shell:Skip shell extension 'dsv' for command environment
[1.587s] DEBUG:colcon.colcon_core.event_handler.log_command:Invoking command in '/home/jaeheyoung/Rokey/7.PracticalProject/Week5_Coop3/coop3_ws/build/turtlebot3_multi_robot': CMAKE_PREFIX_PATH=${CMAKE_PREFIX_PATH}:/home/jaeheyoung/Rokey/7.PracticalProject/Week5_Coop3/coop3_ws/install/set_sim:/home/jaeheyoung/Rokey/7.PracticalProject/Week5_Coop3/coop3_ws/install/firedetect:/home/jaeheyoung/Rokey/7.PracticalProject/Week5_Coop3/coop3_ws/install/car_simulation:/opt/ros/humble /usr/bin/cmake --build /home/jaeheyoung/Rokey/7.PracticalProject/Week5_Coop3/coop3_ws/build/turtlebot3_multi_robot -- -j20 -l20
[1.643s] DEBUG:colcon.colcon_core.event_handler.log_command:Invoked command in '/home/jaeheyoung/Rokey/7.PracticalProject/Week5_Coop3/coop3_ws/build/turtlebot3_multi_robot' returned '0': CMAKE_PREFIX_PATH=${CMAKE_PREFIX_PATH}:/home/jaeheyoung/Rokey/7.PracticalProject/Week5_Coop3/coop3_ws/install/set_sim:/home/jaeheyoung/Rokey/7.PracticalProject/Week5_Coop3/coop3_ws/install/firedetect:/home/jaeheyoung/Rokey/7.PracticalProject/Week5_Coop3/coop3_ws/install/car_simulation:/opt/ros/humble /usr/bin/cmake --build /home/jaeheyoung/Rokey/7.PracticalProject/Week5_Coop3/coop3_ws/build/turtlebot3_multi_robot -- -j20 -l20
[1.722s] DEBUG:colcon.colcon_core.event_handler.log_command:Invoking command in '/home/jaeheyoung/Rokey/7.PracticalProject/Week5_Coop3/coop3_ws/build/turtlebot3_multi_robot': CMAKE_PREFIX_PATH=${CMAKE_PREFIX_PATH}:/home/jaeheyoung/Rokey/7.PracticalProject/Week5_Coop3/coop3_ws/install/set_sim:/home/jaeheyoung/Rokey/7.PracticalProject/Week5_Coop3/coop3_ws/install/firedetect:/home/jaeheyoung/Rokey/7.PracticalProject/Week5_Coop3/coop3_ws/install/car_simulation:/opt/ros/humble /usr/bin/cmake --install /home/jaeheyoung/Rokey/7.PracticalProject/Week5_Coop3/coop3_ws/build/turtlebot3_multi_robot
[1.752s] Level 1:colcon.colcon_core.environment:create_environment_scripts_only(turtlebot3_multi_robot)
[1.753s] DEBUG:colcon.colcon_core.event_handler.log_command:Invoked command in '/home/jaeheyoung/Rokey/7.PracticalProject/Week5_Coop3/coop3_ws/build/turtlebot3_multi_robot' returned '0': CMAKE_PREFIX_PATH=${CMAKE_PREFIX_PATH}:/home/jaeheyoung/Rokey/7.PracticalProject/Week5_Coop3/coop3_ws/install/set_sim:/home/jaeheyoung/Rokey/7.PracticalProject/Week5_Coop3/coop3_ws/install/firedetect:/home/jaeheyoung/Rokey/7.PracticalProject/Week5_Coop3/coop3_ws/install/car_simulation:/opt/ros/humble /usr/bin/cmake --install /home/jaeheyoung/Rokey/7.PracticalProject/Week5_Coop3/coop3_ws/build/turtlebot3_multi_robot
[1.765s] Level 1:colcon.colcon_core.environment:checking '/home/jaeheyoung/Rokey/7.PracticalProject/Week5_Coop3/coop3_ws/install/turtlebot3_multi_robot' for CMake module files
[1.765s] Level 1:colcon.colcon_core.environment:checking '/home/jaeheyoung/Rokey/7.PracticalProject/Week5_Coop3/coop3_ws/install/turtlebot3_multi_robot' for CMake config files
[1.766s] Level 1:colcon.colcon_core.shell:create_environment_hook('turtlebot3_multi_robot', 'cmake_prefix_path')
[1.766s] INFO:colcon.colcon_core.shell:Creating environment hook '/home/jaeheyoung/Rokey/7.PracticalProject/Week5_Coop3/coop3_ws/install/turtlebot3_multi_robot/share/turtlebot3_multi_robot/hook/cmake_prefix_path.ps1'
[1.767s] INFO:colcon.colcon_core.shell:Creating environment descriptor '/home/jaeheyoung/Rokey/7.PracticalProject/Week5_Coop3/coop3_ws/install/turtlebot3_multi_robot/share/turtlebot3_multi_robot/hook/cmake_prefix_path.dsv'
[1.767s] INFO:colcon.colcon_core.shell:Creating environment hook '/home/jaeheyoung/Rokey/7.PracticalProject/Week5_Coop3/coop3_ws/install/turtlebot3_multi_robot/share/turtlebot3_multi_robot/hook/cmake_prefix_path.sh'
[1.768s] Level 1:colcon.colcon_core.environment:checking '/home/jaeheyoung/Rokey/7.PracticalProject/Week5_Coop3/coop3_ws/install/turtlebot3_multi_robot/bin'
[1.768s] Level 1:colcon.colcon_core.environment:checking '/home/jaeheyoung/Rokey/7.PracticalProject/Week5_Coop3/coop3_ws/install/turtlebot3_multi_robot/lib/pkgconfig/turtlebot3_multi_robot.pc'
[1.769s] Level 1:colcon.colcon_core.environment:checking '/home/jaeheyoung/Rokey/7.PracticalProject/Week5_Coop3/coop3_ws/install/turtlebot3_multi_robot/lib/python3.10/site-packages'
[1.770s] Level 1:colcon.colcon_core.environment:checking '/home/jaeheyoung/Rokey/7.PracticalProject/Week5_Coop3/coop3_ws/install/turtlebot3_multi_robot/bin'
[1.770s] INFO:colcon.colcon_core.shell:Creating package script '/home/jaeheyoung/Rokey/7.PracticalProject/Week5_Coop3/coop3_ws/install/turtlebot3_multi_robot/share/turtlebot3_multi_robot/package.ps1'
[1.771s] INFO:colcon.colcon_core.shell:Creating package descriptor '/home/jaeheyoung/Rokey/7.PracticalProject/Week5_Coop3/coop3_ws/install/turtlebot3_multi_robot/share/turtlebot3_multi_robot/package.dsv'
[1.776s] INFO:colcon.colcon_core.shell:Creating package script '/home/jaeheyoung/Rokey/7.PracticalProject/Week5_Coop3/coop3_ws/install/turtlebot3_multi_robot/share/turtlebot3_multi_robot/package.sh'
[1.782s] INFO:colcon.colcon_core.shell:Creating package script '/home/jaeheyoung/Rokey/7.PracticalProject/Week5_Coop3/coop3_ws/install/turtlebot3_multi_robot/share/turtlebot3_multi_robot/package.bash'
[1.782s] INFO:colcon.colcon_core.shell:Creating package script '/home/jaeheyoung/Rokey/7.PracticalProject/Week5_Coop3/coop3_ws/install/turtlebot3_multi_robot/share/turtlebot3_multi_robot/package.zsh'
[1.783s] Level 1:colcon.colcon_core.environment:create_file_with_runtime_dependencies(/home/jaeheyoung/Rokey/7.PracticalProject/Week5_Coop3/coop3_ws/install/turtlebot3_multi_robot/share/colcon-core/packages/turtlebot3_multi_robot)
[1.830s] Level 1:colcon.colcon_core.environment:create_environment_scripts_only(turtlebot3_multi_robot)
[1.830s] Level 1:colcon.colcon_core.environment:checking '/home/jaeheyoung/Rokey/7.PracticalProject/Week5_Coop3/coop3_ws/install/turtlebot3_multi_robot' for CMake module files
[1.831s] Level 1:colcon.colcon_core.environment:checking '/home/jaeheyoung/Rokey/7.PracticalProject/Week5_Coop3/coop3_ws/install/turtlebot3_multi_robot' for CMake config files
[1.831s] Level 1:colcon.colcon_core.shell:create_environment_hook('turtlebot3_multi_robot', 'cmake_prefix_path')
[1.832s] INFO:colcon.colcon_core.shell:Creating environment hook '/home/jaeheyoung/Rokey/7.PracticalProject/Week5_Coop3/coop3_ws/install/turtlebot3_multi_robot/share/turtlebot3_multi_robot/hook/cmake_prefix_path.ps1'
[1.832s] INFO:colcon.colcon_core.shell:Creating environment descriptor '/home/jaeheyoung/Rokey/7.PracticalProject/Week5_Coop3/coop3_ws/install/turtlebot3_multi_robot/share/turtlebot3_multi_robot/hook/cmake_prefix_path.dsv'
[1.832s] INFO:colcon.colcon_core.shell:Creating environment hook '/home/jaeheyoung/Rokey/7.PracticalProject/Week5_Coop3/coop3_ws/install/turtlebot3_multi_robot/share/turtlebot3_multi_robot/hook/cmake_prefix_path.sh'
[1.833s] Level 1:colcon.colcon_core.environment:checking '/home/jaeheyoung/Rokey/7.PracticalProject/Week5_Coop3/coop3_ws/install/turtlebot3_multi_robot/bin'
[1.833s] Level 1:colcon.colcon_core.environment:checking '/home/jaeheyoung/Rokey/7.PracticalProject/Week5_Coop3/coop3_ws/install/turtlebot3_multi_robot/lib/pkgconfig/turtlebot3_multi_robot.pc'
[1.833s] Level 1:colcon.colcon_core.environment:checking '/home/jaeheyoung/Rokey/7.PracticalProject/Week5_Coop3/coop3_ws/install/turtlebot3_multi_robot/lib/python3.10/site-packages'
[1.834s] Level 1:colcon.colcon_core.environment:checking '/home/jaeheyoung/Rokey/7.PracticalProject/Week5_Coop3/coop3_ws/install/turtlebot3_multi_robot/bin'
[1.834s] INFO:colcon.colcon_core.shell:Creating package script '/home/jaeheyoung/Rokey/7.PracticalProject/Week5_Coop3/coop3_ws/install/turtlebot3_multi_robot/share/turtlebot3_multi_robot/package.ps1'
[1.835s] INFO:colcon.colcon_core.shell:Creating package descriptor '/home/jaeheyoung/Rokey/7.PracticalProject/Week5_Coop3/coop3_ws/install/turtlebot3_multi_robot/share/turtlebot3_multi_robot/package.dsv'
[1.835s] INFO:colcon.colcon_core.shell:Creating package script '/home/jaeheyoung/Rokey/7.PracticalProject/Week5_Coop3/coop3_ws/install/turtlebot3_multi_robot/share/turtlebot3_multi_robot/package.sh'
[1.836s] INFO:colcon.colcon_core.shell:Creating package script '/home/jaeheyoung/Rokey/7.PracticalProject/Week5_Coop3/coop3_ws/install/turtlebot3_multi_robot/share/turtlebot3_multi_robot/package.bash'
[1.836s] INFO:colcon.colcon_core.shell:Creating package script '/home/jaeheyoung/Rokey/7.PracticalProject/Week5_Coop3/coop3_ws/install/turtlebot3_multi_robot/share/turtlebot3_multi_robot/package.zsh'
[1.837s] Level 1:colcon.colcon_core.environment:create_file_with_runtime_dependencies(/home/jaeheyoung/Rokey/7.PracticalProject/Week5_Coop3/coop3_ws/install/turtlebot3_multi_robot/share/colcon-core/packages/turtlebot3_multi_robot)
[2.030s] DEBUG:colcon.colcon_core.event_handler.log_command:Invoking command in '/home/jaeheyoung/Rokey/7.PracticalProject/Week5_Coop3/coop3_ws/build/firedetect': PYTHONPATH=/home/jaeheyoung/Rokey/7.PracticalProject/Week5_Coop3/coop3_ws/build/firedetect/prefix_override:/usr/lib/python3/dist-packages/colcon_core/task/python/colcon_distutils_commands:/home/jaeheyoung/Rokey/7.PracticalProject/Week5_Coop3/coop3_ws/install/firedetect/lib/python3.10/site-packages:${PYTHONPATH} /usr/bin/python3 -W ignore:setup.py install is deprecated setup.py develop --editable --build-directory /home/jaeheyoung/Rokey/7.PracticalProject/Week5_Coop3/coop3_ws/build/firedetect/build --no-deps symlink_data
[2.052s] DEBUG:colcon.colcon_core.event_handler.log_command:Invoking command in '/home/jaeheyoung/Rokey/7.PracticalProject/Week5_Coop3/coop3_ws/build/car_simulation': PYTHONPATH=/home/jaeheyoung/Rokey/7.PracticalProject/Week5_Coop3/coop3_ws/build/car_simulation/prefix_override:/usr/lib/python3/dist-packages/colcon_core/task/python/colcon_distutils_commands:/home/jaeheyoung/Rokey/7.PracticalProject/Week5_Coop3/coop3_ws/install/car_simulation/lib/python3.10/site-packages:${PYTHONPATH} /usr/bin/python3 -W ignore:setup.py install is deprecated setup.py develop --editable --build-directory /home/jaeheyoung/Rokey/7.PracticalProject/Week5_Coop3/coop3_ws/build/car_simulation/build --no-deps symlink_data
[2.118s] DEBUG:colcon.colcon_core.event_handler.log_command:Invoking command in '/home/jaeheyoung/Rokey/7.PracticalProject/Week5_Coop3/coop3_ws/build/set_sim': PYTHONPATH=/home/jaeheyoung/Rokey/7.PracticalProject/Week5_Coop3/coop3_ws/build/set_sim/prefix_override:/usr/lib/python3/dist-packages/colcon_core/task/python/colcon_distutils_commands:/home/jaeheyoung/Rokey/7.PracticalProject/Week5_Coop3/coop3_ws/install/set_sim/lib/python3.10/site-packages:${PYTHONPATH} /usr/bin/python3 -W ignore:setup.py install is deprecated setup.py develop --editable --build-directory /home/jaeheyoung/Rokey/7.PracticalProject/Week5_Coop3/coop3_ws/build/set_sim/build --no-deps symlink_data
[2.676s] Level 1:colcon.colcon_core.shell:create_environment_hook('car_simulation', 'pythonpath_develop')
[2.677s] INFO:colcon.colcon_core.shell:Creating environment hook '/home/jaeheyoung/Rokey/7.PracticalProject/Week5_Coop3/coop3_ws/build/car_simulation/share/car_simulation/hook/pythonpath_develop.ps1'
[2.678s] INFO:colcon.colcon_core.shell:Creating environment descriptor '/home/jaeheyoung/Rokey/7.PracticalProject/Week5_Coop3/coop3_ws/build/car_simulation/share/car_simulation/hook/pythonpath_develop.dsv'
[2.680s] DEBUG:colcon.colcon_core.event_handler.log_command:Invoked command in '/home/jaeheyoung/Rokey/7.PracticalProject/Week5_Coop3/coop3_ws/build/car_simulation' returned '0': PYTHONPATH=/home/jaeheyoung/Rokey/7.PracticalProject/Week5_Coop3/coop3_ws/build/car_simulation/prefix_override:/usr/lib/python3/dist-packages/colcon_core/task/python/colcon_distutils_commands:/home/jaeheyoung/Rokey/7.PracticalProject/Week5_Coop3/coop3_ws/install/car_simulation/lib/python3.10/site-packages:${PYTHONPATH} /usr/bin/python3 -W ignore:setup.py install is deprecated setup.py develop --editable --build-directory /home/jaeheyoung/Rokey/7.PracticalProject/Week5_Coop3/coop3_ws/build/car_simulation/build --no-deps symlink_data
[2.680s] INFO:colcon.colcon_core.shell:Creating environment hook '/home/jaeheyoung/Rokey/7.PracticalProject/Week5_Coop3/coop3_ws/build/car_simulation/share/car_simulation/hook/pythonpath_develop.sh'
[2.681s] Level 1:colcon.colcon_core.environment:checking '/home/jaeheyoung/Rokey/7.PracticalProject/Week5_Coop3/coop3_ws/install/car_simulation' for CMake module files
[2.682s] Level 1:colcon.colcon_core.environment:checking '/home/jaeheyoung/Rokey/7.PracticalProject/Week5_Coop3/coop3_ws/install/car_simulation' for CMake config files
[2.682s] Level 1:colcon.colcon_core.environment:checking '/home/jaeheyoung/Rokey/7.PracticalProject/Week5_Coop3/coop3_ws/install/car_simulation/lib'
[2.682s] Level 1:colcon.colcon_core.environment:checking '/home/jaeheyoung/Rokey/7.PracticalProject/Week5_Coop3/coop3_ws/install/car_simulation/bin'
[2.682s] Level 1:colcon.colcon_core.environment:checking '/home/jaeheyoung/Rokey/7.PracticalProject/Week5_Coop3/coop3_ws/install/car_simulation/lib/pkgconfig/car_simulation.pc'
[2.683s] Level 1:colcon.colcon_core.environment:checking '/home/jaeheyoung/Rokey/7.PracticalProject/Week5_Coop3/coop3_ws/install/car_simulation/lib/python3.10/site-packages'
[2.683s] Level 1:colcon.colcon_core.shell:create_environment_hook('car_simulation', 'pythonpath')
[2.683s] INFO:colcon.colcon_core.shell:Creating environment hook '/home/jaeheyoung/Rokey/7.PracticalProject/Week5_Coop3/coop3_ws/install/car_simulation/share/car_simulation/hook/pythonpath.ps1'
[2.683s] INFO:colcon.colcon_core.shell:Creating environment descriptor '/home/jaeheyoung/Rokey/7.PracticalProject/Week5_Coop3/coop3_ws/install/car_simulation/share/car_simulation/hook/pythonpath.dsv'
[2.684s] INFO:colcon.colcon_core.shell:Creating environment hook '/home/jaeheyoung/Rokey/7.PracticalProject/Week5_Coop3/coop3_ws/install/car_simulation/share/car_simulation/hook/pythonpath.sh'
[2.684s] Level 1:colcon.colcon_core.environment:checking '/home/jaeheyoung/Rokey/7.PracticalProject/Week5_Coop3/coop3_ws/install/car_simulation/bin'
[2.684s] Level 1:colcon.colcon_core.environment:create_environment_scripts_only(car_simulation)
[2.685s] INFO:colcon.colcon_core.shell:Creating package script '/home/jaeheyoung/Rokey/7.PracticalProject/Week5_Coop3/coop3_ws/install/car_simulation/share/car_simulation/package.ps1'
[2.685s] INFO:colcon.colcon_core.shell:Creating package descriptor '/home/jaeheyoung/Rokey/7.PracticalProject/Week5_Coop3/coop3_ws/install/car_simulation/share/car_simulation/package.dsv'
[2.686s] INFO:colcon.colcon_core.shell:Creating package script '/home/jaeheyoung/Rokey/7.PracticalProject/Week5_Coop3/coop3_ws/install/car_simulation/share/car_simulation/package.sh'
[2.686s] INFO:colcon.colcon_core.shell:Creating package script '/home/jaeheyoung/Rokey/7.PracticalProject/Week5_Coop3/coop3_ws/install/car_simulation/share/car_simulation/package.bash'
[2.687s] INFO:colcon.colcon_core.shell:Creating package script '/home/jaeheyoung/Rokey/7.PracticalProject/Week5_Coop3/coop3_ws/install/car_simulation/share/car_simulation/package.zsh'
[2.687s] Level 1:colcon.colcon_core.environment:create_file_with_runtime_dependencies(/home/jaeheyoung/Rokey/7.PracticalProject/Week5_Coop3/coop3_ws/install/car_simulation/share/colcon-core/packages/car_simulation)
[2.696s] Level 1:colcon.colcon_core.shell:create_environment_hook('firedetect', 'pythonpath_develop')
[2.696s] INFO:colcon.colcon_core.shell:Creating environment hook '/home/jaeheyoung/Rokey/7.PracticalProject/Week5_Coop3/coop3_ws/build/firedetect/share/firedetect/hook/pythonpath_develop.ps1'
[2.697s] DEBUG:colcon.colcon_core.event_handler.log_command:Invoked command in '/home/jaeheyoung/Rokey/7.PracticalProject/Week5_Coop3/coop3_ws/build/firedetect' returned '0': PYTHONPATH=/home/jaeheyoung/Rokey/7.PracticalProject/Week5_Coop3/coop3_ws/build/firedetect/prefix_override:/usr/lib/python3/dist-packages/colcon_core/task/python/colcon_distutils_commands:/home/jaeheyoung/Rokey/7.PracticalProject/Week5_Coop3/coop3_ws/install/firedetect/lib/python3.10/site-packages:${PYTHONPATH} /usr/bin/python3 -W ignore:setup.py install is deprecated setup.py develop --editable --build-directory /home/jaeheyoung/Rokey/7.PracticalProject/Week5_Coop3/coop3_ws/build/firedetect/build --no-deps symlink_data
[2.698s] INFO:colcon.colcon_core.shell:Creating environment descriptor '/home/jaeheyoung/Rokey/7.PracticalProject/Week5_Coop3/coop3_ws/build/firedetect/share/firedetect/hook/pythonpath_develop.dsv'
[2.698s] INFO:colcon.colcon_core.shell:Creating environment hook '/home/jaeheyoung/Rokey/7.PracticalProject/Week5_Coop3/coop3_ws/build/firedetect/share/firedetect/hook/pythonpath_develop.sh'
[2.699s] Level 1:colcon.colcon_core.environment:checking '/home/jaeheyoung/Rokey/7.PracticalProject/Week5_Coop3/coop3_ws/install/firedetect' for CMake module files
[2.699s] Level 1:colcon.colcon_core.environment:checking '/home/jaeheyoung/Rokey/7.PracticalProject/Week5_Coop3/coop3_ws/install/firedetect' for CMake config files
[2.700s] Level 1:colcon.colcon_core.environment:checking '/home/jaeheyoung/Rokey/7.PracticalProject/Week5_Coop3/coop3_ws/install/firedetect/lib'
[2.700s] Level 1:colcon.colcon_core.environment:checking '/home/jaeheyoung/Rokey/7.PracticalProject/Week5_Coop3/coop3_ws/install/firedetect/bin'
[2.700s] Level 1:colcon.colcon_core.environment:checking '/home/jaeheyoung/Rokey/7.PracticalProject/Week5_Coop3/coop3_ws/install/firedetect/lib/pkgconfig/firedetect.pc'
[2.700s] Level 1:colcon.colcon_core.environment:checking '/home/jaeheyoung/Rokey/7.PracticalProject/Week5_Coop3/coop3_ws/install/firedetect/lib/python3.10/site-packages'
[2.700s] Level 1:colcon.colcon_core.shell:create_environment_hook('firedetect', 'pythonpath')
[2.700s] INFO:colcon.colcon_core.shell:Creating environment hook '/home/jaeheyoung/Rokey/7.PracticalProject/Week5_Coop3/coop3_ws/install/firedetect/share/firedetect/hook/pythonpath.ps1'
[2.701s] INFO:colcon.colcon_core.shell:Creating environment descriptor '/home/jaeheyoung/Rokey/7.PracticalProject/Week5_Coop3/coop3_ws/install/firedetect/share/firedetect/hook/pythonpath.dsv'
[2.701s] INFO:colcon.colcon_core.shell:Creating environment hook '/home/jaeheyoung/Rokey/7.PracticalProject/Week5_Coop3/coop3_ws/install/firedetect/share/firedetect/hook/pythonpath.sh'
[2.702s] Level 1:colcon.colcon_core.environment:checking '/home/jaeheyoung/Rokey/7.PracticalProject/Week5_Coop3/coop3_ws/install/firedetect/bin'
[2.702s] Level 1:colcon.colcon_core.environment:create_environment_scripts_only(firedetect)
[2.702s] INFO:colcon.colcon_core.shell:Creating package script '/home/jaeheyoung/Rokey/7.PracticalProject/Week5_Coop3/coop3_ws/install/firedetect/share/firedetect/package.ps1'
[2.703s] INFO:colcon.colcon_core.shell:Creating package descriptor '/home/jaeheyoung/Rokey/7.PracticalProject/Week5_Coop3/coop3_ws/install/firedetect/share/firedetect/package.dsv'
[2.703s] INFO:colcon.colcon_core.shell:Creating package script '/home/jaeheyoung/Rokey/7.PracticalProject/Week5_Coop3/coop3_ws/install/firedetect/share/firedetect/package.sh'
[2.704s] INFO:colcon.colcon_core.shell:Creating package script '/home/jaeheyoung/Rokey/7.PracticalProject/Week5_Coop3/coop3_ws/install/firedetect/share/firedetect/package.bash'
[2.704s] INFO:colcon.colcon_core.shell:Creating package script '/home/jaeheyoung/Rokey/7.PracticalProject/Week5_Coop3/coop3_ws/install/firedetect/share/firedetect/package.zsh'
[2.704s] Level 1:colcon.colcon_core.environment:create_file_with_runtime_dependencies(/home/jaeheyoung/Rokey/7.PracticalProject/Week5_Coop3/coop3_ws/install/firedetect/share/colcon-core/packages/firedetect)
[2.757s] Level 1:colcon.colcon_core.shell:create_environment_hook('set_sim', 'pythonpath_develop')
[2.758s] INFO:colcon.colcon_core.shell:Creating environment hook '/home/jaeheyoung/Rokey/7.PracticalProject/Week5_Coop3/coop3_ws/build/set_sim/share/set_sim/hook/pythonpath_develop.ps1'
[2.759s] INFO:colcon.colcon_core.shell:Creating environment descriptor '/home/jaeheyoung/Rokey/7.PracticalProject/Week5_Coop3/coop3_ws/build/set_sim/share/set_sim/hook/pythonpath_develop.dsv'
[2.760s] DEBUG:colcon.colcon_core.event_handler.log_command:Invoked command in '/home/jaeheyoung/Rokey/7.PracticalProject/Week5_Coop3/coop3_ws/build/set_sim' returned '0': PYTHONPATH=/home/jaeheyoung/Rokey/7.PracticalProject/Week5_Coop3/coop3_ws/build/set_sim/prefix_override:/usr/lib/python3/dist-packages/colcon_core/task/python/colcon_distutils_commands:/home/jaeheyoung/Rokey/7.PracticalProject/Week5_Coop3/coop3_ws/install/set_sim/lib/python3.10/site-packages:${PYTHONPATH} /usr/bin/python3 -W ignore:setup.py install is deprecated setup.py develop --editable --build-directory /home/jaeheyoung/Rokey/7.PracticalProject/Week5_Coop3/coop3_ws/build/set_sim/build --no-deps symlink_data
[2.760s] INFO:colcon.colcon_core.shell:Creating environment hook '/home/jaeheyoung/Rokey/7.PracticalProject/Week5_Coop3/coop3_ws/build/set_sim/share/set_sim/hook/pythonpath_develop.sh'
[2.761s] Level 1:colcon.colcon_core.environment:checking '/home/jaeheyoung/Rokey/7.PracticalProject/Week5_Coop3/coop3_ws/install/set_sim' for CMake module files
[2.762s] Level 1:colcon.colcon_core.environment:checking '/home/jaeheyoung/Rokey/7.PracticalProject/Week5_Coop3/coop3_ws/install/set_sim' for CMake config files
[2.762s] Level 1:colcon.colcon_core.environment:checking '/home/jaeheyoung/Rokey/7.PracticalProject/Week5_Coop3/coop3_ws/install/set_sim/lib'
[2.762s] Level 1:colcon.colcon_core.environment:checking '/home/jaeheyoung/Rokey/7.PracticalProject/Week5_Coop3/coop3_ws/install/set_sim/bin'
[2.762s] Level 1:colcon.colcon_core.environment:checking '/home/jaeheyoung/Rokey/7.PracticalProject/Week5_Coop3/coop3_ws/install/set_sim/lib/pkgconfig/set_sim.pc'
[2.763s] Level 1:colcon.colcon_core.environment:checking '/home/jaeheyoung/Rokey/7.PracticalProject/Week5_Coop3/coop3_ws/install/set_sim/lib/python3.10/site-packages'
[2.763s] Level 1:colcon.colcon_core.shell:create_environment_hook('set_sim', 'pythonpath')
[2.763s] INFO:colcon.colcon_core.shell:Creating environment hook '/home/jaeheyoung/Rokey/7.PracticalProject/Week5_Coop3/coop3_ws/install/set_sim/share/set_sim/hook/pythonpath.ps1'
[2.763s] INFO:colcon.colcon_core.shell:Creating environment descriptor '/home/jaeheyoung/Rokey/7.PracticalProject/Week5_Coop3/coop3_ws/install/set_sim/share/set_sim/hook/pythonpath.dsv'
[2.764s] INFO:colcon.colcon_core.shell:Creating environment hook '/home/jaeheyoung/Rokey/7.PracticalProject/Week5_Coop3/coop3_ws/install/set_sim/share/set_sim/hook/pythonpath.sh'
[2.764s] Level 1:colcon.colcon_core.environment:checking '/home/jaeheyoung/Rokey/7.PracticalProject/Week5_Coop3/coop3_ws/install/set_sim/bin'
[2.764s] Level 1:colcon.colcon_core.environment:create_environment_scripts_only(set_sim)
[2.765s] INFO:colcon.colcon_core.shell:Creating package script '/home/jaeheyoung/Rokey/7.PracticalProject/Week5_Coop3/coop3_ws/install/set_sim/share/set_sim/package.ps1'
[2.765s] INFO:colcon.colcon_core.shell:Creating package descriptor '/home/jaeheyoung/Rokey/7.PracticalProject/Week5_Coop3/coop3_ws/install/set_sim/share/set_sim/package.dsv'
[2.766s] INFO:colcon.colcon_core.shell:Creating package script '/home/jaeheyoung/Rokey/7.PracticalProject/Week5_Coop3/coop3_ws/install/set_sim/share/set_sim/package.sh'
[2.766s] INFO:colcon.colcon_core.shell:Creating package script '/home/jaeheyoung/Rokey/7.PracticalProject/Week5_Coop3/coop3_ws/install/set_sim/share/set_sim/package.bash'
[2.766s] INFO:colcon.colcon_core.shell:Creating package script '/home/jaeheyoung/Rokey/7.PracticalProject/Week5_Coop3/coop3_ws/install/set_sim/share/set_sim/package.zsh'
[2.767s] Level 1:colcon.colcon_core.environment:create_file_with_runtime_dependencies(/home/jaeheyoung/Rokey/7.PracticalProject/Week5_Coop3/coop3_ws/install/set_sim/share/colcon-core/packages/set_sim)
[2.767s] DEBUG:colcon.colcon_parallel_executor.executor.parallel:closing loop
[2.767s] DEBUG:colcon.colcon_parallel_executor.executor.parallel:loop closed
[2.767s] DEBUG:colcon.colcon_parallel_executor.executor.parallel:run_until_complete finished with '0'
[2.768s] DEBUG:colcon.colcon_core.event_reactor:joining thread
[2.777s] INFO:colcon.colcon_core.plugin_system:Skipping extension 'colcon_notification.desktop_notification.terminal_notifier': Not used on non-Darwin systems
[2.777s] INFO:colcon.colcon_core.plugin_system:Skipping extension 'colcon_notification.desktop_notification.win32': Not used on non-Windows systems
[2.777s] INFO:colcon.colcon_notification.desktop_notification:Sending desktop notification using 'notify2'
[2.814s] DEBUG:colcon.colcon_core.event_reactor:joined thread
[2.815s] INFO:colcon.colcon_core.shell:Creating prefix script '/home/jaeheyoung/Rokey/7.PracticalProject/Week5_Coop3/coop3_ws/install/local_setup.ps1'
[2.816s] INFO:colcon.colcon_core.shell:Creating prefix util module '/home/jaeheyoung/Rokey/7.PracticalProject/Week5_Coop3/coop3_ws/install/_local_setup_util_ps1.py'
[2.817s] INFO:colcon.colcon_core.shell:Creating prefix chain script '/home/jaeheyoung/Rokey/7.PracticalProject/Week5_Coop3/coop3_ws/install/setup.ps1'
[2.818s] INFO:colcon.colcon_core.shell:Creating prefix script '/home/jaeheyoung/Rokey/7.PracticalProject/Week5_Coop3/coop3_ws/install/local_setup.sh'
[2.819s] INFO:colcon.colcon_core.shell:Creating prefix util module '/home/jaeheyoung/Rokey/7.PracticalProject/Week5_Coop3/coop3_ws/install/_local_setup_util_sh.py'
[2.820s] INFO:colcon.colcon_core.shell:Creating prefix chain script '/home/jaeheyoung/Rokey/7.PracticalProject/Week5_Coop3/coop3_ws/install/setup.sh'
[2.822s] INFO:colcon.colcon_core.shell:Creating prefix script '/home/jaeheyoung/Rokey/7.PracticalProject/Week5_Coop3/coop3_ws/install/local_setup.bash'
[2.823s] INFO:colcon.colcon_core.shell:Creating prefix chain script '/home/jaeheyoung/Rokey/7.PracticalProject/Week5_Coop3/coop3_ws/install/setup.bash'
[2.824s] INFO:colcon.colcon_core.shell:Creating prefix script '/home/jaeheyoung/Rokey/7.PracticalProject/Week5_Coop3/coop3_ws/install/local_setup.zsh'
[2.825s] INFO:colcon.colcon_core.shell:Creating prefix chain script '/home/jaeheyoung/Rokey/7.PracticalProject/Week5_Coop3/coop3_ws/install/setup.zsh'
