[0.310s] Invoking command in '/home/jaeheyoung/Rokey/7.PracticalProject/Week3_Coop2/DR_ws/build/h2515_moveit_config': CMAKE_PREFIX_PATH=${CMAKE_PREFIX_PATH}:/home/jaeheyoung/Rokey/7.PracticalProject/Week3_Coop2/DR_ws/install/visualservoing:/home/jaeheyoung/Rokey/7.PracticalProject/Week3_Coop2/DR_ws/install/rokey:/home/jaeheyoung/Rokey/7.PracticalProject/Week3_Coop2/DR_ws/install/example:/home/jaeheyoung/Rokey/7.PracticalProject/Week3_Coop2/DR_ws/install/dsr_tests:/home/jaeheyoung/Rokey/7.PracticalProject/Week3_Coop2/DR_ws/install/dsr_bringup2:/opt/ros/humble /usr/bin/cmake --build /home/jaeheyoung/Rokey/7.PracticalProject/Week3_Coop2/DR_ws/build/h2515_moveit_config -- -j20 -l20
[0.740s] Invoked command in '/home/jaeheyoung/Rokey/7.PracticalProject/Week3_Coop2/DR_ws/build/h2515_moveit_config' returned '0': CMAKE_PREFIX_PATH=${CMAKE_PREFIX_PATH}:/home/jaeheyoung/Rokey/7.PracticalProject/Week3_Coop2/DR_ws/install/visualservoing:/home/jaeheyoung/Rokey/7.PracticalProject/Week3_Coop2/DR_ws/install/rokey:/home/jaeheyoung/Rokey/7.PracticalProject/Week3_Coop2/DR_ws/install/example:/home/jaeheyoung/Rokey/7.PracticalProject/Week3_Coop2/DR_ws/install/dsr_tests:/home/jaeheyoung/Rokey/7.PracticalProject/Week3_Coop2/DR_ws/install/dsr_bringup2:/opt/ros/humble /usr/bin/cmake --build /home/jaeheyoung/Rokey/7.PracticalProject/Week3_Coop2/DR_ws/build/h2515_moveit_config -- -j20 -l20
[0.857s] Invoking command in '/home/jaeheyoung/Rokey/7.PracticalProject/Week3_Coop2/DR_ws/build/h2515_moveit_config': CMAKE_PREFIX_PATH=${CMAKE_PREFIX_PATH}:/home/jaeheyoung/Rokey/7.PracticalProject/Week3_Coop2/DR_ws/install/visualservoing:/home/jaeheyoung/Rokey/7.PracticalProject/Week3_Coop2/DR_ws/install/rokey:/home/jaeheyoung/Rokey/7.PracticalProject/Week3_Coop2/DR_ws/install/example:/home/jaeheyoung/Rokey/7.PracticalProject/Week3_Coop2/DR_ws/install/dsr_tests:/home/jaeheyoung/Rokey/7.PracticalProject/Week3_Coop2/DR_ws/install/dsr_bringup2:/opt/ros/humble /usr/bin/cmake --install /home/jaeheyoung/Rokey/7.PracticalProject/Week3_Coop2/DR_ws/build/h2515_moveit_config
[0.878s] -- Install configuration: ""
[0.878s] -- Up-to-date: /home/jaeheyoung/Rokey/7.PracticalProject/Week3_Coop2/DR_ws/install/h2515_moveit_config/share/ament_index/resource_index/package_run_dependencies/h2515_moveit_config
[0.878s] -- Up-to-date: /home/jaeheyoung/Rokey/7.PracticalProject/Week3_Coop2/DR_ws/install/h2515_moveit_config/share/ament_index/resource_index/parent_prefix_path/h2515_moveit_config
[0.878s] -- Up-to-date: /home/jaeheyoung/Rokey/7.PracticalProject/Week3_Coop2/DR_ws/install/h2515_moveit_config/share/h2515_moveit_config/environment/ament_prefix_path.sh
[0.879s] -- Up-to-date: /home/jaeheyoung/Rokey/7.PracticalProject/Week3_Coop2/DR_ws/install/h2515_moveit_config/share/h2515_moveit_config/environment/ament_prefix_path.dsv
[0.879s] -- Up-to-date: /home/jaeheyoung/Rokey/7.PracticalProject/Week3_Coop2/DR_ws/install/h2515_moveit_config/share/h2515_moveit_config/environment/path.sh
[0.879s] -- Up-to-date: /home/jaeheyoung/Rokey/7.PracticalProject/Week3_Coop2/DR_ws/install/h2515_moveit_config/share/h2515_moveit_config/environment/path.dsv
[0.879s] -- Up-to-date: /home/jaeheyoung/Rokey/7.PracticalProject/Week3_Coop2/DR_ws/install/h2515_moveit_config/share/h2515_moveit_config/local_setup.bash
[0.879s] -- Up-to-date: /home/jaeheyoung/Rokey/7.PracticalProject/Week3_Coop2/DR_ws/install/h2515_moveit_config/share/h2515_moveit_config/local_setup.sh
[0.879s] -- Up-to-date: /home/jaeheyoung/Rokey/7.PracticalProject/Week3_Coop2/DR_ws/install/h2515_moveit_config/share/h2515_moveit_config/local_setup.zsh
[0.879s] -- Up-to-date: /home/jaeheyoung/Rokey/7.PracticalProject/Week3_Coop2/DR_ws/install/h2515_moveit_config/share/h2515_moveit_config/local_setup.dsv
[0.879s] -- Installing: /home/jaeheyoung/Rokey/7.PracticalProject/Week3_Coop2/DR_ws/install/h2515_moveit_config/share/h2515_moveit_config/package.dsv
[0.879s] -- Up-to-date: /home/jaeheyoung/Rokey/7.PracticalProject/Week3_Coop2/DR_ws/install/h2515_moveit_config/share/ament_index/resource_index/packages/h2515_moveit_config
[0.879s] -- Up-to-date: /home/jaeheyoung/Rokey/7.PracticalProject/Week3_Coop2/DR_ws/install/h2515_moveit_config/share/h2515_moveit_config/cmake/h2515_moveit_configConfig.cmake
[0.879s] -- Up-to-date: /home/jaeheyoung/Rokey/7.PracticalProject/Week3_Coop2/DR_ws/install/h2515_moveit_config/share/h2515_moveit_config/cmake/h2515_moveit_configConfig-version.cmake
[0.879s] -- Up-to-date: /home/jaeheyoung/Rokey/7.PracticalProject/Week3_Coop2/DR_ws/install/h2515_moveit_config/share/h2515_moveit_config/package.xml
[0.879s] -- Up-to-date: /home/jaeheyoung/Rokey/7.PracticalProject/Week3_Coop2/DR_ws/install/h2515_moveit_config/share/h2515_moveit_config/launch
[0.879s] -- Up-to-date: /home/jaeheyoung/Rokey/7.PracticalProject/Week3_Coop2/DR_ws/install/h2515_moveit_config/share/h2515_moveit_config/launch/start.launch.py
[0.879s] -- Up-to-date: /home/jaeheyoung/Rokey/7.PracticalProject/Week3_Coop2/DR_ws/install/h2515_moveit_config/share/h2515_moveit_config/launch/moveit.rviz
[0.879s] -- Up-to-date: /home/jaeheyoung/Rokey/7.PracticalProject/Week3_Coop2/DR_ws/install/h2515_moveit_config/share/h2515_moveit_config/config
[0.879s] -- Up-to-date: /home/jaeheyoung/Rokey/7.PracticalProject/Week3_Coop2/DR_ws/install/h2515_moveit_config/share/h2515_moveit_config/config/sensors_3d.yaml
[0.879s] -- Up-to-date: /home/jaeheyoung/Rokey/7.PracticalProject/Week3_Coop2/DR_ws/install/h2515_moveit_config/share/h2515_moveit_config/config/pilz_cartesian_limits.yaml
[0.879s] -- Up-to-date: /home/jaeheyoung/Rokey/7.PracticalProject/Week3_Coop2/DR_ws/install/h2515_moveit_config/share/h2515_moveit_config/config/joint_limits.yaml
[0.879s] -- Up-to-date: /home/jaeheyoung/Rokey/7.PracticalProject/Week3_Coop2/DR_ws/install/h2515_moveit_config/share/h2515_moveit_config/config/dsr.ros2_control.xacro
[0.880s] -- Up-to-date: /home/jaeheyoung/Rokey/7.PracticalProject/Week3_Coop2/DR_ws/install/h2515_moveit_config/share/h2515_moveit_config/config/dsr.srdf
[0.880s] -- Up-to-date: /home/jaeheyoung/Rokey/7.PracticalProject/Week3_Coop2/DR_ws/install/h2515_moveit_config/share/h2515_moveit_config/config/ros2_controllers.yaml
[0.880s] -- Up-to-date: /home/jaeheyoung/Rokey/7.PracticalProject/Week3_Coop2/DR_ws/install/h2515_moveit_config/share/h2515_moveit_config/config/h2515.urdf.xacro
[0.880s] -- Up-to-date: /home/jaeheyoung/Rokey/7.PracticalProject/Week3_Coop2/DR_ws/install/h2515_moveit_config/share/h2515_moveit_config/config/kinematics.yaml
[0.880s] -- Up-to-date: /home/jaeheyoung/Rokey/7.PracticalProject/Week3_Coop2/DR_ws/install/h2515_moveit_config/share/h2515_moveit_config/config/moveit_controllers.yaml
[0.880s] -- Up-to-date: /home/jaeheyoung/Rokey/7.PracticalProject/Week3_Coop2/DR_ws/install/h2515_moveit_config/share/h2515_moveit_config/config/ompl_planning.yaml
[0.880s] -- Up-to-date: /home/jaeheyoung/Rokey/7.PracticalProject/Week3_Coop2/DR_ws/install/h2515_moveit_config/share/h2515_moveit_config/config/chomp_planning.yaml
[0.880s] -- Up-to-date: /home/jaeheyoung/Rokey/7.PracticalProject/Week3_Coop2/DR_ws/install/h2515_moveit_config/share/h2515_moveit_config/config/initial_positions.yaml
[0.880s] -- Up-to-date: /home/jaeheyoung/Rokey/7.PracticalProject/Week3_Coop2/DR_ws/install/h2515_moveit_config/share/h2515_moveit_config/.setup_assistant
[0.983s] Invoked command in '/home/jaeheyoung/Rokey/7.PracticalProject/Week3_Coop2/DR_ws/build/h2515_moveit_config' returned '0': CMAKE_PREFIX_PATH=${CMAKE_PREFIX_PATH}:/home/jaeheyoung/Rokey/7.PracticalProject/Week3_Coop2/DR_ws/install/visualservoing:/home/jaeheyoung/Rokey/7.PracticalProject/Week3_Coop2/DR_ws/install/rokey:/home/jaeheyoung/Rokey/7.PracticalProject/Week3_Coop2/DR_ws/install/example:/home/jaeheyoung/Rokey/7.PracticalProject/Week3_Coop2/DR_ws/install/dsr_tests:/home/jaeheyoung/Rokey/7.PracticalProject/Week3_Coop2/DR_ws/install/dsr_bringup2:/opt/ros/humble /usr/bin/cmake --install /home/jaeheyoung/Rokey/7.PracticalProject/Week3_Coop2/DR_ws/build/h2515_moveit_config
