running develop
Removing /home/jaeheyoung/robot_service_ws/install/robot_serving/lib/python3.10/site-packages/robot-serving.egg-link (link to .)
running egg_info
writing ../../build/robot_serving/robot_serving.egg-info/PKG-INFO
writing dependency_links to ../../build/robot_serving/robot_serving.egg-info/dependency_links.txt
writing entry points to ../../build/robot_serving/robot_serving.egg-info/entry_points.txt
writing requirements to ../../build/robot_serving/robot_serving.egg-info/requires.txt
writing top-level names to ../../build/robot_serving/robot_serving.egg-info/top_level.txt
reading manifest file '../../build/robot_serving/robot_serving.egg-info/SOURCES.txt'
writing manifest file '../../build/robot_serving/robot_serving.egg-info/SOURCES.txt'
running build
running build_py
creating /home/jaeheyoung/robot_service_ws/build/robot_serving/build
creating /home/jaeheyoung/robot_service_ws/build/robot_serving/build/lib
creating /home/jaeheyoung/robot_service_ws/build/robot_serving/build/lib/robot_serving
copying robot_serving/POS.py -> /home/jaeheyoung/robot_service_ws/build/robot_serving/build/lib/robot_serving
copying robot_serving/tempCodeRunnerFile.py -> /home/jaeheyoung/robot_service_ws/build/robot_serving/build/lib/robot_serving
copying robot_serving/__init__.py -> /home/jaeheyoung/robot_service_ws/build/robot_serving/build/lib/robot_serving
copying robot_serving/table.py -> /home/jaeheyoung/robot_service_ws/build/robot_serving/build/lib/robot_serving
copying robot_serving/Sales_table.py -> /home/jaeheyoung/robot_service_ws/build/robot_serving/build/lib/robot_serving
copying robot_serving/order_service.py -> /home/jaeheyoung/robot_service_ws/build/robot_serving/build/lib/robot_serving
running install
running install_lib
creating /home/jaeheyoung/robot_service_ws/install/robot_serving/lib/python3.10/site-packages/robot_serving
copying /home/jaeheyoung/robot_service_ws/build/robot_serving/build/lib/robot_serving/POS.py -> /home/jaeheyoung/robot_service_ws/install/robot_serving/lib/python3.10/site-packages/robot_serving
copying /home/jaeheyoung/robot_service_ws/build/robot_serving/build/lib/robot_serving/tempCodeRunnerFile.py -> /home/jaeheyoung/robot_service_ws/install/robot_serving/lib/python3.10/site-packages/robot_serving
copying /home/jaeheyoung/robot_service_ws/build/robot_serving/build/lib/robot_serving/__init__.py -> /home/jaeheyoung/robot_service_ws/install/robot_serving/lib/python3.10/site-packages/robot_serving
copying /home/jaeheyoung/robot_service_ws/build/robot_serving/build/lib/robot_serving/table.py -> /home/jaeheyoung/robot_service_ws/install/robot_serving/lib/python3.10/site-packages/robot_serving
copying /home/jaeheyoung/robot_service_ws/build/robot_serving/build/lib/robot_serving/Sales_table.py -> /home/jaeheyoung/robot_service_ws/install/robot_serving/lib/python3.10/site-packages/robot_serving
copying /home/jaeheyoung/robot_service_ws/build/robot_serving/build/lib/robot_serving/order_service.py -> /home/jaeheyoung/robot_service_ws/install/robot_serving/lib/python3.10/site-packages/robot_serving
byte-compiling /home/jaeheyoung/robot_service_ws/install/robot_serving/lib/python3.10/site-packages/robot_serving/POS.py to POS.cpython-310.pyc
byte-compiling /home/jaeheyoung/robot_service_ws/install/robot_serving/lib/python3.10/site-packages/robot_serving/tempCodeRunnerFile.py to tempCodeRunnerFile.cpython-310.pyc
byte-compiling /home/jaeheyoung/robot_service_ws/install/robot_serving/lib/python3.10/site-packages/robot_serving/__init__.py to __init__.cpython-310.pyc
byte-compiling /home/jaeheyoung/robot_service_ws/install/robot_serving/lib/python3.10/site-packages/robot_serving/table.py to table.cpython-310.pyc
byte-compiling /home/jaeheyoung/robot_service_ws/install/robot_serving/lib/python3.10/site-packages/robot_serving/Sales_table.py to Sales_table.cpython-310.pyc
byte-compiling /home/jaeheyoung/robot_service_ws/install/robot_serving/lib/python3.10/site-packages/robot_serving/order_service.py to order_service.cpython-310.pyc
running install_data
copying resource/robot_serving -> /home/jaeheyoung/robot_service_ws/install/robot_serving/share/ament_index/resource_index/packages
copying package.xml -> /home/jaeheyoung/robot_service_ws/install/robot_serving/share/robot_serving
running install_egg_info
Copying ../../build/robot_serving/robot_serving.egg-info to /home/jaeheyoung/robot_service_ws/install/robot_serving/lib/python3.10/site-packages/robot_serving-0.0.0-py3.10.egg-info
running install_scripts
Installing pos script to /home/jaeheyoung/robot_service_ws/install/robot_serving/lib/robot_serving
Installing table script to /home/jaeheyoung/robot_service_ws/install/robot_serving/lib/robot_serving
writing list of installed files to '/home/jaeheyoung/robot_service_ws/build/robot_serving/install.log'
