[0.007s] Invoking command in '/home/jaeheyoung/robot_service_ws/build/turtlebot3_simulations': AMENT_PREFIX_PATH=/home/jaeheyoung/robot_service_ws/install/turtlebot3_fake_node:/home/jaeheyoung/robot_service_ws/install/turtlebot3_msgs:/home/jaeheyoung/robot_service_ws/install/turtlebot3_gazebo:${AMENT_PREFIX_PATH} CMAKE_PREFIX_PATH=/home/jaeheyoung/robot_service_ws/install/turtlebot3_fake_node:/home/jaeheyoung/robot_service_ws/install/turtlebot3_msgs:/home/jaeheyoung/robot_service_ws/install/turtlebot3_gazebo:/opt/ros/humble LD_LIBRARY_PATH=/home/jaeheyoung/robot_service_ws/install/turtlebot3_msgs/lib:/usr/lib/x86_64-linux-gnu/gazebo-11/plugins:/opt/ros/humble/opt/rviz_ogre_vendor/lib:/opt/ros/humble/lib/x86_64-linux-gnu:/opt/ros/humble/lib:/usr/local/cuda-12.6/lib64:/usr/lib/x86_64-linux-gnu/gazebo-11/plugins PYTHONPATH=/home/jaeheyoung/robot_service_ws/install/turtlebot3_msgs/local/lib/python3.10/dist-packages:${PYTHONPATH} /usr/bin/cmake /home/jaeheyoung/robot_service_ws/src/turtlebot3_simulations/turtlebot3_simulations -DCMAKE_INSTALL_PREFIX=/home/jaeheyoung/robot_service_ws/install/turtlebot3_simulations
[0.049s] -- The C compiler identification is GNU 11.4.0
[0.091s] -- The CXX compiler identification is GNU 11.4.0
[0.095s] -- Detecting C compiler ABI info
[0.140s] -- Detecting C compiler ABI info - done
[0.144s] -- Check for working C compiler: /usr/bin/cc - skipped
[0.144s] -- Detecting C compile features
[0.144s] -- Detecting C compile features - done
[0.146s] -- Detecting CXX compiler ABI info
[0.201s] -- Detecting CXX compiler ABI info - done
[0.206s] -- Check for working CXX compiler: /usr/bin/c++ - skipped
[0.206s] -- Detecting CXX compile features
[0.206s] -- Detecting CXX compile features - done
[0.207s] -- Found ament_cmake: 1.3.10 (/opt/ros/humble/share/ament_cmake/cmake)
[0.313s] -- Found Python3: /usr/bin/python3 (found version "3.10.12") found components: Interpreter 
[0.408s] -- Configuring done
[0.409s] -- Generating done
[0.409s] -- Build files have been written to: /home/jaeheyoung/robot_service_ws/build/turtlebot3_simulations
[0.412s] Invoked command in '/home/jaeheyoung/robot_service_ws/build/turtlebot3_simulations' returned '0': AMENT_PREFIX_PATH=/home/jaeheyoung/robot_service_ws/install/turtlebot3_fake_node:/home/jaeheyoung/robot_service_ws/install/turtlebot3_msgs:/home/jaeheyoung/robot_service_ws/install/turtlebot3_gazebo:${AMENT_PREFIX_PATH} CMAKE_PREFIX_PATH=/home/jaeheyoung/robot_service_ws/install/turtlebot3_fake_node:/home/jaeheyoung/robot_service_ws/install/turtlebot3_msgs:/home/jaeheyoung/robot_service_ws/install/turtlebot3_gazebo:/opt/ros/humble LD_LIBRARY_PATH=/home/jaeheyoung/robot_service_ws/install/turtlebot3_msgs/lib:/usr/lib/x86_64-linux-gnu/gazebo-11/plugins:/opt/ros/humble/opt/rviz_ogre_vendor/lib:/opt/ros/humble/lib/x86_64-linux-gnu:/opt/ros/humble/lib:/usr/local/cuda-12.6/lib64:/usr/lib/x86_64-linux-gnu/gazebo-11/plugins PYTHONPATH=/home/jaeheyoung/robot_service_ws/install/turtlebot3_msgs/local/lib/python3.10/dist-packages:${PYTHONPATH} /usr/bin/cmake /home/jaeheyoung/robot_service_ws/src/turtlebot3_simulations/turtlebot3_simulations -DCMAKE_INSTALL_PREFIX=/home/jaeheyoung/robot_service_ws/install/turtlebot3_simulations
[0.413s] Invoking command in '/home/jaeheyoung/robot_service_ws/build/turtlebot3_simulations': AMENT_PREFIX_PATH=/home/jaeheyoung/robot_service_ws/install/turtlebot3_fake_node:/home/jaeheyoung/robot_service_ws/install/turtlebot3_msgs:/home/jaeheyoung/robot_service_ws/install/turtlebot3_gazebo:${AMENT_PREFIX_PATH} CMAKE_PREFIX_PATH=/home/jaeheyoung/robot_service_ws/install/turtlebot3_fake_node:/home/jaeheyoung/robot_service_ws/install/turtlebot3_msgs:/home/jaeheyoung/robot_service_ws/install/turtlebot3_gazebo:/opt/ros/humble LD_LIBRARY_PATH=/home/jaeheyoung/robot_service_ws/install/turtlebot3_msgs/lib:/usr/lib/x86_64-linux-gnu/gazebo-11/plugins:/opt/ros/humble/opt/rviz_ogre_vendor/lib:/opt/ros/humble/lib/x86_64-linux-gnu:/opt/ros/humble/lib:/usr/local/cuda-12.6/lib64:/usr/lib/x86_64-linux-gnu/gazebo-11/plugins PYTHONPATH=/home/jaeheyoung/robot_service_ws/install/turtlebot3_msgs/local/lib/python3.10/dist-packages:${PYTHONPATH} /usr/bin/cmake --build /home/jaeheyoung/robot_service_ws/build/turtlebot3_simulations -- -j20 -l20
[0.440s] Invoked command in '/home/jaeheyoung/robot_service_ws/build/turtlebot3_simulations' returned '0': AMENT_PREFIX_PATH=/home/jaeheyoung/robot_service_ws/install/turtlebot3_fake_node:/home/jaeheyoung/robot_service_ws/install/turtlebot3_msgs:/home/jaeheyoung/robot_service_ws/install/turtlebot3_gazebo:${AMENT_PREFIX_PATH} CMAKE_PREFIX_PATH=/home/jaeheyoung/robot_service_ws/install/turtlebot3_fake_node:/home/jaeheyoung/robot_service_ws/install/turtlebot3_msgs:/home/jaeheyoung/robot_service_ws/install/turtlebot3_gazebo:/opt/ros/humble LD_LIBRARY_PATH=/home/jaeheyoung/robot_service_ws/install/turtlebot3_msgs/lib:/usr/lib/x86_64-linux-gnu/gazebo-11/plugins:/opt/ros/humble/opt/rviz_ogre_vendor/lib:/opt/ros/humble/lib/x86_64-linux-gnu:/opt/ros/humble/lib:/usr/local/cuda-12.6/lib64:/usr/lib/x86_64-linux-gnu/gazebo-11/plugins PYTHONPATH=/home/jaeheyoung/robot_service_ws/install/turtlebot3_msgs/local/lib/python3.10/dist-packages:${PYTHONPATH} /usr/bin/cmake --build /home/jaeheyoung/robot_service_ws/build/turtlebot3_simulations -- -j20 -l20
[0.455s] Invoking command in '/home/jaeheyoung/robot_service_ws/build/turtlebot3_simulations': AMENT_PREFIX_PATH=/home/jaeheyoung/robot_service_ws/install/turtlebot3_fake_node:/home/jaeheyoung/robot_service_ws/install/turtlebot3_msgs:/home/jaeheyoung/robot_service_ws/install/turtlebot3_gazebo:${AMENT_PREFIX_PATH} CMAKE_PREFIX_PATH=/home/jaeheyoung/robot_service_ws/install/turtlebot3_fake_node:/home/jaeheyoung/robot_service_ws/install/turtlebot3_msgs:/home/jaeheyoung/robot_service_ws/install/turtlebot3_gazebo:/opt/ros/humble LD_LIBRARY_PATH=/home/jaeheyoung/robot_service_ws/install/turtlebot3_msgs/lib:/usr/lib/x86_64-linux-gnu/gazebo-11/plugins:/opt/ros/humble/opt/rviz_ogre_vendor/lib:/opt/ros/humble/lib/x86_64-linux-gnu:/opt/ros/humble/lib:/usr/local/cuda-12.6/lib64:/usr/lib/x86_64-linux-gnu/gazebo-11/plugins PYTHONPATH=/home/jaeheyoung/robot_service_ws/install/turtlebot3_msgs/local/lib/python3.10/dist-packages:${PYTHONPATH} /usr/bin/cmake --install /home/jaeheyoung/robot_service_ws/build/turtlebot3_simulations
[0.460s] -- Install configuration: ""
[0.460s] -- Installing: /home/jaeheyoung/robot_service_ws/install/turtlebot3_simulations/share/ament_index/resource_index/package_run_dependencies/turtlebot3_simulations
[0.460s] -- Installing: /home/jaeheyoung/robot_service_ws/install/turtlebot3_simulations/share/ament_index/resource_index/parent_prefix_path/turtlebot3_simulations
[0.460s] -- Installing: /home/jaeheyoung/robot_service_ws/install/turtlebot3_simulations/share/turtlebot3_simulations/environment/ament_prefix_path.sh
[0.460s] -- Installing: /home/jaeheyoung/robot_service_ws/install/turtlebot3_simulations/share/turtlebot3_simulations/environment/ament_prefix_path.dsv
[0.460s] -- Installing: /home/jaeheyoung/robot_service_ws/install/turtlebot3_simulations/share/turtlebot3_simulations/environment/path.sh
[0.460s] -- Installing: /home/jaeheyoung/robot_service_ws/install/turtlebot3_simulations/share/turtlebot3_simulations/environment/path.dsv
[0.460s] -- Installing: /home/jaeheyoung/robot_service_ws/install/turtlebot3_simulations/share/turtlebot3_simulations/local_setup.bash
[0.460s] -- Installing: /home/jaeheyoung/robot_service_ws/install/turtlebot3_simulations/share/turtlebot3_simulations/local_setup.sh
[0.460s] -- Installing: /home/jaeheyoung/robot_service_ws/install/turtlebot3_simulations/share/turtlebot3_simulations/local_setup.zsh
[0.460s] -- Installing: /home/jaeheyoung/robot_service_ws/install/turtlebot3_simulations/share/turtlebot3_simulations/local_setup.dsv
[0.461s] -- Installing: /home/jaeheyoung/robot_service_ws/install/turtlebot3_simulations/share/turtlebot3_simulations/package.dsv
[0.461s] -- Installing: /home/jaeheyoung/robot_service_ws/install/turtlebot3_simulations/share/ament_index/resource_index/packages/turtlebot3_simulations
[0.461s] -- Installing: /home/jaeheyoung/robot_service_ws/install/turtlebot3_simulations/share/turtlebot3_simulations/cmake/turtlebot3_simulationsConfig.cmake
[0.461s] -- Installing: /home/jaeheyoung/robot_service_ws/install/turtlebot3_simulations/share/turtlebot3_simulations/cmake/turtlebot3_simulationsConfig-version.cmake
[0.461s] -- Installing: /home/jaeheyoung/robot_service_ws/install/turtlebot3_simulations/share/turtlebot3_simulations/package.xml
[0.462s] Invoked command in '/home/jaeheyoung/robot_service_ws/build/turtlebot3_simulations' returned '0': AMENT_PREFIX_PATH=/home/jaeheyoung/robot_service_ws/install/turtlebot3_fake_node:/home/jaeheyoung/robot_service_ws/install/turtlebot3_msgs:/home/jaeheyoung/robot_service_ws/install/turtlebot3_gazebo:${AMENT_PREFIX_PATH} CMAKE_PREFIX_PATH=/home/jaeheyoung/robot_service_ws/install/turtlebot3_fake_node:/home/jaeheyoung/robot_service_ws/install/turtlebot3_msgs:/home/jaeheyoung/robot_service_ws/install/turtlebot3_gazebo:/opt/ros/humble LD_LIBRARY_PATH=/home/jaeheyoung/robot_service_ws/install/turtlebot3_msgs/lib:/usr/lib/x86_64-linux-gnu/gazebo-11/plugins:/opt/ros/humble/opt/rviz_ogre_vendor/lib:/opt/ros/humble/lib/x86_64-linux-gnu:/opt/ros/humble/lib:/usr/local/cuda-12.6/lib64:/usr/lib/x86_64-linux-gnu/gazebo-11/plugins PYTHONPATH=/home/jaeheyoung/robot_service_ws/install/turtlebot3_msgs/local/lib/python3.10/dist-packages:${PYTHONPATH} /usr/bin/cmake --install /home/jaeheyoung/robot_service_ws/build/turtlebot3_simulations
