[0.045s] Invoking command in '/home/jaeheyoung/robot_service_ws/build/turtlebot3_cartographer': CMAKE_PREFIX_PATH=${CMAKE_PREFIX_PATH}:/home/jaeheyoung/robot_service_ws/install/turtlebot3_teleop:/home/jaeheyoung/robot_service_ws/install/turtlebot3_example:/home/jaeheyoung/robot_service_ws/install/robot_serving:/opt/ros/humble /usr/bin/cmake --build /home/jaeheyoung/robot_service_ws/build/turtlebot3_cartographer -- -j20 -l20
[1.475s] Invoked command in '/home/jaeheyoung/robot_service_ws/build/turtlebot3_cartographer' returned '0': CMAKE_PREFIX_PATH=${CMAKE_PREFIX_PATH}:/home/jaeheyoung/robot_service_ws/install/turtlebot3_teleop:/home/jaeheyoung/robot_service_ws/install/turtlebot3_example:/home/jaeheyoung/robot_service_ws/install/robot_serving:/opt/ros/humble /usr/bin/cmake --build /home/jaeheyoung/robot_service_ws/build/turtlebot3_cartographer -- -j20 -l20
[1.535s] Invoking command in '/home/jaeheyoung/robot_service_ws/build/turtlebot3_cartographer': CMAKE_PREFIX_PATH=${CMAKE_PREFIX_PATH}:/home/jaeheyoung/robot_service_ws/install/turtlebot3_teleop:/home/jaeheyoung/robot_service_ws/install/turtlebot3_example:/home/jaeheyoung/robot_service_ws/install/robot_serving:/opt/ros/humble /usr/bin/cmake --install /home/jaeheyoung/robot_service_ws/build/turtlebot3_cartographer
[1.563s] -- Install configuration: ""
[1.563s] -- Up-to-date: /home/jaeheyoung/robot_service_ws/install/turtlebot3_cartographer/share/turtlebot3_cartographer/config
[1.564s] -- Up-to-date: /home/jaeheyoung/robot_service_ws/install/turtlebot3_cartographer/share/turtlebot3_cartographer/config/turtlebot3_lds_2d.lua
[1.564s] -- Up-to-date: /home/jaeheyoung/robot_service_ws/install/turtlebot3_cartographer/share/turtlebot3_cartographer/launch
[1.564s] -- Up-to-date: /home/jaeheyoung/robot_service_ws/install/turtlebot3_cartographer/share/turtlebot3_cartographer/launch/occupancy_grid.launch.py
[1.564s] -- Up-to-date: /home/jaeheyoung/robot_service_ws/install/turtlebot3_cartographer/share/turtlebot3_cartographer/launch/cartographer.launch.py
[1.564s] -- Up-to-date: /home/jaeheyoung/robot_service_ws/install/turtlebot3_cartographer/share/turtlebot3_cartographer/rviz
[1.564s] -- Up-to-date: /home/jaeheyoung/robot_service_ws/install/turtlebot3_cartographer/share/turtlebot3_cartographer/rviz/tb3_cartographer.rviz
[1.564s] -- Up-to-date: /home/jaeheyoung/robot_service_ws/install/turtlebot3_cartographer/share/ament_index/resource_index/package_run_dependencies/turtlebot3_cartographer
[1.564s] -- Up-to-date: /home/jaeheyoung/robot_service_ws/install/turtlebot3_cartographer/share/ament_index/resource_index/parent_prefix_path/turtlebot3_cartographer
[1.564s] -- Up-to-date: /home/jaeheyoung/robot_service_ws/install/turtlebot3_cartographer/share/turtlebot3_cartographer/environment/ament_prefix_path.sh
[1.564s] -- Up-to-date: /home/jaeheyoung/robot_service_ws/install/turtlebot3_cartographer/share/turtlebot3_cartographer/environment/ament_prefix_path.dsv
[1.564s] -- Up-to-date: /home/jaeheyoung/robot_service_ws/install/turtlebot3_cartographer/share/turtlebot3_cartographer/environment/path.sh
[1.564s] -- Up-to-date: /home/jaeheyoung/robot_service_ws/install/turtlebot3_cartographer/share/turtlebot3_cartographer/environment/path.dsv
[1.566s] -- Up-to-date: /home/jaeheyoung/robot_service_ws/install/turtlebot3_cartographer/share/turtlebot3_cartographer/local_setup.bash
[1.567s] -- Up-to-date: /home/jaeheyoung/robot_service_ws/install/turtlebot3_cartographer/share/turtlebot3_cartographer/local_setup.sh
[1.567s] -- Up-to-date: /home/jaeheyoung/robot_service_ws/install/turtlebot3_cartographer/share/turtlebot3_cartographer/local_setup.zsh
[1.567s] -- Up-to-date: /home/jaeheyoung/robot_service_ws/install/turtlebot3_cartographer/share/turtlebot3_cartographer/local_setup.dsv
[1.567s] -- Installing: /home/jaeheyoung/robot_service_ws/install/turtlebot3_cartographer/share/turtlebot3_cartographer/package.dsv
[1.567s] -- Up-to-date: /home/jaeheyoung/robot_service_ws/install/turtlebot3_cartographer/share/ament_index/resource_index/packages/turtlebot3_cartographer
[1.567s] -- Up-to-date: /home/jaeheyoung/robot_service_ws/install/turtlebot3_cartographer/share/turtlebot3_cartographer/cmake/turtlebot3_cartographerConfig.cmake
[1.567s] -- Up-to-date: /home/jaeheyoung/robot_service_ws/install/turtlebot3_cartographer/share/turtlebot3_cartographer/cmake/turtlebot3_cartographerConfig-version.cmake
[1.567s] -- Up-to-date: /home/jaeheyoung/robot_service_ws/install/turtlebot3_cartographer/share/turtlebot3_cartographer/package.xml
[1.610s] Invoked command in '/home/jaeheyoung/robot_service_ws/build/turtlebot3_cartographer' returned '0': CMAKE_PREFIX_PATH=${CMAKE_PREFIX_PATH}:/home/jaeheyoung/robot_service_ws/install/turtlebot3_teleop:/home/jaeheyoung/robot_service_ws/install/turtlebot3_example:/home/jaeheyoung/robot_service_ws/install/robot_serving:/opt/ros/humble /usr/bin/cmake --install /home/jaeheyoung/robot_service_ws/build/turtlebot3_cartographer
