/home/jaeheyoung/Rokey/7.PracticalProject/Week3_Coop2/DR_ws/install/rokey/lib/python3.10/site-packages/rokey/__init__.py
/home/jaeheyoung/Rokey/7.PracticalProject/Week3_Coop2/DR_ws/install/rokey/lib/python3.10/site-packages/rokey/basic/move.py
/home/jaeheyoung/Rokey/7.PracticalProject/Week3_Coop2/DR_ws/install/rokey/lib/python3.10/site-packages/rokey/basic/grip_check.py
/home/jaeheyoung/Rokey/7.PracticalProject/Week3_Coop2/DR_ws/install/rokey/lib/python3.10/site-packages/rokey/basic/get_current_pos.py
/home/jaeheyoung/Rokey/7.PracticalProject/Week3_Coop2/DR_ws/install/rokey/lib/python3.10/site-packages/rokey/basic/grip.py
/home/jaeheyoung/Rokey/7.PracticalProject/Week3_Coop2/DR_ws/install/rokey/lib/python3.10/site-packages/rokey/basic/force_control.py
/home/jaeheyoung/Rokey/7.PracticalProject/Week3_Coop2/DR_ws/install/rokey/lib/python3.10/site-packages/rokey/basic/__init__.py
/home/jaeheyoung/Rokey/7.PracticalProject/Week3_Coop2/DR_ws/install/rokey/lib/python3.10/site-packages/rokey/basic/jog.py
/home/jaeheyoung/Rokey/7.PracticalProject/Week3_Coop2/DR_ws/install/rokey/lib/python3.10/site-packages/rokey/basic/jog_complete.py
/home/jaeheyoung/Rokey/7.PracticalProject/Week3_Coop2/DR_ws/install/rokey/lib/python3.10/site-packages/rokey/basic/move_periodic.py
/home/jaeheyoung/Rokey/7.PracticalProject/Week3_Coop2/DR_ws/install/rokey/lib/python3.10/site-packages/rokey/basic/getting_position.py
/home/jaeheyoung/Rokey/7.PracticalProject/Week3_Coop2/DR_ws/install/rokey/lib/python3.10/site-packages/rokey/basic/jog_example.py
/home/jaeheyoung/Rokey/7.PracticalProject/Week3_Coop2/DR_ws/install/rokey/lib/python3.10/site-packages/rokey/__pycache__/__init__.cpython-310.pyc
/home/jaeheyoung/Rokey/7.PracticalProject/Week3_Coop2/DR_ws/install/rokey/lib/python3.10/site-packages/rokey/basic/__pycache__/move.cpython-310.pyc
/home/jaeheyoung/Rokey/7.PracticalProject/Week3_Coop2/DR_ws/install/rokey/lib/python3.10/site-packages/rokey/basic/__pycache__/grip_check.cpython-310.pyc
/home/jaeheyoung/Rokey/7.PracticalProject/Week3_Coop2/DR_ws/install/rokey/lib/python3.10/site-packages/rokey/basic/__pycache__/get_current_pos.cpython-310.pyc
/home/jaeheyoung/Rokey/7.PracticalProject/Week3_Coop2/DR_ws/install/rokey/lib/python3.10/site-packages/rokey/basic/__pycache__/grip.cpython-310.pyc
/home/jaeheyoung/Rokey/7.PracticalProject/Week3_Coop2/DR_ws/install/rokey/lib/python3.10/site-packages/rokey/basic/__pycache__/force_control.cpython-310.pyc
/home/jaeheyoung/Rokey/7.PracticalProject/Week3_Coop2/DR_ws/install/rokey/lib/python3.10/site-packages/rokey/basic/__pycache__/__init__.cpython-310.pyc
/home/jaeheyoung/Rokey/7.PracticalProject/Week3_Coop2/DR_ws/install/rokey/lib/python3.10/site-packages/rokey/basic/__pycache__/jog.cpython-310.pyc
/home/jaeheyoung/Rokey/7.PracticalProject/Week3_Coop2/DR_ws/install/rokey/lib/python3.10/site-packages/rokey/basic/__pycache__/jog_complete.cpython-310.pyc
/home/jaeheyoung/Rokey/7.PracticalProject/Week3_Coop2/DR_ws/install/rokey/lib/python3.10/site-packages/rokey/basic/__pycache__/move_periodic.cpython-310.pyc
/home/jaeheyoung/Rokey/7.PracticalProject/Week3_Coop2/DR_ws/install/rokey/lib/python3.10/site-packages/rokey/basic/__pycache__/getting_position.cpython-310.pyc
/home/jaeheyoung/Rokey/7.PracticalProject/Week3_Coop2/DR_ws/install/rokey/lib/python3.10/site-packages/rokey/basic/__pycache__/jog_example.cpython-310.pyc
/home/jaeheyoung/Rokey/7.PracticalProject/Week3_Coop2/DR_ws/install/rokey/share/ament_index/resource_index/packages/rokey
/home/jaeheyoung/Rokey/7.PracticalProject/Week3_Coop2/DR_ws/install/rokey/share/rokey/package.xml
/home/jaeheyoung/Rokey/7.PracticalProject/Week3_Coop2/DR_ws/install/rokey/lib/python3.10/site-packages/rokey-0.0.0-py3.10.egg-info/PKG-INFO
/home/jaeheyoung/Rokey/7.PracticalProject/Week3_Coop2/DR_ws/install/rokey/lib/python3.10/site-packages/rokey-0.0.0-py3.10.egg-info/dependency_links.txt
/home/jaeheyoung/Rokey/7.PracticalProject/Week3_Coop2/DR_ws/install/rokey/lib/python3.10/site-packages/rokey-0.0.0-py3.10.egg-info/top_level.txt
/home/jaeheyoung/Rokey/7.PracticalProject/Week3_Coop2/DR_ws/install/rokey/lib/python3.10/site-packages/rokey-0.0.0-py3.10.egg-info/SOURCES.txt
/home/jaeheyoung/Rokey/7.PracticalProject/Week3_Coop2/DR_ws/install/rokey/lib/python3.10/site-packages/rokey-0.0.0-py3.10.egg-info/entry_points.txt
/home/jaeheyoung/Rokey/7.PracticalProject/Week3_Coop2/DR_ws/install/rokey/lib/python3.10/site-packages/rokey-0.0.0-py3.10.egg-info/zip-safe
/home/jaeheyoung/Rokey/7.PracticalProject/Week3_Coop2/DR_ws/install/rokey/lib/python3.10/site-packages/rokey-0.0.0-py3.10.egg-info/requires.txt
/home/jaeheyoung/Rokey/7.PracticalProject/Week3_Coop2/DR_ws/install/rokey/lib/rokey/force_control
/home/jaeheyoung/Rokey/7.PracticalProject/Week3_Coop2/DR_ws/install/rokey/lib/rokey/get_current_pos
/home/jaeheyoung/Rokey/7.PracticalProject/Week3_Coop2/DR_ws/install/rokey/lib/rokey/getting_position
/home/jaeheyoung/Rokey/7.PracticalProject/Week3_Coop2/DR_ws/install/rokey/lib/rokey/grip
/home/jaeheyoung/Rokey/7.PracticalProject/Week3_Coop2/DR_ws/install/rokey/lib/rokey/jog
/home/jaeheyoung/Rokey/7.PracticalProject/Week3_Coop2/DR_ws/install/rokey/lib/rokey/jog_example
/home/jaeheyoung/Rokey/7.PracticalProject/Week3_Coop2/DR_ws/install/rokey/lib/rokey/move_periodic
/home/jaeheyoung/Rokey/7.PracticalProject/Week3_Coop2/DR_ws/install/rokey/lib/rokey/simple_move
