[0.625s] Invoking command in '/home/jaeheyoung/Rokey/7.PracticalProject/Week6_Drive2/rbvacuum_ws/build/detector': PYTHONPATH=/home/jaeheyoung/Rokey/7.PracticalProject/Week6_Drive2/rbvacuum_ws/build/detector/prefix_override:/usr/lib/python3/dist-packages/colcon_core/task/python/colcon_distutils_commands:/home/jaeheyoung/Rokey/7.PracticalProject/Week6_Drive2/rbvacuum_ws/install/detector/lib/python3.10/site-packages:${PYTHONPATH} /usr/bin/python3 -W ignore:setup.py install is deprecated setup.py develop --editable --build-directory /home/jaeheyoung/Rokey/7.PracticalProject/Week6_Drive2/rbvacuum_ws/build/detector/build --no-deps symlink_data
[0.867s] running develop
[1.036s] running egg_info
[1.036s] creating detector.egg-info
[1.036s] writing detector.egg-info/PKG-INFO
[1.036s] writing dependency_links to detector.egg-info/dependency_links.txt
[1.037s] writing entry points to detector.egg-info/entry_points.txt
[1.037s] writing requirements to detector.egg-info/requires.txt
[1.037s] writing top-level names to detector.egg-info/top_level.txt
[1.037s] writing manifest file 'detector.egg-info/SOURCES.txt'
[1.039s] reading manifest file 'detector.egg-info/SOURCES.txt'
[1.039s] writing manifest file 'detector.egg-info/SOURCES.txt'
[1.041s] running build_ext
[1.041s] Creating /home/jaeheyoung/Rokey/7.PracticalProject/Week6_Drive2/rbvacuum_ws/install/detector/lib/python3.10/site-packages/detector.egg-link (link to .)
[1.042s] Installing detector script to /home/jaeheyoung/Rokey/7.PracticalProject/Week6_Drive2/rbvacuum_ws/install/detector/lib/detector
[1.042s] 
[1.042s] Installed /home/jaeheyoung/Rokey/7.PracticalProject/Week6_Drive2/rbvacuum_ws/build/detector
[1.042s] running symlink_data
[1.042s] creating /home/jaeheyoung/Rokey/7.PracticalProject/Week6_Drive2/rbvacuum_ws/install/detector/share/ament_index
[1.042s] creating /home/jaeheyoung/Rokey/7.PracticalProject/Week6_Drive2/rbvacuum_ws/install/detector/share/ament_index/resource_index
[1.042s] creating /home/jaeheyoung/Rokey/7.PracticalProject/Week6_Drive2/rbvacuum_ws/install/detector/share/ament_index/resource_index/packages
[1.042s] symbolically linking /home/jaeheyoung/Rokey/7.PracticalProject/Week6_Drive2/rbvacuum_ws/build/detector/resource/detector -> /home/jaeheyoung/Rokey/7.PracticalProject/Week6_Drive2/rbvacuum_ws/install/detector/share/ament_index/resource_index/packages
[1.042s] symbolically linking /home/jaeheyoung/Rokey/7.PracticalProject/Week6_Drive2/rbvacuum_ws/build/detector/package.xml -> /home/jaeheyoung/Rokey/7.PracticalProject/Week6_Drive2/rbvacuum_ws/install/detector/share/detector
[1.065s] Invoked command in '/home/jaeheyoung/Rokey/7.PracticalProject/Week6_Drive2/rbvacuum_ws/build/detector' returned '0': PYTHONPATH=/home/jaeheyoung/Rokey/7.PracticalProject/Week6_Drive2/rbvacuum_ws/build/detector/prefix_override:/usr/lib/python3/dist-packages/colcon_core/task/python/colcon_distutils_commands:/home/jaeheyoung/Rokey/7.PracticalProject/Week6_Drive2/rbvacuum_ws/install/detector/lib/python3.10/site-packages:${PYTHONPATH} /usr/bin/python3 -W ignore:setup.py install is deprecated setup.py develop --editable --build-directory /home/jaeheyoung/Rokey/7.PracticalProject/Week6_Drive2/rbvacuum_ws/build/detector/build --no-deps symlink_data
