[0.019s] Invoking command in '/home/jaeheyoung/Rokey/7.PracticalProject/Week8_Intel2/turtlebot3_ws/build/dynamixel_sdk': CMAKE_PREFIX_PATH=${CMAKE_PREFIX_PATH}:/home/jaeheyoung/Rokey/7.PracticalProject/Week7_Drive3/drive3_ws/install/my_robot:/opt/ros/humble /usr/bin/cmake /home/jaeheyoung/Rokey/7.PracticalProject/Week8_Intel2/turtlebot3_ws/src/DynamixelSDK/dynamixel_sdk -DAMENT_CMAKE_SYMLINK_INSTALL=1 -DCMAKE_INSTALL_PREFIX=/home/jaeheyoung/Rokey/7.PracticalProject/Week8_Intel2/turtlebot3_ws/install/dynamixel_sdk
[0.127s] -- The C compiler identification is GNU 11.4.0
[0.218s] -- The CXX compiler identification is GNU 11.4.0
[0.226s] -- Detecting C compiler ABI info
[0.286s] -- Detecting C compiler ABI info - done
[0.293s] -- Check for working C compiler: /usr/bin/cc - skipped
[0.294s] -- Detecting C compile features
[0.294s] -- Detecting C compile features - done
[0.298s] -- Detecting CXX compiler ABI info
[0.379s] -- Detecting CXX compiler ABI info - done
[0.387s] -- Check for working CXX compiler: /usr/bin/c++ - skipped
[0.387s] -- Detecting CXX compile features
[0.388s] -- Detecting CXX compile features - done
[0.391s] -- Found ament_cmake: 1.3.11 (/opt/ros/humble/share/ament_cmake/cmake)
[0.969s] -- Found Python3: /usr/bin/python3 (found version "3.10.12") found components: Interpreter 
[1.023s] -- Override CMake install command with custom implementation using symlinks instead of copying resources
[1.132s] -- Configuring done
[1.135s] -- Generating done
[1.137s] -- Build files have been written to: /home/jaeheyoung/Rokey/7.PracticalProject/Week8_Intel2/turtlebot3_ws/build/dynamixel_sdk
[1.143s] Invoked command in '/home/jaeheyoung/Rokey/7.PracticalProject/Week8_Intel2/turtlebot3_ws/build/dynamixel_sdk' returned '0': CMAKE_PREFIX_PATH=${CMAKE_PREFIX_PATH}:/home/jaeheyoung/Rokey/7.PracticalProject/Week7_Drive3/drive3_ws/install/my_robot:/opt/ros/humble /usr/bin/cmake /home/jaeheyoung/Rokey/7.PracticalProject/Week8_Intel2/turtlebot3_ws/src/DynamixelSDK/dynamixel_sdk -DAMENT_CMAKE_SYMLINK_INSTALL=1 -DCMAKE_INSTALL_PREFIX=/home/jaeheyoung/Rokey/7.PracticalProject/Week8_Intel2/turtlebot3_ws/install/dynamixel_sdk
[1.145s] Invoking command in '/home/jaeheyoung/Rokey/7.PracticalProject/Week8_Intel2/turtlebot3_ws/build/dynamixel_sdk': CMAKE_PREFIX_PATH=${CMAKE_PREFIX_PATH}:/home/jaeheyoung/Rokey/7.PracticalProject/Week7_Drive3/drive3_ws/install/my_robot:/opt/ros/humble /usr/bin/cmake --build /home/jaeheyoung/Rokey/7.PracticalProject/Week8_Intel2/turtlebot3_ws/build/dynamixel_sdk -- -j20 -l20
[1.189s] [ 10%] [32mBuilding CXX object CMakeFiles/dynamixel_sdk.dir/src/dynamixel_sdk/packet_handler.cpp.o[0m
[1.189s] [ 20%] [32mBuilding CXX object CMakeFiles/dynamixel_sdk.dir/src/dynamixel_sdk/protocol1_packet_handler.cpp.o[0m
[1.190s] [ 30%] [32mBuilding CXX object CMakeFiles/dynamixel_sdk.dir/src/dynamixel_sdk/port_handler.cpp.o[0m
[1.190s] [ 40%] [32mBuilding CXX object CMakeFiles/dynamixel_sdk.dir/src/dynamixel_sdk/group_sync_write.cpp.o[0m
[1.191s] [ 60%] [32mBuilding CXX object CMakeFiles/dynamixel_sdk.dir/src/dynamixel_sdk/protocol2_packet_handler.cpp.o[0m
[1.191s] [ 60%] [32mBuilding CXX object CMakeFiles/dynamixel_sdk.dir/src/dynamixel_sdk/group_bulk_write.cpp.o[0m
[1.191s] [ 70%] [32mBuilding CXX object CMakeFiles/dynamixel_sdk.dir/src/dynamixel_sdk/group_sync_read.cpp.o[0m
[1.191s] [ 80%] [32mBuilding CXX object CMakeFiles/dynamixel_sdk.dir/src/dynamixel_sdk/port_handler_linux.cpp.o[0m
[1.193s] [ 90%] [32mBuilding CXX object CMakeFiles/dynamixel_sdk.dir/src/dynamixel_sdk/group_bulk_read.cpp.o[0m
[1.709s] [100%] [32m[1mLinking CXX shared library libdynamixel_sdk.so[0m
[1.776s] [100%] Built target dynamixel_sdk
[1.785s] Invoked command in '/home/jaeheyoung/Rokey/7.PracticalProject/Week8_Intel2/turtlebot3_ws/build/dynamixel_sdk' returned '0': CMAKE_PREFIX_PATH=${CMAKE_PREFIX_PATH}:/home/jaeheyoung/Rokey/7.PracticalProject/Week7_Drive3/drive3_ws/install/my_robot:/opt/ros/humble /usr/bin/cmake --build /home/jaeheyoung/Rokey/7.PracticalProject/Week8_Intel2/turtlebot3_ws/build/dynamixel_sdk -- -j20 -l20
[1.787s] Invoking command in '/home/jaeheyoung/Rokey/7.PracticalProject/Week8_Intel2/turtlebot3_ws/build/dynamixel_sdk': CMAKE_PREFIX_PATH=${CMAKE_PREFIX_PATH}:/home/jaeheyoung/Rokey/7.PracticalProject/Week7_Drive3/drive3_ws/install/my_robot:/opt/ros/humble /usr/bin/cmake --install /home/jaeheyoung/Rokey/7.PracticalProject/Week8_Intel2/turtlebot3_ws/build/dynamixel_sdk
[1.794s] -- Install configuration: ""
[1.794s] -- Execute custom install script
[1.794s] -- Symlinking: /home/jaeheyoung/Rokey/7.PracticalProject/Week8_Intel2/turtlebot3_ws/install/dynamixel_sdk/include//dynamixel_sdk/dynamixel_sdk.h
[1.802s] -- Symlinking: /home/jaeheyoung/Rokey/7.PracticalProject/Week8_Intel2/turtlebot3_ws/install/dynamixel_sdk/include//dynamixel_sdk/group_bulk_read.h
[1.811s] -- Symlinking: /home/jaeheyoung/Rokey/7.PracticalProject/Week8_Intel2/turtlebot3_ws/install/dynamixel_sdk/include//dynamixel_sdk/group_bulk_write.h
[1.818s] -- Symlinking: /home/jaeheyoung/Rokey/7.PracticalProject/Week8_Intel2/turtlebot3_ws/install/dynamixel_sdk/include//dynamixel_sdk/group_sync_read.h
[1.828s] -- Symlinking: /home/jaeheyoung/Rokey/7.PracticalProject/Week8_Intel2/turtlebot3_ws/install/dynamixel_sdk/include//dynamixel_sdk/group_sync_write.h
[1.834s] -- Symlinking: /home/jaeheyoung/Rokey/7.PracticalProject/Week8_Intel2/turtlebot3_ws/install/dynamixel_sdk/include//dynamixel_sdk/packet_handler.h
[1.841s] -- Symlinking: /home/jaeheyoung/Rokey/7.PracticalProject/Week8_Intel2/turtlebot3_ws/install/dynamixel_sdk/include//dynamixel_sdk/port_handler.h
[1.850s] -- Symlinking: /home/jaeheyoung/Rokey/7.PracticalProject/Week8_Intel2/turtlebot3_ws/install/dynamixel_sdk/include//dynamixel_sdk/port_handler_arduino.h
[1.857s] -- Symlinking: /home/jaeheyoung/Rokey/7.PracticalProject/Week8_Intel2/turtlebot3_ws/install/dynamixel_sdk/include//dynamixel_sdk/port_handler_linux.h
[1.864s] -- Symlinking: /home/jaeheyoung/Rokey/7.PracticalProject/Week8_Intel2/turtlebot3_ws/install/dynamixel_sdk/include//dynamixel_sdk/port_handler_mac.h
[1.870s] -- Symlinking: /home/jaeheyoung/Rokey/7.PracticalProject/Week8_Intel2/turtlebot3_ws/install/dynamixel_sdk/include//dynamixel_sdk/port_handler_windows.h
[1.877s] -- Symlinking: /home/jaeheyoung/Rokey/7.PracticalProject/Week8_Intel2/turtlebot3_ws/install/dynamixel_sdk/include//dynamixel_sdk/protocol1_packet_handler.h
[1.884s] -- Symlinking: /home/jaeheyoung/Rokey/7.PracticalProject/Week8_Intel2/turtlebot3_ws/install/dynamixel_sdk/include//dynamixel_sdk/protocol2_packet_handler.h
[1.890s] -- Symlinking: /home/jaeheyoung/Rokey/7.PracticalProject/Week8_Intel2/turtlebot3_ws/install/dynamixel_sdk/lib/libdynamixel_sdk.so
[1.897s] -- Symlinking: /home/jaeheyoung/Rokey/7.PracticalProject/Week8_Intel2/turtlebot3_ws/install/dynamixel_sdk/share/dynamixel_sdk/environment/library_path.sh
[1.903s] -- Symlinking: /home/jaeheyoung/Rokey/7.PracticalProject/Week8_Intel2/turtlebot3_ws/install/dynamixel_sdk/share/dynamixel_sdk/environment/library_path.dsv
[1.911s] -- Symlinking: /home/jaeheyoung/Rokey/7.PracticalProject/Week8_Intel2/turtlebot3_ws/install/dynamixel_sdk/share/ament_index/resource_index/package_run_dependencies/dynamixel_sdk
[1.917s] -- Symlinking: /home/jaeheyoung/Rokey/7.PracticalProject/Week8_Intel2/turtlebot3_ws/install/dynamixel_sdk/share/ament_index/resource_index/parent_prefix_path/dynamixel_sdk
[1.924s] -- Symlinking: /home/jaeheyoung/Rokey/7.PracticalProject/Week8_Intel2/turtlebot3_ws/install/dynamixel_sdk/share/dynamixel_sdk/environment/ament_prefix_path.sh
[1.929s] -- Symlinking: /home/jaeheyoung/Rokey/7.PracticalProject/Week8_Intel2/turtlebot3_ws/install/dynamixel_sdk/share/dynamixel_sdk/environment/ament_prefix_path.dsv
[1.936s] -- Symlinking: /home/jaeheyoung/Rokey/7.PracticalProject/Week8_Intel2/turtlebot3_ws/install/dynamixel_sdk/share/dynamixel_sdk/environment/path.sh
[1.942s] -- Symlinking: /home/jaeheyoung/Rokey/7.PracticalProject/Week8_Intel2/turtlebot3_ws/install/dynamixel_sdk/share/dynamixel_sdk/environment/path.dsv
[1.948s] -- Symlinking: /home/jaeheyoung/Rokey/7.PracticalProject/Week8_Intel2/turtlebot3_ws/install/dynamixel_sdk/share/dynamixel_sdk/local_setup.bash
[1.955s] -- Symlinking: /home/jaeheyoung/Rokey/7.PracticalProject/Week8_Intel2/turtlebot3_ws/install/dynamixel_sdk/share/dynamixel_sdk/local_setup.sh
[1.962s] -- Symlinking: /home/jaeheyoung/Rokey/7.PracticalProject/Week8_Intel2/turtlebot3_ws/install/dynamixel_sdk/share/dynamixel_sdk/local_setup.zsh
[1.969s] -- Symlinking: /home/jaeheyoung/Rokey/7.PracticalProject/Week8_Intel2/turtlebot3_ws/install/dynamixel_sdk/share/dynamixel_sdk/local_setup.dsv
[1.976s] -- Symlinking: /home/jaeheyoung/Rokey/7.PracticalProject/Week8_Intel2/turtlebot3_ws/install/dynamixel_sdk/share/dynamixel_sdk/package.dsv
[1.983s] -- Symlinking: /home/jaeheyoung/Rokey/7.PracticalProject/Week8_Intel2/turtlebot3_ws/install/dynamixel_sdk/share/ament_index/resource_index/packages/dynamixel_sdk
[1.991s] -- Symlinking: /home/jaeheyoung/Rokey/7.PracticalProject/Week8_Intel2/turtlebot3_ws/install/dynamixel_sdk/share/dynamixel_sdk/cmake/ament_cmake_export_include_directories-extras.cmake
[1.997s] -- Symlinking: /home/jaeheyoung/Rokey/7.PracticalProject/Week8_Intel2/turtlebot3_ws/install/dynamixel_sdk/share/dynamixel_sdk/cmake/ament_cmake_export_libraries-extras.cmake
[2.003s] -- Symlinking: /home/jaeheyoung/Rokey/7.PracticalProject/Week8_Intel2/turtlebot3_ws/install/dynamixel_sdk/share/dynamixel_sdk/cmake/dynamixel_sdkConfig.cmake
[2.010s] -- Symlinking: /home/jaeheyoung/Rokey/7.PracticalProject/Week8_Intel2/turtlebot3_ws/install/dynamixel_sdk/share/dynamixel_sdk/cmake/dynamixel_sdkConfig-version.cmake
[2.018s] -- Symlinking: /home/jaeheyoung/Rokey/7.PracticalProject/Week8_Intel2/turtlebot3_ws/install/dynamixel_sdk/share/dynamixel_sdk/package.xml
[2.027s] Invoked command in '/home/jaeheyoung/Rokey/7.PracticalProject/Week8_Intel2/turtlebot3_ws/build/dynamixel_sdk' returned '0': CMAKE_PREFIX_PATH=${CMAKE_PREFIX_PATH}:/home/jaeheyoung/Rokey/7.PracticalProject/Week7_Drive3/drive3_ws/install/my_robot:/opt/ros/humble /usr/bin/cmake --install /home/jaeheyoung/Rokey/7.PracticalProject/Week8_Intel2/turtlebot3_ws/build/dynamixel_sdk
