[1.064s] Invoking command in '/home/jaeheyoung/Rokey/7.PracticalProject/Week5_Coop3/coop3_ws/build/turtlebot3_multi_robot': CMAKE_PREFIX_PATH=${CMAKE_PREFIX_PATH}:/home/jaeheyoung/Rokey/7.PracticalProject/Week5_Coop3/coop3_ws/install/set_sim:/home/jaeheyoung/Rokey/7.PracticalProject/Week5_Coop3/coop3_ws/install/firedetect:/home/jaeheyoung/Rokey/7.PracticalProject/Week5_Coop3/coop3_ws/install/car_simulation:/opt/ros/humble /usr/bin/cmake --build /home/jaeheyoung/Rokey/7.PracticalProject/Week5_Coop3/coop3_ws/build/turtlebot3_multi_robot -- -j20 -l20
[1.106s] Invoked command in '/home/jaeheyoung/Rokey/7.PracticalProject/Week5_Coop3/coop3_ws/build/turtlebot3_multi_robot' returned '0': CMAKE_PREFIX_PATH=${CMAKE_PREFIX_PATH}:/home/jaeheyoung/Rokey/7.PracticalProject/Week5_Coop3/coop3_ws/install/set_sim:/home/jaeheyoung/Rokey/7.PracticalProject/Week5_Coop3/coop3_ws/install/firedetect:/home/jaeheyoung/Rokey/7.PracticalProject/Week5_Coop3/coop3_ws/install/car_simulation:/opt/ros/humble /usr/bin/cmake --build /home/jaeheyoung/Rokey/7.PracticalProject/Week5_Coop3/coop3_ws/build/turtlebot3_multi_robot -- -j20 -l20
[1.188s] Invoking command in '/home/jaeheyoung/Rokey/7.PracticalProject/Week5_Coop3/coop3_ws/build/turtlebot3_multi_robot': CMAKE_PREFIX_PATH=${CMAKE_PREFIX_PATH}:/home/jaeheyoung/Rokey/7.PracticalProject/Week5_Coop3/coop3_ws/install/set_sim:/home/jaeheyoung/Rokey/7.PracticalProject/Week5_Coop3/coop3_ws/install/firedetect:/home/jaeheyoung/Rokey/7.PracticalProject/Week5_Coop3/coop3_ws/install/car_simulation:/opt/ros/humble /usr/bin/cmake --install /home/jaeheyoung/Rokey/7.PracticalProject/Week5_Coop3/coop3_ws/build/turtlebot3_multi_robot
[1.205s] -- Install configuration: ""
[1.206s] -- Execute custom install script
[1.207s] -- Up-to-date symlink: /home/jaeheyoung/Rokey/7.PracticalProject/Week5_Coop3/coop3_ws/install/turtlebot3_multi_robot/share/turtlebot3_multi_robot//launch/gazebo_multi_nav2_world.launch.py
[1.207s] -- Up-to-date symlink: /home/jaeheyoung/Rokey/7.PracticalProject/Week5_Coop3/coop3_ws/install/turtlebot3_multi_robot/share/turtlebot3_multi_robot//launch/gazebo_multi_world.launch.py
[1.208s] -- Up-to-date symlink: /home/jaeheyoung/Rokey/7.PracticalProject/Week5_Coop3/coop3_ws/install/turtlebot3_multi_robot/share/turtlebot3_multi_robot//launch/nav2_bringup/bringup_launch.py
[1.209s] -- Up-to-date symlink: /home/jaeheyoung/Rokey/7.PracticalProject/Week5_Coop3/coop3_ws/install/turtlebot3_multi_robot/share/turtlebot3_multi_robot//launch/nav2_bringup/localization_launch.py
[1.210s] -- Up-to-date symlink: /home/jaeheyoung/Rokey/7.PracticalProject/Week5_Coop3/coop3_ws/install/turtlebot3_multi_robot/share/turtlebot3_multi_robot//launch/nav2_bringup/navigation_launch.py
[1.211s] -- Up-to-date symlink: /home/jaeheyoung/Rokey/7.PracticalProject/Week5_Coop3/coop3_ws/install/turtlebot3_multi_robot/share/turtlebot3_multi_robot//launch/nav2_bringup/rviz_launch.py
[1.212s] -- Up-to-date symlink: /home/jaeheyoung/Rokey/7.PracticalProject/Week5_Coop3/coop3_ws/install/turtlebot3_multi_robot/share/turtlebot3_multi_robot//launch/nav2_bringup/slam_launch.py
[1.213s] -- Up-to-date symlink: /home/jaeheyoung/Rokey/7.PracticalProject/Week5_Coop3/coop3_ws/install/turtlebot3_multi_robot/share/turtlebot3_multi_robot//models/fire_car/car.xacro
[1.214s] -- Up-to-date symlink: /home/jaeheyoung/Rokey/7.PracticalProject/Week5_Coop3/coop3_ws/install/turtlebot3_multi_robot/share/turtlebot3_multi_robot//models/patrol/camera.xacro
[1.215s] -- Up-to-date symlink: /home/jaeheyoung/Rokey/7.PracticalProject/Week5_Coop3/coop3_ws/install/turtlebot3_multi_robot/share/turtlebot3_multi_robot//models/patrol/car.xacro
[1.216s] -- Up-to-date symlink: /home/jaeheyoung/Rokey/7.PracticalProject/Week5_Coop3/coop3_ws/install/turtlebot3_multi_robot/share/turtlebot3_multi_robot//models/patrol/gazebo.xacro
[1.217s] -- Up-to-date symlink: /home/jaeheyoung/Rokey/7.PracticalProject/Week5_Coop3/coop3_ws/install/turtlebot3_multi_robot/share/turtlebot3_multi_robot//models/patrol/lidar.xacro
[1.217s] -- Up-to-date symlink: /home/jaeheyoung/Rokey/7.PracticalProject/Week5_Coop3/coop3_ws/install/turtlebot3_multi_robot/share/turtlebot3_multi_robot//models/patrol/macros.xacro
[1.218s] -- Up-to-date symlink: /home/jaeheyoung/Rokey/7.PracticalProject/Week5_Coop3/coop3_ws/install/turtlebot3_multi_robot/share/turtlebot3_multi_robot//models/turtlebot3_burger/meshes/burger_base.dae
[1.219s] -- Up-to-date symlink: /home/jaeheyoung/Rokey/7.PracticalProject/Week5_Coop3/coop3_ws/install/turtlebot3_multi_robot/share/turtlebot3_multi_robot//models/turtlebot3_burger/meshes/lds.dae
[1.220s] -- Up-to-date symlink: /home/jaeheyoung/Rokey/7.PracticalProject/Week5_Coop3/coop3_ws/install/turtlebot3_multi_robot/share/turtlebot3_multi_robot//models/turtlebot3_burger/meshes/tire.dae
[1.221s] -- Up-to-date symlink: /home/jaeheyoung/Rokey/7.PracticalProject/Week5_Coop3/coop3_ws/install/turtlebot3_multi_robot/share/turtlebot3_multi_robot//models/turtlebot3_burger/model-1_4.sdf
[1.222s] -- Up-to-date symlink: /home/jaeheyoung/Rokey/7.PracticalProject/Week5_Coop3/coop3_ws/install/turtlebot3_multi_robot/share/turtlebot3_multi_robot//models/turtlebot3_burger/model.config
[1.222s] -- Up-to-date symlink: /home/jaeheyoung/Rokey/7.PracticalProject/Week5_Coop3/coop3_ws/install/turtlebot3_multi_robot/share/turtlebot3_multi_robot//models/turtlebot3_burger/model.sdf
[1.223s] -- Up-to-date symlink: /home/jaeheyoung/Rokey/7.PracticalProject/Week5_Coop3/coop3_ws/install/turtlebot3_multi_robot/share/turtlebot3_multi_robot//models/turtlebot3_waffle/meshes/lds.dae
[1.223s] -- Up-to-date symlink: /home/jaeheyoung/Rokey/7.PracticalProject/Week5_Coop3/coop3_ws/install/turtlebot3_multi_robot/share/turtlebot3_multi_robot//models/turtlebot3_waffle/meshes/r200.dae
[1.224s] -- Up-to-date symlink: /home/jaeheyoung/Rokey/7.PracticalProject/Week5_Coop3/coop3_ws/install/turtlebot3_multi_robot/share/turtlebot3_multi_robot//models/turtlebot3_waffle/meshes/tire.dae
[1.224s] -- Up-to-date symlink: /home/jaeheyoung/Rokey/7.PracticalProject/Week5_Coop3/coop3_ws/install/turtlebot3_multi_robot/share/turtlebot3_multi_robot//models/turtlebot3_waffle/meshes/waffle_base.dae
[1.224s] -- Up-to-date symlink: /home/jaeheyoung/Rokey/7.PracticalProject/Week5_Coop3/coop3_ws/install/turtlebot3_multi_robot/share/turtlebot3_multi_robot//models/turtlebot3_waffle/model-1_4.sdf
[1.224s] -- Up-to-date symlink: /home/jaeheyoung/Rokey/7.PracticalProject/Week5_Coop3/coop3_ws/install/turtlebot3_multi_robot/share/turtlebot3_multi_robot//models/turtlebot3_waffle/model.config
[1.224s] -- Up-to-date symlink: /home/jaeheyoung/Rokey/7.PracticalProject/Week5_Coop3/coop3_ws/install/turtlebot3_multi_robot/share/turtlebot3_multi_robot//models/turtlebot3_waffle/model.sdf
[1.224s] -- Up-to-date symlink: /home/jaeheyoung/Rokey/7.PracticalProject/Week5_Coop3/coop3_ws/install/turtlebot3_multi_robot/share/turtlebot3_multi_robot//models/turtlebot3_waffle/model_nocamera.sdf
[1.224s] -- Up-to-date symlink: /home/jaeheyoung/Rokey/7.PracticalProject/Week5_Coop3/coop3_ws/install/turtlebot3_multi_robot/share/turtlebot3_multi_robot//rviz/multi_nav2_default_view.rviz
[1.224s] -- Up-to-date symlink: /home/jaeheyoung/Rokey/7.PracticalProject/Week5_Coop3/coop3_ws/install/turtlebot3_multi_robot/share/turtlebot3_multi_robot//rviz/nav2_default_view.rviz
[1.224s] -- Up-to-date symlink: /home/jaeheyoung/Rokey/7.PracticalProject/Week5_Coop3/coop3_ws/install/turtlebot3_multi_robot/share/turtlebot3_multi_robot//urdf/common_properties.urdf
[1.224s] -- Up-to-date symlink: /home/jaeheyoung/Rokey/7.PracticalProject/Week5_Coop3/coop3_ws/install/turtlebot3_multi_robot/share/turtlebot3_multi_robot//urdf/turtlebot3_burger.urdf
[1.224s] -- Up-to-date symlink: /home/jaeheyoung/Rokey/7.PracticalProject/Week5_Coop3/coop3_ws/install/turtlebot3_multi_robot/share/turtlebot3_multi_robot//urdf/turtlebot3_waffle.urdf
[1.224s] -- Up-to-date symlink: /home/jaeheyoung/Rokey/7.PracticalProject/Week5_Coop3/coop3_ws/install/turtlebot3_multi_robot/share/turtlebot3_multi_robot//worlds/multi_empty_world.world
[1.224s] -- Up-to-date symlink: /home/jaeheyoung/Rokey/7.PracticalProject/Week5_Coop3/coop3_ws/install/turtlebot3_multi_robot/share/turtlebot3_multi_robot//worlds/multi_robot_world.world
[1.224s] -- Up-to-date symlink: /home/jaeheyoung/Rokey/7.PracticalProject/Week5_Coop3/coop3_ws/install/turtlebot3_multi_robot/share/turtlebot3_multi_robot//worlds/real_world.world
[1.224s] -- Up-to-date symlink: /home/jaeheyoung/Rokey/7.PracticalProject/Week5_Coop3/coop3_ws/install/turtlebot3_multi_robot/share/turtlebot3_multi_robot//params/nav2_params.yaml
[1.224s] -- Up-to-date symlink: /home/jaeheyoung/Rokey/7.PracticalProject/Week5_Coop3/coop3_ws/install/turtlebot3_multi_robot/share/turtlebot3_multi_robot//params/nav2_params_original.yaml
[1.225s] -- Up-to-date symlink: /home/jaeheyoung/Rokey/7.PracticalProject/Week5_Coop3/coop3_ws/install/turtlebot3_multi_robot/share/turtlebot3_multi_robot//map/map.pgm
[1.225s] -- Up-to-date symlink: /home/jaeheyoung/Rokey/7.PracticalProject/Week5_Coop3/coop3_ws/install/turtlebot3_multi_robot/share/turtlebot3_multi_robot//map/map.yaml
[1.225s] -- Up-to-date symlink: /home/jaeheyoung/Rokey/7.PracticalProject/Week5_Coop3/coop3_ws/install/turtlebot3_multi_robot/share/turtlebot3_multi_robot//map/map_241209_1040.pgm
[1.225s] -- Up-to-date symlink: /home/jaeheyoung/Rokey/7.PracticalProject/Week5_Coop3/coop3_ws/install/turtlebot3_multi_robot/share/turtlebot3_multi_robot//map/map_241209_1040.yaml
[1.225s] -- Up-to-date symlink: /home/jaeheyoung/Rokey/7.PracticalProject/Week5_Coop3/coop3_ws/install/turtlebot3_multi_robot/share/turtlebot3_multi_robot//map/map_241209_1100.pgm
[1.225s] -- Up-to-date symlink: /home/jaeheyoung/Rokey/7.PracticalProject/Week5_Coop3/coop3_ws/install/turtlebot3_multi_robot/share/turtlebot3_multi_robot//map/map_241209_1100.yaml
[1.225s] -- Up-to-date symlink: /home/jaeheyoung/Rokey/7.PracticalProject/Week5_Coop3/coop3_ws/install/turtlebot3_multi_robot/share/turtlebot3_multi_robot//map/real_world_image.png
[1.225s] -- Up-to-date symlink: /home/jaeheyoung/Rokey/7.PracticalProject/Week5_Coop3/coop3_ws/install/turtlebot3_multi_robot/share/turtlebot3_multi_robot//turtlebot3_multi_robot/ctrltower_gui.py
[1.225s] -- Up-to-date symlink: /home/jaeheyoung/Rokey/7.PracticalProject/Week5_Coop3/coop3_ws/install/turtlebot3_multi_robot/share/turtlebot3_multi_robot//turtlebot3_multi_robot/waypoint.py
[1.225s] -- Up-to-date symlink: /home/jaeheyoung/Rokey/7.PracticalProject/Week5_Coop3/coop3_ws/install/turtlebot3_multi_robot/share/turtlebot3_multi_robot/environment/multi_robot.dsv
[1.225s] -- Up-to-date symlink: /home/jaeheyoung/Rokey/7.PracticalProject/Week5_Coop3/coop3_ws/install/turtlebot3_multi_robot/share/ament_index/resource_index/package_run_dependencies/turtlebot3_multi_robot
[1.225s] -- Up-to-date symlink: /home/jaeheyoung/Rokey/7.PracticalProject/Week5_Coop3/coop3_ws/install/turtlebot3_multi_robot/share/ament_index/resource_index/parent_prefix_path/turtlebot3_multi_robot
[1.225s] -- Up-to-date symlink: /home/jaeheyoung/Rokey/7.PracticalProject/Week5_Coop3/coop3_ws/install/turtlebot3_multi_robot/share/turtlebot3_multi_robot/environment/ament_prefix_path.sh
[1.225s] -- Up-to-date symlink: /home/jaeheyoung/Rokey/7.PracticalProject/Week5_Coop3/coop3_ws/install/turtlebot3_multi_robot/share/turtlebot3_multi_robot/environment/ament_prefix_path.dsv
[1.225s] -- Up-to-date symlink: /home/jaeheyoung/Rokey/7.PracticalProject/Week5_Coop3/coop3_ws/install/turtlebot3_multi_robot/share/turtlebot3_multi_robot/environment/path.sh
[1.225s] -- Up-to-date symlink: /home/jaeheyoung/Rokey/7.PracticalProject/Week5_Coop3/coop3_ws/install/turtlebot3_multi_robot/share/turtlebot3_multi_robot/environment/path.dsv
[1.225s] -- Up-to-date symlink: /home/jaeheyoung/Rokey/7.PracticalProject/Week5_Coop3/coop3_ws/install/turtlebot3_multi_robot/share/turtlebot3_multi_robot/local_setup.bash
[1.225s] -- Up-to-date symlink: /home/jaeheyoung/Rokey/7.PracticalProject/Week5_Coop3/coop3_ws/install/turtlebot3_multi_robot/share/turtlebot3_multi_robot/local_setup.sh
[1.225s] -- Up-to-date symlink: /home/jaeheyoung/Rokey/7.PracticalProject/Week5_Coop3/coop3_ws/install/turtlebot3_multi_robot/share/turtlebot3_multi_robot/local_setup.zsh
[1.226s] -- Up-to-date symlink: /home/jaeheyoung/Rokey/7.PracticalProject/Week5_Coop3/coop3_ws/install/turtlebot3_multi_robot/share/turtlebot3_multi_robot/local_setup.dsv
[1.226s] -- Symlinking: /home/jaeheyoung/Rokey/7.PracticalProject/Week5_Coop3/coop3_ws/install/turtlebot3_multi_robot/share/turtlebot3_multi_robot/package.dsv
[1.228s] -- Up-to-date symlink: /home/jaeheyoung/Rokey/7.PracticalProject/Week5_Coop3/coop3_ws/install/turtlebot3_multi_robot/share/ament_index/resource_index/packages/turtlebot3_multi_robot
[1.229s] -- Up-to-date symlink: /home/jaeheyoung/Rokey/7.PracticalProject/Week5_Coop3/coop3_ws/install/turtlebot3_multi_robot/share/turtlebot3_multi_robot/cmake/turtlebot3_multi_robotConfig.cmake
[1.229s] -- Up-to-date symlink: /home/jaeheyoung/Rokey/7.PracticalProject/Week5_Coop3/coop3_ws/install/turtlebot3_multi_robot/share/turtlebot3_multi_robot/cmake/turtlebot3_multi_robotConfig-version.cmake
[1.230s] -- Up-to-date symlink: /home/jaeheyoung/Rokey/7.PracticalProject/Week5_Coop3/coop3_ws/install/turtlebot3_multi_robot/share/turtlebot3_multi_robot/package.xml
[1.232s] Invoked command in '/home/jaeheyoung/Rokey/7.PracticalProject/Week5_Coop3/coop3_ws/build/turtlebot3_multi_robot' returned '0': CMAKE_PREFIX_PATH=${CMAKE_PREFIX_PATH}:/home/jaeheyoung/Rokey/7.PracticalProject/Week5_Coop3/coop3_ws/install/set_sim:/home/jaeheyoung/Rokey/7.PracticalProject/Week5_Coop3/coop3_ws/install/firedetect:/home/jaeheyoung/Rokey/7.PracticalProject/Week5_Coop3/coop3_ws/install/car_simulation:/opt/ros/humble /usr/bin/cmake --install /home/jaeheyoung/Rokey/7.PracticalProject/Week5_Coop3/coop3_ws/build/turtlebot3_multi_robot
