[0.018s] Invoking command in '/home/jaeheyoung/robot_service_ws/build/turtlebot3_description': CMAKE_PREFIX_PATH=/opt/ros/humble /usr/bin/cmake /home/jaeheyoung/robot_service_ws/src/turtlebot3/turtlebot3_description -DCMAKE_INSTALL_PREFIX=/home/jaeheyoung/robot_service_ws/install/turtlebot3_description
[0.189s] -- The C compiler identification is GNU 11.4.0
[0.207s] -- The CXX compiler identification is GNU 11.4.0
[0.214s] -- Detecting C compiler ABI info
[0.270s] -- Detecting C compiler ABI info - done
[0.277s] -- Check for working C compiler: /usr/bin/cc - skipped
[0.277s] -- Detecting C compile features
[0.278s] -- Detecting C compile features - done
[0.280s] -- Detecting CXX compiler ABI info
[0.348s] -- Detecting CXX compiler ABI info - done
[0.355s] -- Check for working CXX compiler: /usr/bin/c++ - skipped
[0.355s] -- Detecting CXX compile features
[0.355s] -- Detecting CXX compile features - done
[0.357s] -- Found ament_cmake: 1.3.10 (/opt/ros/humble/share/ament_cmake/cmake)
[0.504s] -- Found Python3: /usr/bin/python3 (found version "3.10.12") found components: Interpreter 
[0.582s] -- Found urdf: 2.6.1 (/opt/ros/humble/share/urdf/cmake)
[0.701s] -- Configuring done
[0.703s] -- Generating done
[0.704s] -- Build files have been written to: /home/jaeheyoung/robot_service_ws/build/turtlebot3_description
[0.713s] Invoked command in '/home/jaeheyoung/robot_service_ws/build/turtlebot3_description' returned '0': CMAKE_PREFIX_PATH=/opt/ros/humble /usr/bin/cmake /home/jaeheyoung/robot_service_ws/src/turtlebot3/turtlebot3_description -DCMAKE_INSTALL_PREFIX=/home/jaeheyoung/robot_service_ws/install/turtlebot3_description
[0.715s] Invoking command in '/home/jaeheyoung/robot_service_ws/build/turtlebot3_description': CMAKE_PREFIX_PATH=/opt/ros/humble /usr/bin/cmake --build /home/jaeheyoung/robot_service_ws/build/turtlebot3_description -- -j20 -l20
[0.748s] Invoked command in '/home/jaeheyoung/robot_service_ws/build/turtlebot3_description' returned '0': CMAKE_PREFIX_PATH=/opt/ros/humble /usr/bin/cmake --build /home/jaeheyoung/robot_service_ws/build/turtlebot3_description -- -j20 -l20
[0.766s] Invoking command in '/home/jaeheyoung/robot_service_ws/build/turtlebot3_description': CMAKE_PREFIX_PATH=/opt/ros/humble /usr/bin/cmake --install /home/jaeheyoung/robot_service_ws/build/turtlebot3_description
[0.771s] -- Install configuration: ""
[0.771s] -- Installing: /home/jaeheyoung/robot_service_ws/install/turtlebot3_description/share/turtlebot3_description/meshes
[0.771s] -- Installing: /home/jaeheyoung/robot_service_ws/install/turtlebot3_description/share/turtlebot3_description/meshes/wheels
[0.771s] -- Installing: /home/jaeheyoung/robot_service_ws/install/turtlebot3_description/share/turtlebot3_description/meshes/wheels/left_tire.stl
[0.772s] -- Installing: /home/jaeheyoung/robot_service_ws/install/turtlebot3_description/share/turtlebot3_description/meshes/wheels/right_tire.stl
[0.773s] -- Installing: /home/jaeheyoung/robot_service_ws/install/turtlebot3_description/share/turtlebot3_description/meshes/bases
[0.773s] -- Installing: /home/jaeheyoung/robot_service_ws/install/turtlebot3_description/share/turtlebot3_description/meshes/bases/waffle_base.stl
[0.780s] -- Installing: /home/jaeheyoung/robot_service_ws/install/turtlebot3_description/share/turtlebot3_description/meshes/bases/waffle_pi_base.stl
[0.784s] -- Installing: /home/jaeheyoung/robot_service_ws/install/turtlebot3_description/share/turtlebot3_description/meshes/bases/burger_base.stl
[0.786s] -- Installing: /home/jaeheyoung/robot_service_ws/install/turtlebot3_description/share/turtlebot3_description/meshes/sensors
[0.786s] -- Installing: /home/jaeheyoung/robot_service_ws/install/turtlebot3_description/share/turtlebot3_description/meshes/sensors/astra.dae
[0.791s] -- Installing: /home/jaeheyoung/robot_service_ws/install/turtlebot3_description/share/turtlebot3_description/meshes/sensors/astra.jpg
[0.791s] -- Installing: /home/jaeheyoung/robot_service_ws/install/turtlebot3_description/share/turtlebot3_description/meshes/sensors/r200.jpg
[0.791s] -- Installing: /home/jaeheyoung/robot_service_ws/install/turtlebot3_description/share/turtlebot3_description/meshes/sensors/lds.stl
[0.791s] -- Installing: /home/jaeheyoung/robot_service_ws/install/turtlebot3_description/share/turtlebot3_description/meshes/sensors/r200.dae
[0.791s] -- Installing: /home/jaeheyoung/robot_service_ws/install/turtlebot3_description/share/turtlebot3_description/rviz
[0.792s] -- Installing: /home/jaeheyoung/robot_service_ws/install/turtlebot3_description/share/turtlebot3_description/rviz/model.rviz
[0.792s] -- Installing: /home/jaeheyoung/robot_service_ws/install/turtlebot3_description/share/turtlebot3_description/urdf
[0.792s] -- Installing: /home/jaeheyoung/robot_service_ws/install/turtlebot3_description/share/turtlebot3_description/urdf/common_properties.urdf
[0.792s] -- Installing: /home/jaeheyoung/robot_service_ws/install/turtlebot3_description/share/turtlebot3_description/urdf/turtlebot3_waffle_pi.urdf
[0.792s] -- Installing: /home/jaeheyoung/robot_service_ws/install/turtlebot3_description/share/turtlebot3_description/urdf/turtlebot3_waffle.urdf
[0.792s] -- Installing: /home/jaeheyoung/robot_service_ws/install/turtlebot3_description/share/turtlebot3_description/urdf/turtlebot3_burger.urdf
[0.792s] -- Installing: /home/jaeheyoung/robot_service_ws/install/turtlebot3_description/share/ament_index/resource_index/package_run_dependencies/turtlebot3_description
[0.792s] -- Installing: /home/jaeheyoung/robot_service_ws/install/turtlebot3_description/share/ament_index/resource_index/parent_prefix_path/turtlebot3_description
[0.792s] -- Installing: /home/jaeheyoung/robot_service_ws/install/turtlebot3_description/share/turtlebot3_description/environment/ament_prefix_path.sh
[0.792s] -- Installing: /home/jaeheyoung/robot_service_ws/install/turtlebot3_description/share/turtlebot3_description/environment/ament_prefix_path.dsv
[0.792s] -- Installing: /home/jaeheyoung/robot_service_ws/install/turtlebot3_description/share/turtlebot3_description/environment/path.sh
[0.792s] -- Installing: /home/jaeheyoung/robot_service_ws/install/turtlebot3_description/share/turtlebot3_description/environment/path.dsv
[0.792s] -- Installing: /home/jaeheyoung/robot_service_ws/install/turtlebot3_description/share/turtlebot3_description/local_setup.bash
[0.792s] -- Installing: /home/jaeheyoung/robot_service_ws/install/turtlebot3_description/share/turtlebot3_description/local_setup.sh
[0.792s] -- Installing: /home/jaeheyoung/robot_service_ws/install/turtlebot3_description/share/turtlebot3_description/local_setup.zsh
[0.792s] -- Installing: /home/jaeheyoung/robot_service_ws/install/turtlebot3_description/share/turtlebot3_description/local_setup.dsv
[0.792s] -- Installing: /home/jaeheyoung/robot_service_ws/install/turtlebot3_description/share/turtlebot3_description/package.dsv
[0.792s] -- Installing: /home/jaeheyoung/robot_service_ws/install/turtlebot3_description/share/ament_index/resource_index/packages/turtlebot3_description
[0.792s] -- Installing: /home/jaeheyoung/robot_service_ws/install/turtlebot3_description/share/turtlebot3_description/cmake/turtlebot3_descriptionConfig.cmake
[0.792s] -- Installing: /home/jaeheyoung/robot_service_ws/install/turtlebot3_description/share/turtlebot3_description/cmake/turtlebot3_descriptionConfig-version.cmake
[0.792s] -- Installing: /home/jaeheyoung/robot_service_ws/install/turtlebot3_description/share/turtlebot3_description/package.xml
[0.794s] Invoked command in '/home/jaeheyoung/robot_service_ws/build/turtlebot3_description' returned '0': CMAKE_PREFIX_PATH=/opt/ros/humble /usr/bin/cmake --install /home/jaeheyoung/robot_service_ws/build/turtlebot3_description
