running develop
running egg_info
creating car_simulation.egg-info
writing car_simulation.egg-info/PKG-INFO
writing dependency_links to car_simulation.egg-info/dependency_links.txt
writing entry points to car_simulation.egg-info/entry_points.txt
writing requirements to car_simulation.egg-info/requires.txt
writing top-level names to car_simulation.egg-info/top_level.txt
writing manifest file 'car_simulation.egg-info/SOURCES.txt'
reading manifest file 'car_simulation.egg-info/SOURCES.txt'
writing manifest file 'car_simulation.egg-info/SOURCES.txt'
running build_ext
Creating /home/jaeheyoung/Rokey/7.PracticalProject/Week5_Coop3/coop3_ws/install/car_simulation/lib/python3.10/site-packages/car-simulation.egg-link (link to .)

Installed /home/jaeheyoung/Rokey/7.PracticalProject/Week5_Coop3/coop3_ws/build/car_simulation
running symlink_data
creating /home/jaeheyoung/Rokey/7.PracticalProject/Week5_Coop3/coop3_ws/install/car_simulation/share/ament_index
creating /home/jaeheyoung/Rokey/7.PracticalProject/Week5_Coop3/coop3_ws/install/car_simulation/share/ament_index/resource_index
creating /home/jaeheyoung/Rokey/7.PracticalProject/Week5_Coop3/coop3_ws/install/car_simulation/share/ament_index/resource_index/packages
symbolically linking /home/jaeheyoung/Rokey/7.PracticalProject/Week5_Coop3/coop3_ws/build/car_simulation/resource/car_simulation -> /home/jaeheyoung/Rokey/7.PracticalProject/Week5_Coop3/coop3_ws/install/car_simulation/share/ament_index/resource_index/packages
symbolically linking /home/jaeheyoung/Rokey/7.PracticalProject/Week5_Coop3/coop3_ws/build/car_simulation/package.xml -> /home/jaeheyoung/Rokey/7.PracticalProject/Week5_Coop3/coop3_ws/install/car_simulation/share/car_simulation
creating /home/jaeheyoung/Rokey/7.PracticalProject/Week5_Coop3/coop3_ws/install/car_simulation/share/car_simulation/launch
symbolically linking /home/jaeheyoung/Rokey/7.PracticalProject/Week5_Coop3/coop3_ws/build/car_simulation/launch/car_simulation.launch.py -> /home/jaeheyoung/Rokey/7.PracticalProject/Week5_Coop3/coop3_ws/install/car_simulation/share/car_simulation/launch
symbolically linking /home/jaeheyoung/Rokey/7.PracticalProject/Week5_Coop3/coop3_ws/build/car_simulation/launch/car_simulation_once.launch.py -> /home/jaeheyoung/Rokey/7.PracticalProject/Week5_Coop3/coop3_ws/install/car_simulation/share/car_simulation/launch
creating /home/jaeheyoung/Rokey/7.PracticalProject/Week5_Coop3/coop3_ws/install/car_simulation/share/car_simulation/config
creating /home/jaeheyoung/Rokey/7.PracticalProject/Week5_Coop3/coop3_ws/install/car_simulation/share/car_simulation/urdf
symbolically linking /home/jaeheyoung/Rokey/7.PracticalProject/Week5_Coop3/coop3_ws/build/car_simulation/urdf/car.xacro -> /home/jaeheyoung/Rokey/7.PracticalProject/Week5_Coop3/coop3_ws/install/car_simulation/share/car_simulation/urdf
symbolically linking /home/jaeheyoung/Rokey/7.PracticalProject/Week5_Coop3/coop3_ws/build/car_simulation/urdf/gazebo.xacro -> /home/jaeheyoung/Rokey/7.PracticalProject/Week5_Coop3/coop3_ws/install/car_simulation/share/car_simulation/urdf
symbolically linking /home/jaeheyoung/Rokey/7.PracticalProject/Week5_Coop3/coop3_ws/build/car_simulation/urdf/camera.xacro -> /home/jaeheyoung/Rokey/7.PracticalProject/Week5_Coop3/coop3_ws/install/car_simulation/share/car_simulation/urdf
symbolically linking /home/jaeheyoung/Rokey/7.PracticalProject/Week5_Coop3/coop3_ws/build/car_simulation/urdf/macros.xacro -> /home/jaeheyoung/Rokey/7.PracticalProject/Week5_Coop3/coop3_ws/install/car_simulation/share/car_simulation/urdf
symbolically linking /home/jaeheyoung/Rokey/7.PracticalProject/Week5_Coop3/coop3_ws/build/car_simulation/urdf/lidar.xacro -> /home/jaeheyoung/Rokey/7.PracticalProject/Week5_Coop3/coop3_ws/install/car_simulation/share/car_simulation/urdf
creating /home/jaeheyoung/Rokey/7.PracticalProject/Week5_Coop3/coop3_ws/install/car_simulation/share/car_simulation/worlds
symbolically linking /home/jaeheyoung/Rokey/7.PracticalProject/Week5_Coop3/coop3_ws/build/car_simulation/worlds/my_world.world -> /home/jaeheyoung/Rokey/7.PracticalProject/Week5_Coop3/coop3_ws/install/car_simulation/share/car_simulation/worlds
