[1.483s] Invoking command in '/home/jaeheyoung/Rokey/7.PracticalProject/Week5_Coop3/coop3_ws/build/car_simulation': PYTHONPATH=/home/jaeheyoung/Rokey/7.PracticalProject/Week5_Coop3/coop3_ws/build/car_simulation/prefix_override:/usr/lib/python3/dist-packages/colcon_core/task/python/colcon_distutils_commands:/home/jaeheyoung/Rokey/7.PracticalProject/Week5_Coop3/coop3_ws/install/car_simulation/lib/python3.10/site-packages:${PYTHONPATH} /usr/bin/python3 -W ignore:setup.py install is deprecated setup.py develop --editable --build-directory /home/jaeheyoung/Rokey/7.PracticalProject/Week5_Coop3/coop3_ws/build/car_simulation/build --no-deps symlink_data
[1.814s] running develop
[2.049s] running egg_info
[2.049s] creating car_simulation.egg-info
[2.049s] writing car_simulation.egg-info/PKG-INFO
[2.049s] writing dependency_links to car_simulation.egg-info/dependency_links.txt
[2.049s] writing entry points to car_simulation.egg-info/entry_points.txt
[2.049s] writing requirements to car_simulation.egg-info/requires.txt
[2.049s] writing top-level names to car_simulation.egg-info/top_level.txt
[2.049s] writing manifest file 'car_simulation.egg-info/SOURCES.txt'
[2.050s] reading manifest file 'car_simulation.egg-info/SOURCES.txt'
[2.051s] writing manifest file 'car_simulation.egg-info/SOURCES.txt'
[2.052s] running build_ext
[2.054s] Creating /home/jaeheyoung/Rokey/7.PracticalProject/Week5_Coop3/coop3_ws/install/car_simulation/lib/python3.10/site-packages/car-simulation.egg-link (link to .)
[2.055s] 
[2.056s] Installed /home/jaeheyoung/Rokey/7.PracticalProject/Week5_Coop3/coop3_ws/build/car_simulation
[2.056s] running symlink_data
[2.057s] creating /home/jaeheyoung/Rokey/7.PracticalProject/Week5_Coop3/coop3_ws/install/car_simulation/share/ament_index
[2.058s] creating /home/jaeheyoung/Rokey/7.PracticalProject/Week5_Coop3/coop3_ws/install/car_simulation/share/ament_index/resource_index
[2.058s] creating /home/jaeheyoung/Rokey/7.PracticalProject/Week5_Coop3/coop3_ws/install/car_simulation/share/ament_index/resource_index/packages
[2.058s] symbolically linking /home/jaeheyoung/Rokey/7.PracticalProject/Week5_Coop3/coop3_ws/build/car_simulation/resource/car_simulation -> /home/jaeheyoung/Rokey/7.PracticalProject/Week5_Coop3/coop3_ws/install/car_simulation/share/ament_index/resource_index/packages
[2.058s] symbolically linking /home/jaeheyoung/Rokey/7.PracticalProject/Week5_Coop3/coop3_ws/build/car_simulation/package.xml -> /home/jaeheyoung/Rokey/7.PracticalProject/Week5_Coop3/coop3_ws/install/car_simulation/share/car_simulation
[2.058s] creating /home/jaeheyoung/Rokey/7.PracticalProject/Week5_Coop3/coop3_ws/install/car_simulation/share/car_simulation/launch
[2.058s] symbolically linking /home/jaeheyoung/Rokey/7.PracticalProject/Week5_Coop3/coop3_ws/build/car_simulation/launch/car_simulation.launch.py -> /home/jaeheyoung/Rokey/7.PracticalProject/Week5_Coop3/coop3_ws/install/car_simulation/share/car_simulation/launch
[2.058s] symbolically linking /home/jaeheyoung/Rokey/7.PracticalProject/Week5_Coop3/coop3_ws/build/car_simulation/launch/car_simulation_once.launch.py -> /home/jaeheyoung/Rokey/7.PracticalProject/Week5_Coop3/coop3_ws/install/car_simulation/share/car_simulation/launch
[2.058s] creating /home/jaeheyoung/Rokey/7.PracticalProject/Week5_Coop3/coop3_ws/install/car_simulation/share/car_simulation/config
[2.058s] creating /home/jaeheyoung/Rokey/7.PracticalProject/Week5_Coop3/coop3_ws/install/car_simulation/share/car_simulation/urdf
[2.058s] symbolically linking /home/jaeheyoung/Rokey/7.PracticalProject/Week5_Coop3/coop3_ws/build/car_simulation/urdf/car.xacro -> /home/jaeheyoung/Rokey/7.PracticalProject/Week5_Coop3/coop3_ws/install/car_simulation/share/car_simulation/urdf
[2.058s] symbolically linking /home/jaeheyoung/Rokey/7.PracticalProject/Week5_Coop3/coop3_ws/build/car_simulation/urdf/gazebo.xacro -> /home/jaeheyoung/Rokey/7.PracticalProject/Week5_Coop3/coop3_ws/install/car_simulation/share/car_simulation/urdf
[2.058s] symbolically linking /home/jaeheyoung/Rokey/7.PracticalProject/Week5_Coop3/coop3_ws/build/car_simulation/urdf/camera.xacro -> /home/jaeheyoung/Rokey/7.PracticalProject/Week5_Coop3/coop3_ws/install/car_simulation/share/car_simulation/urdf
[2.058s] symbolically linking /home/jaeheyoung/Rokey/7.PracticalProject/Week5_Coop3/coop3_ws/build/car_simulation/urdf/macros.xacro -> /home/jaeheyoung/Rokey/7.PracticalProject/Week5_Coop3/coop3_ws/install/car_simulation/share/car_simulation/urdf
[2.058s] symbolically linking /home/jaeheyoung/Rokey/7.PracticalProject/Week5_Coop3/coop3_ws/build/car_simulation/urdf/lidar.xacro -> /home/jaeheyoung/Rokey/7.PracticalProject/Week5_Coop3/coop3_ws/install/car_simulation/share/car_simulation/urdf
[2.058s] creating /home/jaeheyoung/Rokey/7.PracticalProject/Week5_Coop3/coop3_ws/install/car_simulation/share/car_simulation/worlds
[2.059s] symbolically linking /home/jaeheyoung/Rokey/7.PracticalProject/Week5_Coop3/coop3_ws/build/car_simulation/worlds/my_world.world -> /home/jaeheyoung/Rokey/7.PracticalProject/Week5_Coop3/coop3_ws/install/car_simulation/share/car_simulation/worlds
[2.092s] Invoked command in '/home/jaeheyoung/Rokey/7.PracticalProject/Week5_Coop3/coop3_ws/build/car_simulation' returned '0': PYTHONPATH=/home/jaeheyoung/Rokey/7.PracticalProject/Week5_Coop3/coop3_ws/build/car_simulation/prefix_override:/usr/lib/python3/dist-packages/colcon_core/task/python/colcon_distutils_commands:/home/jaeheyoung/Rokey/7.PracticalProject/Week5_Coop3/coop3_ws/install/car_simulation/lib/python3.10/site-packages:${PYTHONPATH} /usr/bin/python3 -W ignore:setup.py install is deprecated setup.py develop --editable --build-directory /home/jaeheyoung/Rokey/7.PracticalProject/Week5_Coop3/coop3_ws/build/car_simulation/build --no-deps symlink_data
