[0.000000] (-) TimerEvent: {}
[0.000437] (-) JobUnselected: {'identifier': 'a0509_moveit_config'}
[0.000474] (-) JobUnselected: {'identifier': 'a0912_moveit_config'}
[0.000492] (-) JobUnselected: {'identifier': 'c5'}
[0.000507] (-) JobUnselected: {'identifier': 'common2'}
[0.000521] (-) JobUnselected: {'identifier': 'dsr_bringup2'}
[0.000535] (-) JobUnselected: {'identifier': 'dsr_controller2'}
[0.000549] (-) JobUnselected: {'identifier': 'dsr_description2'}
[0.000564] (-) JobUnselected: {'identifier': 'dsr_gazebo2'}
[0.000578] (-) JobUnselected: {'identifier': 'dsr_hardware2'}
[0.000592] (-) JobUnselected: {'identifier': 'dsr_msgs2'}
[0.000613] (-) JobUnselected: {'identifier': 'dsr_tests'}
[0.000675] (-) JobUnselected: {'identifier': 'e0509_moveit_config'}
[0.000691] (-) JobUnselected: {'identifier': 'example'}
[0.000705] (-) JobUnselected: {'identifier': 'gz_ros2_control_tests'}
[0.000719] (-) JobUnselected: {'identifier': 'h2017_moveit_config'}
[0.000732] (-) JobUnselected: {'identifier': 'h2515_moveit_config'}
[0.000746] (-) JobUnselected: {'identifier': 'ign_ros2_control'}
[0.000760] (-) JobUnselected: {'identifier': 'ign_ros2_control_demos'}
[0.000774] (-) JobUnselected: {'identifier': 'm0609_moveit_config'}
[0.000789] (-) JobUnselected: {'identifier': 'm0617_moveit_config'}
[0.000802] (-) JobUnselected: {'identifier': 'm1013_moveit_config'}
[0.000816] (-) JobUnselected: {'identifier': 'm1509_moveit_config'}
[0.000829] (-) JobUnselected: {'identifier': 'realtime_control'}
[0.000842] (-) JobUnselected: {'identifier': 'rokey'}
[0.000856] (-) JobUnselected: {'identifier': 'visualservoing'}
[0.000973] (-) EventReactorShutdown: {}
