[0.007s] Invoking command in '/home/jaeheyoung/Rokey/7.PracticalProject/Week7_Drive3/turtlebot3_ws/build/turtlebot3_manipulation_bringup': AMENT_PREFIX_PATH=/home/jaeheyoung/Rokey/7.PracticalProject/Week7_Drive3/turtlebot3_ws/install/turtlebot3_manipulation_description:${AMENT_PREFIX_PATH} CMAKE_PREFIX_PATH=/home/jaeheyoung/Rokey/7.PracticalProject/Week7_Drive3/turtlebot3_ws/install/turtlebot3_manipulation_description:/opt/ros/humble /usr/bin/cmake /home/jaeheyoung/Rokey/7.PracticalProject/Week7_Drive3/turtlebot3_ws/src/turtlebot3_manipulation/turtlebot3_manipulation_bringup -DAMENT_CMAKE_SYMLINK_INSTALL=1 -DCMAKE_INSTALL_PREFIX=/home/jaeheyoung/Rokey/7.PracticalProject/Week7_Drive3/turtlebot3_ws/install/turtlebot3_manipulation_bringup
[0.047s] -- The C compiler identification is GNU 11.4.0
[0.082s] -- The CXX compiler identification is GNU 11.4.0
[0.088s] -- Detecting C compiler ABI info
[0.143s] -- Detecting C compiler ABI info - done
[0.151s] -- Check for working C compiler: /usr/bin/cc - skipped
[0.151s] -- Detecting C compile features
[0.151s] -- Detecting C compile features - done
[0.153s] -- Detecting CXX compiler ABI info
[0.221s] -- Detecting CXX compiler ABI info - done
[0.227s] -- Check for working CXX compiler: /usr/bin/c++ - skipped
[0.227s] -- Detecting CXX compile features
[0.227s] -- Detecting CXX compile features - done
[0.230s] -- Found ament_cmake: 1.3.11 (/opt/ros/humble/share/ament_cmake/cmake)
[0.530s] -- Found Python3: /usr/bin/python3 (found version "3.10.12") found components: Interpreter 
[0.571s] -- Override CMake install command with custom implementation using symlinks instead of copying resources
[0.647s] -- Configuring done
[0.649s] -- Generating done
[0.650s] -- Build files have been written to: /home/jaeheyoung/Rokey/7.PracticalProject/Week7_Drive3/turtlebot3_ws/build/turtlebot3_manipulation_bringup
[0.653s] Invoked command in '/home/jaeheyoung/Rokey/7.PracticalProject/Week7_Drive3/turtlebot3_ws/build/turtlebot3_manipulation_bringup' returned '0': AMENT_PREFIX_PATH=/home/jaeheyoung/Rokey/7.PracticalProject/Week7_Drive3/turtlebot3_ws/install/turtlebot3_manipulation_description:${AMENT_PREFIX_PATH} CMAKE_PREFIX_PATH=/home/jaeheyoung/Rokey/7.PracticalProject/Week7_Drive3/turtlebot3_ws/install/turtlebot3_manipulation_description:/opt/ros/humble /usr/bin/cmake /home/jaeheyoung/Rokey/7.PracticalProject/Week7_Drive3/turtlebot3_ws/src/turtlebot3_manipulation/turtlebot3_manipulation_bringup -DAMENT_CMAKE_SYMLINK_INSTALL=1 -DCMAKE_INSTALL_PREFIX=/home/jaeheyoung/Rokey/7.PracticalProject/Week7_Drive3/turtlebot3_ws/install/turtlebot3_manipulation_bringup
[0.654s] Invoking command in '/home/jaeheyoung/Rokey/7.PracticalProject/Week7_Drive3/turtlebot3_ws/build/turtlebot3_manipulation_bringup': AMENT_PREFIX_PATH=/home/jaeheyoung/Rokey/7.PracticalProject/Week7_Drive3/turtlebot3_ws/install/turtlebot3_manipulation_description:${AMENT_PREFIX_PATH} CMAKE_PREFIX_PATH=/home/jaeheyoung/Rokey/7.PracticalProject/Week7_Drive3/turtlebot3_ws/install/turtlebot3_manipulation_description:/opt/ros/humble /usr/bin/cmake --build /home/jaeheyoung/Rokey/7.PracticalProject/Week7_Drive3/turtlebot3_ws/build/turtlebot3_manipulation_bringup -- -j20 -l20
[0.683s] Invoked command in '/home/jaeheyoung/Rokey/7.PracticalProject/Week7_Drive3/turtlebot3_ws/build/turtlebot3_manipulation_bringup' returned '0': AMENT_PREFIX_PATH=/home/jaeheyoung/Rokey/7.PracticalProject/Week7_Drive3/turtlebot3_ws/install/turtlebot3_manipulation_description:${AMENT_PREFIX_PATH} CMAKE_PREFIX_PATH=/home/jaeheyoung/Rokey/7.PracticalProject/Week7_Drive3/turtlebot3_ws/install/turtlebot3_manipulation_description:/opt/ros/humble /usr/bin/cmake --build /home/jaeheyoung/Rokey/7.PracticalProject/Week7_Drive3/turtlebot3_ws/build/turtlebot3_manipulation_bringup -- -j20 -l20
[0.684s] Invoking command in '/home/jaeheyoung/Rokey/7.PracticalProject/Week7_Drive3/turtlebot3_ws/build/turtlebot3_manipulation_bringup': AMENT_PREFIX_PATH=/home/jaeheyoung/Rokey/7.PracticalProject/Week7_Drive3/turtlebot3_ws/install/turtlebot3_manipulation_description:${AMENT_PREFIX_PATH} CMAKE_PREFIX_PATH=/home/jaeheyoung/Rokey/7.PracticalProject/Week7_Drive3/turtlebot3_ws/install/turtlebot3_manipulation_description:/opt/ros/humble /usr/bin/cmake --install /home/jaeheyoung/Rokey/7.PracticalProject/Week7_Drive3/turtlebot3_ws/build/turtlebot3_manipulation_bringup
[0.688s] -- Install configuration: ""
[0.689s] -- Execute custom install script
[0.689s] -- Symlinking: /home/jaeheyoung/Rokey/7.PracticalProject/Week7_Drive3/turtlebot3_ws/install/turtlebot3_manipulation_bringup/share/turtlebot3_manipulation_bringup/launch/base.launch.py
[0.694s] -- Symlinking: /home/jaeheyoung/Rokey/7.PracticalProject/Week7_Drive3/turtlebot3_ws/install/turtlebot3_manipulation_bringup/share/turtlebot3_manipulation_bringup/launch/fake.launch.py
[0.701s] -- Symlinking: /home/jaeheyoung/Rokey/7.PracticalProject/Week7_Drive3/turtlebot3_ws/install/turtlebot3_manipulation_bringup/share/turtlebot3_manipulation_bringup/launch/gazebo.launch.py
[0.706s] -- Symlinking: /home/jaeheyoung/Rokey/7.PracticalProject/Week7_Drive3/turtlebot3_ws/install/turtlebot3_manipulation_bringup/share/turtlebot3_manipulation_bringup/launch/hardware.launch.py
[0.712s] -- Symlinking: /home/jaeheyoung/Rokey/7.PracticalProject/Week7_Drive3/turtlebot3_ws/install/turtlebot3_manipulation_bringup/share/turtlebot3_manipulation_bringup/config/gazebo_controller_manager.yaml
[0.718s] -- Symlinking: /home/jaeheyoung/Rokey/7.PracticalProject/Week7_Drive3/turtlebot3_ws/install/turtlebot3_manipulation_bringup/share/turtlebot3_manipulation_bringup/config/hardware_controller_manager.yaml
[0.726s] -- Symlinking: /home/jaeheyoung/Rokey/7.PracticalProject/Week7_Drive3/turtlebot3_ws/install/turtlebot3_manipulation_bringup/share/turtlebot3_manipulation_bringup/rviz/turtlebot3_manipulation.rviz
[0.732s] -- Symlinking: /home/jaeheyoung/Rokey/7.PracticalProject/Week7_Drive3/turtlebot3_ws/install/turtlebot3_manipulation_bringup/share/turtlebot3_manipulation_bringup/worlds/empty_world.model
[0.738s] -- Symlinking: /home/jaeheyoung/Rokey/7.PracticalProject/Week7_Drive3/turtlebot3_ws/install/turtlebot3_manipulation_bringup/share/turtlebot3_manipulation_bringup/worlds/turtlebot3_world.model
[0.745s] -- Symlinking: /home/jaeheyoung/Rokey/7.PracticalProject/Week7_Drive3/turtlebot3_ws/install/turtlebot3_manipulation_bringup/share/turtlebot3_manipulation_bringup/worlds/turtlebot3_world/meshes/hexagon.dae
[0.751s] -- Symlinking: /home/jaeheyoung/Rokey/7.PracticalProject/Week7_Drive3/turtlebot3_ws/install/turtlebot3_manipulation_bringup/share/turtlebot3_manipulation_bringup/worlds/turtlebot3_world/meshes/wall.dae
[0.760s] -- Symlinking: /home/jaeheyoung/Rokey/7.PracticalProject/Week7_Drive3/turtlebot3_ws/install/turtlebot3_manipulation_bringup/share/turtlebot3_manipulation_bringup/worlds/turtlebot3_world/model-1_4.sdf
[0.769s] -- Symlinking: /home/jaeheyoung/Rokey/7.PracticalProject/Week7_Drive3/turtlebot3_ws/install/turtlebot3_manipulation_bringup/share/turtlebot3_manipulation_bringup/worlds/turtlebot3_world/model.config
[0.778s] -- Symlinking: /home/jaeheyoung/Rokey/7.PracticalProject/Week7_Drive3/turtlebot3_ws/install/turtlebot3_manipulation_bringup/share/turtlebot3_manipulation_bringup/worlds/turtlebot3_world/model.sdf
[0.787s] -- Symlinking: /home/jaeheyoung/Rokey/7.PracticalProject/Week7_Drive3/turtlebot3_ws/install/turtlebot3_manipulation_bringup/share/turtlebot3_manipulation_bringup/environment/turtlebot3_manipulation_bringup.dsv
[0.796s] -- Symlinking: /home/jaeheyoung/Rokey/7.PracticalProject/Week7_Drive3/turtlebot3_ws/install/turtlebot3_manipulation_bringup/share/ament_index/resource_index/package_run_dependencies/turtlebot3_manipulation_bringup
[0.803s] -- Symlinking: /home/jaeheyoung/Rokey/7.PracticalProject/Week7_Drive3/turtlebot3_ws/install/turtlebot3_manipulation_bringup/share/ament_index/resource_index/parent_prefix_path/turtlebot3_manipulation_bringup
[0.809s] -- Symlinking: /home/jaeheyoung/Rokey/7.PracticalProject/Week7_Drive3/turtlebot3_ws/install/turtlebot3_manipulation_bringup/share/turtlebot3_manipulation_bringup/environment/ament_prefix_path.sh
[0.815s] -- Symlinking: /home/jaeheyoung/Rokey/7.PracticalProject/Week7_Drive3/turtlebot3_ws/install/turtlebot3_manipulation_bringup/share/turtlebot3_manipulation_bringup/environment/ament_prefix_path.dsv
[0.824s] -- Symlinking: /home/jaeheyoung/Rokey/7.PracticalProject/Week7_Drive3/turtlebot3_ws/install/turtlebot3_manipulation_bringup/share/turtlebot3_manipulation_bringup/environment/path.sh
[0.830s] -- Symlinking: /home/jaeheyoung/Rokey/7.PracticalProject/Week7_Drive3/turtlebot3_ws/install/turtlebot3_manipulation_bringup/share/turtlebot3_manipulation_bringup/environment/path.dsv
[0.837s] -- Symlinking: /home/jaeheyoung/Rokey/7.PracticalProject/Week7_Drive3/turtlebot3_ws/install/turtlebot3_manipulation_bringup/share/turtlebot3_manipulation_bringup/local_setup.bash
[0.846s] -- Symlinking: /home/jaeheyoung/Rokey/7.PracticalProject/Week7_Drive3/turtlebot3_ws/install/turtlebot3_manipulation_bringup/share/turtlebot3_manipulation_bringup/local_setup.sh
[0.856s] -- Symlinking: /home/jaeheyoung/Rokey/7.PracticalProject/Week7_Drive3/turtlebot3_ws/install/turtlebot3_manipulation_bringup/share/turtlebot3_manipulation_bringup/local_setup.zsh
[0.866s] -- Symlinking: /home/jaeheyoung/Rokey/7.PracticalProject/Week7_Drive3/turtlebot3_ws/install/turtlebot3_manipulation_bringup/share/turtlebot3_manipulation_bringup/local_setup.dsv
[0.875s] -- Symlinking: /home/jaeheyoung/Rokey/7.PracticalProject/Week7_Drive3/turtlebot3_ws/install/turtlebot3_manipulation_bringup/share/turtlebot3_manipulation_bringup/package.dsv
[0.884s] -- Symlinking: /home/jaeheyoung/Rokey/7.PracticalProject/Week7_Drive3/turtlebot3_ws/install/turtlebot3_manipulation_bringup/share/ament_index/resource_index/packages/turtlebot3_manipulation_bringup
[0.891s] -- Symlinking: /home/jaeheyoung/Rokey/7.PracticalProject/Week7_Drive3/turtlebot3_ws/install/turtlebot3_manipulation_bringup/share/turtlebot3_manipulation_bringup/cmake/turtlebot3_manipulation_bringupConfig.cmake
[0.898s] -- Symlinking: /home/jaeheyoung/Rokey/7.PracticalProject/Week7_Drive3/turtlebot3_ws/install/turtlebot3_manipulation_bringup/share/turtlebot3_manipulation_bringup/cmake/turtlebot3_manipulation_bringupConfig-version.cmake
[0.907s] -- Symlinking: /home/jaeheyoung/Rokey/7.PracticalProject/Week7_Drive3/turtlebot3_ws/install/turtlebot3_manipulation_bringup/share/turtlebot3_manipulation_bringup/package.xml
[0.919s] Invoked command in '/home/jaeheyoung/Rokey/7.PracticalProject/Week7_Drive3/turtlebot3_ws/build/turtlebot3_manipulation_bringup' returned '0': AMENT_PREFIX_PATH=/home/jaeheyoung/Rokey/7.PracticalProject/Week7_Drive3/turtlebot3_ws/install/turtlebot3_manipulation_description:${AMENT_PREFIX_PATH} CMAKE_PREFIX_PATH=/home/jaeheyoung/Rokey/7.PracticalProject/Week7_Drive3/turtlebot3_ws/install/turtlebot3_manipulation_description:/opt/ros/humble /usr/bin/cmake --install /home/jaeheyoung/Rokey/7.PracticalProject/Week7_Drive3/turtlebot3_ws/build/turtlebot3_manipulation_bringup
