-- Install configuration: ""
-- Up-to-date: /home/jaeheyoung/Rokey/7.PracticalProject/Week3_Coop2/DR_ws/install/common2/share/ament_index/resource_index/package_run_dependencies/common2
-- Up-to-date: /home/jaeheyoung/Rokey/7.PracticalProject/Week3_Coop2/DR_ws/install/common2/share/ament_index/resource_index/parent_prefix_path/common2
-- Up-to-date: /home/jaeheyoung/Rokey/7.PracticalProject/Week3_Coop2/DR_ws/install/common2/share/common2/environment/ament_prefix_path.sh
-- Up-to-date: /home/jaeheyoung/Rokey/7.PracticalProject/Week3_Coop2/DR_ws/install/common2/share/common2/environment/ament_prefix_path.dsv
-- Up-to-date: /home/jaeheyoung/Rokey/7.PracticalProject/Week3_Coop2/DR_ws/install/common2/share/common2/environment/path.sh
-- Up-to-date: /home/jaeheyoung/Rokey/7.PracticalProject/Week3_Coop2/DR_ws/install/common2/share/common2/environment/path.dsv
-- Up-to-date: /home/jaeheyoung/Rokey/7.PracticalProject/Week3_Coop2/DR_ws/install/common2/share/common2/local_setup.bash
-- Up-to-date: /home/jaeheyoung/Rokey/7.PracticalProject/Week3_Coop2/DR_ws/install/common2/share/common2/local_setup.sh
-- Up-to-date: /home/jaeheyoung/Rokey/7.PracticalProject/Week3_Coop2/DR_ws/install/common2/share/common2/local_setup.zsh
-- Up-to-date: /home/jaeheyoung/Rokey/7.PracticalProject/Week3_Coop2/DR_ws/install/common2/share/common2/local_setup.dsv
-- Installing: /home/jaeheyoung/Rokey/7.PracticalProject/Week3_Coop2/DR_ws/install/common2/share/common2/package.dsv
-- Up-to-date: /home/jaeheyoung/Rokey/7.PracticalProject/Week3_Coop2/DR_ws/install/common2/share/ament_index/resource_index/packages/common2
-- Up-to-date: /home/jaeheyoung/Rokey/7.PracticalProject/Week3_Coop2/DR_ws/install/common2/share/common2/cmake/common2Config.cmake
-- Up-to-date: /home/jaeheyoung/Rokey/7.PracticalProject/Week3_Coop2/DR_ws/install/common2/share/common2/cmake/common2Config-version.cmake
-- Up-to-date: /home/jaeheyoung/Rokey/7.PracticalProject/Week3_Coop2/DR_ws/install/common2/share/common2/package.xml
-- Up-to-date: /home/jaeheyoung/Rokey/7.PracticalProject/Week3_Coop2/DR_ws/install/common2/share/common2/bin
-- Up-to-date: /home/jaeheyoung/Rokey/7.PracticalProject/Week3_Coop2/DR_ws/install/common2/share/common2/bin/common2
-- Up-to-date: /home/jaeheyoung/Rokey/7.PracticalProject/Week3_Coop2/DR_ws/install/common2/share/common2/bin/run_drcf.sh
-- Up-to-date: /home/jaeheyoung/Rokey/7.PracticalProject/Week3_Coop2/DR_ws/install/common2/lib/common2/imp
-- Up-to-date: /home/jaeheyoung/Rokey/7.PracticalProject/Week3_Coop2/DR_ws/install/common2/lib/common2/imp/DSR_ROBOT2.py
-- Up-to-date: /home/jaeheyoung/Rokey/7.PracticalProject/Week3_Coop2/DR_ws/install/common2/lib/common2/imp/DR_init.py
-- Up-to-date: /home/jaeheyoung/Rokey/7.PracticalProject/Week3_Coop2/DR_ws/install/common2/lib/common2/imp/DSR_util2.py
-- Up-to-date: /home/jaeheyoung/Rokey/7.PracticalProject/Week3_Coop2/DR_ws/install/common2/lib/common2/imp/DR_common2.py
-- Up-to-date: /home/jaeheyoung/Rokey/7.PracticalProject/Week3_Coop2/DR_ws/install/common2/lib/common2/imp/__init__.py
-- Up-to-date: /home/jaeheyoung/Rokey/7.PracticalProject/Week3_Coop2/DR_ws/install/common2/lib/common2/imp/DR_tcp_server2.py
-- Up-to-date: /home/jaeheyoung/Rokey/7.PracticalProject/Week3_Coop2/DR_ws/install/common2/lib/common2/imp/DR_tcp_client2.py
-- Up-to-date: /home/jaeheyoung/Rokey/7.PracticalProject/Week3_Coop2/DR_ws/install/common2/lib/common2/imp/DR_error2.py
-- Up-to-date: /home/jaeheyoung/Rokey/7.PracticalProject/Week3_Coop2/DR_ws/install/common2/lib/common2/imp/DRFC.py
