[1.500s] Invoking command in '/home/jaeheyoung/Rokey/7.PracticalProject/Week5_Coop3/coop3_ws/build/firedetect': PYTHONPATH=/home/jaeheyoung/Rokey/7.PracticalProject/Week5_Coop3/coop3_ws/build/firedetect/prefix_override:/usr/lib/python3/dist-packages/colcon_core/task/python/colcon_distutils_commands:/home/jaeheyoung/Rokey/7.PracticalProject/Week5_Coop3/coop3_ws/install/firedetect/lib/python3.10/site-packages:${PYTHONPATH} /usr/bin/python3 -W ignore:setup.py install is deprecated setup.py develop --editable --build-directory /home/jaeheyoung/Rokey/7.PracticalProject/Week5_Coop3/coop3_ws/build/firedetect/build --no-deps symlink_data
[1.840s] running develop
[2.072s] running egg_info
[2.072s] creating firedetect.egg-info
[2.073s] writing firedetect.egg-info/PKG-INFO
[2.073s] writing dependency_links to firedetect.egg-info/dependency_links.txt
[2.073s] writing entry points to firedetect.egg-info/entry_points.txt
[2.073s] writing requirements to firedetect.egg-info/requires.txt
[2.073s] writing top-level names to firedetect.egg-info/top_level.txt
[2.073s] writing manifest file 'firedetect.egg-info/SOURCES.txt'
[2.075s] reading manifest file 'firedetect.egg-info/SOURCES.txt'
[2.076s] writing manifest file 'firedetect.egg-info/SOURCES.txt'
[2.079s] running build_ext
[2.080s] Creating /home/jaeheyoung/Rokey/7.PracticalProject/Week5_Coop3/coop3_ws/install/firedetect/lib/python3.10/site-packages/firedetect.egg-link (link to .)
[2.080s] 
[2.080s] Installed /home/jaeheyoung/Rokey/7.PracticalProject/Week5_Coop3/coop3_ws/build/firedetect
[2.080s] running symlink_data
[2.081s] creating /home/jaeheyoung/Rokey/7.PracticalProject/Week5_Coop3/coop3_ws/install/firedetect/share/ament_index
[2.082s] creating /home/jaeheyoung/Rokey/7.PracticalProject/Week5_Coop3/coop3_ws/install/firedetect/share/ament_index/resource_index
[2.082s] creating /home/jaeheyoung/Rokey/7.PracticalProject/Week5_Coop3/coop3_ws/install/firedetect/share/ament_index/resource_index/packages
[2.083s] symbolically linking /home/jaeheyoung/Rokey/7.PracticalProject/Week5_Coop3/coop3_ws/build/firedetect/resource/firedetect -> /home/jaeheyoung/Rokey/7.PracticalProject/Week5_Coop3/coop3_ws/install/firedetect/share/ament_index/resource_index/packages
[2.083s] symbolically linking /home/jaeheyoung/Rokey/7.PracticalProject/Week5_Coop3/coop3_ws/build/firedetect/package.xml -> /home/jaeheyoung/Rokey/7.PracticalProject/Week5_Coop3/coop3_ws/install/firedetect/share/firedetect
[2.111s] Invoked command in '/home/jaeheyoung/Rokey/7.PracticalProject/Week5_Coop3/coop3_ws/build/firedetect' returned '0': PYTHONPATH=/home/jaeheyoung/Rokey/7.PracticalProject/Week5_Coop3/coop3_ws/build/firedetect/prefix_override:/usr/lib/python3/dist-packages/colcon_core/task/python/colcon_distutils_commands:/home/jaeheyoung/Rokey/7.PracticalProject/Week5_Coop3/coop3_ws/install/firedetect/lib/python3.10/site-packages:${PYTHONPATH} /usr/bin/python3 -W ignore:setup.py install is deprecated setup.py develop --editable --build-directory /home/jaeheyoung/Rokey/7.PracticalProject/Week5_Coop3/coop3_ws/build/firedetect/build --no-deps symlink_data
