[0.006s] Invoking command in '/home/jaeheyoung/Rokey/7.PracticalProject/Week7_Drive3/turtlebot3_ws/build/turtlebot3_manipulation_teleop': AMENT_PREFIX_PATH=/home/jaeheyoung/Rokey/7.PracticalProject/Week7_Drive3/turtlebot3_ws/install/turtlebot3_manipulation_moveit_config:/home/jaeheyoung/Rokey/7.PracticalProject/Week7_Drive3/turtlebot3_ws/install/turtlebot3_manipulation_bringup:/home/jaeheyoung/Rokey/7.PracticalProject/Week7_Drive3/turtlebot3_ws/install/turtlebot3_manipulation_description:${AMENT_PREFIX_PATH} CMAKE_PREFIX_PATH=/home/jaeheyoung/Rokey/7.PracticalProject/Week7_Drive3/turtlebot3_ws/install/turtlebot3_manipulation_moveit_config:/home/jaeheyoung/Rokey/7.PracticalProject/Week7_Drive3/turtlebot3_ws/install/turtlebot3_manipulation_bringup:/home/jaeheyoung/Rokey/7.PracticalProject/Week7_Drive3/turtlebot3_ws/install/turtlebot3_manipulation_description:/opt/ros/humble /usr/bin/cmake /home/jaeheyoung/Rokey/7.PracticalProject/Week7_Drive3/turtlebot3_ws/src/turtlebot3_manipulation/turtlebot3_manipulation_teleop -DAMENT_CMAKE_SYMLINK_INSTALL=1 -DCMAKE_INSTALL_PREFIX=/home/jaeheyoung/Rokey/7.PracticalProject/Week7_Drive3/turtlebot3_ws/install/turtlebot3_manipulation_teleop
[0.049s] -- The C compiler identification is GNU 11.4.0
[0.085s] -- The CXX compiler identification is GNU 11.4.0
[0.090s] -- Detecting C compiler ABI info
[0.142s] -- Detecting C compiler ABI info - done
[0.146s] -- Check for working C compiler: /usr/bin/cc - skipped
[0.146s] -- Detecting C compile features
[0.146s] -- Detecting C compile features - done
[0.149s] -- Detecting CXX compiler ABI info
[0.207s] -- Detecting CXX compiler ABI info - done
[0.212s] -- Check for working CXX compiler: /usr/bin/c++ - skipped
[0.212s] -- Detecting CXX compile features
[0.212s] -- Detecting CXX compile features - done
[0.214s] -- Found ament_cmake: 1.3.11 (/opt/ros/humble/share/ament_cmake/cmake)
[0.457s] -- Found Python3: /usr/bin/python3 (found version "3.10.12") found components: Interpreter 
[0.502s] -- Override CMake install command with custom implementation using symlinks instead of copying resources
[0.527s] -- Found rclcpp: 16.0.11 (/opt/ros/humble/share/rclcpp/cmake)
[0.559s] -- Found rosidl_generator_c: 3.1.6 (/opt/ros/humble/share/rosidl_generator_c/cmake)
[0.563s] -- Found rosidl_adapter: 3.1.6 (/opt/ros/humble/share/rosidl_adapter/cmake)
[0.568s] -- Found rosidl_generator_cpp: 3.1.6 (/opt/ros/humble/share/rosidl_generator_cpp/cmake)
[0.575s] -- Using all available rosidl_typesupport_c: rosidl_typesupport_fastrtps_c;rosidl_typesupport_introspection_c
[0.585s] -- Using all available rosidl_typesupport_cpp: rosidl_typesupport_fastrtps_cpp;rosidl_typesupport_introspection_cpp
[0.612s] -- Found rmw_implementation_cmake: 6.1.2 (/opt/ros/humble/share/rmw_implementation_cmake/cmake)
[0.614s] -- Found rmw_cyclonedds_cpp: 1.3.4 (/opt/ros/humble/share/rmw_cyclonedds_cpp/cmake)
[0.627s] -- Using RMW implementation 'rmw_cyclonedds_cpp' as default
[0.632s] -- Looking for pthread.h
[0.688s] -- Looking for pthread.h - found
[0.688s] -- Performing Test CMAKE_HAVE_LIBC_PTHREAD
[0.744s] -- Performing Test CMAKE_HAVE_LIBC_PTHREAD - Success
[0.744s] -- Found Threads: TRUE  
[0.774s] -- Found turtlebot3_manipulation_bringup: 2.2.0 (/home/jaeheyoung/Rokey/7.PracticalProject/Week7_Drive3/turtlebot3_ws/install/turtlebot3_manipulation_bringup/share/turtlebot3_manipulation_bringup/cmake)
[0.774s] -- Found turtlebot3_manipulation_moveit_config: 2.2.0 (/home/jaeheyoung/Rokey/7.PracticalProject/Week7_Drive3/turtlebot3_ws/install/turtlebot3_manipulation_moveit_config/share/turtlebot3_manipulation_moveit_config/cmake)
[0.774s] -- Found turtlebot3_manipulation_description: 2.2.0 (/home/jaeheyoung/Rokey/7.PracticalProject/Week7_Drive3/turtlebot3_ws/install/turtlebot3_manipulation_description/share/turtlebot3_manipulation_description/cmake)
[0.775s] -- Found geometry_msgs: 4.2.4 (/opt/ros/humble/share/geometry_msgs/cmake)
[0.783s] -- Found nav_msgs: 4.2.4 (/opt/ros/humble/share/nav_msgs/cmake)
[0.793s] -- Found control_msgs: 4.7.0 (/opt/ros/humble/share/control_msgs/cmake)
[0.841s] -- Found std_srvs: 4.2.4 (/opt/ros/humble/share/std_srvs/cmake)
[0.847s] -- Found rclcpp_action: 16.0.11 (/opt/ros/humble/share/rclcpp_action/cmake)
[0.855s] -- Found ament_lint_auto: 0.12.11 (/opt/ros/humble/share/ament_lint_auto/cmake)
[0.906s] -- Added test 'copyright' to check source files copyright and LICENSE
[0.906s] -- Added test 'cppcheck' to perform static code analysis on C / C++ code
[0.906s] -- Configured cppcheck include dirs: $<BUILD_INTERFACE:/home/jaeheyoung/Rokey/7.PracticalProject/Week7_Drive3/turtlebot3_ws/src/turtlebot3_manipulation/turtlebot3_manipulation_teleop/include>
[0.906s] -- Configured cppcheck exclude dirs and/or files: 
[0.907s] -- Added test 'cpplint' to check C / C++ code against the Google style
[0.907s] -- Configured cpplint exclude dirs and/or files: 
[0.907s] -- Added test 'lint_cmake' to check CMake code style
[0.908s] -- Added test 'uncrustify' to check C / C++ code style
[0.908s] -- Configured uncrustify additional arguments: 
[0.908s] -- Added test 'xmllint' to check XML markup files
[0.909s] -- Configuring done
[0.916s] -- Generating done
[0.919s] -- Build files have been written to: /home/jaeheyoung/Rokey/7.PracticalProject/Week7_Drive3/turtlebot3_ws/build/turtlebot3_manipulation_teleop
[0.926s] Invoked command in '/home/jaeheyoung/Rokey/7.PracticalProject/Week7_Drive3/turtlebot3_ws/build/turtlebot3_manipulation_teleop' returned '0': AMENT_PREFIX_PATH=/home/jaeheyoung/Rokey/7.PracticalProject/Week7_Drive3/turtlebot3_ws/install/turtlebot3_manipulation_moveit_config:/home/jaeheyoung/Rokey/7.PracticalProject/Week7_Drive3/turtlebot3_ws/install/turtlebot3_manipulation_bringup:/home/jaeheyoung/Rokey/7.PracticalProject/Week7_Drive3/turtlebot3_ws/install/turtlebot3_manipulation_description:${AMENT_PREFIX_PATH} CMAKE_PREFIX_PATH=/home/jaeheyoung/Rokey/7.PracticalProject/Week7_Drive3/turtlebot3_ws/install/turtlebot3_manipulation_moveit_config:/home/jaeheyoung/Rokey/7.PracticalProject/Week7_Drive3/turtlebot3_ws/install/turtlebot3_manipulation_bringup:/home/jaeheyoung/Rokey/7.PracticalProject/Week7_Drive3/turtlebot3_ws/install/turtlebot3_manipulation_description:/opt/ros/humble /usr/bin/cmake /home/jaeheyoung/Rokey/7.PracticalProject/Week7_Drive3/turtlebot3_ws/src/turtlebot3_manipulation/turtlebot3_manipulation_teleop -DAMENT_CMAKE_SYMLINK_INSTALL=1 -DCMAKE_INSTALL_PREFIX=/home/jaeheyoung/Rokey/7.PracticalProject/Week7_Drive3/turtlebot3_ws/install/turtlebot3_manipulation_teleop
[0.927s] Invoking command in '/home/jaeheyoung/Rokey/7.PracticalProject/Week7_Drive3/turtlebot3_ws/build/turtlebot3_manipulation_teleop': AMENT_PREFIX_PATH=/home/jaeheyoung/Rokey/7.PracticalProject/Week7_Drive3/turtlebot3_ws/install/turtlebot3_manipulation_moveit_config:/home/jaeheyoung/Rokey/7.PracticalProject/Week7_Drive3/turtlebot3_ws/install/turtlebot3_manipulation_bringup:/home/jaeheyoung/Rokey/7.PracticalProject/Week7_Drive3/turtlebot3_ws/install/turtlebot3_manipulation_description:${AMENT_PREFIX_PATH} CMAKE_PREFIX_PATH=/home/jaeheyoung/Rokey/7.PracticalProject/Week7_Drive3/turtlebot3_ws/install/turtlebot3_manipulation_moveit_config:/home/jaeheyoung/Rokey/7.PracticalProject/Week7_Drive3/turtlebot3_ws/install/turtlebot3_manipulation_bringup:/home/jaeheyoung/Rokey/7.PracticalProject/Week7_Drive3/turtlebot3_ws/install/turtlebot3_manipulation_description:/opt/ros/humble /usr/bin/cmake --build /home/jaeheyoung/Rokey/7.PracticalProject/Week7_Drive3/turtlebot3_ws/build/turtlebot3_manipulation_teleop -- -j20 -l20
[0.964s] [ 50%] [32mBuilding CXX object CMakeFiles/turtlebot3_manipulation_teleop.dir/src/turtlebot3_manipulation_teleop.cpp.o[0m
[4.620s] [100%] [32m[1mLinking CXX executable turtlebot3_manipulation_teleop[0m
[4.805s] [100%] Built target turtlebot3_manipulation_teleop
[4.813s] Invoked command in '/home/jaeheyoung/Rokey/7.PracticalProject/Week7_Drive3/turtlebot3_ws/build/turtlebot3_manipulation_teleop' returned '0': AMENT_PREFIX_PATH=/home/jaeheyoung/Rokey/7.PracticalProject/Week7_Drive3/turtlebot3_ws/install/turtlebot3_manipulation_moveit_config:/home/jaeheyoung/Rokey/7.PracticalProject/Week7_Drive3/turtlebot3_ws/install/turtlebot3_manipulation_bringup:/home/jaeheyoung/Rokey/7.PracticalProject/Week7_Drive3/turtlebot3_ws/install/turtlebot3_manipulation_description:${AMENT_PREFIX_PATH} CMAKE_PREFIX_PATH=/home/jaeheyoung/Rokey/7.PracticalProject/Week7_Drive3/turtlebot3_ws/install/turtlebot3_manipulation_moveit_config:/home/jaeheyoung/Rokey/7.PracticalProject/Week7_Drive3/turtlebot3_ws/install/turtlebot3_manipulation_bringup:/home/jaeheyoung/Rokey/7.PracticalProject/Week7_Drive3/turtlebot3_ws/install/turtlebot3_manipulation_description:/opt/ros/humble /usr/bin/cmake --build /home/jaeheyoung/Rokey/7.PracticalProject/Week7_Drive3/turtlebot3_ws/build/turtlebot3_manipulation_teleop -- -j20 -l20
[4.814s] Invoking command in '/home/jaeheyoung/Rokey/7.PracticalProject/Week7_Drive3/turtlebot3_ws/build/turtlebot3_manipulation_teleop': AMENT_PREFIX_PATH=/home/jaeheyoung/Rokey/7.PracticalProject/Week7_Drive3/turtlebot3_ws/install/turtlebot3_manipulation_moveit_config:/home/jaeheyoung/Rokey/7.PracticalProject/Week7_Drive3/turtlebot3_ws/install/turtlebot3_manipulation_bringup:/home/jaeheyoung/Rokey/7.PracticalProject/Week7_Drive3/turtlebot3_ws/install/turtlebot3_manipulation_description:${AMENT_PREFIX_PATH} CMAKE_PREFIX_PATH=/home/jaeheyoung/Rokey/7.PracticalProject/Week7_Drive3/turtlebot3_ws/install/turtlebot3_manipulation_moveit_config:/home/jaeheyoung/Rokey/7.PracticalProject/Week7_Drive3/turtlebot3_ws/install/turtlebot3_manipulation_bringup:/home/jaeheyoung/Rokey/7.PracticalProject/Week7_Drive3/turtlebot3_ws/install/turtlebot3_manipulation_description:/opt/ros/humble /usr/bin/cmake --install /home/jaeheyoung/Rokey/7.PracticalProject/Week7_Drive3/turtlebot3_ws/build/turtlebot3_manipulation_teleop
[4.821s] -- Install configuration: ""
[4.821s] -- Execute custom install script
[4.822s] -- Symlinking: /home/jaeheyoung/Rokey/7.PracticalProject/Week7_Drive3/turtlebot3_ws/install/turtlebot3_manipulation_teleop/lib/turtlebot3_manipulation_teleop/turtlebot3_manipulation_teleop
[4.827s] -- Symlinking: /home/jaeheyoung/Rokey/7.PracticalProject/Week7_Drive3/turtlebot3_ws/install/turtlebot3_manipulation_teleop/share/ament_index/resource_index/package_run_dependencies/turtlebot3_manipulation_teleop
[4.834s] -- Symlinking: /home/jaeheyoung/Rokey/7.PracticalProject/Week7_Drive3/turtlebot3_ws/install/turtlebot3_manipulation_teleop/share/ament_index/resource_index/parent_prefix_path/turtlebot3_manipulation_teleop
[4.841s] -- Symlinking: /home/jaeheyoung/Rokey/7.PracticalProject/Week7_Drive3/turtlebot3_ws/install/turtlebot3_manipulation_teleop/share/turtlebot3_manipulation_teleop/environment/ament_prefix_path.sh
[4.847s] -- Symlinking: /home/jaeheyoung/Rokey/7.PracticalProject/Week7_Drive3/turtlebot3_ws/install/turtlebot3_manipulation_teleop/share/turtlebot3_manipulation_teleop/environment/ament_prefix_path.dsv
[4.854s] -- Symlinking: /home/jaeheyoung/Rokey/7.PracticalProject/Week7_Drive3/turtlebot3_ws/install/turtlebot3_manipulation_teleop/share/turtlebot3_manipulation_teleop/environment/path.sh
[4.862s] -- Symlinking: /home/jaeheyoung/Rokey/7.PracticalProject/Week7_Drive3/turtlebot3_ws/install/turtlebot3_manipulation_teleop/share/turtlebot3_manipulation_teleop/environment/path.dsv
[4.869s] -- Symlinking: /home/jaeheyoung/Rokey/7.PracticalProject/Week7_Drive3/turtlebot3_ws/install/turtlebot3_manipulation_teleop/share/turtlebot3_manipulation_teleop/local_setup.bash
[4.875s] -- Symlinking: /home/jaeheyoung/Rokey/7.PracticalProject/Week7_Drive3/turtlebot3_ws/install/turtlebot3_manipulation_teleop/share/turtlebot3_manipulation_teleop/local_setup.sh
[4.884s] -- Symlinking: /home/jaeheyoung/Rokey/7.PracticalProject/Week7_Drive3/turtlebot3_ws/install/turtlebot3_manipulation_teleop/share/turtlebot3_manipulation_teleop/local_setup.zsh
[4.890s] -- Symlinking: /home/jaeheyoung/Rokey/7.PracticalProject/Week7_Drive3/turtlebot3_ws/install/turtlebot3_manipulation_teleop/share/turtlebot3_manipulation_teleop/local_setup.dsv
[4.896s] -- Symlinking: /home/jaeheyoung/Rokey/7.PracticalProject/Week7_Drive3/turtlebot3_ws/install/turtlebot3_manipulation_teleop/share/turtlebot3_manipulation_teleop/package.dsv
[4.902s] -- Symlinking: /home/jaeheyoung/Rokey/7.PracticalProject/Week7_Drive3/turtlebot3_ws/install/turtlebot3_manipulation_teleop/share/ament_index/resource_index/packages/turtlebot3_manipulation_teleop
[4.909s] -- Symlinking: /home/jaeheyoung/Rokey/7.PracticalProject/Week7_Drive3/turtlebot3_ws/install/turtlebot3_manipulation_teleop/share/turtlebot3_manipulation_teleop/cmake/turtlebot3_manipulation_teleopConfig.cmake
[4.914s] -- Symlinking: /home/jaeheyoung/Rokey/7.PracticalProject/Week7_Drive3/turtlebot3_ws/install/turtlebot3_manipulation_teleop/share/turtlebot3_manipulation_teleop/cmake/turtlebot3_manipulation_teleopConfig-version.cmake
[4.919s] -- Symlinking: /home/jaeheyoung/Rokey/7.PracticalProject/Week7_Drive3/turtlebot3_ws/install/turtlebot3_manipulation_teleop/share/turtlebot3_manipulation_teleop/package.xml
[4.927s] Invoked command in '/home/jaeheyoung/Rokey/7.PracticalProject/Week7_Drive3/turtlebot3_ws/build/turtlebot3_manipulation_teleop' returned '0': AMENT_PREFIX_PATH=/home/jaeheyoung/Rokey/7.PracticalProject/Week7_Drive3/turtlebot3_ws/install/turtlebot3_manipulation_moveit_config:/home/jaeheyoung/Rokey/7.PracticalProject/Week7_Drive3/turtlebot3_ws/install/turtlebot3_manipulation_bringup:/home/jaeheyoung/Rokey/7.PracticalProject/Week7_Drive3/turtlebot3_ws/install/turtlebot3_manipulation_description:${AMENT_PREFIX_PATH} CMAKE_PREFIX_PATH=/home/jaeheyoung/Rokey/7.PracticalProject/Week7_Drive3/turtlebot3_ws/install/turtlebot3_manipulation_moveit_config:/home/jaeheyoung/Rokey/7.PracticalProject/Week7_Drive3/turtlebot3_ws/install/turtlebot3_manipulation_bringup:/home/jaeheyoung/Rokey/7.PracticalProject/Week7_Drive3/turtlebot3_ws/install/turtlebot3_manipulation_description:/opt/ros/humble /usr/bin/cmake --install /home/jaeheyoung/Rokey/7.PracticalProject/Week7_Drive3/turtlebot3_ws/build/turtlebot3_manipulation_teleop
