[0.057s] Invoking command in '/home/jaeheyoung/Rokey/7.PracticalProject/Week3_Coop2/DR_ws/build/common2': CMAKE_PREFIX_PATH=${CMAKE_PREFIX_PATH}:/home/jaeheyoung/Rokey/7.PracticalProject/Week3_Coop2/DR_ws/install/visualservoing:/home/jaeheyoung/Rokey/7.PracticalProject/Week3_Coop2/DR_ws/install/rokey:/home/jaeheyoung/Rokey/7.PracticalProject/Week3_Coop2/DR_ws/install/example:/home/jaeheyoung/Rokey/7.PracticalProject/Week3_Coop2/DR_ws/install/dsr_tests:/home/jaeheyoung/Rokey/7.PracticalProject/Week3_Coop2/DR_ws/install/dsr_bringup2:/opt/ros/humble /usr/bin/cmake --build /home/jaeheyoung/Rokey/7.PracticalProject/Week3_Coop2/DR_ws/build/common2 -- -j20 -l20
[0.612s] Invoked command in '/home/jaeheyoung/Rokey/7.PracticalProject/Week3_Coop2/DR_ws/build/common2' returned '0': CMAKE_PREFIX_PATH=${CMAKE_PREFIX_PATH}:/home/jaeheyoung/Rokey/7.PracticalProject/Week3_Coop2/DR_ws/install/visualservoing:/home/jaeheyoung/Rokey/7.PracticalProject/Week3_Coop2/DR_ws/install/rokey:/home/jaeheyoung/Rokey/7.PracticalProject/Week3_Coop2/DR_ws/install/example:/home/jaeheyoung/Rokey/7.PracticalProject/Week3_Coop2/DR_ws/install/dsr_tests:/home/jaeheyoung/Rokey/7.PracticalProject/Week3_Coop2/DR_ws/install/dsr_bringup2:/opt/ros/humble /usr/bin/cmake --build /home/jaeheyoung/Rokey/7.PracticalProject/Week3_Coop2/DR_ws/build/common2 -- -j20 -l20
[0.658s] Invoking command in '/home/jaeheyoung/Rokey/7.PracticalProject/Week3_Coop2/DR_ws/build/common2': CMAKE_PREFIX_PATH=${CMAKE_PREFIX_PATH}:/home/jaeheyoung/Rokey/7.PracticalProject/Week3_Coop2/DR_ws/install/visualservoing:/home/jaeheyoung/Rokey/7.PracticalProject/Week3_Coop2/DR_ws/install/rokey:/home/jaeheyoung/Rokey/7.PracticalProject/Week3_Coop2/DR_ws/install/example:/home/jaeheyoung/Rokey/7.PracticalProject/Week3_Coop2/DR_ws/install/dsr_tests:/home/jaeheyoung/Rokey/7.PracticalProject/Week3_Coop2/DR_ws/install/dsr_bringup2:/opt/ros/humble /usr/bin/cmake --install /home/jaeheyoung/Rokey/7.PracticalProject/Week3_Coop2/DR_ws/build/common2
[0.693s] -- Install configuration: ""
[0.694s] -- Up-to-date: /home/jaeheyoung/Rokey/7.PracticalProject/Week3_Coop2/DR_ws/install/common2/share/ament_index/resource_index/package_run_dependencies/common2
[0.694s] -- Up-to-date: /home/jaeheyoung/Rokey/7.PracticalProject/Week3_Coop2/DR_ws/install/common2/share/ament_index/resource_index/parent_prefix_path/common2
[0.695s] -- Up-to-date: /home/jaeheyoung/Rokey/7.PracticalProject/Week3_Coop2/DR_ws/install/common2/share/common2/environment/ament_prefix_path.sh
[0.695s] -- Up-to-date: /home/jaeheyoung/Rokey/7.PracticalProject/Week3_Coop2/DR_ws/install/common2/share/common2/environment/ament_prefix_path.dsv
[0.695s] -- Up-to-date: /home/jaeheyoung/Rokey/7.PracticalProject/Week3_Coop2/DR_ws/install/common2/share/common2/environment/path.sh
[0.695s] -- Up-to-date: /home/jaeheyoung/Rokey/7.PracticalProject/Week3_Coop2/DR_ws/install/common2/share/common2/environment/path.dsv
[0.695s] -- Up-to-date: /home/jaeheyoung/Rokey/7.PracticalProject/Week3_Coop2/DR_ws/install/common2/share/common2/local_setup.bash
[0.695s] -- Up-to-date: /home/jaeheyoung/Rokey/7.PracticalProject/Week3_Coop2/DR_ws/install/common2/share/common2/local_setup.sh
[0.695s] -- Up-to-date: /home/jaeheyoung/Rokey/7.PracticalProject/Week3_Coop2/DR_ws/install/common2/share/common2/local_setup.zsh
[0.696s] -- Up-to-date: /home/jaeheyoung/Rokey/7.PracticalProject/Week3_Coop2/DR_ws/install/common2/share/common2/local_setup.dsv
[0.696s] -- Up-to-date: /home/jaeheyoung/Rokey/7.PracticalProject/Week3_Coop2/DR_ws/install/common2/share/common2/package.dsv
[0.696s] -- Up-to-date: /home/jaeheyoung/Rokey/7.PracticalProject/Week3_Coop2/DR_ws/install/common2/share/ament_index/resource_index/packages/common2
[0.696s] -- Up-to-date: /home/jaeheyoung/Rokey/7.PracticalProject/Week3_Coop2/DR_ws/install/common2/share/common2/cmake/common2Config.cmake
[0.696s] -- Up-to-date: /home/jaeheyoung/Rokey/7.PracticalProject/Week3_Coop2/DR_ws/install/common2/share/common2/cmake/common2Config-version.cmake
[0.696s] -- Up-to-date: /home/jaeheyoung/Rokey/7.PracticalProject/Week3_Coop2/DR_ws/install/common2/share/common2/package.xml
[0.696s] -- Up-to-date: /home/jaeheyoung/Rokey/7.PracticalProject/Week3_Coop2/DR_ws/install/common2/share/common2/bin
[0.696s] -- Up-to-date: /home/jaeheyoung/Rokey/7.PracticalProject/Week3_Coop2/DR_ws/install/common2/share/common2/bin/common2
[0.697s] -- Up-to-date: /home/jaeheyoung/Rokey/7.PracticalProject/Week3_Coop2/DR_ws/install/common2/share/common2/bin/run_drcf.sh
[0.697s] -- Up-to-date: /home/jaeheyoung/Rokey/7.PracticalProject/Week3_Coop2/DR_ws/install/common2/lib/common2/imp
[0.697s] -- Up-to-date: /home/jaeheyoung/Rokey/7.PracticalProject/Week3_Coop2/DR_ws/install/common2/lib/common2/imp/DSR_ROBOT2.py
[0.697s] -- Up-to-date: /home/jaeheyoung/Rokey/7.PracticalProject/Week3_Coop2/DR_ws/install/common2/lib/common2/imp/DR_init.py
[0.697s] -- Up-to-date: /home/jaeheyoung/Rokey/7.PracticalProject/Week3_Coop2/DR_ws/install/common2/lib/common2/imp/DSR_util2.py
[0.698s] -- Up-to-date: /home/jaeheyoung/Rokey/7.PracticalProject/Week3_Coop2/DR_ws/install/common2/lib/common2/imp/DR_common2.py
[0.698s] -- Up-to-date: /home/jaeheyoung/Rokey/7.PracticalProject/Week3_Coop2/DR_ws/install/common2/lib/common2/imp/__init__.py
[0.698s] -- Up-to-date: /home/jaeheyoung/Rokey/7.PracticalProject/Week3_Coop2/DR_ws/install/common2/lib/common2/imp/DR_tcp_server2.py
[0.698s] -- Up-to-date: /home/jaeheyoung/Rokey/7.PracticalProject/Week3_Coop2/DR_ws/install/common2/lib/common2/imp/DR_tcp_client2.py
[0.698s] -- Up-to-date: /home/jaeheyoung/Rokey/7.PracticalProject/Week3_Coop2/DR_ws/install/common2/lib/common2/imp/DR_error2.py
[0.698s] -- Up-to-date: /home/jaeheyoung/Rokey/7.PracticalProject/Week3_Coop2/DR_ws/install/common2/lib/common2/imp/DRFC.py
[0.746s] Invoked command in '/home/jaeheyoung/Rokey/7.PracticalProject/Week3_Coop2/DR_ws/build/common2' returned '0': CMAKE_PREFIX_PATH=${CMAKE_PREFIX_PATH}:/home/jaeheyoung/Rokey/7.PracticalProject/Week3_Coop2/DR_ws/install/visualservoing:/home/jaeheyoung/Rokey/7.PracticalProject/Week3_Coop2/DR_ws/install/rokey:/home/jaeheyoung/Rokey/7.PracticalProject/Week3_Coop2/DR_ws/install/example:/home/jaeheyoung/Rokey/7.PracticalProject/Week3_Coop2/DR_ws/install/dsr_tests:/home/jaeheyoung/Rokey/7.PracticalProject/Week3_Coop2/DR_ws/install/dsr_bringup2:/opt/ros/humble /usr/bin/cmake --install /home/jaeheyoung/Rokey/7.PracticalProject/Week3_Coop2/DR_ws/build/common2
