[0.043s] Invoking command in '/home/jaeheyoung/Rokey/7.PracticalProject/Week3_Coop2/DR_ws/build/a0509_moveit_config': CMAKE_PREFIX_PATH=/opt/ros/humble /usr/bin/cmake /home/jaeheyoung/Rokey/7.PracticalProject/Week3_Coop2/DR_ws/src/doosan-robot2/dsr_moveit2/a0509_moveit_config -DCMAKE_INSTALL_PREFIX=/home/jaeheyoung/Rokey/7.PracticalProject/Week3_Coop2/DR_ws/install/a0509_moveit_config
[0.404s] -- The C compiler identification is GNU 11.4.0
[0.404s] -- The CXX compiler identification is GNU 11.4.0
[0.405s] -- Detecting C compiler ABI info
[0.405s] -- Detecting C compiler ABI info - done
[0.405s] -- Check for working C compiler: /usr/bin/cc - skipped
[0.405s] -- Detecting C compile features
[0.405s] -- Detecting C compile features - done
[0.405s] -- Detecting CXX compiler ABI info
[0.639s] -- Detecting CXX compiler ABI info - done
[0.706s] -- Check for working CXX compiler: /usr/bin/c++ - skipped
[0.708s] -- Detecting CXX compile features
[0.712s] -- Detecting CXX compile features - done
[0.731s] -- Found ament_cmake: 1.3.10 (/opt/ros/humble/share/ament_cmake/cmake)
[1.204s] -- Found Python3: /usr/bin/python3 (found version "3.10.12") found components: Interpreter 
[1.402s] -- Configuring done
[1.406s] -- Generating done
[1.408s] -- Build files have been written to: /home/jaeheyoung/Rokey/7.PracticalProject/Week3_Coop2/DR_ws/build/a0509_moveit_config
[1.485s] Invoked command in '/home/jaeheyoung/Rokey/7.PracticalProject/Week3_Coop2/DR_ws/build/a0509_moveit_config' returned '0': CMAKE_PREFIX_PATH=/opt/ros/humble /usr/bin/cmake /home/jaeheyoung/Rokey/7.PracticalProject/Week3_Coop2/DR_ws/src/doosan-robot2/dsr_moveit2/a0509_moveit_config -DCMAKE_INSTALL_PREFIX=/home/jaeheyoung/Rokey/7.PracticalProject/Week3_Coop2/DR_ws/install/a0509_moveit_config
[1.489s] Invoking command in '/home/jaeheyoung/Rokey/7.PracticalProject/Week3_Coop2/DR_ws/build/a0509_moveit_config': CMAKE_PREFIX_PATH=/opt/ros/humble /usr/bin/cmake --build /home/jaeheyoung/Rokey/7.PracticalProject/Week3_Coop2/DR_ws/build/a0509_moveit_config -- -j20 -l20
[1.618s] Invoked command in '/home/jaeheyoung/Rokey/7.PracticalProject/Week3_Coop2/DR_ws/build/a0509_moveit_config' returned '0': CMAKE_PREFIX_PATH=/opt/ros/humble /usr/bin/cmake --build /home/jaeheyoung/Rokey/7.PracticalProject/Week3_Coop2/DR_ws/build/a0509_moveit_config -- -j20 -l20
[2.303s] Invoking command in '/home/jaeheyoung/Rokey/7.PracticalProject/Week3_Coop2/DR_ws/build/a0509_moveit_config': CMAKE_PREFIX_PATH=/opt/ros/humble /usr/bin/cmake --install /home/jaeheyoung/Rokey/7.PracticalProject/Week3_Coop2/DR_ws/build/a0509_moveit_config
[2.425s] -- Install configuration: ""
[2.425s] -- Installing: /home/jaeheyoung/Rokey/7.PracticalProject/Week3_Coop2/DR_ws/install/a0509_moveit_config/share/ament_index/resource_index/package_run_dependencies/a0509_moveit_config
[2.426s] -- Installing: /home/jaeheyoung/Rokey/7.PracticalProject/Week3_Coop2/DR_ws/install/a0509_moveit_config/share/ament_index/resource_index/parent_prefix_path/a0509_moveit_config
[2.426s] -- Installing: /home/jaeheyoung/Rokey/7.PracticalProject/Week3_Coop2/DR_ws/install/a0509_moveit_config/share/a0509_moveit_config/environment/ament_prefix_path.sh
[2.426s] -- Installing: /home/jaeheyoung/Rokey/7.PracticalProject/Week3_Coop2/DR_ws/install/a0509_moveit_config/share/a0509_moveit_config/environment/ament_prefix_path.dsv
[2.426s] -- Installing: /home/jaeheyoung/Rokey/7.PracticalProject/Week3_Coop2/DR_ws/install/a0509_moveit_config/share/a0509_moveit_config/environment/path.sh
[2.427s] -- Installing: /home/jaeheyoung/Rokey/7.PracticalProject/Week3_Coop2/DR_ws/install/a0509_moveit_config/share/a0509_moveit_config/environment/path.dsv
[2.427s] -- Installing: /home/jaeheyoung/Rokey/7.PracticalProject/Week3_Coop2/DR_ws/install/a0509_moveit_config/share/a0509_moveit_config/local_setup.bash
[2.427s] -- Installing: /home/jaeheyoung/Rokey/7.PracticalProject/Week3_Coop2/DR_ws/install/a0509_moveit_config/share/a0509_moveit_config/local_setup.sh
[2.427s] -- Installing: /home/jaeheyoung/Rokey/7.PracticalProject/Week3_Coop2/DR_ws/install/a0509_moveit_config/share/a0509_moveit_config/local_setup.zsh
[2.427s] -- Installing: /home/jaeheyoung/Rokey/7.PracticalProject/Week3_Coop2/DR_ws/install/a0509_moveit_config/share/a0509_moveit_config/local_setup.dsv
[2.428s] -- Installing: /home/jaeheyoung/Rokey/7.PracticalProject/Week3_Coop2/DR_ws/install/a0509_moveit_config/share/a0509_moveit_config/package.dsv
[2.428s] -- Installing: /home/jaeheyoung/Rokey/7.PracticalProject/Week3_Coop2/DR_ws/install/a0509_moveit_config/share/ament_index/resource_index/packages/a0509_moveit_config
[2.428s] -- Installing: /home/jaeheyoung/Rokey/7.PracticalProject/Week3_Coop2/DR_ws/install/a0509_moveit_config/share/a0509_moveit_config/cmake/a0509_moveit_configConfig.cmake
[2.431s] -- Installing: /home/jaeheyoung/Rokey/7.PracticalProject/Week3_Coop2/DR_ws/install/a0509_moveit_config/share/a0509_moveit_config/cmake/a0509_moveit_configConfig-version.cmake
[2.431s] -- Installing: /home/jaeheyoung/Rokey/7.PracticalProject/Week3_Coop2/DR_ws/install/a0509_moveit_config/share/a0509_moveit_config/package.xml
[2.438s] -- Installing: /home/jaeheyoung/Rokey/7.PracticalProject/Week3_Coop2/DR_ws/install/a0509_moveit_config/share/a0509_moveit_config/launch
[2.442s] -- Installing: /home/jaeheyoung/Rokey/7.PracticalProject/Week3_Coop2/DR_ws/install/a0509_moveit_config/share/a0509_moveit_config/launch/start.launch.py
[2.443s] -- Installing: /home/jaeheyoung/Rokey/7.PracticalProject/Week3_Coop2/DR_ws/install/a0509_moveit_config/share/a0509_moveit_config/launch/moveit.rviz
[2.450s] -- Installing: /home/jaeheyoung/Rokey/7.PracticalProject/Week3_Coop2/DR_ws/install/a0509_moveit_config/share/a0509_moveit_config/config
[2.451s] -- Installing: /home/jaeheyoung/Rokey/7.PracticalProject/Week3_Coop2/DR_ws/install/a0509_moveit_config/share/a0509_moveit_config/config/sensors_3d.yaml
[2.451s] -- Installing: /home/jaeheyoung/Rokey/7.PracticalProject/Week3_Coop2/DR_ws/install/a0509_moveit_config/share/a0509_moveit_config/config/pilz_cartesian_limits.yaml
[2.451s] -- Installing: /home/jaeheyoung/Rokey/7.PracticalProject/Week3_Coop2/DR_ws/install/a0509_moveit_config/share/a0509_moveit_config/config/joint_limits.yaml
[2.451s] -- Installing: /home/jaeheyoung/Rokey/7.PracticalProject/Week3_Coop2/DR_ws/install/a0509_moveit_config/share/a0509_moveit_config/config/dsr.ros2_control.xacro
[2.451s] -- Installing: /home/jaeheyoung/Rokey/7.PracticalProject/Week3_Coop2/DR_ws/install/a0509_moveit_config/share/a0509_moveit_config/config/dsr.srdf
[2.451s] -- Installing: /home/jaeheyoung/Rokey/7.PracticalProject/Week3_Coop2/DR_ws/install/a0509_moveit_config/share/a0509_moveit_config/config/ros2_controllers.yaml
[2.451s] -- Installing: /home/jaeheyoung/Rokey/7.PracticalProject/Week3_Coop2/DR_ws/install/a0509_moveit_config/share/a0509_moveit_config/config/kinematics.yaml
[2.451s] -- Installing: /home/jaeheyoung/Rokey/7.PracticalProject/Week3_Coop2/DR_ws/install/a0509_moveit_config/share/a0509_moveit_config/config/moveit_controllers.yaml
[2.454s] -- Installing: /home/jaeheyoung/Rokey/7.PracticalProject/Week3_Coop2/DR_ws/install/a0509_moveit_config/share/a0509_moveit_config/config/a0509.urdf.xacro
[2.456s] -- Installing: /home/jaeheyoung/Rokey/7.PracticalProject/Week3_Coop2/DR_ws/install/a0509_moveit_config/share/a0509_moveit_config/config/ompl_planning.yaml
[2.457s] -- Installing: /home/jaeheyoung/Rokey/7.PracticalProject/Week3_Coop2/DR_ws/install/a0509_moveit_config/share/a0509_moveit_config/config/chomp_planning.yaml
[2.458s] -- Installing: /home/jaeheyoung/Rokey/7.PracticalProject/Week3_Coop2/DR_ws/install/a0509_moveit_config/share/a0509_moveit_config/config/initial_positions.yaml
[2.458s] -- Installing: /home/jaeheyoung/Rokey/7.PracticalProject/Week3_Coop2/DR_ws/install/a0509_moveit_config/share/a0509_moveit_config/.setup_assistant
[2.473s] Invoked command in '/home/jaeheyoung/Rokey/7.PracticalProject/Week3_Coop2/DR_ws/build/a0509_moveit_config' returned '0': CMAKE_PREFIX_PATH=/opt/ros/humble /usr/bin/cmake --install /home/jaeheyoung/Rokey/7.PracticalProject/Week3_Coop2/DR_ws/build/a0509_moveit_config
