[0.044s] Invoking command in '/home/jaeheyoung/Rokey/7.PracticalProject/Week3_Coop2/DR_ws/build/dsr_description2': CMAKE_PREFIX_PATH=/opt/ros/humble /usr/bin/cmake /home/jaeheyoung/Rokey/7.PracticalProject/Week3_Coop2/DR_ws/src/doosan-robot2/dsr_description2 -DCMAKE_INSTALL_PREFIX=/home/jaeheyoung/Rokey/7.PracticalProject/Week3_Coop2/DR_ws/install/dsr_description2
[0.406s] -- The C compiler identification is GNU 11.4.0
[0.406s] -- The CXX compiler identification is GNU 11.4.0
[0.407s] -- Detecting C compiler ABI info
[0.439s] -- Detecting C compiler ABI info - done
[0.448s] -- Check for working C compiler: /usr/bin/cc - skipped
[0.448s] -- Detecting C compile features
[0.448s] -- Detecting C compile features - done
[0.452s] -- Detecting CXX compiler ABI info
[0.550s] -- Detecting CXX compiler ABI info - done
[0.614s] -- Check for working CXX compiler: /usr/bin/c++ - skipped
[0.617s] -- Detecting CXX compile features
[0.622s] -- Detecting CXX compile features - done
[0.640s] -- Found ament_cmake: 1.3.10 (/opt/ros/humble/share/ament_cmake/cmake)
[1.036s] -- Found Python3: /usr/bin/python3 (found version "3.10.12") found components: Interpreter 
[1.613s] -- Configuring done
[1.631s] -- Generating done
[1.638s] -- Build files have been written to: /home/jaeheyoung/Rokey/7.PracticalProject/Week3_Coop2/DR_ws/build/dsr_description2
[2.453s] Invoked command in '/home/jaeheyoung/Rokey/7.PracticalProject/Week3_Coop2/DR_ws/build/dsr_description2' returned '0': CMAKE_PREFIX_PATH=/opt/ros/humble /usr/bin/cmake /home/jaeheyoung/Rokey/7.PracticalProject/Week3_Coop2/DR_ws/src/doosan-robot2/dsr_description2 -DCMAKE_INSTALL_PREFIX=/home/jaeheyoung/Rokey/7.PracticalProject/Week3_Coop2/DR_ws/install/dsr_description2
[2.461s] Invoking command in '/home/jaeheyoung/Rokey/7.PracticalProject/Week3_Coop2/DR_ws/build/dsr_description2': CMAKE_PREFIX_PATH=/opt/ros/humble /usr/bin/cmake --build /home/jaeheyoung/Rokey/7.PracticalProject/Week3_Coop2/DR_ws/build/dsr_description2 -- -j20 -l20
[2.553s] Invoked command in '/home/jaeheyoung/Rokey/7.PracticalProject/Week3_Coop2/DR_ws/build/dsr_description2' returned '0': CMAKE_PREFIX_PATH=/opt/ros/humble /usr/bin/cmake --build /home/jaeheyoung/Rokey/7.PracticalProject/Week3_Coop2/DR_ws/build/dsr_description2 -- -j20 -l20
[2.628s] Invoking command in '/home/jaeheyoung/Rokey/7.PracticalProject/Week3_Coop2/DR_ws/build/dsr_description2': CMAKE_PREFIX_PATH=/opt/ros/humble /usr/bin/cmake --install /home/jaeheyoung/Rokey/7.PracticalProject/Week3_Coop2/DR_ws/build/dsr_description2
[2.633s] -- Install configuration: ""
[2.633s] -- Installing: /home/jaeheyoung/Rokey/7.PracticalProject/Week3_Coop2/DR_ws/install/dsr_description2/share/dsr_description2/environment/dsr_description2_path.dsv
[2.633s] -- Installing: /home/jaeheyoung/Rokey/7.PracticalProject/Week3_Coop2/DR_ws/install/dsr_description2/share/ament_index/resource_index/package_run_dependencies/dsr_description2
[2.633s] -- Installing: /home/jaeheyoung/Rokey/7.PracticalProject/Week3_Coop2/DR_ws/install/dsr_description2/share/ament_index/resource_index/parent_prefix_path/dsr_description2
[2.633s] -- Installing: /home/jaeheyoung/Rokey/7.PracticalProject/Week3_Coop2/DR_ws/install/dsr_description2/share/dsr_description2/environment/ament_prefix_path.sh
[2.633s] -- Installing: /home/jaeheyoung/Rokey/7.PracticalProject/Week3_Coop2/DR_ws/install/dsr_description2/share/dsr_description2/environment/ament_prefix_path.dsv
[2.633s] -- Installing: /home/jaeheyoung/Rokey/7.PracticalProject/Week3_Coop2/DR_ws/install/dsr_description2/share/dsr_description2/environment/path.sh
[2.633s] -- Installing: /home/jaeheyoung/Rokey/7.PracticalProject/Week3_Coop2/DR_ws/install/dsr_description2/share/dsr_description2/environment/path.dsv
[2.633s] -- Installing: /home/jaeheyoung/Rokey/7.PracticalProject/Week3_Coop2/DR_ws/install/dsr_description2/share/dsr_description2/local_setup.bash
[2.633s] -- Installing: /home/jaeheyoung/Rokey/7.PracticalProject/Week3_Coop2/DR_ws/install/dsr_description2/share/dsr_description2/local_setup.sh
[2.633s] -- Installing: /home/jaeheyoung/Rokey/7.PracticalProject/Week3_Coop2/DR_ws/install/dsr_description2/share/dsr_description2/local_setup.zsh
[2.640s] -- Installing: /home/jaeheyoung/Rokey/7.PracticalProject/Week3_Coop2/DR_ws/install/dsr_description2/share/dsr_description2/local_setup.dsv
[2.642s] -- Installing: /home/jaeheyoung/Rokey/7.PracticalProject/Week3_Coop2/DR_ws/install/dsr_description2/share/dsr_description2/package.dsv
[2.642s] -- Installing: /home/jaeheyoung/Rokey/7.PracticalProject/Week3_Coop2/DR_ws/install/dsr_description2/share/ament_index/resource_index/packages/dsr_description2
[2.642s] -- Installing: /home/jaeheyoung/Rokey/7.PracticalProject/Week3_Coop2/DR_ws/install/dsr_description2/share/dsr_description2/cmake/dsr_description2Config.cmake
[2.642s] -- Installing: /home/jaeheyoung/Rokey/7.PracticalProject/Week3_Coop2/DR_ws/install/dsr_description2/share/dsr_description2/cmake/dsr_description2Config-version.cmake
[2.642s] -- Installing: /home/jaeheyoung/Rokey/7.PracticalProject/Week3_Coop2/DR_ws/install/dsr_description2/share/dsr_description2/package.xml
[2.642s] -- Installing: /home/jaeheyoung/Rokey/7.PracticalProject/Week3_Coop2/DR_ws/install/dsr_description2/share/dsr_description2/meshes
[2.642s] -- Installing: /home/jaeheyoung/Rokey/7.PracticalProject/Week3_Coop2/DR_ws/install/dsr_description2/share/dsr_description2/meshes/m1509_white
[2.642s] -- Installing: /home/jaeheyoung/Rokey/7.PracticalProject/Week3_Coop2/DR_ws/install/dsr_description2/share/dsr_description2/meshes/m1509_white/MF1509_2_2.dae
[2.643s] -- Installing: /home/jaeheyoung/Rokey/7.PracticalProject/Week3_Coop2/DR_ws/install/dsr_description2/share/dsr_description2/meshes/m1509_white/MF1509_2_1.dae
[2.647s] -- Installing: /home/jaeheyoung/Rokey/7.PracticalProject/Week3_Coop2/DR_ws/install/dsr_description2/share/dsr_description2/meshes/m1509_white/MF1509_4_0.dae
[2.647s] -- Installing: /home/jaeheyoung/Rokey/7.PracticalProject/Week3_Coop2/DR_ws/install/dsr_description2/share/dsr_description2/meshes/m1509_white/MF1509_0_0.dae
[2.647s] -- Installing: /home/jaeheyoung/Rokey/7.PracticalProject/Week3_Coop2/DR_ws/install/dsr_description2/share/dsr_description2/meshes/m1509_white/MF1509_1_0.dae
[2.648s] -- Installing: /home/jaeheyoung/Rokey/7.PracticalProject/Week3_Coop2/DR_ws/install/dsr_description2/share/dsr_description2/meshes/m1509_white/MF1509_4_1.dae
[2.648s] -- Installing: /home/jaeheyoung/Rokey/7.PracticalProject/Week3_Coop2/DR_ws/install/dsr_description2/share/dsr_description2/meshes/m1509_white/MF1509_3_0.dae
[2.648s] -- Installing: /home/jaeheyoung/Rokey/7.PracticalProject/Week3_Coop2/DR_ws/install/dsr_description2/share/dsr_description2/meshes/m1509_white/MF1509_2_0.dae
[2.648s] -- Installing: /home/jaeheyoung/Rokey/7.PracticalProject/Week3_Coop2/DR_ws/install/dsr_description2/share/dsr_description2/meshes/m1509_white/MF1509_6_0.dae
[2.651s] -- Installing: /home/jaeheyoung/Rokey/7.PracticalProject/Week3_Coop2/DR_ws/install/dsr_description2/share/dsr_description2/meshes/m1509_white/MF1509_5_0.dae
[2.651s] -- Installing: /home/jaeheyoung/Rokey/7.PracticalProject/Week3_Coop2/DR_ws/install/dsr_description2/share/dsr_description2/meshes/m0617_blue
[2.660s] -- Installing: /home/jaeheyoung/Rokey/7.PracticalProject/Week3_Coop2/DR_ws/install/dsr_description2/share/dsr_description2/meshes/m0617_blue/MF0617_2_1.dae
[2.664s] -- Installing: /home/jaeheyoung/Rokey/7.PracticalProject/Week3_Coop2/DR_ws/install/dsr_description2/share/dsr_description2/meshes/m0617_blue/MF0617_4_1.dae
[2.664s] -- Installing: /home/jaeheyoung/Rokey/7.PracticalProject/Week3_Coop2/DR_ws/install/dsr_description2/share/dsr_description2/meshes/m0617_blue/MF0617_2_0.dae
[2.665s] -- Installing: /home/jaeheyoung/Rokey/7.PracticalProject/Week3_Coop2/DR_ws/install/dsr_description2/share/dsr_description2/meshes/m0617_blue/MF0617_5_0.dae
[2.665s] -- Installing: /home/jaeheyoung/Rokey/7.PracticalProject/Week3_Coop2/DR_ws/install/dsr_description2/share/dsr_description2/meshes/m0617_blue/MF0617_2_2.dae
[2.665s] -- Installing: /home/jaeheyoung/Rokey/7.PracticalProject/Week3_Coop2/DR_ws/install/dsr_description2/share/dsr_description2/meshes/m0617_blue/MF0617_4_0.dae
[2.665s] -- Installing: /home/jaeheyoung/Rokey/7.PracticalProject/Week3_Coop2/DR_ws/install/dsr_description2/share/dsr_description2/meshes/m0617_blue/MF0617_6_0.dae
[2.665s] -- Installing: /home/jaeheyoung/Rokey/7.PracticalProject/Week3_Coop2/DR_ws/install/dsr_description2/share/dsr_description2/meshes/m0617_blue/MF0617_3_0.dae
[2.665s] -- Installing: /home/jaeheyoung/Rokey/7.PracticalProject/Week3_Coop2/DR_ws/install/dsr_description2/share/dsr_description2/meshes/m0617_blue/MF0617_0_0.dae
[2.665s] -- Installing: /home/jaeheyoung/Rokey/7.PracticalProject/Week3_Coop2/DR_ws/install/dsr_description2/share/dsr_description2/meshes/m0617_blue/MF0617_1_0.dae
[2.666s] -- Installing: /home/jaeheyoung/Rokey/7.PracticalProject/Week3_Coop2/DR_ws/install/dsr_description2/share/dsr_description2/meshes/a0912_collision
[2.666s] -- Installing: /home/jaeheyoung/Rokey/7.PracticalProject/Week3_Coop2/DR_ws/install/dsr_description2/share/dsr_description2/meshes/a0912_collision/A0912_3_1.dae
[2.666s] -- Installing: /home/jaeheyoung/Rokey/7.PracticalProject/Week3_Coop2/DR_ws/install/dsr_description2/share/dsr_description2/meshes/a0912_collision/A0912_3_0.dae
[2.666s] -- Installing: /home/jaeheyoung/Rokey/7.PracticalProject/Week3_Coop2/DR_ws/install/dsr_description2/share/dsr_description2/meshes/a0912_collision/A0912_2_2.dae
[2.668s] -- Installing: /home/jaeheyoung/Rokey/7.PracticalProject/Week3_Coop2/DR_ws/install/dsr_description2/share/dsr_description2/meshes/a0912_collision/A0912_4_1.dae
[2.677s] -- Installing: /home/jaeheyoung/Rokey/7.PracticalProject/Week3_Coop2/DR_ws/install/dsr_description2/share/dsr_description2/meshes/a0912_collision/A0912_1_0.dae
[2.679s] -- Installing: /home/jaeheyoung/Rokey/7.PracticalProject/Week3_Coop2/DR_ws/install/dsr_description2/share/dsr_description2/meshes/a0912_collision/A0912_5_0.dae
[2.681s] -- Installing: /home/jaeheyoung/Rokey/7.PracticalProject/Week3_Coop2/DR_ws/install/dsr_description2/share/dsr_description2/meshes/a0912_collision/A0912_1_1.dae
[2.685s] -- Installing: /home/jaeheyoung/Rokey/7.PracticalProject/Week3_Coop2/DR_ws/install/dsr_description2/share/dsr_description2/meshes/a0912_collision/A0912_4_0.dae
[2.688s] -- Installing: /home/jaeheyoung/Rokey/7.PracticalProject/Week3_Coop2/DR_ws/install/dsr_description2/share/dsr_description2/meshes/a0912_collision/A0912_6_0.dae
[2.690s] -- Installing: /home/jaeheyoung/Rokey/7.PracticalProject/Week3_Coop2/DR_ws/install/dsr_description2/share/dsr_description2/meshes/a0912_collision/A0912_2_0.dae
[2.690s] -- Installing: /home/jaeheyoung/Rokey/7.PracticalProject/Week3_Coop2/DR_ws/install/dsr_description2/share/dsr_description2/meshes/a0912_collision/A0912_1_2.dae
[2.690s] -- Installing: /home/jaeheyoung/Rokey/7.PracticalProject/Week3_Coop2/DR_ws/install/dsr_description2/share/dsr_description2/meshes/a0912_collision/A0912_2_1.dae
[2.690s] -- Installing: /home/jaeheyoung/Rokey/7.PracticalProject/Week3_Coop2/DR_ws/install/dsr_description2/share/dsr_description2/meshes/a0912_collision/A0912_5_1.dae
[2.690s] -- Installing: /home/jaeheyoung/Rokey/7.PracticalProject/Week3_Coop2/DR_ws/install/dsr_description2/share/dsr_description2/meshes/a0912_collision/A0912_0_0.dae
[2.690s] -- Installing: /home/jaeheyoung/Rokey/7.PracticalProject/Week3_Coop2/DR_ws/install/dsr_description2/share/dsr_description2/meshes/m1509_collision
[2.690s] -- Installing: /home/jaeheyoung/Rokey/7.PracticalProject/Week3_Coop2/DR_ws/install/dsr_description2/share/dsr_description2/meshes/m1509_collision/MF1509_2_2.dae
[2.690s] -- Installing: /home/jaeheyoung/Rokey/7.PracticalProject/Week3_Coop2/DR_ws/install/dsr_description2/share/dsr_description2/meshes/m1509_collision/MF1509_2_1.dae
[2.690s] -- Installing: /home/jaeheyoung/Rokey/7.PracticalProject/Week3_Coop2/DR_ws/install/dsr_description2/share/dsr_description2/meshes/m1509_collision/MF1509_4_0.dae
[2.703s] -- Installing: /home/jaeheyoung/Rokey/7.PracticalProject/Week3_Coop2/DR_ws/install/dsr_description2/share/dsr_description2/meshes/m1509_collision/MF1509_0_0.dae
[2.713s] -- Installing: /home/jaeheyoung/Rokey/7.PracticalProject/Week3_Coop2/DR_ws/install/dsr_description2/share/dsr_description2/meshes/m1509_collision/MF1509_1_0.dae
[2.713s] -- Installing: /home/jaeheyoung/Rokey/7.PracticalProject/Week3_Coop2/DR_ws/install/dsr_description2/share/dsr_description2/meshes/m1509_collision/MF1509_4_1.dae
[2.713s] -- Installing: /home/jaeheyoung/Rokey/7.PracticalProject/Week3_Coop2/DR_ws/install/dsr_description2/share/dsr_description2/meshes/m1509_collision/MF1509_3_0.dae
[2.713s] -- Installing: /home/jaeheyoung/Rokey/7.PracticalProject/Week3_Coop2/DR_ws/install/dsr_description2/share/dsr_description2/meshes/m1509_collision/MF1509_2_0.dae
[2.714s] -- Installing: /home/jaeheyoung/Rokey/7.PracticalProject/Week3_Coop2/DR_ws/install/dsr_description2/share/dsr_description2/meshes/m1509_collision/MF1509_6_0.dae
[2.714s] -- Installing: /home/jaeheyoung/Rokey/7.PracticalProject/Week3_Coop2/DR_ws/install/dsr_description2/share/dsr_description2/meshes/m1509_collision/MF1509_5_0.dae
[2.715s] -- Installing: /home/jaeheyoung/Rokey/7.PracticalProject/Week3_Coop2/DR_ws/install/dsr_description2/share/dsr_description2/meshes/a0912_blue
[2.716s] -- Installing: /home/jaeheyoung/Rokey/7.PracticalProject/Week3_Coop2/DR_ws/install/dsr_description2/share/dsr_description2/meshes/a0912_blue/A0912_3_1.dae
[2.717s] -- Installing: /home/jaeheyoung/Rokey/7.PracticalProject/Week3_Coop2/DR_ws/install/dsr_description2/share/dsr_description2/meshes/a0912_blue/A0912_3_0.dae
[2.718s] -- Installing: /home/jaeheyoung/Rokey/7.PracticalProject/Week3_Coop2/DR_ws/install/dsr_description2/share/dsr_description2/meshes/a0912_blue/A0912_2_2.dae
[2.719s] -- Installing: /home/jaeheyoung/Rokey/7.PracticalProject/Week3_Coop2/DR_ws/install/dsr_description2/share/dsr_description2/meshes/a0912_blue/A0912_4_1.dae
[2.725s] -- Installing: /home/jaeheyoung/Rokey/7.PracticalProject/Week3_Coop2/DR_ws/install/dsr_description2/share/dsr_description2/meshes/a0912_blue/A0912_1_0.dae
[2.728s] -- Installing: /home/jaeheyoung/Rokey/7.PracticalProject/Week3_Coop2/DR_ws/install/dsr_description2/share/dsr_description2/meshes/a0912_blue/A0912_5_0.dae
[2.728s] -- Installing: /home/jaeheyoung/Rokey/7.PracticalProject/Week3_Coop2/DR_ws/install/dsr_description2/share/dsr_description2/meshes/a0912_blue/A0912_1_1.dae
[2.728s] -- Installing: /home/jaeheyoung/Rokey/7.PracticalProject/Week3_Coop2/DR_ws/install/dsr_description2/share/dsr_description2/meshes/a0912_blue/A0912_4_0.dae
[2.729s] -- Installing: /home/jaeheyoung/Rokey/7.PracticalProject/Week3_Coop2/DR_ws/install/dsr_description2/share/dsr_description2/meshes/a0912_blue/A0912_6_0.dae
[2.729s] -- Installing: /home/jaeheyoung/Rokey/7.PracticalProject/Week3_Coop2/DR_ws/install/dsr_description2/share/dsr_description2/meshes/a0912_blue/A0912_2_0.dae
[2.730s] -- Installing: /home/jaeheyoung/Rokey/7.PracticalProject/Week3_Coop2/DR_ws/install/dsr_description2/share/dsr_description2/meshes/a0912_blue/A0912_1_2.dae
[2.731s] -- Installing: /home/jaeheyoung/Rokey/7.PracticalProject/Week3_Coop2/DR_ws/install/dsr_description2/share/dsr_description2/meshes/a0912_blue/A0912_2_1.dae
[2.732s] -- Installing: /home/jaeheyoung/Rokey/7.PracticalProject/Week3_Coop2/DR_ws/install/dsr_description2/share/dsr_description2/meshes/a0912_blue/A0912_5_1.dae
[2.735s] -- Installing: /home/jaeheyoung/Rokey/7.PracticalProject/Week3_Coop2/DR_ws/install/dsr_description2/share/dsr_description2/meshes/a0912_blue/A0912_0_0.dae
[2.736s] -- Installing: /home/jaeheyoung/Rokey/7.PracticalProject/Week3_Coop2/DR_ws/install/dsr_description2/share/dsr_description2/meshes/h2017_white
[2.736s] -- Installing: /home/jaeheyoung/Rokey/7.PracticalProject/Week3_Coop2/DR_ws/install/dsr_description2/share/dsr_description2/meshes/h2017_white/H2017_0_0.dae
[2.736s] -- Installing: /home/jaeheyoung/Rokey/7.PracticalProject/Week3_Coop2/DR_ws/install/dsr_description2/share/dsr_description2/meshes/h2017_white/H2017_6_0.dae
[2.737s] -- Installing: /home/jaeheyoung/Rokey/7.PracticalProject/Week3_Coop2/DR_ws/install/dsr_description2/share/dsr_description2/meshes/h2017_white/H2017_1_0.dae
[2.738s] -- Installing: /home/jaeheyoung/Rokey/7.PracticalProject/Week3_Coop2/DR_ws/install/dsr_description2/share/dsr_description2/meshes/h2017_white/H2017_3_0.dae
[2.742s] -- Installing: /home/jaeheyoung/Rokey/7.PracticalProject/Week3_Coop2/DR_ws/install/dsr_description2/share/dsr_description2/meshes/h2017_white/H2017_4_0.dae
[2.745s] -- Installing: /home/jaeheyoung/Rokey/7.PracticalProject/Week3_Coop2/DR_ws/install/dsr_description2/share/dsr_description2/meshes/h2017_white/H2017_2_2.dae
[2.747s] -- Installing: /home/jaeheyoung/Rokey/7.PracticalProject/Week3_Coop2/DR_ws/install/dsr_description2/share/dsr_description2/meshes/h2017_white/H2017_5_0.dae
[2.748s] -- Installing: /home/jaeheyoung/Rokey/7.PracticalProject/Week3_Coop2/DR_ws/install/dsr_description2/share/dsr_description2/meshes/h2017_white/H2017_2_0.dae
[2.749s] -- Installing: /home/jaeheyoung/Rokey/7.PracticalProject/Week3_Coop2/DR_ws/install/dsr_description2/share/dsr_description2/meshes/h2017_white/H2017_4_1.dae
[2.753s] -- Installing: /home/jaeheyoung/Rokey/7.PracticalProject/Week3_Coop2/DR_ws/install/dsr_description2/share/dsr_description2/meshes/h2017_white/H2017_2_1.dae
[2.757s] -- Installing: /home/jaeheyoung/Rokey/7.PracticalProject/Week3_Coop2/DR_ws/install/dsr_description2/share/dsr_description2/meshes/m0609_white
[2.759s] -- Installing: /home/jaeheyoung/Rokey/7.PracticalProject/Week3_Coop2/DR_ws/install/dsr_description2/share/dsr_description2/meshes/m0609_white/MF0609_4_0.dae
[2.759s] -- Installing: /home/jaeheyoung/Rokey/7.PracticalProject/Week3_Coop2/DR_ws/install/dsr_description2/share/dsr_description2/meshes/m0609_white/MF0609_3_0.dae
[2.762s] -- Installing: /home/jaeheyoung/Rokey/7.PracticalProject/Week3_Coop2/DR_ws/install/dsr_description2/share/dsr_description2/meshes/m0609_white/MF0609_0_0.dae
[2.780s] -- Installing: /home/jaeheyoung/Rokey/7.PracticalProject/Week3_Coop2/DR_ws/install/dsr_description2/share/dsr_description2/meshes/m0609_white/MF0609_2_1.dae
[2.787s] -- Installing: /home/jaeheyoung/Rokey/7.PracticalProject/Week3_Coop2/DR_ws/install/dsr_description2/share/dsr_description2/meshes/m0609_white/MF0609_6_0.dae
[2.789s] -- Installing: /home/jaeheyoung/Rokey/7.PracticalProject/Week3_Coop2/DR_ws/install/dsr_description2/share/dsr_description2/meshes/m0609_white/MF0609_2_2.dae
[2.791s] -- Installing: /home/jaeheyoung/Rokey/7.PracticalProject/Week3_Coop2/DR_ws/install/dsr_description2/share/dsr_description2/meshes/m0609_white/MF0609_1_0.dae
[2.794s] -- Installing: /home/jaeheyoung/Rokey/7.PracticalProject/Week3_Coop2/DR_ws/install/dsr_description2/share/dsr_description2/meshes/m0609_white/MF0609_2_0.dae
[2.797s] -- Installing: /home/jaeheyoung/Rokey/7.PracticalProject/Week3_Coop2/DR_ws/install/dsr_description2/share/dsr_description2/meshes/m0609_white/MF0609_5_0.dae
[2.807s] -- Installing: /home/jaeheyoung/Rokey/7.PracticalProject/Week3_Coop2/DR_ws/install/dsr_description2/share/dsr_description2/meshes/m0609_white/MF0609_4_1.dae
[2.808s] -- Installing: /home/jaeheyoung/Rokey/7.PracticalProject/Week3_Coop2/DR_ws/install/dsr_description2/share/dsr_description2/meshes/a0912_white
[2.809s] -- Installing: /home/jaeheyoung/Rokey/7.PracticalProject/Week3_Coop2/DR_ws/install/dsr_description2/share/dsr_description2/meshes/a0912_white/A0912_3_1.dae
[2.811s] -- Installing: /home/jaeheyoung/Rokey/7.PracticalProject/Week3_Coop2/DR_ws/install/dsr_description2/share/dsr_description2/meshes/a0912_white/A0912_3_0.dae
[2.811s] -- Installing: /home/jaeheyoung/Rokey/7.PracticalProject/Week3_Coop2/DR_ws/install/dsr_description2/share/dsr_description2/meshes/a0912_white/A0912_2_2.dae
[2.816s] -- Installing: /home/jaeheyoung/Rokey/7.PracticalProject/Week3_Coop2/DR_ws/install/dsr_description2/share/dsr_description2/meshes/a0912_white/A0912_4_1.dae
[2.818s] -- Installing: /home/jaeheyoung/Rokey/7.PracticalProject/Week3_Coop2/DR_ws/install/dsr_description2/share/dsr_description2/meshes/a0912_white/A0912_1_0.dae
[2.818s] -- Installing: /home/jaeheyoung/Rokey/7.PracticalProject/Week3_Coop2/DR_ws/install/dsr_description2/share/dsr_description2/meshes/a0912_white/A0912_5_0.dae
[2.819s] -- Installing: /home/jaeheyoung/Rokey/7.PracticalProject/Week3_Coop2/DR_ws/install/dsr_description2/share/dsr_description2/meshes/a0912_white/A0912_1_1.dae
[2.827s] -- Installing: /home/jaeheyoung/Rokey/7.PracticalProject/Week3_Coop2/DR_ws/install/dsr_description2/share/dsr_description2/meshes/a0912_white/A0912_4_0.dae
[2.828s] -- Installing: /home/jaeheyoung/Rokey/7.PracticalProject/Week3_Coop2/DR_ws/install/dsr_description2/share/dsr_description2/meshes/a0912_white/A0912_6_0.dae
[2.828s] -- Installing: /home/jaeheyoung/Rokey/7.PracticalProject/Week3_Coop2/DR_ws/install/dsr_description2/share/dsr_description2/meshes/a0912_white/A0912_2_0.dae
[2.828s] -- Installing: /home/jaeheyoung/Rokey/7.PracticalProject/Week3_Coop2/DR_ws/install/dsr_description2/share/dsr_description2/meshes/a0912_white/A0912_1_2.dae
[2.828s] -- Installing: /home/jaeheyoung/Rokey/7.PracticalProject/Week3_Coop2/DR_ws/install/dsr_description2/share/dsr_description2/meshes/a0912_white/A0912_2_1.dae
[2.830s] -- Installing: /home/jaeheyoung/Rokey/7.PracticalProject/Week3_Coop2/DR_ws/install/dsr_description2/share/dsr_description2/meshes/a0912_white/A0912_5_1.dae
[2.830s] -- Installing: /home/jaeheyoung/Rokey/7.PracticalProject/Week3_Coop2/DR_ws/install/dsr_description2/share/dsr_description2/meshes/a0912_white/A0912_0_0.dae
[2.830s] -- Installing: /home/jaeheyoung/Rokey/7.PracticalProject/Week3_Coop2/DR_ws/install/dsr_description2/share/dsr_description2/meshes/m0609_blue
[2.830s] -- Installing: /home/jaeheyoung/Rokey/7.PracticalProject/Week3_Coop2/DR_ws/install/dsr_description2/share/dsr_description2/meshes/m0609_blue/MF0609_4_0.dae
[2.830s] -- Installing: /home/jaeheyoung/Rokey/7.PracticalProject/Week3_Coop2/DR_ws/install/dsr_description2/share/dsr_description2/meshes/m0609_blue/MF0609_3_0.dae
[2.831s] -- Installing: /home/jaeheyoung/Rokey/7.PracticalProject/Week3_Coop2/DR_ws/install/dsr_description2/share/dsr_description2/meshes/m0609_blue/MF0609_0_0.dae
[2.831s] -- Installing: /home/jaeheyoung/Rokey/7.PracticalProject/Week3_Coop2/DR_ws/install/dsr_description2/share/dsr_description2/meshes/m0609_blue/MF0609_2_1.dae
[2.831s] -- Installing: /home/jaeheyoung/Rokey/7.PracticalProject/Week3_Coop2/DR_ws/install/dsr_description2/share/dsr_description2/meshes/m0609_blue/MF0609_6_0.dae
[2.831s] -- Installing: /home/jaeheyoung/Rokey/7.PracticalProject/Week3_Coop2/DR_ws/install/dsr_description2/share/dsr_description2/meshes/m0609_blue/MF0609_2_2.dae
[2.831s] -- Installing: /home/jaeheyoung/Rokey/7.PracticalProject/Week3_Coop2/DR_ws/install/dsr_description2/share/dsr_description2/meshes/m0609_blue/MF0609_1_0.dae
[2.832s] -- Installing: /home/jaeheyoung/Rokey/7.PracticalProject/Week3_Coop2/DR_ws/install/dsr_description2/share/dsr_description2/meshes/m0609_blue/MF0609_2_0.dae
[2.832s] -- Installing: /home/jaeheyoung/Rokey/7.PracticalProject/Week3_Coop2/DR_ws/install/dsr_description2/share/dsr_description2/meshes/m0609_blue/MF0609_5_0.dae
[2.832s] -- Installing: /home/jaeheyoung/Rokey/7.PracticalProject/Week3_Coop2/DR_ws/install/dsr_description2/share/dsr_description2/meshes/m0609_blue/MF0609_4_1.dae
[2.832s] -- Installing: /home/jaeheyoung/Rokey/7.PracticalProject/Week3_Coop2/DR_ws/install/dsr_description2/share/dsr_description2/meshes/e0509_collision
[2.832s] -- Installing: /home/jaeheyoung/Rokey/7.PracticalProject/Week3_Coop2/DR_ws/install/dsr_description2/share/dsr_description2/meshes/e0509_collision/E0509_5_1.dae
[2.832s] -- Installing: /home/jaeheyoung/Rokey/7.PracticalProject/Week3_Coop2/DR_ws/install/dsr_description2/share/dsr_description2/meshes/e0509_collision/E0509_2_1.dae
[2.834s] -- Installing: /home/jaeheyoung/Rokey/7.PracticalProject/Week3_Coop2/DR_ws/install/dsr_description2/share/dsr_description2/meshes/e0509_collision/E0509_4_2.dae
[2.834s] -- Installing: /home/jaeheyoung/Rokey/7.PracticalProject/Week3_Coop2/DR_ws/install/dsr_description2/share/dsr_description2/meshes/e0509_collision/E0509_1_3.dae
[2.834s] -- Installing: /home/jaeheyoung/Rokey/7.PracticalProject/Week3_Coop2/DR_ws/install/dsr_description2/share/dsr_description2/meshes/e0509_collision/E0509_5_2.dae
[2.835s] -- Installing: /home/jaeheyoung/Rokey/7.PracticalProject/Week3_Coop2/DR_ws/install/dsr_description2/share/dsr_description2/meshes/e0509_collision/E0509_6_1.dae
[2.838s] -- Installing: /home/jaeheyoung/Rokey/7.PracticalProject/Week3_Coop2/DR_ws/install/dsr_description2/share/dsr_description2/meshes/e0509_collision/E0509_1_1.dae
[2.839s] -- Installing: /home/jaeheyoung/Rokey/7.PracticalProject/Week3_Coop2/DR_ws/install/dsr_description2/share/dsr_description2/meshes/e0509_collision/E0509_3_2.dae
[2.840s] -- Installing: /home/jaeheyoung/Rokey/7.PracticalProject/Week3_Coop2/DR_ws/install/dsr_description2/share/dsr_description2/meshes/e0509_collision/E0509_1_4.dae
[2.841s] -- Installing: /home/jaeheyoung/Rokey/7.PracticalProject/Week3_Coop2/DR_ws/install/dsr_description2/share/dsr_description2/meshes/e0509_collision/E0509_4_1.dae
[2.853s] -- Installing: /home/jaeheyoung/Rokey/7.PracticalProject/Week3_Coop2/DR_ws/install/dsr_description2/share/dsr_description2/meshes/e0509_collision/E0509_1_2.dae
[2.874s] -- Installing: /home/jaeheyoung/Rokey/7.PracticalProject/Week3_Coop2/DR_ws/install/dsr_description2/share/dsr_description2/meshes/e0509_collision/E0509_2_2.dae
[2.874s] -- Installing: /home/jaeheyoung/Rokey/7.PracticalProject/Week3_Coop2/DR_ws/install/dsr_description2/share/dsr_description2/meshes/e0509_collision/E0509_3_1.dae
[2.874s] -- Installing: /home/jaeheyoung/Rokey/7.PracticalProject/Week3_Coop2/DR_ws/install/dsr_description2/share/dsr_description2/meshes/e0509_collision/E0509_0_0.dae
[2.875s] -- Installing: /home/jaeheyoung/Rokey/7.PracticalProject/Week3_Coop2/DR_ws/install/dsr_description2/share/dsr_description2/meshes/m1013_collision
[2.875s] -- Installing: /home/jaeheyoung/Rokey/7.PracticalProject/Week3_Coop2/DR_ws/install/dsr_description2/share/dsr_description2/meshes/m1013_collision/MF1013_4_1.dae
[2.881s] -- Installing: /home/jaeheyoung/Rokey/7.PracticalProject/Week3_Coop2/DR_ws/install/dsr_description2/share/dsr_description2/meshes/m1013_collision/MF1013_4_0.dae
[2.884s] -- Installing: /home/jaeheyoung/Rokey/7.PracticalProject/Week3_Coop2/DR_ws/install/dsr_description2/share/dsr_description2/meshes/m1013_collision/MF1013_1_0.dae
[2.902s] -- Installing: /home/jaeheyoung/Rokey/7.PracticalProject/Week3_Coop2/DR_ws/install/dsr_description2/share/dsr_description2/meshes/m1013_collision/MF1013_2_0.dae
[2.903s] -- Installing: /home/jaeheyoung/Rokey/7.PracticalProject/Week3_Coop2/DR_ws/install/dsr_description2/share/dsr_description2/meshes/m1013_collision/MF1013_6_0.dae
[2.906s] -- Installing: /home/jaeheyoung/Rokey/7.PracticalProject/Week3_Coop2/DR_ws/install/dsr_description2/share/dsr_description2/meshes/m1013_collision/MF1013_0_0.dae
[2.959s] -- Installing: /home/jaeheyoung/Rokey/7.PracticalProject/Week3_Coop2/DR_ws/install/dsr_description2/share/dsr_description2/meshes/m1013_collision/MF1013_2_1.dae
[2.959s] -- Installing: /home/jaeheyoung/Rokey/7.PracticalProject/Week3_Coop2/DR_ws/install/dsr_description2/share/dsr_description2/meshes/m1013_collision/MF1013_5_0.dae
[2.960s] -- Installing: /home/jaeheyoung/Rokey/7.PracticalProject/Week3_Coop2/DR_ws/install/dsr_description2/share/dsr_description2/meshes/m1013_collision/MF1013_3_0.dae
[2.960s] -- Installing: /home/jaeheyoung/Rokey/7.PracticalProject/Week3_Coop2/DR_ws/install/dsr_description2/share/dsr_description2/meshes/m1013_collision/MF1013_2_2.dae
[2.960s] -- Installing: /home/jaeheyoung/Rokey/7.PracticalProject/Week3_Coop2/DR_ws/install/dsr_description2/share/dsr_description2/meshes/m0617_white
[2.961s] -- Installing: /home/jaeheyoung/Rokey/7.PracticalProject/Week3_Coop2/DR_ws/install/dsr_description2/share/dsr_description2/meshes/m0617_white/MF0617_2_1.dae
[2.965s] -- Installing: /home/jaeheyoung/Rokey/7.PracticalProject/Week3_Coop2/DR_ws/install/dsr_description2/share/dsr_description2/meshes/m0617_white/MF0617_4_1.dae
[2.965s] -- Installing: /home/jaeheyoung/Rokey/7.PracticalProject/Week3_Coop2/DR_ws/install/dsr_description2/share/dsr_description2/meshes/m0617_white/MF0617_2_0.dae
[2.965s] -- Installing: /home/jaeheyoung/Rokey/7.PracticalProject/Week3_Coop2/DR_ws/install/dsr_description2/share/dsr_description2/meshes/m0617_white/MF0617_5_0.dae
[2.965s] -- Installing: /home/jaeheyoung/Rokey/7.PracticalProject/Week3_Coop2/DR_ws/install/dsr_description2/share/dsr_description2/meshes/m0617_white/MF0617_2_2.dae
[2.965s] -- Installing: /home/jaeheyoung/Rokey/7.PracticalProject/Week3_Coop2/DR_ws/install/dsr_description2/share/dsr_description2/meshes/m0617_white/MF0617_4_0.dae
[2.965s] -- Installing: /home/jaeheyoung/Rokey/7.PracticalProject/Week3_Coop2/DR_ws/install/dsr_description2/share/dsr_description2/meshes/m0617_white/MF0617_6_0.dae
[2.965s] -- Installing: /home/jaeheyoung/Rokey/7.PracticalProject/Week3_Coop2/DR_ws/install/dsr_description2/share/dsr_description2/meshes/m0617_white/MF0617_3_0.dae
[2.965s] -- Installing: /home/jaeheyoung/Rokey/7.PracticalProject/Week3_Coop2/DR_ws/install/dsr_description2/share/dsr_description2/meshes/m0617_white/MF0617_0_0.dae
[2.966s] -- Installing: /home/jaeheyoung/Rokey/7.PracticalProject/Week3_Coop2/DR_ws/install/dsr_description2/share/dsr_description2/meshes/m0617_white/MF0617_1_0.dae
[2.966s] -- Installing: /home/jaeheyoung/Rokey/7.PracticalProject/Week3_Coop2/DR_ws/install/dsr_description2/share/dsr_description2/meshes/h2017_blue
[2.966s] -- Installing: /home/jaeheyoung/Rokey/7.PracticalProject/Week3_Coop2/DR_ws/install/dsr_description2/share/dsr_description2/meshes/h2017_blue/H2017_0_0.dae
[2.966s] -- Installing: /home/jaeheyoung/Rokey/7.PracticalProject/Week3_Coop2/DR_ws/install/dsr_description2/share/dsr_description2/meshes/h2017_blue/H2017_6_0.dae
[2.966s] -- Installing: /home/jaeheyoung/Rokey/7.PracticalProject/Week3_Coop2/DR_ws/install/dsr_description2/share/dsr_description2/meshes/h2017_blue/H2017_1_0.dae
[2.966s] -- Installing: /home/jaeheyoung/Rokey/7.PracticalProject/Week3_Coop2/DR_ws/install/dsr_description2/share/dsr_description2/meshes/h2017_blue/H2017_3_0.dae
[2.966s] -- Installing: /home/jaeheyoung/Rokey/7.PracticalProject/Week3_Coop2/DR_ws/install/dsr_description2/share/dsr_description2/meshes/h2017_blue/H2017_4_0.dae
[2.966s] -- Installing: /home/jaeheyoung/Rokey/7.PracticalProject/Week3_Coop2/DR_ws/install/dsr_description2/share/dsr_description2/meshes/h2017_blue/H2017_2_2.dae
[2.966s] -- Installing: /home/jaeheyoung/Rokey/7.PracticalProject/Week3_Coop2/DR_ws/install/dsr_description2/share/dsr_description2/meshes/h2017_blue/H2017_5_0.dae
[2.966s] -- Installing: /home/jaeheyoung/Rokey/7.PracticalProject/Week3_Coop2/DR_ws/install/dsr_description2/share/dsr_description2/meshes/h2017_blue/H2017_2_0.dae
[2.966s] -- Installing: /home/jaeheyoung/Rokey/7.PracticalProject/Week3_Coop2/DR_ws/install/dsr_description2/share/dsr_description2/meshes/h2017_blue/H2017_4_1.dae
[2.966s] -- Installing: /home/jaeheyoung/Rokey/7.PracticalProject/Week3_Coop2/DR_ws/install/dsr_description2/share/dsr_description2/meshes/h2017_blue/H2017_2_1.dae
[2.966s] -- Installing: /home/jaeheyoung/Rokey/7.PracticalProject/Week3_Coop2/DR_ws/install/dsr_description2/share/dsr_description2/meshes/e0509_white
[2.966s] -- Installing: /home/jaeheyoung/Rokey/7.PracticalProject/Week3_Coop2/DR_ws/install/dsr_description2/share/dsr_description2/meshes/e0509_white/E0509_5_1.dae
[2.966s] -- Installing: /home/jaeheyoung/Rokey/7.PracticalProject/Week3_Coop2/DR_ws/install/dsr_description2/share/dsr_description2/meshes/e0509_white/E0509_2_1.dae
[2.966s] -- Installing: /home/jaeheyoung/Rokey/7.PracticalProject/Week3_Coop2/DR_ws/install/dsr_description2/share/dsr_description2/meshes/e0509_white/E0509_4_2.dae
[2.967s] -- Installing: /home/jaeheyoung/Rokey/7.PracticalProject/Week3_Coop2/DR_ws/install/dsr_description2/share/dsr_description2/meshes/e0509_white/E0509_1_3.dae
[2.967s] -- Installing: /home/jaeheyoung/Rokey/7.PracticalProject/Week3_Coop2/DR_ws/install/dsr_description2/share/dsr_description2/meshes/e0509_white/E0509_5_2.dae
[2.967s] -- Installing: /home/jaeheyoung/Rokey/7.PracticalProject/Week3_Coop2/DR_ws/install/dsr_description2/share/dsr_description2/meshes/e0509_white/E0509_6_1.dae
[2.967s] -- Installing: /home/jaeheyoung/Rokey/7.PracticalProject/Week3_Coop2/DR_ws/install/dsr_description2/share/dsr_description2/meshes/e0509_white/E0509_1_1.dae
[2.967s] -- Installing: /home/jaeheyoung/Rokey/7.PracticalProject/Week3_Coop2/DR_ws/install/dsr_description2/share/dsr_description2/meshes/e0509_white/E0509_3_2.dae
[2.967s] -- Installing: /home/jaeheyoung/Rokey/7.PracticalProject/Week3_Coop2/DR_ws/install/dsr_description2/share/dsr_description2/meshes/e0509_white/E0509_1_4.dae
[2.967s] -- Installing: /home/jaeheyoung/Rokey/7.PracticalProject/Week3_Coop2/DR_ws/install/dsr_description2/share/dsr_description2/meshes/e0509_white/E0509_4_1.dae
[2.969s] -- Installing: /home/jaeheyoung/Rokey/7.PracticalProject/Week3_Coop2/DR_ws/install/dsr_description2/share/dsr_description2/meshes/e0509_white/E0509_1_2.dae
[2.969s] -- Installing: /home/jaeheyoung/Rokey/7.PracticalProject/Week3_Coop2/DR_ws/install/dsr_description2/share/dsr_description2/meshes/e0509_white/E0509_2_2.dae
[2.969s] -- Installing: /home/jaeheyoung/Rokey/7.PracticalProject/Week3_Coop2/DR_ws/install/dsr_description2/share/dsr_description2/meshes/e0509_white/E0509_3_1.dae
[2.969s] -- Installing: /home/jaeheyoung/Rokey/7.PracticalProject/Week3_Coop2/DR_ws/install/dsr_description2/share/dsr_description2/meshes/e0509_white/E0509_0_0.dae
[2.969s] -- Installing: /home/jaeheyoung/Rokey/7.PracticalProject/Week3_Coop2/DR_ws/install/dsr_description2/share/dsr_description2/meshes/m0617_collision
[2.969s] -- Installing: /home/jaeheyoung/Rokey/7.PracticalProject/Week3_Coop2/DR_ws/install/dsr_description2/share/dsr_description2/meshes/m0617_collision/MF0617_2_1.dae
[2.973s] -- Installing: /home/jaeheyoung/Rokey/7.PracticalProject/Week3_Coop2/DR_ws/install/dsr_description2/share/dsr_description2/meshes/m0617_collision/MF0617_4_1.dae
[2.980s] -- Installing: /home/jaeheyoung/Rokey/7.PracticalProject/Week3_Coop2/DR_ws/install/dsr_description2/share/dsr_description2/meshes/m0617_collision/MF0617_2_0.dae
[2.981s] -- Installing: /home/jaeheyoung/Rokey/7.PracticalProject/Week3_Coop2/DR_ws/install/dsr_description2/share/dsr_description2/meshes/m0617_collision/MF0617_5_0.dae
[2.982s] -- Installing: /home/jaeheyoung/Rokey/7.PracticalProject/Week3_Coop2/DR_ws/install/dsr_description2/share/dsr_description2/meshes/m0617_collision/MF0617_2_2.dae
[2.983s] -- Installing: /home/jaeheyoung/Rokey/7.PracticalProject/Week3_Coop2/DR_ws/install/dsr_description2/share/dsr_description2/meshes/m0617_collision/MF0617_4_0.dae
[2.984s] -- Installing: /home/jaeheyoung/Rokey/7.PracticalProject/Week3_Coop2/DR_ws/install/dsr_description2/share/dsr_description2/meshes/m0617_collision/MF0617_6_0.dae
[2.991s] -- Installing: /home/jaeheyoung/Rokey/7.PracticalProject/Week3_Coop2/DR_ws/install/dsr_description2/share/dsr_description2/meshes/m0617_collision/MF0617_3_0.dae
[2.992s] -- Installing: /home/jaeheyoung/Rokey/7.PracticalProject/Week3_Coop2/DR_ws/install/dsr_description2/share/dsr_description2/meshes/m0617_collision/MF0617_0_0.dae
[2.992s] -- Installing: /home/jaeheyoung/Rokey/7.PracticalProject/Week3_Coop2/DR_ws/install/dsr_description2/share/dsr_description2/meshes/m0617_collision/MF0617_1_0.dae
[2.992s] -- Installing: /home/jaeheyoung/Rokey/7.PracticalProject/Week3_Coop2/DR_ws/install/dsr_description2/share/dsr_description2/meshes/m1013_white
[2.992s] -- Installing: /home/jaeheyoung/Rokey/7.PracticalProject/Week3_Coop2/DR_ws/install/dsr_description2/share/dsr_description2/meshes/m1013_white/MF1013_4_1.dae
[2.993s] -- Installing: /home/jaeheyoung/Rokey/7.PracticalProject/Week3_Coop2/DR_ws/install/dsr_description2/share/dsr_description2/meshes/m1013_white/MF1013_4_0.dae
[2.993s] -- Installing: /home/jaeheyoung/Rokey/7.PracticalProject/Week3_Coop2/DR_ws/install/dsr_description2/share/dsr_description2/meshes/m1013_white/MF1013_1_0.dae
[2.993s] -- Installing: /home/jaeheyoung/Rokey/7.PracticalProject/Week3_Coop2/DR_ws/install/dsr_description2/share/dsr_description2/meshes/m1013_white/MF1013_2_0.dae
[2.993s] -- Installing: /home/jaeheyoung/Rokey/7.PracticalProject/Week3_Coop2/DR_ws/install/dsr_description2/share/dsr_description2/meshes/m1013_white/MF1013_6_0.dae
[2.993s] -- Installing: /home/jaeheyoung/Rokey/7.PracticalProject/Week3_Coop2/DR_ws/install/dsr_description2/share/dsr_description2/meshes/m1013_white/MF1013_0_0.dae
[2.993s] -- Installing: /home/jaeheyoung/Rokey/7.PracticalProject/Week3_Coop2/DR_ws/install/dsr_description2/share/dsr_description2/meshes/m1013_white/MF1013_2_1.dae
[2.993s] -- Installing: /home/jaeheyoung/Rokey/7.PracticalProject/Week3_Coop2/DR_ws/install/dsr_description2/share/dsr_description2/meshes/m1013_white/MF1013_5_0.dae
[2.993s] -- Installing: /home/jaeheyoung/Rokey/7.PracticalProject/Week3_Coop2/DR_ws/install/dsr_description2/share/dsr_description2/meshes/m1013_white/MF1013_3_0.dae
[2.993s] -- Installing: /home/jaeheyoung/Rokey/7.PracticalProject/Week3_Coop2/DR_ws/install/dsr_description2/share/dsr_description2/meshes/m1013_white/MF1013_2_2.dae
[2.993s] -- Installing: /home/jaeheyoung/Rokey/7.PracticalProject/Week3_Coop2/DR_ws/install/dsr_description2/share/dsr_description2/meshes/a0509_white
[2.993s] -- Installing: /home/jaeheyoung/Rokey/7.PracticalProject/Week3_Coop2/DR_ws/install/dsr_description2/share/dsr_description2/meshes/a0509_white/A0509_2_2.dae
[2.993s] -- Installing: /home/jaeheyoung/Rokey/7.PracticalProject/Week3_Coop2/DR_ws/install/dsr_description2/share/dsr_description2/meshes/a0509_white/A0509_3_0.dae
[2.994s] -- Installing: /home/jaeheyoung/Rokey/7.PracticalProject/Week3_Coop2/DR_ws/install/dsr_description2/share/dsr_description2/meshes/a0509_white/A0509_3_1.dae
[2.994s] -- Installing: /home/jaeheyoung/Rokey/7.PracticalProject/Week3_Coop2/DR_ws/install/dsr_description2/share/dsr_description2/meshes/a0509_white/A0509_2_1.dae
[2.994s] -- Installing: /home/jaeheyoung/Rokey/7.PracticalProject/Week3_Coop2/DR_ws/install/dsr_description2/share/dsr_description2/meshes/a0509_white/A0509_1_0.dae
[2.994s] -- Installing: /home/jaeheyoung/Rokey/7.PracticalProject/Week3_Coop2/DR_ws/install/dsr_description2/share/dsr_description2/meshes/a0509_white/A0509_0_0.dae
[2.994s] -- Installing: /home/jaeheyoung/Rokey/7.PracticalProject/Week3_Coop2/DR_ws/install/dsr_description2/share/dsr_description2/meshes/a0509_white/A0509_1_1.dae
[2.994s] -- Installing: /home/jaeheyoung/Rokey/7.PracticalProject/Week3_Coop2/DR_ws/install/dsr_description2/share/dsr_description2/meshes/a0509_white/A0509_5_1.dae
[2.994s] -- Installing: /home/jaeheyoung/Rokey/7.PracticalProject/Week3_Coop2/DR_ws/install/dsr_description2/share/dsr_description2/meshes/a0509_white/A0509_1_2.dae
[2.994s] -- Installing: /home/jaeheyoung/Rokey/7.PracticalProject/Week3_Coop2/DR_ws/install/dsr_description2/share/dsr_description2/meshes/a0509_white/A0509_4_1.dae
[2.994s] -- Installing: /home/jaeheyoung/Rokey/7.PracticalProject/Week3_Coop2/DR_ws/install/dsr_description2/share/dsr_description2/meshes/a0509_white/A0509_5_0.dae
[2.994s] -- Installing: /home/jaeheyoung/Rokey/7.PracticalProject/Week3_Coop2/DR_ws/install/dsr_description2/share/dsr_description2/meshes/a0509_white/A0509_2_0.dae
[2.994s] -- Installing: /home/jaeheyoung/Rokey/7.PracticalProject/Week3_Coop2/DR_ws/install/dsr_description2/share/dsr_description2/meshes/a0509_white/A0509_4_0.dae
[2.995s] -- Installing: /home/jaeheyoung/Rokey/7.PracticalProject/Week3_Coop2/DR_ws/install/dsr_description2/share/dsr_description2/meshes/a0509_white/A0509_6_0.dae
[2.997s] -- Installing: /home/jaeheyoung/Rokey/7.PracticalProject/Week3_Coop2/DR_ws/install/dsr_description2/share/dsr_description2/meshes/a0509_blue
[2.997s] -- Installing: /home/jaeheyoung/Rokey/7.PracticalProject/Week3_Coop2/DR_ws/install/dsr_description2/share/dsr_description2/meshes/a0509_blue/A0509_2_2.dae
[2.997s] -- Installing: /home/jaeheyoung/Rokey/7.PracticalProject/Week3_Coop2/DR_ws/install/dsr_description2/share/dsr_description2/meshes/a0509_blue/A0509_3_0.dae
[2.997s] -- Installing: /home/jaeheyoung/Rokey/7.PracticalProject/Week3_Coop2/DR_ws/install/dsr_description2/share/dsr_description2/meshes/a0509_blue/A0509_3_1.dae
[2.999s] -- Installing: /home/jaeheyoung/Rokey/7.PracticalProject/Week3_Coop2/DR_ws/install/dsr_description2/share/dsr_description2/meshes/a0509_blue/A0509_2_1.dae
[2.999s] -- Installing: /home/jaeheyoung/Rokey/7.PracticalProject/Week3_Coop2/DR_ws/install/dsr_description2/share/dsr_description2/meshes/a0509_blue/A0509_1_0.dae
[2.999s] -- Installing: /home/jaeheyoung/Rokey/7.PracticalProject/Week3_Coop2/DR_ws/install/dsr_description2/share/dsr_description2/meshes/a0509_blue/A0509_0_0.dae
[3.001s] -- Installing: /home/jaeheyoung/Rokey/7.PracticalProject/Week3_Coop2/DR_ws/install/dsr_description2/share/dsr_description2/meshes/a0509_blue/A0509_1_1.dae
[3.002s] -- Installing: /home/jaeheyoung/Rokey/7.PracticalProject/Week3_Coop2/DR_ws/install/dsr_description2/share/dsr_description2/meshes/a0509_blue/A0509_5_1.dae
[3.003s] -- Installing: /home/jaeheyoung/Rokey/7.PracticalProject/Week3_Coop2/DR_ws/install/dsr_description2/share/dsr_description2/meshes/a0509_blue/A0509_1_2.dae
[3.007s] -- Installing: /home/jaeheyoung/Rokey/7.PracticalProject/Week3_Coop2/DR_ws/install/dsr_description2/share/dsr_description2/meshes/a0509_blue/A0509_4_1.dae
[3.008s] -- Installing: /home/jaeheyoung/Rokey/7.PracticalProject/Week3_Coop2/DR_ws/install/dsr_description2/share/dsr_description2/meshes/a0509_blue/A0509_5_0.dae
[3.013s] -- Installing: /home/jaeheyoung/Rokey/7.PracticalProject/Week3_Coop2/DR_ws/install/dsr_description2/share/dsr_description2/meshes/a0509_blue/A0509_2_0.dae
[3.014s] -- Installing: /home/jaeheyoung/Rokey/7.PracticalProject/Week3_Coop2/DR_ws/install/dsr_description2/share/dsr_description2/meshes/a0509_blue/A0509_4_0.dae
[3.014s] -- Installing: /home/jaeheyoung/Rokey/7.PracticalProject/Week3_Coop2/DR_ws/install/dsr_description2/share/dsr_description2/meshes/a0509_blue/A0509_6_0.dae
[3.015s] -- Installing: /home/jaeheyoung/Rokey/7.PracticalProject/Week3_Coop2/DR_ws/install/dsr_description2/share/dsr_description2/meshes/h2515_blue
[3.015s] -- Installing: /home/jaeheyoung/Rokey/7.PracticalProject/Week3_Coop2/DR_ws/install/dsr_description2/share/dsr_description2/meshes/h2515_blue/H2515_2_2.dae
[3.015s] -- Installing: /home/jaeheyoung/Rokey/7.PracticalProject/Week3_Coop2/DR_ws/install/dsr_description2/share/dsr_description2/meshes/h2515_blue/H2515_1_0.dae
[3.016s] -- Installing: /home/jaeheyoung/Rokey/7.PracticalProject/Week3_Coop2/DR_ws/install/dsr_description2/share/dsr_description2/meshes/h2515_blue/H2515_2_0.dae
[3.016s] -- Installing: /home/jaeheyoung/Rokey/7.PracticalProject/Week3_Coop2/DR_ws/install/dsr_description2/share/dsr_description2/meshes/h2515_blue/H2515_3_0.dae
[3.016s] -- Installing: /home/jaeheyoung/Rokey/7.PracticalProject/Week3_Coop2/DR_ws/install/dsr_description2/share/dsr_description2/meshes/h2515_blue/H2515_4_0.dae
[3.016s] -- Installing: /home/jaeheyoung/Rokey/7.PracticalProject/Week3_Coop2/DR_ws/install/dsr_description2/share/dsr_description2/meshes/h2515_blue/H2515_4_1.dae
[3.016s] -- Installing: /home/jaeheyoung/Rokey/7.PracticalProject/Week3_Coop2/DR_ws/install/dsr_description2/share/dsr_description2/meshes/h2515_blue/H2515_6_0.dae
[3.016s] -- Installing: /home/jaeheyoung/Rokey/7.PracticalProject/Week3_Coop2/DR_ws/install/dsr_description2/share/dsr_description2/meshes/h2515_blue/H2515_0_0.dae
[3.017s] -- Installing: /home/jaeheyoung/Rokey/7.PracticalProject/Week3_Coop2/DR_ws/install/dsr_description2/share/dsr_description2/meshes/h2515_blue/H2515_2_1.dae
[3.017s] -- Installing: /home/jaeheyoung/Rokey/7.PracticalProject/Week3_Coop2/DR_ws/install/dsr_description2/share/dsr_description2/meshes/h2515_blue/H2515_5_0.dae
[3.019s] -- Installing: /home/jaeheyoung/Rokey/7.PracticalProject/Week3_Coop2/DR_ws/install/dsr_description2/share/dsr_description2/meshes/h2515_collision
[3.019s] -- Installing: /home/jaeheyoung/Rokey/7.PracticalProject/Week3_Coop2/DR_ws/install/dsr_description2/share/dsr_description2/meshes/h2515_collision/H2515_2_2.dae
[3.019s] -- Installing: /home/jaeheyoung/Rokey/7.PracticalProject/Week3_Coop2/DR_ws/install/dsr_description2/share/dsr_description2/meshes/h2515_collision/H2515_1_0.dae
[3.019s] -- Installing: /home/jaeheyoung/Rokey/7.PracticalProject/Week3_Coop2/DR_ws/install/dsr_description2/share/dsr_description2/meshes/h2515_collision/H2515_2_0.dae
[3.019s] -- Installing: /home/jaeheyoung/Rokey/7.PracticalProject/Week3_Coop2/DR_ws/install/dsr_description2/share/dsr_description2/meshes/h2515_collision/H2515_3_0.dae
[3.020s] -- Installing: /home/jaeheyoung/Rokey/7.PracticalProject/Week3_Coop2/DR_ws/install/dsr_description2/share/dsr_description2/meshes/h2515_collision/H2515_4_0.dae
[3.021s] -- Installing: /home/jaeheyoung/Rokey/7.PracticalProject/Week3_Coop2/DR_ws/install/dsr_description2/share/dsr_description2/meshes/h2515_collision/H2515_4_1.dae
[3.021s] -- Installing: /home/jaeheyoung/Rokey/7.PracticalProject/Week3_Coop2/DR_ws/install/dsr_description2/share/dsr_description2/meshes/h2515_collision/H2515_6_0.dae
[3.022s] -- Installing: /home/jaeheyoung/Rokey/7.PracticalProject/Week3_Coop2/DR_ws/install/dsr_description2/share/dsr_description2/meshes/h2515_collision/H2515_0_0.dae
[3.022s] -- Installing: /home/jaeheyoung/Rokey/7.PracticalProject/Week3_Coop2/DR_ws/install/dsr_description2/share/dsr_description2/meshes/h2515_collision/H2515_2_1.dae
[3.024s] -- Installing: /home/jaeheyoung/Rokey/7.PracticalProject/Week3_Coop2/DR_ws/install/dsr_description2/share/dsr_description2/meshes/h2515_collision/H2515_5_0.dae
[3.025s] -- Installing: /home/jaeheyoung/Rokey/7.PracticalProject/Week3_Coop2/DR_ws/install/dsr_description2/share/dsr_description2/meshes/gripper
[3.025s] -- Installing: /home/jaeheyoung/Rokey/7.PracticalProject/Week3_Coop2/DR_ws/install/dsr_description2/share/dsr_description2/meshes/gripper/robotiq
[3.025s] -- Installing: /home/jaeheyoung/Rokey/7.PracticalProject/Week3_Coop2/DR_ws/install/dsr_description2/share/dsr_description2/meshes/gripper/robotiq/85_2f
[3.025s] -- Installing: /home/jaeheyoung/Rokey/7.PracticalProject/Week3_Coop2/DR_ws/install/dsr_description2/share/dsr_description2/meshes/gripper/robotiq/85_2f/collision
[3.025s] -- Installing: /home/jaeheyoung/Rokey/7.PracticalProject/Week3_Coop2/DR_ws/install/dsr_description2/share/dsr_description2/meshes/gripper/robotiq/85_2f/collision/robotiq_85_knuckle_link.stl
[3.026s] -- Installing: /home/jaeheyoung/Rokey/7.PracticalProject/Week3_Coop2/DR_ws/install/dsr_description2/share/dsr_description2/meshes/gripper/robotiq/85_2f/collision/robotiq_85_finger_tip_link.stl
[3.026s] -- Installing: /home/jaeheyoung/Rokey/7.PracticalProject/Week3_Coop2/DR_ws/install/dsr_description2/share/dsr_description2/meshes/gripper/robotiq/85_2f/collision/robotiq_85_finger_link.stl
[3.026s] -- Installing: /home/jaeheyoung/Rokey/7.PracticalProject/Week3_Coop2/DR_ws/install/dsr_description2/share/dsr_description2/meshes/gripper/robotiq/85_2f/collision/robotiq_85_inner_knuckle_link.stl
[3.029s] -- Installing: /home/jaeheyoung/Rokey/7.PracticalProject/Week3_Coop2/DR_ws/install/dsr_description2/share/dsr_description2/meshes/gripper/robotiq/85_2f/collision/robotiq_85_base_link.stl
[3.033s] -- Installing: /home/jaeheyoung/Rokey/7.PracticalProject/Week3_Coop2/DR_ws/install/dsr_description2/share/dsr_description2/meshes/gripper/robotiq/85_2f/robotiq_85_coupler.stl
[3.034s] -- Installing: /home/jaeheyoung/Rokey/7.PracticalProject/Week3_Coop2/DR_ws/install/dsr_description2/share/dsr_description2/meshes/gripper/robotiq/85_2f/visual
[3.038s] -- Installing: /home/jaeheyoung/Rokey/7.PracticalProject/Week3_Coop2/DR_ws/install/dsr_description2/share/dsr_description2/meshes/gripper/robotiq/85_2f/visual/robotiq_85_knuckle_link.dae
[3.040s] -- Installing: /home/jaeheyoung/Rokey/7.PracticalProject/Week3_Coop2/DR_ws/install/dsr_description2/share/dsr_description2/meshes/gripper/robotiq/85_2f/visual/robotiq_85_finger_link.dae
[3.041s] -- Installing: /home/jaeheyoung/Rokey/7.PracticalProject/Week3_Coop2/DR_ws/install/dsr_description2/share/dsr_description2/meshes/gripper/robotiq/85_2f/visual/robotiq_85_finger_tip_link.dae
[3.042s] -- Installing: /home/jaeheyoung/Rokey/7.PracticalProject/Week3_Coop2/DR_ws/install/dsr_description2/share/dsr_description2/meshes/gripper/robotiq/85_2f/visual/robotiq_85_base_link.dae
[3.042s] -- Installing: /home/jaeheyoung/Rokey/7.PracticalProject/Week3_Coop2/DR_ws/install/dsr_description2/share/dsr_description2/meshes/gripper/robotiq/85_2f/visual/robotiq_85_inner_knuckle_link.dae
[3.045s] -- Installing: /home/jaeheyoung/Rokey/7.PracticalProject/Week3_Coop2/DR_ws/install/dsr_description2/share/dsr_description2/meshes/mobile
[3.045s] -- Installing: /home/jaeheyoung/Rokey/7.PracticalProject/Week3_Coop2/DR_ws/install/dsr_description2/share/dsr_description2/meshes/mobile/large_top_plate_collision.stl
[3.046s] -- Installing: /home/jaeheyoung/Rokey/7.PracticalProject/Week3_Coop2/DR_ws/install/dsr_description2/share/dsr_description2/meshes/mobile/base_link.dae
[3.046s] -- Installing: /home/jaeheyoung/Rokey/7.PracticalProject/Week3_Coop2/DR_ws/install/dsr_description2/share/dsr_description2/meshes/mobile/user_rail.stl
[3.046s] -- Installing: /home/jaeheyoung/Rokey/7.PracticalProject/Week3_Coop2/DR_ws/install/dsr_description2/share/dsr_description2/meshes/mobile/bumper.stl
[3.046s] -- Installing: /home/jaeheyoung/Rokey/7.PracticalProject/Week3_Coop2/DR_ws/install/dsr_description2/share/dsr_description2/meshes/mobile/top_chassis.dae
[3.046s] -- Installing: /home/jaeheyoung/Rokey/7.PracticalProject/Week3_Coop2/DR_ws/install/dsr_description2/share/dsr_description2/meshes/mobile/bumper.dae
[3.046s] -- Installing: /home/jaeheyoung/Rokey/7.PracticalProject/Week3_Coop2/DR_ws/install/dsr_description2/share/dsr_description2/meshes/mobile/top_plate.dae
[3.046s] -- Installing: /home/jaeheyoung/Rokey/7.PracticalProject/Week3_Coop2/DR_ws/install/dsr_description2/share/dsr_description2/meshes/mobile/wheel.stl
[3.046s] -- Installing: /home/jaeheyoung/Rokey/7.PracticalProject/Week3_Coop2/DR_ws/install/dsr_description2/share/dsr_description2/meshes/mobile/top_chassis.stl
[3.046s] -- Installing: /home/jaeheyoung/Rokey/7.PracticalProject/Week3_Coop2/DR_ws/install/dsr_description2/share/dsr_description2/meshes/mobile/base_link.stl
[3.046s] -- Installing: /home/jaeheyoung/Rokey/7.PracticalProject/Week3_Coop2/DR_ws/install/dsr_description2/share/dsr_description2/meshes/mobile/top_plate.stl
[3.046s] -- Installing: /home/jaeheyoung/Rokey/7.PracticalProject/Week3_Coop2/DR_ws/install/dsr_description2/share/dsr_description2/meshes/mobile/wheel.dae
[3.047s] -- Installing: /home/jaeheyoung/Rokey/7.PracticalProject/Week3_Coop2/DR_ws/install/dsr_description2/share/dsr_description2/meshes/mobile/user_rail.dae
[3.047s] -- Installing: /home/jaeheyoung/Rokey/7.PracticalProject/Week3_Coop2/DR_ws/install/dsr_description2/share/dsr_description2/meshes/mobile/large_top_plate.dae
[3.047s] -- Installing: /home/jaeheyoung/Rokey/7.PracticalProject/Week3_Coop2/DR_ws/install/dsr_description2/share/dsr_description2/meshes/h2515_white
[3.047s] -- Installing: /home/jaeheyoung/Rokey/7.PracticalProject/Week3_Coop2/DR_ws/install/dsr_description2/share/dsr_description2/meshes/h2515_white/H2515_2_2.dae
[3.047s] -- Installing: /home/jaeheyoung/Rokey/7.PracticalProject/Week3_Coop2/DR_ws/install/dsr_description2/share/dsr_description2/meshes/h2515_white/H2515_1_0.dae
[3.047s] -- Installing: /home/jaeheyoung/Rokey/7.PracticalProject/Week3_Coop2/DR_ws/install/dsr_description2/share/dsr_description2/meshes/h2515_white/H2515_2_0.dae
[3.050s] -- Installing: /home/jaeheyoung/Rokey/7.PracticalProject/Week3_Coop2/DR_ws/install/dsr_description2/share/dsr_description2/meshes/h2515_white/H2515_3_0.dae
[3.050s] -- Installing: /home/jaeheyoung/Rokey/7.PracticalProject/Week3_Coop2/DR_ws/install/dsr_description2/share/dsr_description2/meshes/h2515_white/H2515_4_0.dae
[3.050s] -- Installing: /home/jaeheyoung/Rokey/7.PracticalProject/Week3_Coop2/DR_ws/install/dsr_description2/share/dsr_description2/meshes/h2515_white/H2515_4_1.dae
[3.052s] -- Installing: /home/jaeheyoung/Rokey/7.PracticalProject/Week3_Coop2/DR_ws/install/dsr_description2/share/dsr_description2/meshes/h2515_white/H2515_6_0.dae
[3.053s] -- Installing: /home/jaeheyoung/Rokey/7.PracticalProject/Week3_Coop2/DR_ws/install/dsr_description2/share/dsr_description2/meshes/h2515_white/H2515_0_0.dae
[3.053s] -- Installing: /home/jaeheyoung/Rokey/7.PracticalProject/Week3_Coop2/DR_ws/install/dsr_description2/share/dsr_description2/meshes/h2515_white/H2515_2_1.dae
[3.056s] -- Installing: /home/jaeheyoung/Rokey/7.PracticalProject/Week3_Coop2/DR_ws/install/dsr_description2/share/dsr_description2/meshes/h2515_white/H2515_5_0.dae
[3.057s] -- Installing: /home/jaeheyoung/Rokey/7.PracticalProject/Week3_Coop2/DR_ws/install/dsr_description2/share/dsr_description2/meshes/a0509_collision
[3.059s] -- Installing: /home/jaeheyoung/Rokey/7.PracticalProject/Week3_Coop2/DR_ws/install/dsr_description2/share/dsr_description2/meshes/a0509_collision/A0509_2_2.dae
[3.060s] -- Installing: /home/jaeheyoung/Rokey/7.PracticalProject/Week3_Coop2/DR_ws/install/dsr_description2/share/dsr_description2/meshes/a0509_collision/A0509_3_0.dae
[3.060s] -- Installing: /home/jaeheyoung/Rokey/7.PracticalProject/Week3_Coop2/DR_ws/install/dsr_description2/share/dsr_description2/meshes/a0509_collision/A0509_3_1.dae
[3.060s] -- Installing: /home/jaeheyoung/Rokey/7.PracticalProject/Week3_Coop2/DR_ws/install/dsr_description2/share/dsr_description2/meshes/a0509_collision/A0509_2_1.dae
[3.061s] -- Installing: /home/jaeheyoung/Rokey/7.PracticalProject/Week3_Coop2/DR_ws/install/dsr_description2/share/dsr_description2/meshes/a0509_collision/A0509_1_0.dae
[3.063s] -- Installing: /home/jaeheyoung/Rokey/7.PracticalProject/Week3_Coop2/DR_ws/install/dsr_description2/share/dsr_description2/meshes/a0509_collision/A0509_0_0.dae
[3.065s] -- Installing: /home/jaeheyoung/Rokey/7.PracticalProject/Week3_Coop2/DR_ws/install/dsr_description2/share/dsr_description2/meshes/a0509_collision/A0509_1_1.dae
[3.065s] -- Installing: /home/jaeheyoung/Rokey/7.PracticalProject/Week3_Coop2/DR_ws/install/dsr_description2/share/dsr_description2/meshes/a0509_collision/A0509_5_1.dae
[3.065s] -- Installing: /home/jaeheyoung/Rokey/7.PracticalProject/Week3_Coop2/DR_ws/install/dsr_description2/share/dsr_description2/meshes/a0509_collision/A0509_1_2.dae
[3.065s] -- Installing: /home/jaeheyoung/Rokey/7.PracticalProject/Week3_Coop2/DR_ws/install/dsr_description2/share/dsr_description2/meshes/a0509_collision/A0509_4_1.dae
[3.065s] -- Installing: /home/jaeheyoung/Rokey/7.PracticalProject/Week3_Coop2/DR_ws/install/dsr_description2/share/dsr_description2/meshes/a0509_collision/A0509_5_0.dae
[3.065s] -- Installing: /home/jaeheyoung/Rokey/7.PracticalProject/Week3_Coop2/DR_ws/install/dsr_description2/share/dsr_description2/meshes/a0509_collision/A0509_2_0.dae
[3.068s] -- Installing: /home/jaeheyoung/Rokey/7.PracticalProject/Week3_Coop2/DR_ws/install/dsr_description2/share/dsr_description2/meshes/a0509_collision/A0509_4_0.dae
[3.068s] -- Installing: /home/jaeheyoung/Rokey/7.PracticalProject/Week3_Coop2/DR_ws/install/dsr_description2/share/dsr_description2/meshes/a0509_collision/A0509_6_0.dae
[3.069s] -- Installing: /home/jaeheyoung/Rokey/7.PracticalProject/Week3_Coop2/DR_ws/install/dsr_description2/share/dsr_description2/meshes/m1013_blue
[3.069s] -- Installing: /home/jaeheyoung/Rokey/7.PracticalProject/Week3_Coop2/DR_ws/install/dsr_description2/share/dsr_description2/meshes/m1013_blue/MF1013_4_1.dae
[3.075s] -- Installing: /home/jaeheyoung/Rokey/7.PracticalProject/Week3_Coop2/DR_ws/install/dsr_description2/share/dsr_description2/meshes/m1013_blue/MF1013_4_0.dae
[3.078s] -- Installing: /home/jaeheyoung/Rokey/7.PracticalProject/Week3_Coop2/DR_ws/install/dsr_description2/share/dsr_description2/meshes/m1013_blue/MF1013_1_0.dae
[3.085s] -- Installing: /home/jaeheyoung/Rokey/7.PracticalProject/Week3_Coop2/DR_ws/install/dsr_description2/share/dsr_description2/meshes/m1013_blue/MF1013_2_0.dae
[3.086s] -- Installing: /home/jaeheyoung/Rokey/7.PracticalProject/Week3_Coop2/DR_ws/install/dsr_description2/share/dsr_description2/meshes/m1013_blue/MF1013_6_0.dae
[3.087s] -- Installing: /home/jaeheyoung/Rokey/7.PracticalProject/Week3_Coop2/DR_ws/install/dsr_description2/share/dsr_description2/meshes/m1013_blue/MF1013_0_0.dae
[3.089s] -- Installing: /home/jaeheyoung/Rokey/7.PracticalProject/Week3_Coop2/DR_ws/install/dsr_description2/share/dsr_description2/meshes/m1013_blue/MF1013_2_1.dae
[3.090s] -- Installing: /home/jaeheyoung/Rokey/7.PracticalProject/Week3_Coop2/DR_ws/install/dsr_description2/share/dsr_description2/meshes/m1013_blue/MF1013_5_0.dae
[3.092s] -- Installing: /home/jaeheyoung/Rokey/7.PracticalProject/Week3_Coop2/DR_ws/install/dsr_description2/share/dsr_description2/meshes/m1013_blue/MF1013_3_0.dae
[3.094s] -- Installing: /home/jaeheyoung/Rokey/7.PracticalProject/Week3_Coop2/DR_ws/install/dsr_description2/share/dsr_description2/meshes/m1013_blue/MF1013_2_2.dae
[3.094s] -- Installing: /home/jaeheyoung/Rokey/7.PracticalProject/Week3_Coop2/DR_ws/install/dsr_description2/share/dsr_description2/meshes/m1509_blue
[3.094s] -- Installing: /home/jaeheyoung/Rokey/7.PracticalProject/Week3_Coop2/DR_ws/install/dsr_description2/share/dsr_description2/meshes/m1509_blue/MF1509_2_2.dae
[3.094s] -- Installing: /home/jaeheyoung/Rokey/7.PracticalProject/Week3_Coop2/DR_ws/install/dsr_description2/share/dsr_description2/meshes/m1509_blue/MF1509_2_1.dae
[3.095s] -- Installing: /home/jaeheyoung/Rokey/7.PracticalProject/Week3_Coop2/DR_ws/install/dsr_description2/share/dsr_description2/meshes/m1509_blue/MF1509_4_0.dae
[3.095s] -- Installing: /home/jaeheyoung/Rokey/7.PracticalProject/Week3_Coop2/DR_ws/install/dsr_description2/share/dsr_description2/meshes/m1509_blue/MF1509_0_0.dae
[3.096s] -- Installing: /home/jaeheyoung/Rokey/7.PracticalProject/Week3_Coop2/DR_ws/install/dsr_description2/share/dsr_description2/meshes/m1509_blue/MF1509_1_0.dae
[3.098s] -- Installing: /home/jaeheyoung/Rokey/7.PracticalProject/Week3_Coop2/DR_ws/install/dsr_description2/share/dsr_description2/meshes/m1509_blue/MF1509_4_1.dae
[3.098s] -- Installing: /home/jaeheyoung/Rokey/7.PracticalProject/Week3_Coop2/DR_ws/install/dsr_description2/share/dsr_description2/meshes/m1509_blue/MF1509_3_0.dae
[3.099s] -- Installing: /home/jaeheyoung/Rokey/7.PracticalProject/Week3_Coop2/DR_ws/install/dsr_description2/share/dsr_description2/meshes/m1509_blue/MF1509_2_0.dae
[3.099s] -- Installing: /home/jaeheyoung/Rokey/7.PracticalProject/Week3_Coop2/DR_ws/install/dsr_description2/share/dsr_description2/meshes/m1509_blue/MF1509_6_0.dae
[3.099s] -- Installing: /home/jaeheyoung/Rokey/7.PracticalProject/Week3_Coop2/DR_ws/install/dsr_description2/share/dsr_description2/meshes/m1509_blue/MF1509_5_0.dae
[3.100s] -- Installing: /home/jaeheyoung/Rokey/7.PracticalProject/Week3_Coop2/DR_ws/install/dsr_description2/share/dsr_description2/meshes/h2017_collision
[3.100s] -- Installing: /home/jaeheyoung/Rokey/7.PracticalProject/Week3_Coop2/DR_ws/install/dsr_description2/share/dsr_description2/meshes/h2017_collision/H2017_0_0.dae
[3.100s] -- Installing: /home/jaeheyoung/Rokey/7.PracticalProject/Week3_Coop2/DR_ws/install/dsr_description2/share/dsr_description2/meshes/h2017_collision/H2017_6_0.dae
[3.100s] -- Installing: /home/jaeheyoung/Rokey/7.PracticalProject/Week3_Coop2/DR_ws/install/dsr_description2/share/dsr_description2/meshes/h2017_collision/H2017_1_0.dae
[3.101s] -- Installing: /home/jaeheyoung/Rokey/7.PracticalProject/Week3_Coop2/DR_ws/install/dsr_description2/share/dsr_description2/meshes/h2017_collision/H2017_3_0.dae
[3.102s] -- Installing: /home/jaeheyoung/Rokey/7.PracticalProject/Week3_Coop2/DR_ws/install/dsr_description2/share/dsr_description2/meshes/h2017_collision/H2017_4_0.dae
[3.103s] -- Installing: /home/jaeheyoung/Rokey/7.PracticalProject/Week3_Coop2/DR_ws/install/dsr_description2/share/dsr_description2/meshes/h2017_collision/H2017_2_2.dae
[3.104s] -- Installing: /home/jaeheyoung/Rokey/7.PracticalProject/Week3_Coop2/DR_ws/install/dsr_description2/share/dsr_description2/meshes/h2017_collision/H2017_5_0.dae
[3.105s] -- Installing: /home/jaeheyoung/Rokey/7.PracticalProject/Week3_Coop2/DR_ws/install/dsr_description2/share/dsr_description2/meshes/h2017_collision/H2017_2_0.dae
[3.107s] -- Installing: /home/jaeheyoung/Rokey/7.PracticalProject/Week3_Coop2/DR_ws/install/dsr_description2/share/dsr_description2/meshes/h2017_collision/H2017_4_1.dae
[3.108s] -- Installing: /home/jaeheyoung/Rokey/7.PracticalProject/Week3_Coop2/DR_ws/install/dsr_description2/share/dsr_description2/meshes/h2017_collision/H2017_2_1.dae
[3.109s] -- Installing: /home/jaeheyoung/Rokey/7.PracticalProject/Week3_Coop2/DR_ws/install/dsr_description2/share/dsr_description2/meshes/m0609_collision
[3.110s] -- Installing: /home/jaeheyoung/Rokey/7.PracticalProject/Week3_Coop2/DR_ws/install/dsr_description2/share/dsr_description2/meshes/m0609_collision/MF0609_4_0.dae
[3.112s] -- Installing: /home/jaeheyoung/Rokey/7.PracticalProject/Week3_Coop2/DR_ws/install/dsr_description2/share/dsr_description2/meshes/m0609_collision/MF0609_3_0.dae
[3.112s] -- Installing: /home/jaeheyoung/Rokey/7.PracticalProject/Week3_Coop2/DR_ws/install/dsr_description2/share/dsr_description2/meshes/m0609_collision/MF0609_0_0.dae
[3.113s] -- Installing: /home/jaeheyoung/Rokey/7.PracticalProject/Week3_Coop2/DR_ws/install/dsr_description2/share/dsr_description2/meshes/m0609_collision/MF0609_2_1.dae
[3.114s] -- Installing: /home/jaeheyoung/Rokey/7.PracticalProject/Week3_Coop2/DR_ws/install/dsr_description2/share/dsr_description2/meshes/m0609_collision/MF0609_6_0.dae
[3.115s] -- Installing: /home/jaeheyoung/Rokey/7.PracticalProject/Week3_Coop2/DR_ws/install/dsr_description2/share/dsr_description2/meshes/m0609_collision/MF0609_2_2.dae
[3.115s] -- Installing: /home/jaeheyoung/Rokey/7.PracticalProject/Week3_Coop2/DR_ws/install/dsr_description2/share/dsr_description2/meshes/m0609_collision/MF0609_1_0.dae
[3.118s] -- Installing: /home/jaeheyoung/Rokey/7.PracticalProject/Week3_Coop2/DR_ws/install/dsr_description2/share/dsr_description2/meshes/m0609_collision/MF0609_2_0.dae
[3.118s] -- Installing: /home/jaeheyoung/Rokey/7.PracticalProject/Week3_Coop2/DR_ws/install/dsr_description2/share/dsr_description2/meshes/m0609_collision/MF0609_5_0.dae
[3.119s] -- Installing: /home/jaeheyoung/Rokey/7.PracticalProject/Week3_Coop2/DR_ws/install/dsr_description2/share/dsr_description2/meshes/m0609_collision/MF0609_4_1.dae
[3.119s] -- Installing: /home/jaeheyoung/Rokey/7.PracticalProject/Week3_Coop2/DR_ws/install/dsr_description2/share/dsr_description2/urdf
[3.119s] -- Installing: /home/jaeheyoung/Rokey/7.PracticalProject/Week3_Coop2/DR_ws/install/dsr_description2/share/dsr_description2/urdf/h2515.urdf
[3.120s] -- Installing: /home/jaeheyoung/Rokey/7.PracticalProject/Week3_Coop2/DR_ws/install/dsr_description2/share/dsr_description2/urdf/e0509.urdf
[3.120s] -- Installing: /home/jaeheyoung/Rokey/7.PracticalProject/Week3_Coop2/DR_ws/install/dsr_description2/share/dsr_description2/urdf/a0912.urdf
[3.120s] -- Installing: /home/jaeheyoung/Rokey/7.PracticalProject/Week3_Coop2/DR_ws/install/dsr_description2/share/dsr_description2/urdf/m1013.white.urdf
[3.120s] -- Installing: /home/jaeheyoung/Rokey/7.PracticalProject/Week3_Coop2/DR_ws/install/dsr_description2/share/dsr_description2/urdf/m0609.white.urdf
[3.120s] -- Installing: /home/jaeheyoung/Rokey/7.PracticalProject/Week3_Coop2/DR_ws/install/dsr_description2/share/dsr_description2/urdf/e0509.white.urdf
[3.120s] -- Installing: /home/jaeheyoung/Rokey/7.PracticalProject/Week3_Coop2/DR_ws/install/dsr_description2/share/dsr_description2/urdf/h2515.blue.urdf
[3.120s] -- Installing: /home/jaeheyoung/Rokey/7.PracticalProject/Week3_Coop2/DR_ws/install/dsr_description2/share/dsr_description2/urdf/m1509.urdf
[3.121s] -- Installing: /home/jaeheyoung/Rokey/7.PracticalProject/Week3_Coop2/DR_ws/install/dsr_description2/share/dsr_description2/urdf/m1013.urdf
[3.121s] -- Installing: /home/jaeheyoung/Rokey/7.PracticalProject/Week3_Coop2/DR_ws/install/dsr_description2/share/dsr_description2/urdf/a0509.urdf
[3.121s] -- Installing: /home/jaeheyoung/Rokey/7.PracticalProject/Week3_Coop2/DR_ws/install/dsr_description2/share/dsr_description2/urdf/a0509.blue.urdf
[3.121s] -- Installing: /home/jaeheyoung/Rokey/7.PracticalProject/Week3_Coop2/DR_ws/install/dsr_description2/share/dsr_description2/urdf/a0509.white.urdf
[3.121s] -- Installing: /home/jaeheyoung/Rokey/7.PracticalProject/Week3_Coop2/DR_ws/install/dsr_description2/share/dsr_description2/urdf/m1509.white.urdf
[3.121s] -- Installing: /home/jaeheyoung/Rokey/7.PracticalProject/Week3_Coop2/DR_ws/install/dsr_description2/share/dsr_description2/urdf/m1509.blue.urdf
[3.121s] -- Installing: /home/jaeheyoung/Rokey/7.PracticalProject/Week3_Coop2/DR_ws/install/dsr_description2/share/dsr_description2/urdf/a0912.white.urdf
[3.121s] -- Installing: /home/jaeheyoung/Rokey/7.PracticalProject/Week3_Coop2/DR_ws/install/dsr_description2/share/dsr_description2/urdf/h2515.white.urdf
[3.121s] -- Installing: /home/jaeheyoung/Rokey/7.PracticalProject/Week3_Coop2/DR_ws/install/dsr_description2/share/dsr_description2/urdf/m0617.white.urdf
[3.121s] -- Installing: /home/jaeheyoung/Rokey/7.PracticalProject/Week3_Coop2/DR_ws/install/dsr_description2/share/dsr_description2/urdf/m0609.blue.urdf
[3.121s] -- Installing: /home/jaeheyoung/Rokey/7.PracticalProject/Week3_Coop2/DR_ws/install/dsr_description2/share/dsr_description2/urdf/a0912.blue.urdf
[3.121s] -- Installing: /home/jaeheyoung/Rokey/7.PracticalProject/Week3_Coop2/DR_ws/install/dsr_description2/share/dsr_description2/urdf/m1013.blue.urdf
[3.122s] -- Installing: /home/jaeheyoung/Rokey/7.PracticalProject/Week3_Coop2/DR_ws/install/dsr_description2/share/dsr_description2/urdf/h2017.urdf
[3.122s] -- Installing: /home/jaeheyoung/Rokey/7.PracticalProject/Week3_Coop2/DR_ws/install/dsr_description2/share/dsr_description2/urdf/h2017.blue.urdf
[3.122s] -- Installing: /home/jaeheyoung/Rokey/7.PracticalProject/Week3_Coop2/DR_ws/install/dsr_description2/share/dsr_description2/urdf/m0609.urdf
[3.122s] -- Installing: /home/jaeheyoung/Rokey/7.PracticalProject/Week3_Coop2/DR_ws/install/dsr_description2/share/dsr_description2/urdf/m0617.urdf
[3.122s] -- Installing: /home/jaeheyoung/Rokey/7.PracticalProject/Week3_Coop2/DR_ws/install/dsr_description2/share/dsr_description2/urdf/h2017.white.urdf
[3.122s] -- Installing: /home/jaeheyoung/Rokey/7.PracticalProject/Week3_Coop2/DR_ws/install/dsr_description2/share/dsr_description2/urdf/m0617.blue.urdf
[3.122s] -- Installing: /home/jaeheyoung/Rokey/7.PracticalProject/Week3_Coop2/DR_ws/install/dsr_description2/share/dsr_description2/xacro
[3.122s] -- Installing: /home/jaeheyoung/Rokey/7.PracticalProject/Week3_Coop2/DR_ws/install/dsr_description2/share/dsr_description2/xacro/macro.h2017.blue.xacro
[3.122s] -- Installing: /home/jaeheyoung/Rokey/7.PracticalProject/Week3_Coop2/DR_ws/install/dsr_description2/share/dsr_description2/xacro/a0912.urdf.xacro
[3.122s] -- Installing: /home/jaeheyoung/Rokey/7.PracticalProject/Week3_Coop2/DR_ws/install/dsr_description2/share/dsr_description2/xacro/m0617.urdf.xacro
[3.122s] -- Installing: /home/jaeheyoung/Rokey/7.PracticalProject/Week3_Coop2/DR_ws/install/dsr_description2/share/dsr_description2/xacro/h2017.urdf.xacro
[3.122s] -- Installing: /home/jaeheyoung/Rokey/7.PracticalProject/Week3_Coop2/DR_ws/install/dsr_description2/share/dsr_description2/xacro/macro.m0609.blue.xacro
[3.122s] -- Installing: /home/jaeheyoung/Rokey/7.PracticalProject/Week3_Coop2/DR_ws/install/dsr_description2/share/dsr_description2/xacro/macro.a0912.white.xacro
[3.123s] -- Installing: /home/jaeheyoung/Rokey/7.PracticalProject/Week3_Coop2/DR_ws/install/dsr_description2/share/dsr_description2/xacro/e0509.urdf.xacro
[3.123s] -- Installing: /home/jaeheyoung/Rokey/7.PracticalProject/Week3_Coop2/DR_ws/install/dsr_description2/share/dsr_description2/xacro/macro.e0509.white.xacro
[3.123s] -- Installing: /home/jaeheyoung/Rokey/7.PracticalProject/Week3_Coop2/DR_ws/install/dsr_description2/share/dsr_description2/xacro/macro.m0609.white.xacro
[3.123s] -- Installing: /home/jaeheyoung/Rokey/7.PracticalProject/Week3_Coop2/DR_ws/install/dsr_description2/share/dsr_description2/xacro/macro.m1013.white.xacro
[3.123s] -- Installing: /home/jaeheyoung/Rokey/7.PracticalProject/Week3_Coop2/DR_ws/install/dsr_description2/share/dsr_description2/xacro/macro.a0509.blue.xacro
[3.123s] -- Installing: /home/jaeheyoung/Rokey/7.PracticalProject/Week3_Coop2/DR_ws/install/dsr_description2/share/dsr_description2/xacro/h2515.urdf.xacro
[3.123s] -- Installing: /home/jaeheyoung/Rokey/7.PracticalProject/Week3_Coop2/DR_ws/install/dsr_description2/share/dsr_description2/xacro/m0609.urdf.xacro
[3.123s] -- Installing: /home/jaeheyoung/Rokey/7.PracticalProject/Week3_Coop2/DR_ws/install/dsr_description2/share/dsr_description2/xacro/a0509.urdf.xacro
[3.123s] -- Installing: /home/jaeheyoung/Rokey/7.PracticalProject/Week3_Coop2/DR_ws/install/dsr_description2/share/dsr_description2/xacro/macro.m1509.white.xacro
[3.123s] -- Installing: /home/jaeheyoung/Rokey/7.PracticalProject/Week3_Coop2/DR_ws/install/dsr_description2/share/dsr_description2/xacro/m1509.urdf.xacro
[3.124s] -- Installing: /home/jaeheyoung/Rokey/7.PracticalProject/Week3_Coop2/DR_ws/install/dsr_description2/share/dsr_description2/xacro/macro.m0617.blue.xacro
[3.124s] -- Installing: /home/jaeheyoung/Rokey/7.PracticalProject/Week3_Coop2/DR_ws/install/dsr_description2/share/dsr_description2/xacro/macro.a0912.blue.xacro
[3.124s] -- Installing: /home/jaeheyoung/Rokey/7.PracticalProject/Week3_Coop2/DR_ws/install/dsr_description2/share/dsr_description2/xacro/m1013.urdf.xacro
[3.124s] -- Installing: /home/jaeheyoung/Rokey/7.PracticalProject/Week3_Coop2/DR_ws/install/dsr_description2/share/dsr_description2/xacro/macro.m1013.blue.xacro
[3.124s] -- Installing: /home/jaeheyoung/Rokey/7.PracticalProject/Week3_Coop2/DR_ws/install/dsr_description2/share/dsr_description2/xacro/macro.h2515.white.xacro
[3.124s] -- Installing: /home/jaeheyoung/Rokey/7.PracticalProject/Week3_Coop2/DR_ws/install/dsr_description2/share/dsr_description2/xacro/macro.m1509.blue.xacro
[3.124s] -- Installing: /home/jaeheyoung/Rokey/7.PracticalProject/Week3_Coop2/DR_ws/install/dsr_description2/share/dsr_description2/xacro/macro.h2515.blue.xacro
[3.124s] -- Installing: /home/jaeheyoung/Rokey/7.PracticalProject/Week3_Coop2/DR_ws/install/dsr_description2/share/dsr_description2/xacro/macro.m0617.white.xacro
[3.124s] -- Installing: /home/jaeheyoung/Rokey/7.PracticalProject/Week3_Coop2/DR_ws/install/dsr_description2/share/dsr_description2/xacro/macro.h2017.white.xacro
[3.124s] -- Installing: /home/jaeheyoung/Rokey/7.PracticalProject/Week3_Coop2/DR_ws/install/dsr_description2/share/dsr_description2/xacro/macro.a0509.white.xacro
[3.124s] -- Installing: /home/jaeheyoung/Rokey/7.PracticalProject/Week3_Coop2/DR_ws/install/dsr_description2/share/dsr_description2/config
[3.124s] -- Installing: /home/jaeheyoung/Rokey/7.PracticalProject/Week3_Coop2/DR_ws/install/dsr_description2/share/dsr_description2/config/macro.materials.xacro
[3.125s] -- Installing: /home/jaeheyoung/Rokey/7.PracticalProject/Week3_Coop2/DR_ws/install/dsr_description2/share/dsr_description2/config/macro.decorations.xacro
[3.125s] -- Installing: /home/jaeheyoung/Rokey/7.PracticalProject/Week3_Coop2/DR_ws/install/dsr_description2/share/dsr_description2/config/macro.transmission.xacro
[3.125s] -- Installing: /home/jaeheyoung/Rokey/7.PracticalProject/Week3_Coop2/DR_ws/install/dsr_description2/share/dsr_description2/config/macro.wheel.xacro
[3.125s] -- Installing: /home/jaeheyoung/Rokey/7.PracticalProject/Week3_Coop2/DR_ws/install/dsr_description2/share/dsr_description2/config/macro.gazebo.xacro
[3.125s] -- Installing: /home/jaeheyoung/Rokey/7.PracticalProject/Week3_Coop2/DR_ws/install/dsr_description2/share/dsr_description2/ros2_control
[3.125s] -- Installing: /home/jaeheyoung/Rokey/7.PracticalProject/Week3_Coop2/DR_ws/install/dsr_description2/share/dsr_description2/ros2_control/h2515.ros2_control.xacro
[3.125s] -- Installing: /home/jaeheyoung/Rokey/7.PracticalProject/Week3_Coop2/DR_ws/install/dsr_description2/share/dsr_description2/ros2_control/m0617.ros2_control.xacro
[3.125s] -- Installing: /home/jaeheyoung/Rokey/7.PracticalProject/Week3_Coop2/DR_ws/install/dsr_description2/share/dsr_description2/ros2_control/m0617.gz_ros2_control.xacro
[3.125s] -- Installing: /home/jaeheyoung/Rokey/7.PracticalProject/Week3_Coop2/DR_ws/install/dsr_description2/share/dsr_description2/ros2_control/a0912.gz_ros2_control.xacro
[3.125s] -- Installing: /home/jaeheyoung/Rokey/7.PracticalProject/Week3_Coop2/DR_ws/install/dsr_description2/share/dsr_description2/ros2_control/m1013.gz_ros2_control.xacro
[3.125s] -- Installing: /home/jaeheyoung/Rokey/7.PracticalProject/Week3_Coop2/DR_ws/install/dsr_description2/share/dsr_description2/ros2_control/h2017.ros2_control.xacro
[3.125s] -- Installing: /home/jaeheyoung/Rokey/7.PracticalProject/Week3_Coop2/DR_ws/install/dsr_description2/share/dsr_description2/ros2_control/e0509.ros2_control.xacro
[3.125s] -- Installing: /home/jaeheyoung/Rokey/7.PracticalProject/Week3_Coop2/DR_ws/install/dsr_description2/share/dsr_description2/ros2_control/e0509.gz_ros2_control.xacro
[3.126s] -- Installing: /home/jaeheyoung/Rokey/7.PracticalProject/Week3_Coop2/DR_ws/install/dsr_description2/share/dsr_description2/ros2_control/m1509.ros2_control.xacro
[3.126s] -- Installing: /home/jaeheyoung/Rokey/7.PracticalProject/Week3_Coop2/DR_ws/install/dsr_description2/share/dsr_description2/ros2_control/m0609.gz_ros2_control.xacro
[3.126s] -- Installing: /home/jaeheyoung/Rokey/7.PracticalProject/Week3_Coop2/DR_ws/install/dsr_description2/share/dsr_description2/ros2_control/h2017.gz_ros2_control.xacro
[3.126s] -- Installing: /home/jaeheyoung/Rokey/7.PracticalProject/Week3_Coop2/DR_ws/install/dsr_description2/share/dsr_description2/ros2_control/a0509.gz_ros2_control.xacro
[3.126s] -- Installing: /home/jaeheyoung/Rokey/7.PracticalProject/Week3_Coop2/DR_ws/install/dsr_description2/share/dsr_description2/ros2_control/h2515.gz_ros2_control.xacro
[3.126s] -- Installing: /home/jaeheyoung/Rokey/7.PracticalProject/Week3_Coop2/DR_ws/install/dsr_description2/share/dsr_description2/ros2_control/m1509.gz_ros2_control.xacro
[3.126s] -- Installing: /home/jaeheyoung/Rokey/7.PracticalProject/Week3_Coop2/DR_ws/install/dsr_description2/share/dsr_description2/ros2_control/a0509.ros2_control.xacro
[3.126s] -- Installing: /home/jaeheyoung/Rokey/7.PracticalProject/Week3_Coop2/DR_ws/install/dsr_description2/share/dsr_description2/ros2_control/a0912.ros2_control.xacro
[3.126s] -- Installing: /home/jaeheyoung/Rokey/7.PracticalProject/Week3_Coop2/DR_ws/install/dsr_description2/share/dsr_description2/ros2_control/m0609.ros2_control.xacro
[3.126s] -- Installing: /home/jaeheyoung/Rokey/7.PracticalProject/Week3_Coop2/DR_ws/install/dsr_description2/share/dsr_description2/ros2_control/m1013.ros2_control.xacro
[3.126s] -- Installing: /home/jaeheyoung/Rokey/7.PracticalProject/Week3_Coop2/DR_ws/install/dsr_description2/share/dsr_description2/launch
[3.126s] -- Installing: /home/jaeheyoung/Rokey/7.PracticalProject/Week3_Coop2/DR_ws/install/dsr_description2/share/dsr_description2/launch/dsr_description.launch.py
[3.126s] -- Installing: /home/jaeheyoung/Rokey/7.PracticalProject/Week3_Coop2/DR_ws/install/dsr_description2/share/dsr_description2/rviz
[3.126s] -- Installing: /home/jaeheyoung/Rokey/7.PracticalProject/Week3_Coop2/DR_ws/install/dsr_description2/share/dsr_description2/rviz/default.rviz
[3.126s] -- Installing: /home/jaeheyoung/Rokey/7.PracticalProject/Week3_Coop2/DR_ws/install/dsr_description2/share/dsr_description2/rviz/moveit.rviz
[3.130s] Invoked command in '/home/jaeheyoung/Rokey/7.PracticalProject/Week3_Coop2/DR_ws/build/dsr_description2' returned '0': CMAKE_PREFIX_PATH=/opt/ros/humble /usr/bin/cmake --install /home/jaeheyoung/Rokey/7.PracticalProject/Week3_Coop2/DR_ws/build/dsr_description2
