[0.017s] Invoking command in '/home/jaeheyoung/robot_service_ws/build/turtlebot3_cartographer': CMAKE_PREFIX_PATH=/opt/ros/humble /usr/bin/cmake /home/jaeheyoung/robot_service_ws/src/turtlebot3/turtlebot3_cartographer -DCMAKE_INSTALL_PREFIX=/home/jaeheyoung/robot_service_ws/install/turtlebot3_cartographer
[0.188s] -- The C compiler identification is GNU 11.4.0
[0.206s] -- The CXX compiler identification is GNU 11.4.0
[0.212s] -- Detecting C compiler ABI info
[0.264s] -- Detecting C compiler ABI info - done
[0.270s] -- Check for working C compiler: /usr/bin/cc - skipped
[0.270s] -- Detecting C compile features
[0.271s] -- Detecting C compile features - done
[0.274s] -- Detecting CXX compiler ABI info
[0.339s] -- Detecting CXX compiler ABI info - done
[0.345s] -- Check for working CXX compiler: /usr/bin/c++ - skipped
[0.346s] -- Detecting CXX compile features
[0.346s] -- Detecting CXX compile features - done
[0.349s] -- Found ament_cmake: 1.3.10 (/opt/ros/humble/share/ament_cmake/cmake)
[0.491s] -- Found Python3: /usr/bin/python3 (found version "3.10.12") found components: Interpreter 
[0.640s] -- Configuring done
[0.643s] -- Generating done
[0.644s] -- Build files have been written to: /home/jaeheyoung/robot_service_ws/build/turtlebot3_cartographer
[0.652s] Invoked command in '/home/jaeheyoung/robot_service_ws/build/turtlebot3_cartographer' returned '0': CMAKE_PREFIX_PATH=/opt/ros/humble /usr/bin/cmake /home/jaeheyoung/robot_service_ws/src/turtlebot3/turtlebot3_cartographer -DCMAKE_INSTALL_PREFIX=/home/jaeheyoung/robot_service_ws/install/turtlebot3_cartographer
[0.653s] Invoking command in '/home/jaeheyoung/robot_service_ws/build/turtlebot3_cartographer': CMAKE_PREFIX_PATH=/opt/ros/humble /usr/bin/cmake --build /home/jaeheyoung/robot_service_ws/build/turtlebot3_cartographer -- -j20 -l20
[0.687s] Invoked command in '/home/jaeheyoung/robot_service_ws/build/turtlebot3_cartographer' returned '0': CMAKE_PREFIX_PATH=/opt/ros/humble /usr/bin/cmake --build /home/jaeheyoung/robot_service_ws/build/turtlebot3_cartographer -- -j20 -l20
[0.705s] Invoking command in '/home/jaeheyoung/robot_service_ws/build/turtlebot3_cartographer': CMAKE_PREFIX_PATH=/opt/ros/humble /usr/bin/cmake --install /home/jaeheyoung/robot_service_ws/build/turtlebot3_cartographer
[0.711s] -- Install configuration: ""
[0.711s] -- Installing: /home/jaeheyoung/robot_service_ws/install/turtlebot3_cartographer/share/turtlebot3_cartographer/config
[0.711s] -- Installing: /home/jaeheyoung/robot_service_ws/install/turtlebot3_cartographer/share/turtlebot3_cartographer/config/turtlebot3_lds_2d.lua
[0.711s] -- Installing: /home/jaeheyoung/robot_service_ws/install/turtlebot3_cartographer/share/turtlebot3_cartographer/launch
[0.711s] -- Installing: /home/jaeheyoung/robot_service_ws/install/turtlebot3_cartographer/share/turtlebot3_cartographer/launch/occupancy_grid.launch.py
[0.712s] -- Installing: /home/jaeheyoung/robot_service_ws/install/turtlebot3_cartographer/share/turtlebot3_cartographer/launch/cartographer.launch.py
[0.712s] -- Installing: /home/jaeheyoung/robot_service_ws/install/turtlebot3_cartographer/share/turtlebot3_cartographer/rviz
[0.712s] -- Installing: /home/jaeheyoung/robot_service_ws/install/turtlebot3_cartographer/share/turtlebot3_cartographer/rviz/tb3_cartographer.rviz
[0.712s] -- Installing: /home/jaeheyoung/robot_service_ws/install/turtlebot3_cartographer/share/ament_index/resource_index/package_run_dependencies/turtlebot3_cartographer
[0.712s] -- Installing: /home/jaeheyoung/robot_service_ws/install/turtlebot3_cartographer/share/ament_index/resource_index/parent_prefix_path/turtlebot3_cartographer
[0.712s] -- Installing: /home/jaeheyoung/robot_service_ws/install/turtlebot3_cartographer/share/turtlebot3_cartographer/environment/ament_prefix_path.sh
[0.712s] -- Installing: /home/jaeheyoung/robot_service_ws/install/turtlebot3_cartographer/share/turtlebot3_cartographer/environment/ament_prefix_path.dsv
[0.713s] -- Installing: /home/jaeheyoung/robot_service_ws/install/turtlebot3_cartographer/share/turtlebot3_cartographer/environment/path.sh
[0.713s] -- Installing: /home/jaeheyoung/robot_service_ws/install/turtlebot3_cartographer/share/turtlebot3_cartographer/environment/path.dsv
[0.713s] -- Installing: /home/jaeheyoung/robot_service_ws/install/turtlebot3_cartographer/share/turtlebot3_cartographer/local_setup.bash
[0.713s] -- Installing: /home/jaeheyoung/robot_service_ws/install/turtlebot3_cartographer/share/turtlebot3_cartographer/local_setup.sh
[0.713s] -- Installing: /home/jaeheyoung/robot_service_ws/install/turtlebot3_cartographer/share/turtlebot3_cartographer/local_setup.zsh
[0.713s] -- Installing: /home/jaeheyoung/robot_service_ws/install/turtlebot3_cartographer/share/turtlebot3_cartographer/local_setup.dsv
[0.713s] -- Installing: /home/jaeheyoung/robot_service_ws/install/turtlebot3_cartographer/share/turtlebot3_cartographer/package.dsv
[0.713s] -- Installing: /home/jaeheyoung/robot_service_ws/install/turtlebot3_cartographer/share/ament_index/resource_index/packages/turtlebot3_cartographer
[0.713s] -- Installing: /home/jaeheyoung/robot_service_ws/install/turtlebot3_cartographer/share/turtlebot3_cartographer/cmake/turtlebot3_cartographerConfig.cmake
[0.713s] -- Installing: /home/jaeheyoung/robot_service_ws/install/turtlebot3_cartographer/share/turtlebot3_cartographer/cmake/turtlebot3_cartographerConfig-version.cmake
[0.713s] -- Installing: /home/jaeheyoung/robot_service_ws/install/turtlebot3_cartographer/share/turtlebot3_cartographer/package.xml
[0.714s] Invoked command in '/home/jaeheyoung/robot_service_ws/build/turtlebot3_cartographer' returned '0': CMAKE_PREFIX_PATH=/opt/ros/humble /usr/bin/cmake --install /home/jaeheyoung/robot_service_ws/build/turtlebot3_cartographer
