[0.178s] Invoking command in '/home/jaeheyoung/robot_service_ws/build/order_interface': CMAKE_PREFIX_PATH=/opt/ros/humble /usr/bin/cmake --build /home/jaeheyoung/robot_service_ws/build/order_interface -- -j20 -l20
[0.226s] [  3%] Built target order_interface__cpp
[0.232s] [ 12%] Built target order_interface__rosidl_generator_c
[0.233s] [ 12%] Built target ament_cmake_python_symlink_order_interface
[0.244s] [ 22%] Built target order_interface__rosidl_typesupport_introspection_cpp
[0.246s] [ 41%] Built target order_interface__rosidl_typesupport_introspection_c
[0.246s] [ 41%] Built target order_interface__rosidl_typesupport_cpp
[0.248s] [ 51%] Built target order_interface__rosidl_typesupport_fastrtps_cpp
[0.248s] [ 61%] Built target order_interface__rosidl_typesupport_fastrtps_c
[0.250s] [ 70%] Built target order_interface__rosidl_typesupport_c
[0.265s] [ 70%] Built target order_interface
[0.280s] [ 74%] Built target order_interface__py
[0.303s] [ 80%] Built target order_interface__rosidl_generator_py
[0.320s] [ 87%] Built target order_interface__rosidl_typesupport_c__pyext
[0.320s] [ 93%] Built target order_interface__rosidl_typesupport_introspection_c__pyext
[0.322s] [100%] Built target order_interface__rosidl_typesupport_fastrtps_c__pyext
[0.448s] running egg_info
[0.448s] writing order_interface.egg-info/PKG-INFO
[0.449s] writing dependency_links to order_interface.egg-info/dependency_links.txt
[0.449s] writing top-level names to order_interface.egg-info/top_level.txt
[0.452s] reading manifest file 'order_interface.egg-info/SOURCES.txt'
[0.452s] writing manifest file 'order_interface.egg-info/SOURCES.txt'
[0.473s] [100%] Built target ament_cmake_python_build_order_interface_egg
[0.482s] Invoked command in '/home/jaeheyoung/robot_service_ws/build/order_interface' returned '0': CMAKE_PREFIX_PATH=/opt/ros/humble /usr/bin/cmake --build /home/jaeheyoung/robot_service_ws/build/order_interface -- -j20 -l20
[0.546s] Invoking command in '/home/jaeheyoung/robot_service_ws/build/order_interface': CMAKE_PREFIX_PATH=/opt/ros/humble /usr/bin/cmake --install /home/jaeheyoung/robot_service_ws/build/order_interface
[0.553s] -- Install configuration: ""
[0.554s] -- Execute custom install script
[0.554s] -- Up-to-date symlink: /home/jaeheyoung/robot_service_ws/install/order_interface/share/ament_index/resource_index/rosidl_interfaces/order_interface
[0.555s] -- Up-to-date symlink: /home/jaeheyoung/robot_service_ws/install/order_interface/include/order_interface/order_interface/msg/rosidl_generator_c__visibility_control.h
[0.555s] -- Up-to-date symlink: /home/jaeheyoung/robot_service_ws/install/order_interface/include/order_interface/order_interface/srv/detail/order__functions.h
[0.555s] -- Up-to-date symlink: /home/jaeheyoung/robot_service_ws/install/order_interface/include/order_interface/order_interface/srv/detail/order__struct.h
[0.555s] -- Up-to-date symlink: /home/jaeheyoung/robot_service_ws/install/order_interface/include/order_interface/order_interface/srv/detail/order__type_support.h
[0.555s] -- Up-to-date symlink: /home/jaeheyoung/robot_service_ws/install/order_interface/include/order_interface/order_interface/srv/order.h
[0.555s] -- Up-to-date symlink: /home/jaeheyoung/robot_service_ws/install/order_interface/share/order_interface/environment/library_path.sh
[0.556s] -- Up-to-date symlink: /home/jaeheyoung/robot_service_ws/install/order_interface/share/order_interface/environment/library_path.dsv
[0.556s] -- Up-to-date symlink: /home/jaeheyoung/robot_service_ws/install/order_interface/include/order_interface/order_interface/msg/rosidl_typesupport_fastrtps_c__visibility_control.h
[0.556s] -- Up-to-date symlink: /home/jaeheyoung/robot_service_ws/install/order_interface/include/order_interface/order_interface/srv/detail/order__rosidl_typesupport_fastrtps_c.h
[0.556s] -- Up-to-date symlink: /home/jaeheyoung/robot_service_ws/install/order_interface/include/order_interface/order_interface/msg/rosidl_typesupport_introspection_c__visibility_control.h
[0.556s] -- Up-to-date symlink: /home/jaeheyoung/robot_service_ws/install/order_interface/include/order_interface/order_interface/srv/detail/order__rosidl_typesupport_introspection_c.h
[0.557s] -- Up-to-date symlink: /home/jaeheyoung/robot_service_ws/install/order_interface/include/order_interface/order_interface/srv/detail/order__builder.hpp
[0.557s] -- Up-to-date symlink: /home/jaeheyoung/robot_service_ws/install/order_interface/include/order_interface/order_interface/srv/detail/order__struct.hpp
[0.557s] -- Up-to-date symlink: /home/jaeheyoung/robot_service_ws/install/order_interface/include/order_interface/order_interface/srv/detail/order__traits.hpp
[0.557s] -- Up-to-date symlink: /home/jaeheyoung/robot_service_ws/install/order_interface/include/order_interface/order_interface/srv/order.hpp
[0.557s] -- Up-to-date symlink: /home/jaeheyoung/robot_service_ws/install/order_interface/include/order_interface/order_interface/msg/rosidl_typesupport_fastrtps_cpp__visibility_control.h
[0.558s] -- Up-to-date symlink: /home/jaeheyoung/robot_service_ws/install/order_interface/include/order_interface/order_interface/srv/detail/order__rosidl_typesupport_fastrtps_cpp.hpp
[0.558s] -- Up-to-date symlink: /home/jaeheyoung/robot_service_ws/install/order_interface/include/order_interface/order_interface/srv/detail/order__rosidl_typesupport_introspection_cpp.hpp
[0.558s] -- Up-to-date symlink: /home/jaeheyoung/robot_service_ws/install/order_interface/share/order_interface/environment/pythonpath.sh
[0.559s] -- Up-to-date symlink: /home/jaeheyoung/robot_service_ws/install/order_interface/share/order_interface/environment/pythonpath.dsv
[0.559s] -- Up-to-date symlink: /home/jaeheyoung/robot_service_ws/install/order_interface/local/lib/python3.10/dist-packages/order_interface-0.0.0-py3.10.egg-info/PKG-INFO
[0.559s] -- Up-to-date symlink: /home/jaeheyoung/robot_service_ws/install/order_interface/local/lib/python3.10/dist-packages/order_interface-0.0.0-py3.10.egg-info/SOURCES.txt
[0.560s] -- Up-to-date symlink: /home/jaeheyoung/robot_service_ws/install/order_interface/local/lib/python3.10/dist-packages/order_interface-0.0.0-py3.10.egg-info/dependency_links.txt
[0.560s] -- Up-to-date symlink: /home/jaeheyoung/robot_service_ws/install/order_interface/local/lib/python3.10/dist-packages/order_interface-0.0.0-py3.10.egg-info/top_level.txt
[0.560s] -- Up-to-date symlink: /home/jaeheyoung/robot_service_ws/install/order_interface/local/lib/python3.10/dist-packages/order_interface/__init__.py
[0.560s] -- Up-to-date symlink: /home/jaeheyoung/robot_service_ws/install/order_interface/local/lib/python3.10/dist-packages/order_interface/_order_interface_s.ep.rosidl_typesupport_c.c
[0.561s] -- Up-to-date symlink: /home/jaeheyoung/robot_service_ws/install/order_interface/local/lib/python3.10/dist-packages/order_interface/_order_interface_s.ep.rosidl_typesupport_fastrtps_c.c
[0.561s] -- Up-to-date symlink: /home/jaeheyoung/robot_service_ws/install/order_interface/local/lib/python3.10/dist-packages/order_interface/_order_interface_s.ep.rosidl_typesupport_introspection_c.c
[0.561s] -- Up-to-date symlink: /home/jaeheyoung/robot_service_ws/install/order_interface/local/lib/python3.10/dist-packages/order_interface/liborder_interface__rosidl_generator_py.so
[0.561s] -- Up-to-date symlink: /home/jaeheyoung/robot_service_ws/install/order_interface/local/lib/python3.10/dist-packages/order_interface/order_interface_s__rosidl_typesupport_c.cpython-310-x86_64-linux-gnu.so
[0.561s] -- Up-to-date symlink: /home/jaeheyoung/robot_service_ws/install/order_interface/local/lib/python3.10/dist-packages/order_interface/order_interface_s__rosidl_typesupport_fastrtps_c.cpython-310-x86_64-linux-gnu.so
[0.562s] -- Up-to-date symlink: /home/jaeheyoung/robot_service_ws/install/order_interface/local/lib/python3.10/dist-packages/order_interface/order_interface_s__rosidl_typesupport_introspection_c.cpython-310-x86_64-linux-gnu.so
[0.562s] -- Up-to-date symlink: /home/jaeheyoung/robot_service_ws/install/order_interface/local/lib/python3.10/dist-packages/order_interface/srv/__init__.py
[0.562s] -- Up-to-date symlink: /home/jaeheyoung/robot_service_ws/install/order_interface/local/lib/python3.10/dist-packages/order_interface/srv/_order.py
[0.562s] -- Up-to-date symlink: /home/jaeheyoung/robot_service_ws/install/order_interface/local/lib/python3.10/dist-packages/order_interface/srv/_order_s.c
[0.562s] -- Up-to-date symlink: /home/jaeheyoung/robot_service_ws/install/order_interface/local/lib/python3.10/dist-packages/order_interface/order_interface_s__rosidl_typesupport_fastrtps_c.cpython-310-x86_64-linux-gnu.so
[0.563s] -- Up-to-date symlink: /home/jaeheyoung/robot_service_ws/install/order_interface/local/lib/python3.10/dist-packages/order_interface/order_interface_s__rosidl_typesupport_introspection_c.cpython-310-x86_64-linux-gnu.so
[0.563s] -- Up-to-date symlink: /home/jaeheyoung/robot_service_ws/install/order_interface/local/lib/python3.10/dist-packages/order_interface/order_interface_s__rosidl_typesupport_c.cpython-310-x86_64-linux-gnu.so
[0.563s] -- Up-to-date symlink: /home/jaeheyoung/robot_service_ws/install/order_interface/share/order_interface/srv/Order.idl
[0.564s] -- Up-to-date symlink: /home/jaeheyoung/robot_service_ws/install/order_interface/share/order_interface/srv/Order.srv
[0.564s] -- Up-to-date symlink: /home/jaeheyoung/robot_service_ws/install/order_interface/share/order_interface/srv/Order_Request.msg
[0.564s] -- Up-to-date symlink: /home/jaeheyoung/robot_service_ws/install/order_interface/share/order_interface/srv/Order_Response.msg
[0.564s] -- Up-to-date symlink: /home/jaeheyoung/robot_service_ws/install/order_interface/share/ament_index/resource_index/package_run_dependencies/order_interface
[0.565s] -- Up-to-date symlink: /home/jaeheyoung/robot_service_ws/install/order_interface/share/ament_index/resource_index/parent_prefix_path/order_interface
[0.565s] -- Up-to-date symlink: /home/jaeheyoung/robot_service_ws/install/order_interface/share/order_interface/environment/ament_prefix_path.sh
[0.565s] -- Up-to-date symlink: /home/jaeheyoung/robot_service_ws/install/order_interface/share/order_interface/environment/ament_prefix_path.dsv
[0.565s] -- Up-to-date symlink: /home/jaeheyoung/robot_service_ws/install/order_interface/share/order_interface/environment/path.sh
[0.566s] -- Up-to-date symlink: /home/jaeheyoung/robot_service_ws/install/order_interface/share/order_interface/environment/path.dsv
[0.566s] -- Up-to-date symlink: /home/jaeheyoung/robot_service_ws/install/order_interface/share/order_interface/local_setup.bash
[0.566s] -- Up-to-date symlink: /home/jaeheyoung/robot_service_ws/install/order_interface/share/order_interface/local_setup.sh
[0.566s] -- Up-to-date symlink: /home/jaeheyoung/robot_service_ws/install/order_interface/share/order_interface/local_setup.zsh
[0.566s] -- Up-to-date symlink: /home/jaeheyoung/robot_service_ws/install/order_interface/share/order_interface/local_setup.dsv
[0.567s] -- Symlinking: /home/jaeheyoung/robot_service_ws/install/order_interface/share/order_interface/package.dsv
[0.575s] -- Up-to-date symlink: /home/jaeheyoung/robot_service_ws/install/order_interface/share/ament_index/resource_index/packages/order_interface
[0.575s] -- Up-to-date symlink: /home/jaeheyoung/robot_service_ws/install/order_interface/share/order_interface/cmake/rosidl_cmake-extras.cmake
[0.576s] -- Up-to-date symlink: /home/jaeheyoung/robot_service_ws/install/order_interface/share/order_interface/cmake/ament_cmake_export_include_directories-extras.cmake
[0.576s] -- Up-to-date symlink: /home/jaeheyoung/robot_service_ws/install/order_interface/share/order_interface/cmake/ament_cmake_export_libraries-extras.cmake
[0.576s] -- Up-to-date symlink: /home/jaeheyoung/robot_service_ws/install/order_interface/share/order_interface/cmake/ament_cmake_export_targets-extras.cmake
[0.576s] -- Up-to-date symlink: /home/jaeheyoung/robot_service_ws/install/order_interface/share/order_interface/cmake/rosidl_cmake_export_typesupport_targets-extras.cmake
[0.576s] -- Up-to-date symlink: /home/jaeheyoung/robot_service_ws/install/order_interface/share/order_interface/cmake/ament_cmake_export_dependencies-extras.cmake
[0.577s] -- Up-to-date symlink: /home/jaeheyoung/robot_service_ws/install/order_interface/share/order_interface/cmake/rosidl_cmake_export_typesupport_libraries-extras.cmake
[0.577s] -- Up-to-date symlink: /home/jaeheyoung/robot_service_ws/install/order_interface/share/order_interface/cmake/order_interfaceConfig.cmake
[0.577s] -- Up-to-date symlink: /home/jaeheyoung/robot_service_ws/install/order_interface/share/order_interface/cmake/order_interfaceConfig-version.cmake
[0.577s] -- Up-to-date symlink: /home/jaeheyoung/robot_service_ws/install/order_interface/share/order_interface/package.xml
[0.578s] -- Up-to-date: /home/jaeheyoung/robot_service_ws/install/order_interface/lib/liborder_interface__rosidl_generator_c.so
[0.578s] -- Up-to-date: /home/jaeheyoung/robot_service_ws/install/order_interface/lib/liborder_interface__rosidl_typesupport_fastrtps_c.so
[0.579s] -- Up-to-date: /home/jaeheyoung/robot_service_ws/install/order_interface/lib/liborder_interface__rosidl_typesupport_introspection_c.so
[0.579s] -- Up-to-date: /home/jaeheyoung/robot_service_ws/install/order_interface/lib/liborder_interface__rosidl_typesupport_c.so
[0.580s] -- Up-to-date: /home/jaeheyoung/robot_service_ws/install/order_interface/lib/liborder_interface__rosidl_typesupport_fastrtps_cpp.so
[0.580s] -- Up-to-date: /home/jaeheyoung/robot_service_ws/install/order_interface/lib/liborder_interface__rosidl_typesupport_introspection_cpp.so
[0.580s] -- Up-to-date: /home/jaeheyoung/robot_service_ws/install/order_interface/lib/liborder_interface__rosidl_typesupport_cpp.so
[0.616s] Listing '/home/jaeheyoung/robot_service_ws/install/order_interface/local/lib/python3.10/dist-packages/order_interface'...
[0.616s] Listing '/home/jaeheyoung/robot_service_ws/install/order_interface/local/lib/python3.10/dist-packages/order_interface/srv'...
[0.620s] -- Up-to-date: /home/jaeheyoung/robot_service_ws/install/order_interface/lib/liborder_interface__rosidl_generator_py.so
[0.621s] -- Up-to-date: /home/jaeheyoung/robot_service_ws/install/order_interface/share/order_interface/cmake/export_order_interface__rosidl_generator_cExport.cmake
[0.621s] -- Up-to-date: /home/jaeheyoung/robot_service_ws/install/order_interface/share/order_interface/cmake/export_order_interface__rosidl_generator_cExport-noconfig.cmake
[0.621s] -- Up-to-date: /home/jaeheyoung/robot_service_ws/install/order_interface/share/order_interface/cmake/export_order_interface__rosidl_typesupport_fastrtps_cExport.cmake
[0.621s] -- Up-to-date: /home/jaeheyoung/robot_service_ws/install/order_interface/share/order_interface/cmake/export_order_interface__rosidl_typesupport_fastrtps_cExport-noconfig.cmake
[0.621s] -- Up-to-date: /home/jaeheyoung/robot_service_ws/install/order_interface/share/order_interface/cmake/order_interface__rosidl_typesupport_introspection_cExport.cmake
[0.621s] -- Up-to-date: /home/jaeheyoung/robot_service_ws/install/order_interface/share/order_interface/cmake/order_interface__rosidl_typesupport_introspection_cExport-noconfig.cmake
[0.622s] -- Up-to-date: /home/jaeheyoung/robot_service_ws/install/order_interface/share/order_interface/cmake/order_interface__rosidl_typesupport_cExport.cmake
[0.622s] -- Up-to-date: /home/jaeheyoung/robot_service_ws/install/order_interface/share/order_interface/cmake/order_interface__rosidl_typesupport_cExport-noconfig.cmake
[0.622s] -- Up-to-date: /home/jaeheyoung/robot_service_ws/install/order_interface/share/order_interface/cmake/export_order_interface__rosidl_generator_cppExport.cmake
[0.622s] -- Up-to-date: /home/jaeheyoung/robot_service_ws/install/order_interface/share/order_interface/cmake/export_order_interface__rosidl_typesupport_fastrtps_cppExport.cmake
[0.622s] -- Up-to-date: /home/jaeheyoung/robot_service_ws/install/order_interface/share/order_interface/cmake/export_order_interface__rosidl_typesupport_fastrtps_cppExport-noconfig.cmake
[0.622s] -- Up-to-date: /home/jaeheyoung/robot_service_ws/install/order_interface/share/order_interface/cmake/order_interface__rosidl_typesupport_introspection_cppExport.cmake
[0.623s] -- Up-to-date: /home/jaeheyoung/robot_service_ws/install/order_interface/share/order_interface/cmake/order_interface__rosidl_typesupport_introspection_cppExport-noconfig.cmake
[0.623s] -- Up-to-date: /home/jaeheyoung/robot_service_ws/install/order_interface/share/order_interface/cmake/order_interface__rosidl_typesupport_cppExport.cmake
[0.623s] -- Up-to-date: /home/jaeheyoung/robot_service_ws/install/order_interface/share/order_interface/cmake/order_interface__rosidl_typesupport_cppExport-noconfig.cmake
[0.623s] -- Up-to-date: /home/jaeheyoung/robot_service_ws/install/order_interface/share/order_interface/cmake/export_order_interface__rosidl_generator_pyExport.cmake
[0.623s] -- Up-to-date: /home/jaeheyoung/robot_service_ws/install/order_interface/share/order_interface/cmake/export_order_interface__rosidl_generator_pyExport-noconfig.cmake
[0.626s] Invoked command in '/home/jaeheyoung/robot_service_ws/build/order_interface' returned '0': CMAKE_PREFIX_PATH=/opt/ros/humble /usr/bin/cmake --install /home/jaeheyoung/robot_service_ws/build/order_interface
