[0.043s] Invoking command in '/home/jaeheyoung/Rokey/7.PracticalProject/Week3_Coop2/DR_ws/build/ign_ros2_control': CMAKE_PREFIX_PATH=/opt/ros/humble /usr/bin/cmake /home/jaeheyoung/Rokey/7.PracticalProject/Week3_Coop2/DR_ws/src/gz_ros2_control/ign_ros2_control -DCMAKE_INSTALL_PREFIX=/home/jaeheyoung/Rokey/7.PracticalProject/Week3_Coop2/DR_ws/install/ign_ros2_control
[0.404s] -- The C compiler identification is GNU 11.4.0
[0.408s] -- The CXX compiler identification is GNU 11.4.0
[0.408s] -- Detecting C compiler ABI info
[0.408s] -- Detecting C compiler ABI info - done
[0.442s] -- Check for working C compiler: /usr/bin/cc - skipped
[0.444s] -- Detecting C compile features
[0.447s] -- Detecting C compile features - done
[0.471s] -- Detecting CXX compiler ABI info
[0.598s] -- Detecting CXX compiler ABI info - done
[0.622s] -- Check for working CXX compiler: /usr/bin/c++ - skipped
[0.623s] -- Detecting CXX compile features
[0.625s] -- Detecting CXX compile features - done
[0.627s] -- Found ament_cmake: 1.3.10 (/opt/ros/humble/share/ament_cmake/cmake)
[0.873s] -- Found Python3: /usr/bin/python3 (found version "3.10.12") found components: Interpreter 
[1.014s] -- Found ament_index_cpp: 1.4.0 (/opt/ros/humble/share/ament_index_cpp/cmake)
[1.018s] -- Found controller_manager: 2.43.1 (/opt/ros/humble/share/controller_manager/cmake)
[1.100s] -- Found rosidl_generator_c: 3.1.5 (/opt/ros/humble/share/rosidl_generator_c/cmake)
[1.110s] -- Found rosidl_adapter: 3.1.5 (/opt/ros/humble/share/rosidl_adapter/cmake)
[1.137s] -- Found rosidl_generator_cpp: 3.1.5 (/opt/ros/humble/share/rosidl_generator_cpp/cmake)
[1.180s] -- Using all available rosidl_typesupport_c: rosidl_typesupport_fastrtps_c;rosidl_typesupport_introspection_c
[1.215s] -- Using all available rosidl_typesupport_cpp: rosidl_typesupport_fastrtps_cpp;rosidl_typesupport_introspection_cpp
[1.836s] -- Found rmw_implementation_cmake: 6.1.2 (/opt/ros/humble/share/rmw_implementation_cmake/cmake)
[1.838s] -- Found rmw_fastrtps_cpp: 6.2.7 (/opt/ros/humble/share/rmw_fastrtps_cpp/cmake)
[1.865s] -- Found TinyXML2 via Config file: TinyXML2_DIR-NOTFOUND
[2.049s] -- Found OpenSSL: /usr/lib/x86_64-linux-gnu/libcrypto.so (found version "3.0.2")  
[2.052s] -- Found TinyXML2 via Config file: TinyXML2_DIR-NOTFOUND
[2.073s] -- Found FastRTPS: /opt/ros/humble/include  
[2.077s] -- Found TinyXML2 via Config file: TinyXML2_DIR-NOTFOUND
[2.086s] -- Found TinyXML2 via Config file: TinyXML2_DIR-NOTFOUND
[2.107s] -- Using RMW implementation 'rmw_fastrtps_cpp' as default
[2.116s] -- Looking for pthread.h
[2.239s] -- Looking for pthread.h - found
[2.239s] -- Performing Test CMAKE_HAVE_LIBC_PTHREAD
[2.436s] -- Performing Test CMAKE_HAVE_LIBC_PTHREAD - Success
[2.455s] -- Found Threads: TRUE  
[2.501s] -- Found yaml_cpp_vendor: 8.0.2 (/opt/ros/humble/share/yaml_cpp_vendor/cmake)
[2.509s] -- Looking for ignition-gazebo6 -- found version 6.16.0
[2.516s] -- Searching for dependencies of ignition-gazebo6
[2.518s] -- Looking for sdformat12 -- found version 12.8.0
[2.518s] -- Searching for dependencies of sdformat12
[2.523s] -- Checking for module 'tinyxml2'
[2.553s] --   Found tinyxml2, version 9.0.0
[2.669s] -- Looking for ignition-math6 -- found version 6.15.1
[2.673s] -- Searching for dependencies of ignition-math6
[2.695s] -- Looking for ignition-utils1 -- found version 1.5.1
[2.698s] -- Searching for dependencies of ignition-utils1
[2.706s] -- Looking for ignition-plugin1 -- found version 1.4.0
[2.707s] -- Searching for dependencies of ignition-plugin1
[2.708s] -- Searching for <ignition-plugin1> component [loader]
[2.709s] -- Looking for ignition-plugin1-loader -- found version 1.4.0
[2.710s] -- Searching for dependencies of ignition-plugin1-loader
[2.712s] -- Searching for <ignition-plugin1> component [register]
[2.713s] -- Looking for ignition-plugin1-register -- found version 1.4.0
[2.714s] -- Searching for dependencies of ignition-plugin1-register
[2.715s] -- Looking for ignition-transport11 -- found version 11.4.1
[2.715s] -- Searching for dependencies of ignition-transport11
[2.754s] -- Found Protobuf: /usr/lib/x86_64-linux-gnu/libprotobuf.so (found version "3.12.4") 
[2.761s] -- Config-file not installed for ZeroMQ -- checking for pkg-config
[2.781s] -- Checking for module 'libzmq >= 4'
[2.833s] --   Found libzmq , version 4.3.4
[2.969s] -- Found ZeroMQ: TRUE (Required is at least version "4") 
[2.994s] -- Checking for module 'uuid'
[3.004s] --   Found uuid, version 2.37.2
[3.084s] -- Found UUID: TRUE  
[3.084s] -- Looking for ignition-utils1 -- found version 1.5.1
[3.085s] -- Searching for dependencies of ignition-utils1
[3.085s] -- Searching for <ignition-utils1> component [cli]
[3.091s] -- Looking for ignition-utils1-cli -- found version 1.5.1
[3.096s] -- Searching for dependencies of ignition-utils1-cli
[3.096s] -- Looking for ignition-msgs8 -- found version 8.7.0
[3.096s] -- Searching for dependencies of ignition-msgs8
[3.122s] -- Found Protobuf: /usr/lib/x86_64-linux-gnu/libprotobuf.so (found suitable version "3.12.4", minimum required is "3") 
[3.123s] -- Looking for ignition-math6 -- found version 6.15.1
[3.136s] -- Searching for <ignition-transport11> component [log]
[3.137s] -- Looking for ignition-transport11-log -- found version 11.4.1
[3.138s] -- Searching for dependencies of ignition-transport11-log
[3.138s] -- Searching for <ignition-transport11> component [parameters]
[3.141s] -- Looking for ignition-transport11-parameters -- found version 11.4.1
[3.141s] -- Searching for dependencies of ignition-transport11-parameters
[3.142s] -- Looking for ignition-msgs8 -- found version 8.7.0
[3.145s] -- Looking for ignition-common4 -- found version 4.7.0
[3.146s] -- Searching for dependencies of ignition-common4
[3.146s] -- Looking for dlfcn.h - found
[3.146s] -- Looking for libdl - found
[3.148s] -- Found DL: TRUE  
[3.180s] -- Searching for <ignition-common4> component [profiler]
[3.182s] -- Looking for ignition-common4-profiler -- found version 4.7.0
[3.183s] -- Searching for dependencies of ignition-common4-profiler
[3.183s] -- Searching for <ignition-common4> component [events]
[3.186s] -- Looking for ignition-common4-events -- found version 4.7.0
[3.186s] -- Searching for dependencies of ignition-common4-events
[3.186s] -- Looking for ignition-math6 -- found version 6.15.1
[3.187s] -- Searching for <ignition-common4> component [av]
[3.189s] -- Looking for ignition-common4-av -- found version 4.7.0
[3.190s] -- Searching for dependencies of ignition-common4-av
[3.200s] -- Checking for module 'libswscale'
[3.259s] --   Found libswscale, version 5.9.100
[3.345s] -- Found SWSCALE: TRUE  
[3.361s] -- Checking for module 'libavdevice >= 56.4.100'
[3.407s] --   Found libavdevice , version 58.13.100
[3.507s] -- Found AVDEVICE: TRUE (Required is at least version "56.4.100") 
[3.531s] -- Checking for module 'libavformat'
[3.571s] --   Found libavformat, version 58.76.100
[3.676s] -- Found AVFORMAT: TRUE  
[3.686s] -- Checking for module 'libavcodec'
[3.734s] --   Found libavcodec, version 58.134.100
[3.816s] -- Found AVCODEC: TRUE  
[3.823s] -- Checking for module 'libavutil'
[3.849s] --   Found libavutil, version 56.70.100
[3.954s] -- Found AVUTIL: TRUE  
[3.958s] -- Looking for ignition-fuel_tools7 -- found version 7.3.1
[3.958s] -- Searching for dependencies of ignition-fuel_tools7
[4.167s] -- Found CURL: /usr/lib/x86_64-linux-gnu/libcurl.so (found version "7.81.0")  
[4.181s] -- Checking for module 'jsoncpp'
[4.216s] --   Found jsoncpp, version 1.9.5
[4.334s] -- Found JSONCPP: TRUE  
[4.346s] -- Checking for module 'libzip'
[4.389s] --   Found libzip, version 1.7.3
[4.494s] -- Found ZIP: TRUE  
[4.495s] -- Looking for ignition-common4 -- found version 4.7.0
[4.495s] -- Looking for ignition-math6 -- found version 6.15.1
[4.495s] -- Looking for ignition-msgs8 -- found version 8.7.0
[4.499s] -- Looking for ignition-gui6 -- found version 6.8.0
[4.499s] -- Searching for dependencies of ignition-gui6
[4.535s] -- Looking for ignition-math6 -- found version 6.15.1
[4.535s] -- Looking for ignition-common4 -- found version 4.7.0
[4.535s] -- Looking for ignition-plugin1 -- found version 1.4.0
[4.536s] -- Looking for ignition-transport11 -- found version 11.4.1
[4.538s] -- Looking for ignition-rendering6 -- found version 6.6.3
[4.539s] -- Searching for dependencies of ignition-rendering6
[4.539s] -- Looking for ignition-math6 -- found version 6.15.1
[4.540s] -- Searching for dependencies of ignition-math6
[4.540s] -- Searching for <ignition-math6> component [eigen3]
[4.542s] -- Looking for ignition-math6-eigen3 -- found version 6.15.1
[4.543s] -- Searching for dependencies of ignition-math6-eigen3
[4.552s] -- Looking for ignition-common4 -- found version 4.7.0
[4.553s] -- Searching for dependencies of ignition-common4
[4.553s] -- Looking for dlfcn.h - found
[4.553s] -- Looking for libdl - found
[4.566s] -- Searching for <ignition-common4> component [graphics]
[4.568s] -- Looking for ignition-common4-graphics -- found version 4.7.0
[4.569s] -- Searching for dependencies of ignition-common4-graphics
[4.569s] -- Looking for ignition-math6 -- found version 6.15.1
[4.569s] -- Looking for ignition-utils1 -- found version 1.5.1
[4.570s] -- Searching for <ignition-common4> component [events]
[4.571s] -- Looking for ignition-plugin1 -- found version 1.4.0
[4.571s] -- Searching for dependencies of ignition-plugin1
[4.572s] -- Searching for <ignition-plugin1> component [all]
[4.574s] -- Looking for all libraries of ignition-plugin1 -- found version 1.4.0
[4.574s] -- Looking for ignition-plugin1 -- found version 1.4.0
[4.577s] -- Looking for ignition-msgs8 -- found version 8.7.0
[4.615s] -- Looking for ignition-physics5 -- found version 5.3.2
[4.616s] -- Searching for dependencies of ignition-physics5
[4.616s] -- Looking for ignition-math6 -- found version 6.15.1
[4.617s] -- Looking for ignition-plugin1 -- found version 1.4.0
[4.617s] -- Looking for ignition-utils1 -- found version 1.5.1
[4.619s] -- Searching for <ignition-physics5> component [heightmap]
[4.621s] -- Looking for ignition-physics5-heightmap -- found version 5.3.2
[4.621s] -- Searching for dependencies of ignition-physics5-heightmap
[4.621s] -- Looking for ignition-common4 -- found version 4.7.0
[4.622s] -- Searching for <ignition-physics5> component [mesh]
[4.624s] -- Looking for ignition-physics5-mesh -- found version 5.3.2
[4.625s] -- Searching for dependencies of ignition-physics5-mesh
[4.625s] -- Looking for ignition-common4 -- found version 4.7.0
[4.626s] -- Searching for <ignition-physics5> component [sdf]
[4.628s] -- Looking for ignition-physics5-sdf -- found version 5.3.2
[4.628s] -- Searching for dependencies of ignition-physics5-sdf
[4.629s] -- Looking for sdformat12 -- found version 12.8.0
[4.632s] -- Looking for ignition-sensors6 -- found version 6.8.1
[4.633s] -- Searching for dependencies of ignition-sensors6
[4.653s] -- Found Protobuf: /usr/lib/x86_64-linux-gnu/libprotobuf.so (found version "3.12.4") 
[4.654s] -- Looking for ignition-math6 -- found version 6.15.1
[4.655s] -- Looking for ignition-common4 -- found version 4.7.0
[4.655s] -- Looking for ignition-transport11 -- found version 11.4.1
[4.656s] -- Looking for ignition-rendering6 -- found version 6.6.3
[4.656s] -- Looking for ignition-msgs8 -- found version 8.7.0
[4.656s] -- Looking for sdformat12 -- found version 12.8.0
[4.657s] -- Searching for <ignition-sensors6> component [air_pressure]
[4.660s] -- Looking for ignition-sensors6-air_pressure -- found version 6.8.1
[4.660s] -- Searching for dependencies of ignition-sensors6-air_pressure
[4.660s] -- Searching for <ignition-sensors6> component [altimeter]
[4.663s] -- Looking for ignition-sensors6-altimeter -- found version 6.8.1
[4.663s] -- Searching for dependencies of ignition-sensors6-altimeter
[4.664s] -- Searching for <ignition-sensors6> component [imu]
[4.666s] -- Looking for ignition-sensors6-imu -- found version 6.8.1
[4.667s] -- Searching for dependencies of ignition-sensors6-imu
[4.667s] -- Searching for <ignition-sensors6> component [force_torque]
[4.669s] -- Looking for ignition-sensors6-force_torque -- found version 6.8.1
[4.670s] -- Searching for dependencies of ignition-sensors6-force_torque
[4.670s] -- Searching for <ignition-sensors6> component [logical_camera]
[4.673s] -- Looking for ignition-sensors6-logical_camera -- found version 6.8.1
[4.673s] -- Searching for dependencies of ignition-sensors6-logical_camera
[4.673s] -- Searching for <ignition-sensors6> component [magnetometer]
[4.676s] -- Looking for ignition-sensors6-magnetometer -- found version 6.8.1
[4.676s] -- Searching for dependencies of ignition-sensors6-magnetometer
[4.677s] -- Searching for <ignition-sensors6> component [navsat]
[4.679s] -- Looking for ignition-sensors6-navsat -- found version 6.8.1
[4.679s] -- Searching for dependencies of ignition-sensors6-navsat
[4.680s] -- Searching for <ignition-sensors6> component [rendering]
[4.682s] -- Looking for ignition-sensors6-rendering -- found version 6.8.1
[4.683s] -- Searching for dependencies of ignition-sensors6-rendering
[4.683s] -- Searching for <ignition-sensors6> component [lidar]
[4.685s] -- Looking for ignition-sensors6-lidar -- found version 6.8.1
[4.686s] -- Searching for dependencies of ignition-sensors6-lidar
[4.686s] -- Looking for ignition-sensors6 -- found version 6.8.1
[4.687s] -- Searching for <ignition-sensors6> component [gpu_lidar]
[4.689s] -- Looking for ignition-sensors6-gpu_lidar -- found version 6.8.1
[4.690s] -- Searching for dependencies of ignition-sensors6-gpu_lidar
[4.690s] -- Looking for ignition-sensors6 -- found version 6.8.1
[4.691s] -- Searching for <ignition-sensors6> component [camera]
[4.693s] -- Looking for ignition-sensors6-camera -- found version 6.8.1
[4.693s] -- Searching for dependencies of ignition-sensors6-camera
[4.694s] -- Looking for ignition-sensors6 -- found version 6.8.1
[4.694s] -- Searching for <ignition-sensors6> component [boundingbox_camera]
[4.697s] -- Looking for ignition-sensors6-boundingbox_camera -- found version 6.8.1
[4.697s] -- Searching for dependencies of ignition-sensors6-boundingbox_camera
[4.698s] -- Searching for <ignition-sensors6> component [segmentation_camera]
[4.700s] -- Looking for ignition-sensors6-segmentation_camera -- found version 6.8.1
[4.700s] -- Searching for dependencies of ignition-sensors6-segmentation_camera
[4.701s] -- Searching for <ignition-sensors6> component [depth_camera]
[4.703s] -- Looking for ignition-sensors6-depth_camera -- found version 6.8.1
[4.703s] -- Searching for dependencies of ignition-sensors6-depth_camera
[4.704s] -- Looking for ignition-sensors6 -- found version 6.8.1
[4.704s] -- Searching for <ignition-sensors6> component [rgbd_camera]
[4.707s] -- Looking for ignition-sensors6-rgbd_camera -- found version 6.8.1
[4.707s] -- Searching for dependencies of ignition-sensors6-rgbd_camera
[4.708s] -- Looking for ignition-sensors6 -- found version 6.8.1
[4.710s] -- Searching for <ignition-sensors6> component [thermal_camera]
[4.712s] -- Looking for ignition-sensors6-thermal_camera -- found version 6.8.1
[4.712s] -- Searching for dependencies of ignition-sensors6-thermal_camera
[4.713s] -- Looking for ignition-sensors6 -- found version 6.8.1
[4.714s] -- Looking for ignition-rendering6 -- found version 6.6.3
[4.714s] -- Looking for ignition-math6 -- found version 6.15.1
[4.717s] -- Looking for ignition-utils1 -- found version 1.5.1
[4.742s] -- Compiling against Ignition Fortress
[4.743s] -- Looking for ignition-plugin1 -- found version 1.4.0
[4.772s] -- Found ament_lint_auto: 0.12.11 (/opt/ros/humble/share/ament_lint_auto/cmake)
[4.875s] -- Added test 'copyright' to check source files copyright and LICENSE
[4.876s] -- Added test 'cppcheck' to perform static code analysis on C / C++ code
[4.877s] -- Configured cppcheck include dirs: /home/jaeheyoung/Rokey/7.PracticalProject/Week3_Coop2/DR_ws/src/gz_ros2_control/ign_ros2_control/include
[4.877s] -- Configured cppcheck exclude dirs and/or files: 
[4.878s] -- Added test 'cpplint' to check C / C++ code against the Google style
[4.878s] -- Configured cpplint exclude dirs and/or files: 
[4.879s] -- Added test 'lint_cmake' to check CMake code style
[4.880s] -- Added test 'uncrustify' to check C / C++ code style
[4.880s] -- Configured uncrustify additional arguments: 
[4.880s] -- Added test 'xmllint' to check XML markup files
[4.882s] -- Configuring done
[4.963s] -- Generating done
[4.966s] -- Build files have been written to: /home/jaeheyoung/Rokey/7.PracticalProject/Week3_Coop2/DR_ws/build/ign_ros2_control
[4.980s] Invoked command in '/home/jaeheyoung/Rokey/7.PracticalProject/Week3_Coop2/DR_ws/build/ign_ros2_control' returned '0': CMAKE_PREFIX_PATH=/opt/ros/humble /usr/bin/cmake /home/jaeheyoung/Rokey/7.PracticalProject/Week3_Coop2/DR_ws/src/gz_ros2_control/ign_ros2_control -DCMAKE_INSTALL_PREFIX=/home/jaeheyoung/Rokey/7.PracticalProject/Week3_Coop2/DR_ws/install/ign_ros2_control
[4.983s] Invoking command in '/home/jaeheyoung/Rokey/7.PracticalProject/Week3_Coop2/DR_ws/build/ign_ros2_control': CMAKE_PREFIX_PATH=/opt/ros/humble /usr/bin/cmake --build /home/jaeheyoung/Rokey/7.PracticalProject/Week3_Coop2/DR_ws/build/ign_ros2_control -- -j20 -l20
[5.089s] [ 25%] [32mBuilding CXX object CMakeFiles/ign_hardware_plugins.dir/src/ign_system.cpp.o[0m
[5.096s] [ 50%] [32mBuilding CXX object CMakeFiles/ign_ros2_control-system.dir/src/ign_ros2_control_plugin.cpp.o[0m
[16.382s] [ 75%] [32m[1mLinking CXX shared library libign_hardware_plugins.so[0m
[16.728s] [100%] [32m[1mLinking CXX shared library libign_ros2_control-system.so[0m
[17.057s] [100%] Built target ign_hardware_plugins
[17.498s] [100%] Built target ign_ros2_control-system
[17.513s] Invoked command in '/home/jaeheyoung/Rokey/7.PracticalProject/Week3_Coop2/DR_ws/build/ign_ros2_control' returned '0': CMAKE_PREFIX_PATH=/opt/ros/humble /usr/bin/cmake --build /home/jaeheyoung/Rokey/7.PracticalProject/Week3_Coop2/DR_ws/build/ign_ros2_control -- -j20 -l20
[17.607s] Invoking command in '/home/jaeheyoung/Rokey/7.PracticalProject/Week3_Coop2/DR_ws/build/ign_ros2_control': CMAKE_PREFIX_PATH=/opt/ros/humble /usr/bin/cmake --install /home/jaeheyoung/Rokey/7.PracticalProject/Week3_Coop2/DR_ws/build/ign_ros2_control
[17.629s] -- Install configuration: ""
[17.630s] -- Installing: /home/jaeheyoung/Rokey/7.PracticalProject/Week3_Coop2/DR_ws/install/ign_ros2_control/lib/libign_hardware_plugins.so
[17.633s] -- Set runtime path of "/home/jaeheyoung/Rokey/7.PracticalProject/Week3_Coop2/DR_ws/install/ign_ros2_control/lib/libign_hardware_plugins.so" to ""
[17.633s] -- Installing: /home/jaeheyoung/Rokey/7.PracticalProject/Week3_Coop2/DR_ws/install/ign_ros2_control/include
[17.633s] -- Installing: /home/jaeheyoung/Rokey/7.PracticalProject/Week3_Coop2/DR_ws/install/ign_ros2_control/include/ign_ros2_control
[17.633s] -- Installing: /home/jaeheyoung/Rokey/7.PracticalProject/Week3_Coop2/DR_ws/install/ign_ros2_control/include/ign_ros2_control/ign_system_interface.hpp
[17.633s] -- Installing: /home/jaeheyoung/Rokey/7.PracticalProject/Week3_Coop2/DR_ws/install/ign_ros2_control/include/ign_ros2_control/ign_system.hpp
[17.633s] -- Installing: /home/jaeheyoung/Rokey/7.PracticalProject/Week3_Coop2/DR_ws/install/ign_ros2_control/include/ign_ros2_control/ign_ros2_control_plugin.hpp
[17.633s] -- Installing: /home/jaeheyoung/Rokey/7.PracticalProject/Week3_Coop2/DR_ws/install/ign_ros2_control/share/ign_ros2_control/environment/library_path.sh
[17.633s] -- Installing: /home/jaeheyoung/Rokey/7.PracticalProject/Week3_Coop2/DR_ws/install/ign_ros2_control/share/ign_ros2_control/environment/library_path.dsv
[17.633s] -- Installing: /home/jaeheyoung/Rokey/7.PracticalProject/Week3_Coop2/DR_ws/install/ign_ros2_control/lib/libign_ros2_control-system.so
[17.636s] -- Set runtime path of "/home/jaeheyoung/Rokey/7.PracticalProject/Week3_Coop2/DR_ws/install/ign_ros2_control/lib/libign_ros2_control-system.so" to ""
[17.636s] -- Installing: /home/jaeheyoung/Rokey/7.PracticalProject/Week3_Coop2/DR_ws/install/ign_ros2_control/share/ign_ros2_control/ign_hardware_plugins.xml
[17.636s] -- Installing: /home/jaeheyoung/Rokey/7.PracticalProject/Week3_Coop2/DR_ws/install/ign_ros2_control/share/ament_index/resource_index/package_run_dependencies/ign_ros2_control
[17.636s] -- Installing: /home/jaeheyoung/Rokey/7.PracticalProject/Week3_Coop2/DR_ws/install/ign_ros2_control/share/ament_index/resource_index/parent_prefix_path/ign_ros2_control
[17.636s] -- Installing: /home/jaeheyoung/Rokey/7.PracticalProject/Week3_Coop2/DR_ws/install/ign_ros2_control/share/ign_ros2_control/environment/ament_prefix_path.sh
[17.637s] -- Installing: /home/jaeheyoung/Rokey/7.PracticalProject/Week3_Coop2/DR_ws/install/ign_ros2_control/share/ign_ros2_control/environment/ament_prefix_path.dsv
[17.637s] -- Installing: /home/jaeheyoung/Rokey/7.PracticalProject/Week3_Coop2/DR_ws/install/ign_ros2_control/share/ign_ros2_control/environment/path.sh
[17.637s] -- Installing: /home/jaeheyoung/Rokey/7.PracticalProject/Week3_Coop2/DR_ws/install/ign_ros2_control/share/ign_ros2_control/environment/path.dsv
[17.637s] -- Installing: /home/jaeheyoung/Rokey/7.PracticalProject/Week3_Coop2/DR_ws/install/ign_ros2_control/share/ign_ros2_control/local_setup.bash
[17.637s] -- Installing: /home/jaeheyoung/Rokey/7.PracticalProject/Week3_Coop2/DR_ws/install/ign_ros2_control/share/ign_ros2_control/local_setup.sh
[17.637s] -- Installing: /home/jaeheyoung/Rokey/7.PracticalProject/Week3_Coop2/DR_ws/install/ign_ros2_control/share/ign_ros2_control/local_setup.zsh
[17.637s] -- Installing: /home/jaeheyoung/Rokey/7.PracticalProject/Week3_Coop2/DR_ws/install/ign_ros2_control/share/ign_ros2_control/local_setup.dsv
[17.637s] -- Installing: /home/jaeheyoung/Rokey/7.PracticalProject/Week3_Coop2/DR_ws/install/ign_ros2_control/share/ign_ros2_control/package.dsv
[17.637s] -- Installing: /home/jaeheyoung/Rokey/7.PracticalProject/Week3_Coop2/DR_ws/install/ign_ros2_control/share/ament_index/resource_index/packages/ign_ros2_control
[17.637s] -- Installing: /home/jaeheyoung/Rokey/7.PracticalProject/Week3_Coop2/DR_ws/install/ign_ros2_control/share/ament_index/resource_index/ign_ros2_control__pluginlib__plugin/ign_ros2_control
[17.637s] -- Installing: /home/jaeheyoung/Rokey/7.PracticalProject/Week3_Coop2/DR_ws/install/ign_ros2_control/share/ign_ros2_control/cmake/ament_cmake_export_include_directories-extras.cmake
[17.637s] -- Installing: /home/jaeheyoung/Rokey/7.PracticalProject/Week3_Coop2/DR_ws/install/ign_ros2_control/share/ign_ros2_control/cmake/ament_cmake_export_libraries-extras.cmake
[17.637s] -- Installing: /home/jaeheyoung/Rokey/7.PracticalProject/Week3_Coop2/DR_ws/install/ign_ros2_control/share/ign_ros2_control/cmake/ign_ros2_controlConfig.cmake
[17.637s] -- Installing: /home/jaeheyoung/Rokey/7.PracticalProject/Week3_Coop2/DR_ws/install/ign_ros2_control/share/ign_ros2_control/cmake/ign_ros2_controlConfig-version.cmake
[17.637s] -- Installing: /home/jaeheyoung/Rokey/7.PracticalProject/Week3_Coop2/DR_ws/install/ign_ros2_control/share/ign_ros2_control/package.xml
[17.640s] Invoked command in '/home/jaeheyoung/Rokey/7.PracticalProject/Week3_Coop2/DR_ws/build/ign_ros2_control' returned '0': CMAKE_PREFIX_PATH=/opt/ros/humble /usr/bin/cmake --install /home/jaeheyoung/Rokey/7.PracticalProject/Week3_Coop2/DR_ws/build/ign_ros2_control
