running egg_info
writing ../../../../build/example/example.egg-info/PKG-INFO
writing dependency_links to ../../../../build/example/example.egg-info/dependency_links.txt
writing entry points to ../../../../build/example/example.egg-info/entry_points.txt
writing requirements to ../../../../build/example/example.egg-info/requires.txt
writing top-level names to ../../../../build/example/example.egg-info/top_level.txt
reading manifest file '../../../../build/example/example.egg-info/SOURCES.txt'
writing manifest file '../../../../build/example/example.egg-info/SOURCES.txt'
running build
running build_py
running install
running install_lib
running install_data
running install_egg_info
removing '/home/jaeheyoung/Rokey/7.PracticalProject/Week3_Coop2/DR_ws/install/example/lib/python3.10/site-packages/example-0.0.0-py3.10.egg-info' (and everything under it)
Copying ../../../../build/example/example.egg-info to /home/jaeheyoung/Rokey/7.PracticalProject/Week3_Coop2/DR_ws/install/example/lib/python3.10/site-packages/example-0.0.0-py3.10.egg-info
running install_scripts
Installing dance script to /home/jaeheyoung/Rokey/7.PracticalProject/Week3_Coop2/DR_ws/install/example/lib/example
Installing single_robot_simple script to /home/jaeheyoung/Rokey/7.PracticalProject/Week3_Coop2/DR_ws/install/example/lib/example
writing list of installed files to '/home/jaeheyoung/Rokey/7.PracticalProject/Week3_Coop2/DR_ws/build/example/install.log'
