[0.936s] Invoking command in '/home/jaeheyoung/robot_service_ws/build/robot_serving': PYTHONPATH=/home/jaeheyoung/robot_service_ws/build/robot_serving/prefix_override:/usr/lib/python3/dist-packages/colcon_core/task/python/colcon_distutils_commands:/home/jaeheyoung/robot_service_ws/install/robot_serving/lib/python3.10/site-packages:${PYTHONPATH} /usr/bin/python3 -W ignore:setup.py install is deprecated setup.py develop --editable --build-directory /home/jaeheyoung/robot_service_ws/build/robot_serving/build --no-deps symlink_data
[1.258s] running develop
[1.482s] running egg_info
[1.482s] creating robot_serving.egg-info
[1.482s] writing robot_serving.egg-info/PKG-INFO
[1.482s] writing dependency_links to robot_serving.egg-info/dependency_links.txt
[1.483s] writing entry points to robot_serving.egg-info/entry_points.txt
[1.483s] writing requirements to robot_serving.egg-info/requires.txt
[1.483s] writing top-level names to robot_serving.egg-info/top_level.txt
[1.483s] writing manifest file 'robot_serving.egg-info/SOURCES.txt'
[1.484s] reading manifest file 'robot_serving.egg-info/SOURCES.txt'
[1.485s] writing manifest file 'robot_serving.egg-info/SOURCES.txt'
[1.487s] running build_ext
[1.487s] Creating /home/jaeheyoung/robot_service_ws/install/robot_serving/lib/python3.10/site-packages/robot-serving.egg-link (link to .)
[1.487s] Installing pos script to /home/jaeheyoung/robot_service_ws/install/robot_serving/lib/robot_serving
[1.488s] Installing table script to /home/jaeheyoung/robot_service_ws/install/robot_serving/lib/robot_serving
[1.488s] 
[1.488s] Installed /home/jaeheyoung/robot_service_ws/build/robot_serving
[1.488s] running symlink_data
[1.488s] creating /home/jaeheyoung/robot_service_ws/install/robot_serving/share/ament_index
[1.488s] creating /home/jaeheyoung/robot_service_ws/install/robot_serving/share/ament_index/resource_index
[1.488s] creating /home/jaeheyoung/robot_service_ws/install/robot_serving/share/ament_index/resource_index/packages
[1.488s] symbolically linking /home/jaeheyoung/robot_service_ws/build/robot_serving/resource/robot_serving -> /home/jaeheyoung/robot_service_ws/install/robot_serving/share/ament_index/resource_index/packages
[1.489s] symbolically linking /home/jaeheyoung/robot_service_ws/build/robot_serving/package.xml -> /home/jaeheyoung/robot_service_ws/install/robot_serving/share/robot_serving
[1.526s] Invoked command in '/home/jaeheyoung/robot_service_ws/build/robot_serving' returned '0': PYTHONPATH=/home/jaeheyoung/robot_service_ws/build/robot_serving/prefix_override:/usr/lib/python3/dist-packages/colcon_core/task/python/colcon_distutils_commands:/home/jaeheyoung/robot_service_ws/install/robot_serving/lib/python3.10/site-packages:${PYTHONPATH} /usr/bin/python3 -W ignore:setup.py install is deprecated setup.py develop --editable --build-directory /home/jaeheyoung/robot_service_ws/build/robot_serving/build --no-deps symlink_data
