[0.010s] Invoking command in '/home/jaeheyoung/Rokey/7.PracticalProject/Week7_Drive3/turtlebot3_ws/build/turtlebot3_manipulation_navigation2': CMAKE_PREFIX_PATH=/opt/ros/humble /usr/bin/cmake /home/jaeheyoung/Rokey/7.PracticalProject/Week7_Drive3/turtlebot3_ws/src/turtlebot3_manipulation/turtlebot3_manipulation_navigation2 -DAMENT_CMAKE_SYMLINK_INSTALL=1 -DCMAKE_INSTALL_PREFIX=/home/jaeheyoung/Rokey/7.PracticalProject/Week7_Drive3/turtlebot3_ws/install/turtlebot3_manipulation_navigation2
[0.046s] -- The C compiler identification is GNU 11.4.0
[0.091s] -- The CXX compiler identification is GNU 11.4.0
[0.097s] -- Detecting C compiler ABI info
[0.145s] -- Detecting C compiler ABI info - done
[0.150s] -- Check for working C compiler: /usr/bin/cc - skipped
[0.150s] -- Detecting C compile features
[0.150s] -- Detecting C compile features - done
[0.153s] -- Detecting CXX compiler ABI info
[0.207s] -- Detecting CXX compiler ABI info - done
[0.215s] -- Check for working CXX compiler: /usr/bin/c++ - skipped
[0.215s] -- Detecting CXX compile features
[0.216s] -- Detecting CXX compile features - done
[0.219s] -- Found ament_cmake: 1.3.11 (/opt/ros/humble/share/ament_cmake/cmake)
[0.507s] -- Found Python3: /usr/bin/python3 (found version "3.10.12") found components: Interpreter 
[0.552s] -- Override CMake install command with custom implementation using symlinks instead of copying resources
[0.617s] -- Configuring done
[0.619s] -- Generating done
[0.620s] -- Build files have been written to: /home/jaeheyoung/Rokey/7.PracticalProject/Week7_Drive3/turtlebot3_ws/build/turtlebot3_manipulation_navigation2
[0.622s] Invoked command in '/home/jaeheyoung/Rokey/7.PracticalProject/Week7_Drive3/turtlebot3_ws/build/turtlebot3_manipulation_navigation2' returned '0': CMAKE_PREFIX_PATH=/opt/ros/humble /usr/bin/cmake /home/jaeheyoung/Rokey/7.PracticalProject/Week7_Drive3/turtlebot3_ws/src/turtlebot3_manipulation/turtlebot3_manipulation_navigation2 -DAMENT_CMAKE_SYMLINK_INSTALL=1 -DCMAKE_INSTALL_PREFIX=/home/jaeheyoung/Rokey/7.PracticalProject/Week7_Drive3/turtlebot3_ws/install/turtlebot3_manipulation_navigation2
[0.624s] Invoking command in '/home/jaeheyoung/Rokey/7.PracticalProject/Week7_Drive3/turtlebot3_ws/build/turtlebot3_manipulation_navigation2': CMAKE_PREFIX_PATH=/opt/ros/humble /usr/bin/cmake --build /home/jaeheyoung/Rokey/7.PracticalProject/Week7_Drive3/turtlebot3_ws/build/turtlebot3_manipulation_navigation2 -- -j20 -l20
[0.657s] Invoked command in '/home/jaeheyoung/Rokey/7.PracticalProject/Week7_Drive3/turtlebot3_ws/build/turtlebot3_manipulation_navigation2' returned '0': CMAKE_PREFIX_PATH=/opt/ros/humble /usr/bin/cmake --build /home/jaeheyoung/Rokey/7.PracticalProject/Week7_Drive3/turtlebot3_ws/build/turtlebot3_manipulation_navigation2 -- -j20 -l20
[0.658s] Invoking command in '/home/jaeheyoung/Rokey/7.PracticalProject/Week7_Drive3/turtlebot3_ws/build/turtlebot3_manipulation_navigation2': CMAKE_PREFIX_PATH=/opt/ros/humble /usr/bin/cmake --install /home/jaeheyoung/Rokey/7.PracticalProject/Week7_Drive3/turtlebot3_ws/build/turtlebot3_manipulation_navigation2
[0.664s] -- Install configuration: ""
[0.664s] -- Execute custom install script
[0.664s] -- Symlinking: /home/jaeheyoung/Rokey/7.PracticalProject/Week7_Drive3/turtlebot3_ws/install/turtlebot3_manipulation_navigation2/share/turtlebot3_manipulation_navigation2/launch/navigation2.launch.py
[0.670s] -- Symlinking: /home/jaeheyoung/Rokey/7.PracticalProject/Week7_Drive3/turtlebot3_ws/install/turtlebot3_manipulation_navigation2/share/turtlebot3_manipulation_navigation2/launch/navigation2_use_sim_time.launch.py
[0.676s] -- Symlinking: /home/jaeheyoung/Rokey/7.PracticalProject/Week7_Drive3/turtlebot3_ws/install/turtlebot3_manipulation_navigation2/share/turtlebot3_manipulation_navigation2/map/turtlebot3_world.pgm
[0.681s] -- Symlinking: /home/jaeheyoung/Rokey/7.PracticalProject/Week7_Drive3/turtlebot3_ws/install/turtlebot3_manipulation_navigation2/share/turtlebot3_manipulation_navigation2/map/turtlebot3_world.yaml
[0.686s] -- Symlinking: /home/jaeheyoung/Rokey/7.PracticalProject/Week7_Drive3/turtlebot3_ws/install/turtlebot3_manipulation_navigation2/share/turtlebot3_manipulation_navigation2/param/turtlebot3.yaml
[0.691s] -- Symlinking: /home/jaeheyoung/Rokey/7.PracticalProject/Week7_Drive3/turtlebot3_ws/install/turtlebot3_manipulation_navigation2/share/turtlebot3_manipulation_navigation2/param/turtlebot3_use_sim_time.yaml
[0.698s] -- Symlinking: /home/jaeheyoung/Rokey/7.PracticalProject/Week7_Drive3/turtlebot3_ws/install/turtlebot3_manipulation_navigation2/share/turtlebot3_manipulation_navigation2/rviz/navigation2.rviz
[0.705s] -- Symlinking: /home/jaeheyoung/Rokey/7.PracticalProject/Week7_Drive3/turtlebot3_ws/install/turtlebot3_manipulation_navigation2/share/ament_index/resource_index/package_run_dependencies/turtlebot3_manipulation_navigation2
[0.712s] -- Symlinking: /home/jaeheyoung/Rokey/7.PracticalProject/Week7_Drive3/turtlebot3_ws/install/turtlebot3_manipulation_navigation2/share/ament_index/resource_index/parent_prefix_path/turtlebot3_manipulation_navigation2
[0.718s] -- Symlinking: /home/jaeheyoung/Rokey/7.PracticalProject/Week7_Drive3/turtlebot3_ws/install/turtlebot3_manipulation_navigation2/share/turtlebot3_manipulation_navigation2/environment/ament_prefix_path.sh
[0.725s] -- Symlinking: /home/jaeheyoung/Rokey/7.PracticalProject/Week7_Drive3/turtlebot3_ws/install/turtlebot3_manipulation_navigation2/share/turtlebot3_manipulation_navigation2/environment/ament_prefix_path.dsv
[0.733s] -- Symlinking: /home/jaeheyoung/Rokey/7.PracticalProject/Week7_Drive3/turtlebot3_ws/install/turtlebot3_manipulation_navigation2/share/turtlebot3_manipulation_navigation2/environment/path.sh
[0.738s] -- Symlinking: /home/jaeheyoung/Rokey/7.PracticalProject/Week7_Drive3/turtlebot3_ws/install/turtlebot3_manipulation_navigation2/share/turtlebot3_manipulation_navigation2/environment/path.dsv
[0.744s] -- Symlinking: /home/jaeheyoung/Rokey/7.PracticalProject/Week7_Drive3/turtlebot3_ws/install/turtlebot3_manipulation_navigation2/share/turtlebot3_manipulation_navigation2/local_setup.bash
[0.749s] -- Symlinking: /home/jaeheyoung/Rokey/7.PracticalProject/Week7_Drive3/turtlebot3_ws/install/turtlebot3_manipulation_navigation2/share/turtlebot3_manipulation_navigation2/local_setup.sh
[0.755s] -- Symlinking: /home/jaeheyoung/Rokey/7.PracticalProject/Week7_Drive3/turtlebot3_ws/install/turtlebot3_manipulation_navigation2/share/turtlebot3_manipulation_navigation2/local_setup.zsh
[0.761s] -- Symlinking: /home/jaeheyoung/Rokey/7.PracticalProject/Week7_Drive3/turtlebot3_ws/install/turtlebot3_manipulation_navigation2/share/turtlebot3_manipulation_navigation2/local_setup.dsv
[0.767s] -- Symlinking: /home/jaeheyoung/Rokey/7.PracticalProject/Week7_Drive3/turtlebot3_ws/install/turtlebot3_manipulation_navigation2/share/turtlebot3_manipulation_navigation2/package.dsv
[0.773s] -- Symlinking: /home/jaeheyoung/Rokey/7.PracticalProject/Week7_Drive3/turtlebot3_ws/install/turtlebot3_manipulation_navigation2/share/ament_index/resource_index/packages/turtlebot3_manipulation_navigation2
[0.781s] -- Symlinking: /home/jaeheyoung/Rokey/7.PracticalProject/Week7_Drive3/turtlebot3_ws/install/turtlebot3_manipulation_navigation2/share/turtlebot3_manipulation_navigation2/cmake/turtlebot3_manipulation_navigation2Config.cmake
[0.788s] -- Symlinking: /home/jaeheyoung/Rokey/7.PracticalProject/Week7_Drive3/turtlebot3_ws/install/turtlebot3_manipulation_navigation2/share/turtlebot3_manipulation_navigation2/cmake/turtlebot3_manipulation_navigation2Config-version.cmake
[0.792s] -- Symlinking: /home/jaeheyoung/Rokey/7.PracticalProject/Week7_Drive3/turtlebot3_ws/install/turtlebot3_manipulation_navigation2/share/turtlebot3_manipulation_navigation2/package.xml
[0.800s] Invoked command in '/home/jaeheyoung/Rokey/7.PracticalProject/Week7_Drive3/turtlebot3_ws/build/turtlebot3_manipulation_navigation2' returned '0': CMAKE_PREFIX_PATH=/opt/ros/humble /usr/bin/cmake --install /home/jaeheyoung/Rokey/7.PracticalProject/Week7_Drive3/turtlebot3_ws/build/turtlebot3_manipulation_navigation2
