[0.014s] Invoking command in '/home/jaeheyoung/Rokey/7.PracticalProject/Week8_Intel2/turtlebot3_ws/build/turtlebot3_navigation2': CMAKE_PREFIX_PATH=${CMAKE_PREFIX_PATH}:/home/jaeheyoung/Rokey/7.PracticalProject/Week7_Drive3/drive3_ws/install/my_robot:/opt/ros/humble /usr/bin/cmake /home/jaeheyoung/Rokey/7.PracticalProject/Week8_Intel2/turtlebot3_ws/src/turtlebot3/turtlebot3_navigation2 -DAMENT_CMAKE_SYMLINK_INSTALL=1 -DCMAKE_INSTALL_PREFIX=/home/jaeheyoung/Rokey/7.PracticalProject/Week8_Intel2/turtlebot3_ws/install/turtlebot3_navigation2
[0.114s] -- The C compiler identification is GNU 11.4.0
[0.200s] -- The CXX compiler identification is GNU 11.4.0
[0.209s] -- Detecting C compiler ABI info
[0.276s] -- Detecting C compiler ABI info - done
[0.283s] -- Check for working C compiler: /usr/bin/cc - skipped
[0.283s] -- Detecting C compile features
[0.283s] -- Detecting C compile features - done
[0.286s] -- Detecting CXX compiler ABI info
[0.374s] -- Detecting CXX compiler ABI info - done
[0.384s] -- Check for working CXX compiler: /usr/bin/c++ - skipped
[0.385s] -- Detecting CXX compile features
[0.385s] -- Detecting CXX compile features - done
[0.390s] -- Found ament_cmake: 1.3.11 (/opt/ros/humble/share/ament_cmake/cmake)
[1.013s] -- Found Python3: /usr/bin/python3 (found version "3.10.12") found components: Interpreter 
[1.075s] -- Override CMake install command with custom implementation using symlinks instead of copying resources
[1.159s] -- Configuring done
[1.162s] -- Generating done
[1.164s] -- Build files have been written to: /home/jaeheyoung/Rokey/7.PracticalProject/Week8_Intel2/turtlebot3_ws/build/turtlebot3_navigation2
[1.179s] Invoked command in '/home/jaeheyoung/Rokey/7.PracticalProject/Week8_Intel2/turtlebot3_ws/build/turtlebot3_navigation2' returned '0': CMAKE_PREFIX_PATH=${CMAKE_PREFIX_PATH}:/home/jaeheyoung/Rokey/7.PracticalProject/Week7_Drive3/drive3_ws/install/my_robot:/opt/ros/humble /usr/bin/cmake /home/jaeheyoung/Rokey/7.PracticalProject/Week8_Intel2/turtlebot3_ws/src/turtlebot3/turtlebot3_navigation2 -DAMENT_CMAKE_SYMLINK_INSTALL=1 -DCMAKE_INSTALL_PREFIX=/home/jaeheyoung/Rokey/7.PracticalProject/Week8_Intel2/turtlebot3_ws/install/turtlebot3_navigation2
[1.181s] Invoking command in '/home/jaeheyoung/Rokey/7.PracticalProject/Week8_Intel2/turtlebot3_ws/build/turtlebot3_navigation2': CMAKE_PREFIX_PATH=${CMAKE_PREFIX_PATH}:/home/jaeheyoung/Rokey/7.PracticalProject/Week7_Drive3/drive3_ws/install/my_robot:/opt/ros/humble /usr/bin/cmake --build /home/jaeheyoung/Rokey/7.PracticalProject/Week8_Intel2/turtlebot3_ws/build/turtlebot3_navigation2 -- -j20 -l20
[1.229s] Invoked command in '/home/jaeheyoung/Rokey/7.PracticalProject/Week8_Intel2/turtlebot3_ws/build/turtlebot3_navigation2' returned '0': CMAKE_PREFIX_PATH=${CMAKE_PREFIX_PATH}:/home/jaeheyoung/Rokey/7.PracticalProject/Week7_Drive3/drive3_ws/install/my_robot:/opt/ros/humble /usr/bin/cmake --build /home/jaeheyoung/Rokey/7.PracticalProject/Week8_Intel2/turtlebot3_ws/build/turtlebot3_navigation2 -- -j20 -l20
[1.231s] Invoking command in '/home/jaeheyoung/Rokey/7.PracticalProject/Week8_Intel2/turtlebot3_ws/build/turtlebot3_navigation2': CMAKE_PREFIX_PATH=${CMAKE_PREFIX_PATH}:/home/jaeheyoung/Rokey/7.PracticalProject/Week7_Drive3/drive3_ws/install/my_robot:/opt/ros/humble /usr/bin/cmake --install /home/jaeheyoung/Rokey/7.PracticalProject/Week8_Intel2/turtlebot3_ws/build/turtlebot3_navigation2
[1.239s] -- Install configuration: ""
[1.239s] -- Execute custom install script
[1.239s] -- Symlinking: /home/jaeheyoung/Rokey/7.PracticalProject/Week8_Intel2/turtlebot3_ws/install/turtlebot3_navigation2/share/turtlebot3_navigation2/launch/navigation2.launch.py
[1.249s] -- Symlinking: /home/jaeheyoung/Rokey/7.PracticalProject/Week8_Intel2/turtlebot3_ws/install/turtlebot3_navigation2/share/turtlebot3_navigation2/map/map.pgm
[1.258s] -- Symlinking: /home/jaeheyoung/Rokey/7.PracticalProject/Week8_Intel2/turtlebot3_ws/install/turtlebot3_navigation2/share/turtlebot3_navigation2/map/map.yaml
[1.271s] -- Symlinking: /home/jaeheyoung/Rokey/7.PracticalProject/Week8_Intel2/turtlebot3_ws/install/turtlebot3_navigation2/share/turtlebot3_navigation2/param/burger.yaml
[1.283s] -- Symlinking: /home/jaeheyoung/Rokey/7.PracticalProject/Week8_Intel2/turtlebot3_ws/install/turtlebot3_navigation2/share/turtlebot3_navigation2/param/waffle.yaml
[1.295s] -- Symlinking: /home/jaeheyoung/Rokey/7.PracticalProject/Week8_Intel2/turtlebot3_ws/install/turtlebot3_navigation2/share/turtlebot3_navigation2/param/waffle_pi.yaml
[1.307s] -- Symlinking: /home/jaeheyoung/Rokey/7.PracticalProject/Week8_Intel2/turtlebot3_ws/install/turtlebot3_navigation2/share/turtlebot3_navigation2/rviz/tb3_navigation2.rviz
[1.319s] -- Symlinking: /home/jaeheyoung/Rokey/7.PracticalProject/Week8_Intel2/turtlebot3_ws/install/turtlebot3_navigation2/share/ament_index/resource_index/package_run_dependencies/turtlebot3_navigation2
[1.333s] -- Symlinking: /home/jaeheyoung/Rokey/7.PracticalProject/Week8_Intel2/turtlebot3_ws/install/turtlebot3_navigation2/share/ament_index/resource_index/parent_prefix_path/turtlebot3_navigation2
[1.346s] -- Symlinking: /home/jaeheyoung/Rokey/7.PracticalProject/Week8_Intel2/turtlebot3_ws/install/turtlebot3_navigation2/share/turtlebot3_navigation2/environment/ament_prefix_path.sh
[1.359s] -- Symlinking: /home/jaeheyoung/Rokey/7.PracticalProject/Week8_Intel2/turtlebot3_ws/install/turtlebot3_navigation2/share/turtlebot3_navigation2/environment/ament_prefix_path.dsv
[1.371s] -- Symlinking: /home/jaeheyoung/Rokey/7.PracticalProject/Week8_Intel2/turtlebot3_ws/install/turtlebot3_navigation2/share/turtlebot3_navigation2/environment/path.sh
[1.383s] -- Symlinking: /home/jaeheyoung/Rokey/7.PracticalProject/Week8_Intel2/turtlebot3_ws/install/turtlebot3_navigation2/share/turtlebot3_navigation2/environment/path.dsv
[1.396s] -- Symlinking: /home/jaeheyoung/Rokey/7.PracticalProject/Week8_Intel2/turtlebot3_ws/install/turtlebot3_navigation2/share/turtlebot3_navigation2/local_setup.bash
[1.408s] -- Symlinking: /home/jaeheyoung/Rokey/7.PracticalProject/Week8_Intel2/turtlebot3_ws/install/turtlebot3_navigation2/share/turtlebot3_navigation2/local_setup.sh
[1.420s] -- Symlinking: /home/jaeheyoung/Rokey/7.PracticalProject/Week8_Intel2/turtlebot3_ws/install/turtlebot3_navigation2/share/turtlebot3_navigation2/local_setup.zsh
[1.431s] -- Symlinking: /home/jaeheyoung/Rokey/7.PracticalProject/Week8_Intel2/turtlebot3_ws/install/turtlebot3_navigation2/share/turtlebot3_navigation2/local_setup.dsv
[1.441s] -- Symlinking: /home/jaeheyoung/Rokey/7.PracticalProject/Week8_Intel2/turtlebot3_ws/install/turtlebot3_navigation2/share/turtlebot3_navigation2/package.dsv
[1.451s] -- Symlinking: /home/jaeheyoung/Rokey/7.PracticalProject/Week8_Intel2/turtlebot3_ws/install/turtlebot3_navigation2/share/ament_index/resource_index/packages/turtlebot3_navigation2
[1.462s] -- Symlinking: /home/jaeheyoung/Rokey/7.PracticalProject/Week8_Intel2/turtlebot3_ws/install/turtlebot3_navigation2/share/turtlebot3_navigation2/cmake/turtlebot3_navigation2Config.cmake
[1.470s] -- Symlinking: /home/jaeheyoung/Rokey/7.PracticalProject/Week8_Intel2/turtlebot3_ws/install/turtlebot3_navigation2/share/turtlebot3_navigation2/cmake/turtlebot3_navigation2Config-version.cmake
[1.481s] -- Symlinking: /home/jaeheyoung/Rokey/7.PracticalProject/Week8_Intel2/turtlebot3_ws/install/turtlebot3_navigation2/share/turtlebot3_navigation2/package.xml
[1.495s] Invoked command in '/home/jaeheyoung/Rokey/7.PracticalProject/Week8_Intel2/turtlebot3_ws/build/turtlebot3_navigation2' returned '0': CMAKE_PREFIX_PATH=${CMAKE_PREFIX_PATH}:/home/jaeheyoung/Rokey/7.PracticalProject/Week7_Drive3/drive3_ws/install/my_robot:/opt/ros/humble /usr/bin/cmake --install /home/jaeheyoung/Rokey/7.PracticalProject/Week8_Intel2/turtlebot3_ws/build/turtlebot3_navigation2
