[0.046s] Invoking command in '/home/jaeheyoung/robot_service_ws/build/turtlebot3_description': CMAKE_PREFIX_PATH=${CMAKE_PREFIX_PATH}:/home/jaeheyoung/robot_service_ws/install/turtlebot3_teleop:/home/jaeheyoung/robot_service_ws/install/turtlebot3_example:/home/jaeheyoung/robot_service_ws/install/robot_serving:/opt/ros/humble /usr/bin/cmake --build /home/jaeheyoung/robot_service_ws/build/turtlebot3_description -- -j20 -l20
[1.478s] Invoked command in '/home/jaeheyoung/robot_service_ws/build/turtlebot3_description' returned '0': CMAKE_PREFIX_PATH=${CMAKE_PREFIX_PATH}:/home/jaeheyoung/robot_service_ws/install/turtlebot3_teleop:/home/jaeheyoung/robot_service_ws/install/turtlebot3_example:/home/jaeheyoung/robot_service_ws/install/robot_serving:/opt/ros/humble /usr/bin/cmake --build /home/jaeheyoung/robot_service_ws/build/turtlebot3_description -- -j20 -l20
[1.537s] Invoking command in '/home/jaeheyoung/robot_service_ws/build/turtlebot3_description': CMAKE_PREFIX_PATH=${CMAKE_PREFIX_PATH}:/home/jaeheyoung/robot_service_ws/install/turtlebot3_teleop:/home/jaeheyoung/robot_service_ws/install/turtlebot3_example:/home/jaeheyoung/robot_service_ws/install/robot_serving:/opt/ros/humble /usr/bin/cmake --install /home/jaeheyoung/robot_service_ws/build/turtlebot3_description
[1.556s] -- Install configuration: ""
[1.558s] -- Up-to-date: /home/jaeheyoung/robot_service_ws/install/turtlebot3_description/share/turtlebot3_description/meshes
[1.558s] -- Up-to-date: /home/jaeheyoung/robot_service_ws/install/turtlebot3_description/share/turtlebot3_description/meshes/wheels
[1.558s] -- Up-to-date: /home/jaeheyoung/robot_service_ws/install/turtlebot3_description/share/turtlebot3_description/meshes/wheels/left_tire.stl
[1.558s] -- Up-to-date: /home/jaeheyoung/robot_service_ws/install/turtlebot3_description/share/turtlebot3_description/meshes/wheels/right_tire.stl
[1.558s] -- Up-to-date: /home/jaeheyoung/robot_service_ws/install/turtlebot3_description/share/turtlebot3_description/meshes/bases
[1.558s] -- Up-to-date: /home/jaeheyoung/robot_service_ws/install/turtlebot3_description/share/turtlebot3_description/meshes/bases/waffle_base.stl
[1.559s] -- Up-to-date: /home/jaeheyoung/robot_service_ws/install/turtlebot3_description/share/turtlebot3_description/meshes/bases/waffle_pi_base.stl
[1.559s] -- Up-to-date: /home/jaeheyoung/robot_service_ws/install/turtlebot3_description/share/turtlebot3_description/meshes/bases/burger_base.stl
[1.559s] -- Up-to-date: /home/jaeheyoung/robot_service_ws/install/turtlebot3_description/share/turtlebot3_description/meshes/sensors
[1.559s] -- Up-to-date: /home/jaeheyoung/robot_service_ws/install/turtlebot3_description/share/turtlebot3_description/meshes/sensors/astra.dae
[1.560s] -- Up-to-date: /home/jaeheyoung/robot_service_ws/install/turtlebot3_description/share/turtlebot3_description/meshes/sensors/astra.jpg
[1.560s] -- Up-to-date: /home/jaeheyoung/robot_service_ws/install/turtlebot3_description/share/turtlebot3_description/meshes/sensors/r200.jpg
[1.560s] -- Up-to-date: /home/jaeheyoung/robot_service_ws/install/turtlebot3_description/share/turtlebot3_description/meshes/sensors/lds.stl
[1.561s] -- Up-to-date: /home/jaeheyoung/robot_service_ws/install/turtlebot3_description/share/turtlebot3_description/meshes/sensors/r200.dae
[1.561s] -- Up-to-date: /home/jaeheyoung/robot_service_ws/install/turtlebot3_description/share/turtlebot3_description/rviz
[1.566s] -- Up-to-date: /home/jaeheyoung/robot_service_ws/install/turtlebot3_description/share/turtlebot3_description/rviz/model.rviz
[1.566s] -- Up-to-date: /home/jaeheyoung/robot_service_ws/install/turtlebot3_description/share/turtlebot3_description/urdf
[1.566s] -- Up-to-date: /home/jaeheyoung/robot_service_ws/install/turtlebot3_description/share/turtlebot3_description/urdf/common_properties.urdf
[1.566s] -- Up-to-date: /home/jaeheyoung/robot_service_ws/install/turtlebot3_description/share/turtlebot3_description/urdf/turtlebot3_waffle_pi.urdf
[1.567s] -- Up-to-date: /home/jaeheyoung/robot_service_ws/install/turtlebot3_description/share/turtlebot3_description/urdf/turtlebot3_waffle.urdf
[1.567s] -- Up-to-date: /home/jaeheyoung/robot_service_ws/install/turtlebot3_description/share/turtlebot3_description/urdf/turtlebot3_burger.urdf
[1.567s] -- Up-to-date: /home/jaeheyoung/robot_service_ws/install/turtlebot3_description/share/ament_index/resource_index/package_run_dependencies/turtlebot3_description
[1.567s] -- Up-to-date: /home/jaeheyoung/robot_service_ws/install/turtlebot3_description/share/ament_index/resource_index/parent_prefix_path/turtlebot3_description
[1.567s] -- Up-to-date: /home/jaeheyoung/robot_service_ws/install/turtlebot3_description/share/turtlebot3_description/environment/ament_prefix_path.sh
[1.567s] -- Up-to-date: /home/jaeheyoung/robot_service_ws/install/turtlebot3_description/share/turtlebot3_description/environment/ament_prefix_path.dsv
[1.567s] -- Up-to-date: /home/jaeheyoung/robot_service_ws/install/turtlebot3_description/share/turtlebot3_description/environment/path.sh
[1.567s] -- Up-to-date: /home/jaeheyoung/robot_service_ws/install/turtlebot3_description/share/turtlebot3_description/environment/path.dsv
[1.567s] -- Up-to-date: /home/jaeheyoung/robot_service_ws/install/turtlebot3_description/share/turtlebot3_description/local_setup.bash
[1.567s] -- Up-to-date: /home/jaeheyoung/robot_service_ws/install/turtlebot3_description/share/turtlebot3_description/local_setup.sh
[1.567s] -- Up-to-date: /home/jaeheyoung/robot_service_ws/install/turtlebot3_description/share/turtlebot3_description/local_setup.zsh
[1.567s] -- Up-to-date: /home/jaeheyoung/robot_service_ws/install/turtlebot3_description/share/turtlebot3_description/local_setup.dsv
[1.568s] -- Installing: /home/jaeheyoung/robot_service_ws/install/turtlebot3_description/share/turtlebot3_description/package.dsv
[1.568s] -- Up-to-date: /home/jaeheyoung/robot_service_ws/install/turtlebot3_description/share/ament_index/resource_index/packages/turtlebot3_description
[1.568s] -- Up-to-date: /home/jaeheyoung/robot_service_ws/install/turtlebot3_description/share/turtlebot3_description/cmake/turtlebot3_descriptionConfig.cmake
[1.568s] -- Up-to-date: /home/jaeheyoung/robot_service_ws/install/turtlebot3_description/share/turtlebot3_description/cmake/turtlebot3_descriptionConfig-version.cmake
[1.568s] -- Up-to-date: /home/jaeheyoung/robot_service_ws/install/turtlebot3_description/share/turtlebot3_description/package.xml
[1.600s] Invoked command in '/home/jaeheyoung/robot_service_ws/build/turtlebot3_description' returned '0': CMAKE_PREFIX_PATH=${CMAKE_PREFIX_PATH}:/home/jaeheyoung/robot_service_ws/install/turtlebot3_teleop:/home/jaeheyoung/robot_service_ws/install/turtlebot3_example:/home/jaeheyoung/robot_service_ws/install/robot_serving:/opt/ros/humble /usr/bin/cmake --install /home/jaeheyoung/robot_service_ws/build/turtlebot3_description
