[0.122s] DEBUG:colcon:Command line arguments: ['/usr/bin/colcon', 'build', '--symlink-install']
[0.122s] DEBUG:colcon:Parsed command line arguments: Namespace(log_base=None, log_level=None, verb_name='build', build_base='build', install_base='install', merge_install=False, symlink_install=True, test_result_base=None, continue_on_error=False, executor='parallel', parallel_workers=20, event_handlers=None, ignore_user_meta=False, metas=['./colcon.meta'], base_paths=['.'], packages_ignore=None, packages_ignore_regex=None, paths=None, packages_up_to=None, packages_up_to_regex=None, packages_above=None, packages_above_and_dependencies=None, packages_above_depth=None, packages_select_by_dep=None, packages_skip_by_dep=None, packages_skip_up_to=None, packages_select_build_failed=False, packages_skip_build_finished=False, packages_select_test_failures=False, packages_skip_test_passed=False, packages_select=None, packages_skip=None, packages_select_regex=None, packages_skip_regex=None, packages_start=None, packages_end=None, allow_overriding=[], cmake_args=None, cmake_target=None, cmake_target_skip_unavailable=False, cmake_clean_cache=False, cmake_clean_first=False, cmake_force_configure=False, ament_cmake_args=None, catkin_cmake_args=None, catkin_skip_building_tests=False, mixin_files=None, mixin=None, verb_parser=<colcon_mixin.mixin.mixin_argument.MixinArgumentDecorator object at 0x7c4795482230>, verb_extension=<colcon_core.verb.build.BuildVerb object at 0x7c479557e800>, main=<bound method BuildVerb.main of <colcon_core.verb.build.BuildVerb object at 0x7c479557e800>>, mixin_verb=('build',))
[0.357s] Level 1:colcon.colcon_core.package_discovery:discover_packages(colcon_meta) check parameters
[0.357s] Level 1:colcon.colcon_core.package_discovery:discover_packages(recursive) check parameters
[0.358s] Level 1:colcon.colcon_core.package_discovery:discover_packages(ignore) check parameters
[0.358s] Level 1:colcon.colcon_core.package_discovery:discover_packages(path) check parameters
[0.358s] Level 1:colcon.colcon_core.package_discovery:discover_packages(colcon_meta) discover
[0.358s] Level 1:colcon.colcon_core.package_discovery:discover_packages(recursive) discover
[0.358s] INFO:colcon.colcon_core.package_discovery:Crawling recursively for packages in '/home/jaeheyoung/Rokey/7.PracticalProject/Week5_Coop3/coop3_ws'
[0.358s] Level 1:colcon.colcon_core.package_identification:_identify(.) by extensions ['ignore', 'ignore_ament_install']
[0.358s] Level 1:colcon.colcon_core.package_identification:_identify(.) by extension 'ignore'
[0.358s] Level 1:colcon.colcon_core.package_identification:_identify(.) by extension 'ignore_ament_install'
[0.358s] Level 1:colcon.colcon_core.package_identification:_identify(.) by extensions ['colcon_pkg']
[0.358s] Level 1:colcon.colcon_core.package_identification:_identify(.) by extension 'colcon_pkg'
[0.358s] Level 1:colcon.colcon_core.package_identification:_identify(.) by extensions ['colcon_meta']
[0.358s] Level 1:colcon.colcon_core.package_identification:_identify(.) by extension 'colcon_meta'
[0.358s] Level 1:colcon.colcon_core.package_identification:_identify(.) by extensions ['ros']
[0.358s] Level 1:colcon.colcon_core.package_identification:_identify(.) by extension 'ros'
[0.370s] Level 1:colcon.colcon_core.package_identification:_identify(.) by extensions ['cmake', 'python']
[0.370s] Level 1:colcon.colcon_core.package_identification:_identify(.) by extension 'cmake'
[0.370s] Level 1:colcon.colcon_core.package_identification:_identify(.) by extension 'python'
[0.370s] Level 1:colcon.colcon_core.package_identification:_identify(.) by extensions ['python_setup_py']
[0.370s] Level 1:colcon.colcon_core.package_identification:_identify(.) by extension 'python_setup_py'
[0.370s] Level 1:colcon.colcon_core.package_identification:_identify(build) by extensions ['ignore', 'ignore_ament_install']
[0.370s] Level 1:colcon.colcon_core.package_identification:_identify(build) by extension 'ignore'
[0.370s] Level 1:colcon.colcon_core.package_identification:_identify(build) ignored
[0.370s] Level 1:colcon.colcon_core.package_identification:_identify(install) by extensions ['ignore', 'ignore_ament_install']
[0.370s] Level 1:colcon.colcon_core.package_identification:_identify(install) by extension 'ignore'
[0.370s] Level 1:colcon.colcon_core.package_identification:_identify(install) ignored
[0.370s] Level 1:colcon.colcon_core.package_identification:_identify(log) by extensions ['ignore', 'ignore_ament_install']
[0.371s] Level 1:colcon.colcon_core.package_identification:_identify(log) by extension 'ignore'
[0.371s] Level 1:colcon.colcon_core.package_identification:_identify(log) ignored
[0.371s] Level 1:colcon.colcon_core.package_identification:_identify(src) by extensions ['ignore', 'ignore_ament_install']
[0.371s] Level 1:colcon.colcon_core.package_identification:_identify(src) by extension 'ignore'
[0.371s] Level 1:colcon.colcon_core.package_identification:_identify(src) by extension 'ignore_ament_install'
[0.371s] Level 1:colcon.colcon_core.package_identification:_identify(src) by extensions ['colcon_pkg']
[0.371s] Level 1:colcon.colcon_core.package_identification:_identify(src) by extension 'colcon_pkg'
[0.371s] Level 1:colcon.colcon_core.package_identification:_identify(src) by extensions ['colcon_meta']
[0.371s] Level 1:colcon.colcon_core.package_identification:_identify(src) by extension 'colcon_meta'
[0.371s] Level 1:colcon.colcon_core.package_identification:_identify(src) by extensions ['ros']
[0.371s] Level 1:colcon.colcon_core.package_identification:_identify(src) by extension 'ros'
[0.371s] Level 1:colcon.colcon_core.package_identification:_identify(src) by extensions ['cmake', 'python']
[0.371s] Level 1:colcon.colcon_core.package_identification:_identify(src) by extension 'cmake'
[0.371s] Level 1:colcon.colcon_core.package_identification:_identify(src) by extension 'python'
[0.371s] Level 1:colcon.colcon_core.package_identification:_identify(src) by extensions ['python_setup_py']
[0.371s] Level 1:colcon.colcon_core.package_identification:_identify(src) by extension 'python_setup_py'
[0.371s] Level 1:colcon.colcon_core.package_identification:_identify(src/car_simulation) by extensions ['ignore', 'ignore_ament_install']
[0.371s] Level 1:colcon.colcon_core.package_identification:_identify(src/car_simulation) by extension 'ignore'
[0.371s] Level 1:colcon.colcon_core.package_identification:_identify(src/car_simulation) by extension 'ignore_ament_install'
[0.371s] Level 1:colcon.colcon_core.package_identification:_identify(src/car_simulation) by extensions ['colcon_pkg']
[0.371s] Level 1:colcon.colcon_core.package_identification:_identify(src/car_simulation) by extension 'colcon_pkg'
[0.371s] Level 1:colcon.colcon_core.package_identification:_identify(src/car_simulation) by extensions ['colcon_meta']
[0.371s] Level 1:colcon.colcon_core.package_identification:_identify(src/car_simulation) by extension 'colcon_meta'
[0.371s] Level 1:colcon.colcon_core.package_identification:_identify(src/car_simulation) by extensions ['ros']
[0.372s] Level 1:colcon.colcon_core.package_identification:_identify(src/car_simulation) by extension 'ros'
[0.374s] DEBUG:colcon.colcon_core.package_identification:Package 'src/car_simulation' with type 'ros.ament_python' and name 'car_simulation'
[0.374s] Level 1:colcon.colcon_core.package_identification:_identify(src/firedetect) by extensions ['ignore', 'ignore_ament_install']
[0.374s] Level 1:colcon.colcon_core.package_identification:_identify(src/firedetect) by extension 'ignore'
[0.374s] Level 1:colcon.colcon_core.package_identification:_identify(src/firedetect) by extension 'ignore_ament_install'
[0.374s] Level 1:colcon.colcon_core.package_identification:_identify(src/firedetect) by extensions ['colcon_pkg']
[0.374s] Level 1:colcon.colcon_core.package_identification:_identify(src/firedetect) by extension 'colcon_pkg'
[0.374s] Level 1:colcon.colcon_core.package_identification:_identify(src/firedetect) by extensions ['colcon_meta']
[0.374s] Level 1:colcon.colcon_core.package_identification:_identify(src/firedetect) by extension 'colcon_meta'
[0.374s] Level 1:colcon.colcon_core.package_identification:_identify(src/firedetect) by extensions ['ros']
[0.374s] Level 1:colcon.colcon_core.package_identification:_identify(src/firedetect) by extension 'ros'
[0.375s] DEBUG:colcon.colcon_core.package_identification:Package 'src/firedetect' with type 'ros.ament_python' and name 'firedetect'
[0.375s] Level 1:colcon.colcon_core.package_identification:_identify(src/set_sim) by extensions ['ignore', 'ignore_ament_install']
[0.375s] Level 1:colcon.colcon_core.package_identification:_identify(src/set_sim) by extension 'ignore'
[0.375s] Level 1:colcon.colcon_core.package_identification:_identify(src/set_sim) by extension 'ignore_ament_install'
[0.375s] Level 1:colcon.colcon_core.package_identification:_identify(src/set_sim) by extensions ['colcon_pkg']
[0.375s] Level 1:colcon.colcon_core.package_identification:_identify(src/set_sim) by extension 'colcon_pkg'
[0.376s] Level 1:colcon.colcon_core.package_identification:_identify(src/set_sim) by extensions ['colcon_meta']
[0.376s] Level 1:colcon.colcon_core.package_identification:_identify(src/set_sim) by extension 'colcon_meta'
[0.376s] Level 1:colcon.colcon_core.package_identification:_identify(src/set_sim) by extensions ['ros']
[0.376s] Level 1:colcon.colcon_core.package_identification:_identify(src/set_sim) by extension 'ros'
[0.376s] DEBUG:colcon.colcon_core.package_identification:Package 'src/set_sim' with type 'ros.ament_python' and name 'set_sim'
[0.376s] Level 1:colcon.colcon_core.package_identification:_identify(src/turtlebot3_multi_robot) by extensions ['ignore', 'ignore_ament_install']
[0.376s] Level 1:colcon.colcon_core.package_identification:_identify(src/turtlebot3_multi_robot) by extension 'ignore'
[0.376s] Level 1:colcon.colcon_core.package_identification:_identify(src/turtlebot3_multi_robot) by extension 'ignore_ament_install'
[0.376s] Level 1:colcon.colcon_core.package_identification:_identify(src/turtlebot3_multi_robot) by extensions ['colcon_pkg']
[0.376s] Level 1:colcon.colcon_core.package_identification:_identify(src/turtlebot3_multi_robot) by extension 'colcon_pkg'
[0.376s] Level 1:colcon.colcon_core.package_identification:_identify(src/turtlebot3_multi_robot) by extensions ['colcon_meta']
[0.376s] Level 1:colcon.colcon_core.package_identification:_identify(src/turtlebot3_multi_robot) by extension 'colcon_meta'
[0.377s] Level 1:colcon.colcon_core.package_identification:_identify(src/turtlebot3_multi_robot) by extensions ['ros']
[0.377s] Level 1:colcon.colcon_core.package_identification:_identify(src/turtlebot3_multi_robot) by extension 'ros'
[0.378s] DEBUG:colcon.colcon_core.package_identification:Package 'src/turtlebot3_multi_robot' with type 'ros.ament_cmake' and name 'turtlebot3_multi_robot'
[0.378s] Level 1:colcon.colcon_core.package_discovery:discover_packages(recursive) using defaults
[0.378s] Level 1:colcon.colcon_core.package_discovery:discover_packages(ignore) discover
[0.378s] Level 1:colcon.colcon_core.package_discovery:discover_packages(ignore) using defaults
[0.378s] Level 1:colcon.colcon_core.package_discovery:discover_packages(path) discover
[0.378s] Level 1:colcon.colcon_core.package_discovery:discover_packages(path) using defaults
[0.400s] Level 1:colcon.colcon_core.package_discovery:discover_packages(prefix_path) check parameters
[0.400s] Level 1:colcon.colcon_core.package_discovery:discover_packages(prefix_path) discover
[0.402s] DEBUG:colcon.colcon_installed_package_information.package_discovery:Found 4 installed packages in /home/jaeheyoung/Rokey/7.PracticalProject/Week5_Coop3/coop3_ws/install
[0.404s] DEBUG:colcon.colcon_installed_package_information.package_discovery:Found 401 installed packages in /opt/ros/humble
[0.406s] Level 1:colcon.colcon_core.package_discovery:discover_packages(prefix_path) using defaults
[0.452s] Level 5:colcon.colcon_core.verb:set package 'car_simulation' build argument 'cmake_args' from command line to 'None'
[0.452s] Level 5:colcon.colcon_core.verb:set package 'car_simulation' build argument 'cmake_target' from command line to 'None'
[0.452s] Level 5:colcon.colcon_core.verb:set package 'car_simulation' build argument 'cmake_target_skip_unavailable' from command line to 'False'
[0.452s] Level 5:colcon.colcon_core.verb:set package 'car_simulation' build argument 'cmake_clean_cache' from command line to 'False'
[0.452s] Level 5:colcon.colcon_core.verb:set package 'car_simulation' build argument 'cmake_clean_first' from command line to 'False'
[0.452s] Level 5:colcon.colcon_core.verb:set package 'car_simulation' build argument 'cmake_force_configure' from command line to 'False'
[0.452s] Level 5:colcon.colcon_core.verb:set package 'car_simulation' build argument 'ament_cmake_args' from command line to 'None'
[0.452s] Level 5:colcon.colcon_core.verb:set package 'car_simulation' build argument 'catkin_cmake_args' from command line to 'None'
[0.452s] Level 5:colcon.colcon_core.verb:set package 'car_simulation' build argument 'catkin_skip_building_tests' from command line to 'False'
[0.452s] DEBUG:colcon.colcon_core.verb:Building package 'car_simulation' with the following arguments: {'ament_cmake_args': None, 'build_base': '/home/jaeheyoung/Rokey/7.PracticalProject/Week5_Coop3/coop3_ws/build/car_simulation', 'catkin_cmake_args': None, 'catkin_skip_building_tests': False, 'cmake_args': None, 'cmake_clean_cache': False, 'cmake_clean_first': False, 'cmake_force_configure': False, 'cmake_target': None, 'cmake_target_skip_unavailable': False, 'install_base': '/home/jaeheyoung/Rokey/7.PracticalProject/Week5_Coop3/coop3_ws/install/car_simulation', 'merge_install': False, 'path': '/home/jaeheyoung/Rokey/7.PracticalProject/Week5_Coop3/coop3_ws/src/car_simulation', 'symlink_install': True, 'test_result_base': None}
[0.452s] Level 5:colcon.colcon_core.verb:set package 'firedetect' build argument 'cmake_args' from command line to 'None'
[0.452s] Level 5:colcon.colcon_core.verb:set package 'firedetect' build argument 'cmake_target' from command line to 'None'
[0.452s] Level 5:colcon.colcon_core.verb:set package 'firedetect' build argument 'cmake_target_skip_unavailable' from command line to 'False'
[0.452s] Level 5:colcon.colcon_core.verb:set package 'firedetect' build argument 'cmake_clean_cache' from command line to 'False'
[0.452s] Level 5:colcon.colcon_core.verb:set package 'firedetect' build argument 'cmake_clean_first' from command line to 'False'
[0.452s] Level 5:colcon.colcon_core.verb:set package 'firedetect' build argument 'cmake_force_configure' from command line to 'False'
[0.452s] Level 5:colcon.colcon_core.verb:set package 'firedetect' build argument 'ament_cmake_args' from command line to 'None'
[0.452s] Level 5:colcon.colcon_core.verb:set package 'firedetect' build argument 'catkin_cmake_args' from command line to 'None'
[0.452s] Level 5:colcon.colcon_core.verb:set package 'firedetect' build argument 'catkin_skip_building_tests' from command line to 'False'
[0.452s] DEBUG:colcon.colcon_core.verb:Building package 'firedetect' with the following arguments: {'ament_cmake_args': None, 'build_base': '/home/jaeheyoung/Rokey/7.PracticalProject/Week5_Coop3/coop3_ws/build/firedetect', 'catkin_cmake_args': None, 'catkin_skip_building_tests': False, 'cmake_args': None, 'cmake_clean_cache': False, 'cmake_clean_first': False, 'cmake_force_configure': False, 'cmake_target': None, 'cmake_target_skip_unavailable': False, 'install_base': '/home/jaeheyoung/Rokey/7.PracticalProject/Week5_Coop3/coop3_ws/install/firedetect', 'merge_install': False, 'path': '/home/jaeheyoung/Rokey/7.PracticalProject/Week5_Coop3/coop3_ws/src/firedetect', 'symlink_install': True, 'test_result_base': None}
[0.453s] Level 5:colcon.colcon_core.verb:set package 'set_sim' build argument 'cmake_args' from command line to 'None'
[0.453s] Level 5:colcon.colcon_core.verb:set package 'set_sim' build argument 'cmake_target' from command line to 'None'
[0.453s] Level 5:colcon.colcon_core.verb:set package 'set_sim' build argument 'cmake_target_skip_unavailable' from command line to 'False'
[0.453s] Level 5:colcon.colcon_core.verb:set package 'set_sim' build argument 'cmake_clean_cache' from command line to 'False'
[0.453s] Level 5:colcon.colcon_core.verb:set package 'set_sim' build argument 'cmake_clean_first' from command line to 'False'
[0.453s] Level 5:colcon.colcon_core.verb:set package 'set_sim' build argument 'cmake_force_configure' from command line to 'False'
[0.453s] Level 5:colcon.colcon_core.verb:set package 'set_sim' build argument 'ament_cmake_args' from command line to 'None'
[0.453s] Level 5:colcon.colcon_core.verb:set package 'set_sim' build argument 'catkin_cmake_args' from command line to 'None'
[0.453s] Level 5:colcon.colcon_core.verb:set package 'set_sim' build argument 'catkin_skip_building_tests' from command line to 'False'
[0.453s] DEBUG:colcon.colcon_core.verb:Building package 'set_sim' with the following arguments: {'ament_cmake_args': None, 'build_base': '/home/jaeheyoung/Rokey/7.PracticalProject/Week5_Coop3/coop3_ws/build/set_sim', 'catkin_cmake_args': None, 'catkin_skip_building_tests': False, 'cmake_args': None, 'cmake_clean_cache': False, 'cmake_clean_first': False, 'cmake_force_configure': False, 'cmake_target': None, 'cmake_target_skip_unavailable': False, 'install_base': '/home/jaeheyoung/Rokey/7.PracticalProject/Week5_Coop3/coop3_ws/install/set_sim', 'merge_install': False, 'path': '/home/jaeheyoung/Rokey/7.PracticalProject/Week5_Coop3/coop3_ws/src/set_sim', 'symlink_install': True, 'test_result_base': None}
[0.453s] Level 5:colcon.colcon_core.verb:set package 'turtlebot3_multi_robot' build argument 'cmake_args' from command line to 'None'
[0.453s] Level 5:colcon.colcon_core.verb:set package 'turtlebot3_multi_robot' build argument 'cmake_target' from command line to 'None'
[0.453s] Level 5:colcon.colcon_core.verb:set package 'turtlebot3_multi_robot' build argument 'cmake_target_skip_unavailable' from command line to 'False'
[0.453s] Level 5:colcon.colcon_core.verb:set package 'turtlebot3_multi_robot' build argument 'cmake_clean_cache' from command line to 'False'
[0.453s] Level 5:colcon.colcon_core.verb:set package 'turtlebot3_multi_robot' build argument 'cmake_clean_first' from command line to 'False'
[0.453s] Level 5:colcon.colcon_core.verb:set package 'turtlebot3_multi_robot' build argument 'cmake_force_configure' from command line to 'False'
[0.453s] Level 5:colcon.colcon_core.verb:set package 'turtlebot3_multi_robot' build argument 'ament_cmake_args' from command line to 'None'
[0.453s] Level 5:colcon.colcon_core.verb:set package 'turtlebot3_multi_robot' build argument 'catkin_cmake_args' from command line to 'None'
[0.454s] Level 5:colcon.colcon_core.verb:set package 'turtlebot3_multi_robot' build argument 'catkin_skip_building_tests' from command line to 'False'
[0.454s] DEBUG:colcon.colcon_core.verb:Building package 'turtlebot3_multi_robot' with the following arguments: {'ament_cmake_args': None, 'build_base': '/home/jaeheyoung/Rokey/7.PracticalProject/Week5_Coop3/coop3_ws/build/turtlebot3_multi_robot', 'catkin_cmake_args': None, 'catkin_skip_building_tests': False, 'cmake_args': None, 'cmake_clean_cache': False, 'cmake_clean_first': False, 'cmake_force_configure': False, 'cmake_target': None, 'cmake_target_skip_unavailable': False, 'install_base': '/home/jaeheyoung/Rokey/7.PracticalProject/Week5_Coop3/coop3_ws/install/turtlebot3_multi_robot', 'merge_install': False, 'path': '/home/jaeheyoung/Rokey/7.PracticalProject/Week5_Coop3/coop3_ws/src/turtlebot3_multi_robot', 'symlink_install': True, 'test_result_base': None}
[0.454s] INFO:colcon.colcon_core.executor:Executing jobs using 'parallel' executor
[0.455s] DEBUG:colcon.colcon_parallel_executor.executor.parallel:run_until_complete
[0.456s] INFO:colcon.colcon_ros.task.ament_python.build:Building ROS package in '/home/jaeheyoung/Rokey/7.PracticalProject/Week5_Coop3/coop3_ws/src/car_simulation' with build type 'ament_python'
[0.456s] Level 1:colcon.colcon_core.shell:create_environment_hook('car_simulation', 'ament_prefix_path')
[0.459s] INFO:colcon.colcon_core.plugin_system:Skipping extension 'colcon_core.shell.bat': Not used on non-Windows systems
[0.459s] INFO:colcon.colcon_core.shell:Creating environment hook '/home/jaeheyoung/Rokey/7.PracticalProject/Week5_Coop3/coop3_ws/install/car_simulation/share/car_simulation/hook/ament_prefix_path.ps1'
[0.461s] INFO:colcon.colcon_core.shell:Creating environment descriptor '/home/jaeheyoung/Rokey/7.PracticalProject/Week5_Coop3/coop3_ws/install/car_simulation/share/car_simulation/hook/ament_prefix_path.dsv'
[0.464s] INFO:colcon.colcon_core.shell:Creating environment hook '/home/jaeheyoung/Rokey/7.PracticalProject/Week5_Coop3/coop3_ws/install/car_simulation/share/car_simulation/hook/ament_prefix_path.sh'
[0.470s] INFO:colcon.colcon_core.shell:Skip shell extension 'powershell' for command environment: Not usable outside of PowerShell
[0.471s] DEBUG:colcon.colcon_core.shell:Skip shell extension 'dsv' for command environment
[0.478s] INFO:colcon.colcon_ros.task.ament_python.build:Building ROS package in '/home/jaeheyoung/Rokey/7.PracticalProject/Week5_Coop3/coop3_ws/src/firedetect' with build type 'ament_python'
[0.478s] Level 1:colcon.colcon_core.shell:create_environment_hook('firedetect', 'ament_prefix_path')
[0.478s] INFO:colcon.colcon_core.shell:Creating environment hook '/home/jaeheyoung/Rokey/7.PracticalProject/Week5_Coop3/coop3_ws/install/firedetect/share/firedetect/hook/ament_prefix_path.ps1'
[0.479s] INFO:colcon.colcon_core.shell:Creating environment descriptor '/home/jaeheyoung/Rokey/7.PracticalProject/Week5_Coop3/coop3_ws/install/firedetect/share/firedetect/hook/ament_prefix_path.dsv'
[0.479s] INFO:colcon.colcon_core.shell:Creating environment hook '/home/jaeheyoung/Rokey/7.PracticalProject/Week5_Coop3/coop3_ws/install/firedetect/share/firedetect/hook/ament_prefix_path.sh'
[0.480s] INFO:colcon.colcon_core.shell:Skip shell extension 'powershell' for command environment: Not usable outside of PowerShell
[0.480s] DEBUG:colcon.colcon_core.shell:Skip shell extension 'dsv' for command environment
[0.484s] INFO:colcon.colcon_ros.task.ament_python.build:Building ROS package in '/home/jaeheyoung/Rokey/7.PracticalProject/Week5_Coop3/coop3_ws/src/set_sim' with build type 'ament_python'
[0.484s] Level 1:colcon.colcon_core.shell:create_environment_hook('set_sim', 'ament_prefix_path')
[0.485s] INFO:colcon.colcon_core.shell:Creating environment hook '/home/jaeheyoung/Rokey/7.PracticalProject/Week5_Coop3/coop3_ws/install/set_sim/share/set_sim/hook/ament_prefix_path.ps1'
[0.486s] INFO:colcon.colcon_core.shell:Creating environment descriptor '/home/jaeheyoung/Rokey/7.PracticalProject/Week5_Coop3/coop3_ws/install/set_sim/share/set_sim/hook/ament_prefix_path.dsv'
[0.486s] INFO:colcon.colcon_core.shell:Creating environment hook '/home/jaeheyoung/Rokey/7.PracticalProject/Week5_Coop3/coop3_ws/install/set_sim/share/set_sim/hook/ament_prefix_path.sh'
[0.487s] INFO:colcon.colcon_core.shell:Skip shell extension 'powershell' for command environment: Not usable outside of PowerShell
[0.487s] DEBUG:colcon.colcon_core.shell:Skip shell extension 'dsv' for command environment
[0.492s] INFO:colcon.colcon_ros.task.ament_cmake.build:Building ROS package in '/home/jaeheyoung/Rokey/7.PracticalProject/Week5_Coop3/coop3_ws/src/turtlebot3_multi_robot' with build type 'ament_cmake'
[0.492s] INFO:colcon.colcon_cmake.task.cmake.build:Building CMake package in '/home/jaeheyoung/Rokey/7.PracticalProject/Week5_Coop3/coop3_ws/src/turtlebot3_multi_robot'
[0.492s] INFO:colcon.colcon_core.shell:Skip shell extension 'powershell' for command environment: Not usable outside of PowerShell
[0.492s] DEBUG:colcon.colcon_core.shell:Skip shell extension 'dsv' for command environment
[0.829s] INFO:colcon.colcon_core.task.python.build:Building Python package in '/home/jaeheyoung/Rokey/7.PracticalProject/Week5_Coop3/coop3_ws/src/car_simulation'
[0.829s] INFO:colcon.colcon_core.shell:Skip shell extension 'powershell' for command environment: Not usable outside of PowerShell
[0.829s] DEBUG:colcon.colcon_core.shell:Skip shell extension 'dsv' for command environment
[1.172s] INFO:colcon.colcon_core.task.python.build:Building Python package in '/home/jaeheyoung/Rokey/7.PracticalProject/Week5_Coop3/coop3_ws/src/firedetect'
[1.172s] INFO:colcon.colcon_core.shell:Skip shell extension 'powershell' for command environment: Not usable outside of PowerShell
[1.172s] DEBUG:colcon.colcon_core.shell:Skip shell extension 'dsv' for command environment
[1.532s] INFO:colcon.colcon_core.task.python.build:Building Python package in '/home/jaeheyoung/Rokey/7.PracticalProject/Week5_Coop3/coop3_ws/src/set_sim'
[1.532s] INFO:colcon.colcon_core.shell:Skip shell extension 'powershell' for command environment: Not usable outside of PowerShell
[1.532s] DEBUG:colcon.colcon_core.shell:Skip shell extension 'dsv' for command environment
[1.557s] DEBUG:colcon.colcon_core.event_handler.log_command:Invoking command in '/home/jaeheyoung/Rokey/7.PracticalProject/Week5_Coop3/coop3_ws/build/turtlebot3_multi_robot': CMAKE_PREFIX_PATH=${CMAKE_PREFIX_PATH}:/home/jaeheyoung/Rokey/7.PracticalProject/Week5_Coop3/coop3_ws/install/set_sim:/home/jaeheyoung/Rokey/7.PracticalProject/Week5_Coop3/coop3_ws/install/firedetect:/home/jaeheyoung/Rokey/7.PracticalProject/Week5_Coop3/coop3_ws/install/car_simulation:/opt/ros/humble /usr/bin/cmake --build /home/jaeheyoung/Rokey/7.PracticalProject/Week5_Coop3/coop3_ws/build/turtlebot3_multi_robot -- -j20 -l20
[1.599s] DEBUG:colcon.colcon_core.event_handler.log_command:Invoked command in '/home/jaeheyoung/Rokey/7.PracticalProject/Week5_Coop3/coop3_ws/build/turtlebot3_multi_robot' returned '0': CMAKE_PREFIX_PATH=${CMAKE_PREFIX_PATH}:/home/jaeheyoung/Rokey/7.PracticalProject/Week5_Coop3/coop3_ws/install/set_sim:/home/jaeheyoung/Rokey/7.PracticalProject/Week5_Coop3/coop3_ws/install/firedetect:/home/jaeheyoung/Rokey/7.PracticalProject/Week5_Coop3/coop3_ws/install/car_simulation:/opt/ros/humble /usr/bin/cmake --build /home/jaeheyoung/Rokey/7.PracticalProject/Week5_Coop3/coop3_ws/build/turtlebot3_multi_robot -- -j20 -l20
[1.682s] DEBUG:colcon.colcon_core.event_handler.log_command:Invoking command in '/home/jaeheyoung/Rokey/7.PracticalProject/Week5_Coop3/coop3_ws/build/turtlebot3_multi_robot': CMAKE_PREFIX_PATH=${CMAKE_PREFIX_PATH}:/home/jaeheyoung/Rokey/7.PracticalProject/Week5_Coop3/coop3_ws/install/set_sim:/home/jaeheyoung/Rokey/7.PracticalProject/Week5_Coop3/coop3_ws/install/firedetect:/home/jaeheyoung/Rokey/7.PracticalProject/Week5_Coop3/coop3_ws/install/car_simulation:/opt/ros/humble /usr/bin/cmake --install /home/jaeheyoung/Rokey/7.PracticalProject/Week5_Coop3/coop3_ws/build/turtlebot3_multi_robot
[1.724s] Level 1:colcon.colcon_core.environment:create_environment_scripts_only(turtlebot3_multi_robot)
[1.725s] DEBUG:colcon.colcon_core.event_handler.log_command:Invoked command in '/home/jaeheyoung/Rokey/7.PracticalProject/Week5_Coop3/coop3_ws/build/turtlebot3_multi_robot' returned '0': CMAKE_PREFIX_PATH=${CMAKE_PREFIX_PATH}:/home/jaeheyoung/Rokey/7.PracticalProject/Week5_Coop3/coop3_ws/install/set_sim:/home/jaeheyoung/Rokey/7.PracticalProject/Week5_Coop3/coop3_ws/install/firedetect:/home/jaeheyoung/Rokey/7.PracticalProject/Week5_Coop3/coop3_ws/install/car_simulation:/opt/ros/humble /usr/bin/cmake --install /home/jaeheyoung/Rokey/7.PracticalProject/Week5_Coop3/coop3_ws/build/turtlebot3_multi_robot
[1.728s] Level 1:colcon.colcon_core.environment:checking '/home/jaeheyoung/Rokey/7.PracticalProject/Week5_Coop3/coop3_ws/install/turtlebot3_multi_robot' for CMake module files
[1.729s] Level 1:colcon.colcon_core.environment:checking '/home/jaeheyoung/Rokey/7.PracticalProject/Week5_Coop3/coop3_ws/install/turtlebot3_multi_robot' for CMake config files
[1.730s] Level 1:colcon.colcon_core.shell:create_environment_hook('turtlebot3_multi_robot', 'cmake_prefix_path')
[1.730s] INFO:colcon.colcon_core.shell:Creating environment hook '/home/jaeheyoung/Rokey/7.PracticalProject/Week5_Coop3/coop3_ws/install/turtlebot3_multi_robot/share/turtlebot3_multi_robot/hook/cmake_prefix_path.ps1'
[1.730s] INFO:colcon.colcon_core.shell:Creating environment descriptor '/home/jaeheyoung/Rokey/7.PracticalProject/Week5_Coop3/coop3_ws/install/turtlebot3_multi_robot/share/turtlebot3_multi_robot/hook/cmake_prefix_path.dsv'
[1.731s] INFO:colcon.colcon_core.shell:Creating environment hook '/home/jaeheyoung/Rokey/7.PracticalProject/Week5_Coop3/coop3_ws/install/turtlebot3_multi_robot/share/turtlebot3_multi_robot/hook/cmake_prefix_path.sh'
[1.732s] Level 1:colcon.colcon_core.environment:checking '/home/jaeheyoung/Rokey/7.PracticalProject/Week5_Coop3/coop3_ws/install/turtlebot3_multi_robot/bin'
[1.732s] Level 1:colcon.colcon_core.environment:checking '/home/jaeheyoung/Rokey/7.PracticalProject/Week5_Coop3/coop3_ws/install/turtlebot3_multi_robot/lib/pkgconfig/turtlebot3_multi_robot.pc'
[1.732s] Level 1:colcon.colcon_core.environment:checking '/home/jaeheyoung/Rokey/7.PracticalProject/Week5_Coop3/coop3_ws/install/turtlebot3_multi_robot/lib/python3.10/site-packages'
[1.732s] Level 1:colcon.colcon_core.environment:checking '/home/jaeheyoung/Rokey/7.PracticalProject/Week5_Coop3/coop3_ws/install/turtlebot3_multi_robot/bin'
[1.732s] INFO:colcon.colcon_core.shell:Creating package script '/home/jaeheyoung/Rokey/7.PracticalProject/Week5_Coop3/coop3_ws/install/turtlebot3_multi_robot/share/turtlebot3_multi_robot/package.ps1'
[1.734s] INFO:colcon.colcon_core.shell:Creating package descriptor '/home/jaeheyoung/Rokey/7.PracticalProject/Week5_Coop3/coop3_ws/install/turtlebot3_multi_robot/share/turtlebot3_multi_robot/package.dsv'
[1.734s] INFO:colcon.colcon_core.shell:Creating package script '/home/jaeheyoung/Rokey/7.PracticalProject/Week5_Coop3/coop3_ws/install/turtlebot3_multi_robot/share/turtlebot3_multi_robot/package.sh'
[1.735s] INFO:colcon.colcon_core.shell:Creating package script '/home/jaeheyoung/Rokey/7.PracticalProject/Week5_Coop3/coop3_ws/install/turtlebot3_multi_robot/share/turtlebot3_multi_robot/package.bash'
[1.736s] INFO:colcon.colcon_core.shell:Creating package script '/home/jaeheyoung/Rokey/7.PracticalProject/Week5_Coop3/coop3_ws/install/turtlebot3_multi_robot/share/turtlebot3_multi_robot/package.zsh'
[1.736s] Level 1:colcon.colcon_core.environment:create_file_with_runtime_dependencies(/home/jaeheyoung/Rokey/7.PracticalProject/Week5_Coop3/coop3_ws/install/turtlebot3_multi_robot/share/colcon-core/packages/turtlebot3_multi_robot)
[1.806s] Level 1:colcon.colcon_core.environment:create_environment_scripts_only(turtlebot3_multi_robot)
[1.806s] Level 1:colcon.colcon_core.environment:checking '/home/jaeheyoung/Rokey/7.PracticalProject/Week5_Coop3/coop3_ws/install/turtlebot3_multi_robot' for CMake module files
[1.811s] Level 1:colcon.colcon_core.environment:checking '/home/jaeheyoung/Rokey/7.PracticalProject/Week5_Coop3/coop3_ws/install/turtlebot3_multi_robot' for CMake config files
[1.819s] Level 1:colcon.colcon_core.shell:create_environment_hook('turtlebot3_multi_robot', 'cmake_prefix_path')
[1.819s] INFO:colcon.colcon_core.shell:Creating environment hook '/home/jaeheyoung/Rokey/7.PracticalProject/Week5_Coop3/coop3_ws/install/turtlebot3_multi_robot/share/turtlebot3_multi_robot/hook/cmake_prefix_path.ps1'
[1.820s] INFO:colcon.colcon_core.shell:Creating environment descriptor '/home/jaeheyoung/Rokey/7.PracticalProject/Week5_Coop3/coop3_ws/install/turtlebot3_multi_robot/share/turtlebot3_multi_robot/hook/cmake_prefix_path.dsv'
[1.820s] INFO:colcon.colcon_core.shell:Creating environment hook '/home/jaeheyoung/Rokey/7.PracticalProject/Week5_Coop3/coop3_ws/install/turtlebot3_multi_robot/share/turtlebot3_multi_robot/hook/cmake_prefix_path.sh'
[1.821s] Level 1:colcon.colcon_core.environment:checking '/home/jaeheyoung/Rokey/7.PracticalProject/Week5_Coop3/coop3_ws/install/turtlebot3_multi_robot/bin'
[1.821s] Level 1:colcon.colcon_core.environment:checking '/home/jaeheyoung/Rokey/7.PracticalProject/Week5_Coop3/coop3_ws/install/turtlebot3_multi_robot/lib/pkgconfig/turtlebot3_multi_robot.pc'
[1.821s] Level 1:colcon.colcon_core.environment:checking '/home/jaeheyoung/Rokey/7.PracticalProject/Week5_Coop3/coop3_ws/install/turtlebot3_multi_robot/lib/python3.10/site-packages'
[1.821s] Level 1:colcon.colcon_core.environment:checking '/home/jaeheyoung/Rokey/7.PracticalProject/Week5_Coop3/coop3_ws/install/turtlebot3_multi_robot/bin'
[1.821s] INFO:colcon.colcon_core.shell:Creating package script '/home/jaeheyoung/Rokey/7.PracticalProject/Week5_Coop3/coop3_ws/install/turtlebot3_multi_robot/share/turtlebot3_multi_robot/package.ps1'
[1.822s] INFO:colcon.colcon_core.shell:Creating package descriptor '/home/jaeheyoung/Rokey/7.PracticalProject/Week5_Coop3/coop3_ws/install/turtlebot3_multi_robot/share/turtlebot3_multi_robot/package.dsv'
[1.822s] INFO:colcon.colcon_core.shell:Creating package script '/home/jaeheyoung/Rokey/7.PracticalProject/Week5_Coop3/coop3_ws/install/turtlebot3_multi_robot/share/turtlebot3_multi_robot/package.sh'
[1.823s] INFO:colcon.colcon_core.shell:Creating package script '/home/jaeheyoung/Rokey/7.PracticalProject/Week5_Coop3/coop3_ws/install/turtlebot3_multi_robot/share/turtlebot3_multi_robot/package.bash'
[1.823s] INFO:colcon.colcon_core.shell:Creating package script '/home/jaeheyoung/Rokey/7.PracticalProject/Week5_Coop3/coop3_ws/install/turtlebot3_multi_robot/share/turtlebot3_multi_robot/package.zsh'
[1.823s] Level 1:colcon.colcon_core.environment:create_file_with_runtime_dependencies(/home/jaeheyoung/Rokey/7.PracticalProject/Week5_Coop3/coop3_ws/install/turtlebot3_multi_robot/share/colcon-core/packages/turtlebot3_multi_robot)
[2.014s] DEBUG:colcon.colcon_core.event_handler.log_command:Invoking command in '/home/jaeheyoung/Rokey/7.PracticalProject/Week5_Coop3/coop3_ws/build/car_simulation': PYTHONPATH=/home/jaeheyoung/Rokey/7.PracticalProject/Week5_Coop3/coop3_ws/build/car_simulation/prefix_override:/usr/lib/python3/dist-packages/colcon_core/task/python/colcon_distutils_commands:/home/jaeheyoung/Rokey/7.PracticalProject/Week5_Coop3/coop3_ws/install/car_simulation/lib/python3.10/site-packages:${PYTHONPATH} /usr/bin/python3 -W ignore:setup.py install is deprecated setup.py develop --editable --build-directory /home/jaeheyoung/Rokey/7.PracticalProject/Week5_Coop3/coop3_ws/build/car_simulation/build --no-deps symlink_data
[2.026s] DEBUG:colcon.colcon_core.event_handler.log_command:Invoking command in '/home/jaeheyoung/Rokey/7.PracticalProject/Week5_Coop3/coop3_ws/build/firedetect': PYTHONPATH=/home/jaeheyoung/Rokey/7.PracticalProject/Week5_Coop3/coop3_ws/build/firedetect/prefix_override:/usr/lib/python3/dist-packages/colcon_core/task/python/colcon_distutils_commands:/home/jaeheyoung/Rokey/7.PracticalProject/Week5_Coop3/coop3_ws/install/firedetect/lib/python3.10/site-packages:${PYTHONPATH} /usr/bin/python3 -W ignore:setup.py install is deprecated setup.py develop --editable --build-directory /home/jaeheyoung/Rokey/7.PracticalProject/Week5_Coop3/coop3_ws/build/firedetect/build --no-deps symlink_data
[2.027s] DEBUG:colcon.colcon_core.event_handler.log_command:Invoking command in '/home/jaeheyoung/Rokey/7.PracticalProject/Week5_Coop3/coop3_ws/build/set_sim': PYTHONPATH=/home/jaeheyoung/Rokey/7.PracticalProject/Week5_Coop3/coop3_ws/build/set_sim/prefix_override:/usr/lib/python3/dist-packages/colcon_core/task/python/colcon_distutils_commands:/home/jaeheyoung/Rokey/7.PracticalProject/Week5_Coop3/coop3_ws/install/set_sim/lib/python3.10/site-packages:${PYTHONPATH} /usr/bin/python3 -W ignore:setup.py install is deprecated setup.py develop --editable --build-directory /home/jaeheyoung/Rokey/7.PracticalProject/Week5_Coop3/coop3_ws/build/set_sim/build --no-deps symlink_data
[2.633s] Level 1:colcon.colcon_core.shell:create_environment_hook('firedetect', 'pythonpath_develop')
[2.633s] INFO:colcon.colcon_core.shell:Creating environment hook '/home/jaeheyoung/Rokey/7.PracticalProject/Week5_Coop3/coop3_ws/build/firedetect/share/firedetect/hook/pythonpath_develop.ps1'
[2.634s] DEBUG:colcon.colcon_core.event_handler.log_command:Invoked command in '/home/jaeheyoung/Rokey/7.PracticalProject/Week5_Coop3/coop3_ws/build/firedetect' returned '0': PYTHONPATH=/home/jaeheyoung/Rokey/7.PracticalProject/Week5_Coop3/coop3_ws/build/firedetect/prefix_override:/usr/lib/python3/dist-packages/colcon_core/task/python/colcon_distutils_commands:/home/jaeheyoung/Rokey/7.PracticalProject/Week5_Coop3/coop3_ws/install/firedetect/lib/python3.10/site-packages:${PYTHONPATH} /usr/bin/python3 -W ignore:setup.py install is deprecated setup.py develop --editable --build-directory /home/jaeheyoung/Rokey/7.PracticalProject/Week5_Coop3/coop3_ws/build/firedetect/build --no-deps symlink_data
[2.634s] INFO:colcon.colcon_core.shell:Creating environment descriptor '/home/jaeheyoung/Rokey/7.PracticalProject/Week5_Coop3/coop3_ws/build/firedetect/share/firedetect/hook/pythonpath_develop.dsv'
[2.635s] INFO:colcon.colcon_core.shell:Creating environment hook '/home/jaeheyoung/Rokey/7.PracticalProject/Week5_Coop3/coop3_ws/build/firedetect/share/firedetect/hook/pythonpath_develop.sh'
[2.635s] Level 1:colcon.colcon_core.environment:checking '/home/jaeheyoung/Rokey/7.PracticalProject/Week5_Coop3/coop3_ws/install/firedetect' for CMake module files
[2.636s] Level 1:colcon.colcon_core.environment:checking '/home/jaeheyoung/Rokey/7.PracticalProject/Week5_Coop3/coop3_ws/install/firedetect' for CMake config files
[2.636s] Level 1:colcon.colcon_core.environment:checking '/home/jaeheyoung/Rokey/7.PracticalProject/Week5_Coop3/coop3_ws/install/firedetect/lib'
[2.637s] Level 1:colcon.colcon_core.environment:checking '/home/jaeheyoung/Rokey/7.PracticalProject/Week5_Coop3/coop3_ws/install/firedetect/bin'
[2.637s] Level 1:colcon.colcon_core.environment:checking '/home/jaeheyoung/Rokey/7.PracticalProject/Week5_Coop3/coop3_ws/install/firedetect/lib/pkgconfig/firedetect.pc'
[2.637s] Level 1:colcon.colcon_core.environment:checking '/home/jaeheyoung/Rokey/7.PracticalProject/Week5_Coop3/coop3_ws/install/firedetect/lib/python3.10/site-packages'
[2.637s] Level 1:colcon.colcon_core.shell:create_environment_hook('firedetect', 'pythonpath')
[2.637s] INFO:colcon.colcon_core.shell:Creating environment hook '/home/jaeheyoung/Rokey/7.PracticalProject/Week5_Coop3/coop3_ws/install/firedetect/share/firedetect/hook/pythonpath.ps1'
[2.638s] INFO:colcon.colcon_core.shell:Creating environment descriptor '/home/jaeheyoung/Rokey/7.PracticalProject/Week5_Coop3/coop3_ws/install/firedetect/share/firedetect/hook/pythonpath.dsv'
[2.638s] INFO:colcon.colcon_core.shell:Creating environment hook '/home/jaeheyoung/Rokey/7.PracticalProject/Week5_Coop3/coop3_ws/install/firedetect/share/firedetect/hook/pythonpath.sh'
[2.639s] Level 1:colcon.colcon_core.environment:checking '/home/jaeheyoung/Rokey/7.PracticalProject/Week5_Coop3/coop3_ws/install/firedetect/bin'
[2.639s] Level 1:colcon.colcon_core.environment:create_environment_scripts_only(firedetect)
[2.640s] INFO:colcon.colcon_core.shell:Creating package script '/home/jaeheyoung/Rokey/7.PracticalProject/Week5_Coop3/coop3_ws/install/firedetect/share/firedetect/package.ps1'
[2.640s] INFO:colcon.colcon_core.shell:Creating package descriptor '/home/jaeheyoung/Rokey/7.PracticalProject/Week5_Coop3/coop3_ws/install/firedetect/share/firedetect/package.dsv'
[2.641s] INFO:colcon.colcon_core.shell:Creating package script '/home/jaeheyoung/Rokey/7.PracticalProject/Week5_Coop3/coop3_ws/install/firedetect/share/firedetect/package.sh'
[2.641s] INFO:colcon.colcon_core.shell:Creating package script '/home/jaeheyoung/Rokey/7.PracticalProject/Week5_Coop3/coop3_ws/install/firedetect/share/firedetect/package.bash'
[2.642s] INFO:colcon.colcon_core.shell:Creating package script '/home/jaeheyoung/Rokey/7.PracticalProject/Week5_Coop3/coop3_ws/install/firedetect/share/firedetect/package.zsh'
[2.642s] Level 1:colcon.colcon_core.environment:create_file_with_runtime_dependencies(/home/jaeheyoung/Rokey/7.PracticalProject/Week5_Coop3/coop3_ws/install/firedetect/share/colcon-core/packages/firedetect)
[2.644s] Level 1:colcon.colcon_core.shell:create_environment_hook('car_simulation', 'pythonpath_develop')
[2.645s] INFO:colcon.colcon_core.shell:Creating environment hook '/home/jaeheyoung/Rokey/7.PracticalProject/Week5_Coop3/coop3_ws/build/car_simulation/share/car_simulation/hook/pythonpath_develop.ps1'
[2.647s] INFO:colcon.colcon_core.shell:Creating environment descriptor '/home/jaeheyoung/Rokey/7.PracticalProject/Week5_Coop3/coop3_ws/build/car_simulation/share/car_simulation/hook/pythonpath_develop.dsv'
[2.647s] INFO:colcon.colcon_core.shell:Creating environment hook '/home/jaeheyoung/Rokey/7.PracticalProject/Week5_Coop3/coop3_ws/build/car_simulation/share/car_simulation/hook/pythonpath_develop.sh'
[2.649s] DEBUG:colcon.colcon_core.event_handler.log_command:Invoked command in '/home/jaeheyoung/Rokey/7.PracticalProject/Week5_Coop3/coop3_ws/build/car_simulation' returned '0': PYTHONPATH=/home/jaeheyoung/Rokey/7.PracticalProject/Week5_Coop3/coop3_ws/build/car_simulation/prefix_override:/usr/lib/python3/dist-packages/colcon_core/task/python/colcon_distutils_commands:/home/jaeheyoung/Rokey/7.PracticalProject/Week5_Coop3/coop3_ws/install/car_simulation/lib/python3.10/site-packages:${PYTHONPATH} /usr/bin/python3 -W ignore:setup.py install is deprecated setup.py develop --editable --build-directory /home/jaeheyoung/Rokey/7.PracticalProject/Week5_Coop3/coop3_ws/build/car_simulation/build --no-deps symlink_data
[2.649s] Level 1:colcon.colcon_core.environment:checking '/home/jaeheyoung/Rokey/7.PracticalProject/Week5_Coop3/coop3_ws/install/car_simulation' for CMake module files
[2.650s] Level 1:colcon.colcon_core.environment:checking '/home/jaeheyoung/Rokey/7.PracticalProject/Week5_Coop3/coop3_ws/install/car_simulation' for CMake config files
[2.651s] Level 1:colcon.colcon_core.environment:checking '/home/jaeheyoung/Rokey/7.PracticalProject/Week5_Coop3/coop3_ws/install/car_simulation/lib'
[2.651s] Level 1:colcon.colcon_core.environment:checking '/home/jaeheyoung/Rokey/7.PracticalProject/Week5_Coop3/coop3_ws/install/car_simulation/bin'
[2.651s] Level 1:colcon.colcon_core.environment:checking '/home/jaeheyoung/Rokey/7.PracticalProject/Week5_Coop3/coop3_ws/install/car_simulation/lib/pkgconfig/car_simulation.pc'
[2.651s] Level 1:colcon.colcon_core.environment:checking '/home/jaeheyoung/Rokey/7.PracticalProject/Week5_Coop3/coop3_ws/install/car_simulation/lib/python3.10/site-packages'
[2.651s] Level 1:colcon.colcon_core.shell:create_environment_hook('car_simulation', 'pythonpath')
[2.651s] INFO:colcon.colcon_core.shell:Creating environment hook '/home/jaeheyoung/Rokey/7.PracticalProject/Week5_Coop3/coop3_ws/install/car_simulation/share/car_simulation/hook/pythonpath.ps1'
[2.652s] INFO:colcon.colcon_core.shell:Creating environment descriptor '/home/jaeheyoung/Rokey/7.PracticalProject/Week5_Coop3/coop3_ws/install/car_simulation/share/car_simulation/hook/pythonpath.dsv'
[2.652s] INFO:colcon.colcon_core.shell:Creating environment hook '/home/jaeheyoung/Rokey/7.PracticalProject/Week5_Coop3/coop3_ws/install/car_simulation/share/car_simulation/hook/pythonpath.sh'
[2.653s] Level 1:colcon.colcon_core.environment:checking '/home/jaeheyoung/Rokey/7.PracticalProject/Week5_Coop3/coop3_ws/install/car_simulation/bin'
[2.653s] Level 1:colcon.colcon_core.environment:create_environment_scripts_only(car_simulation)
[2.653s] INFO:colcon.colcon_core.shell:Creating package script '/home/jaeheyoung/Rokey/7.PracticalProject/Week5_Coop3/coop3_ws/install/car_simulation/share/car_simulation/package.ps1'
[2.654s] INFO:colcon.colcon_core.shell:Creating package descriptor '/home/jaeheyoung/Rokey/7.PracticalProject/Week5_Coop3/coop3_ws/install/car_simulation/share/car_simulation/package.dsv'
[2.654s] INFO:colcon.colcon_core.shell:Creating package script '/home/jaeheyoung/Rokey/7.PracticalProject/Week5_Coop3/coop3_ws/install/car_simulation/share/car_simulation/package.sh'
[2.655s] INFO:colcon.colcon_core.shell:Creating package script '/home/jaeheyoung/Rokey/7.PracticalProject/Week5_Coop3/coop3_ws/install/car_simulation/share/car_simulation/package.bash'
[2.655s] INFO:colcon.colcon_core.shell:Creating package script '/home/jaeheyoung/Rokey/7.PracticalProject/Week5_Coop3/coop3_ws/install/car_simulation/share/car_simulation/package.zsh'
[2.655s] Level 1:colcon.colcon_core.environment:create_file_with_runtime_dependencies(/home/jaeheyoung/Rokey/7.PracticalProject/Week5_Coop3/coop3_ws/install/car_simulation/share/colcon-core/packages/car_simulation)
[2.657s] Level 1:colcon.colcon_core.shell:create_environment_hook('set_sim', 'pythonpath_develop')
[2.657s] INFO:colcon.colcon_core.shell:Creating environment hook '/home/jaeheyoung/Rokey/7.PracticalProject/Week5_Coop3/coop3_ws/build/set_sim/share/set_sim/hook/pythonpath_develop.ps1'
[2.658s] DEBUG:colcon.colcon_core.event_handler.log_command:Invoked command in '/home/jaeheyoung/Rokey/7.PracticalProject/Week5_Coop3/coop3_ws/build/set_sim' returned '0': PYTHONPATH=/home/jaeheyoung/Rokey/7.PracticalProject/Week5_Coop3/coop3_ws/build/set_sim/prefix_override:/usr/lib/python3/dist-packages/colcon_core/task/python/colcon_distutils_commands:/home/jaeheyoung/Rokey/7.PracticalProject/Week5_Coop3/coop3_ws/install/set_sim/lib/python3.10/site-packages:${PYTHONPATH} /usr/bin/python3 -W ignore:setup.py install is deprecated setup.py develop --editable --build-directory /home/jaeheyoung/Rokey/7.PracticalProject/Week5_Coop3/coop3_ws/build/set_sim/build --no-deps symlink_data
[2.658s] INFO:colcon.colcon_core.shell:Creating environment descriptor '/home/jaeheyoung/Rokey/7.PracticalProject/Week5_Coop3/coop3_ws/build/set_sim/share/set_sim/hook/pythonpath_develop.dsv'
[2.658s] INFO:colcon.colcon_core.shell:Creating environment hook '/home/jaeheyoung/Rokey/7.PracticalProject/Week5_Coop3/coop3_ws/build/set_sim/share/set_sim/hook/pythonpath_develop.sh'
[2.659s] Level 1:colcon.colcon_core.environment:checking '/home/jaeheyoung/Rokey/7.PracticalProject/Week5_Coop3/coop3_ws/install/set_sim' for CMake module files
[2.660s] Level 1:colcon.colcon_core.environment:checking '/home/jaeheyoung/Rokey/7.PracticalProject/Week5_Coop3/coop3_ws/install/set_sim' for CMake config files
[2.660s] Level 1:colcon.colcon_core.environment:checking '/home/jaeheyoung/Rokey/7.PracticalProject/Week5_Coop3/coop3_ws/install/set_sim/lib'
[2.660s] Level 1:colcon.colcon_core.environment:checking '/home/jaeheyoung/Rokey/7.PracticalProject/Week5_Coop3/coop3_ws/install/set_sim/bin'
[2.660s] Level 1:colcon.colcon_core.environment:checking '/home/jaeheyoung/Rokey/7.PracticalProject/Week5_Coop3/coop3_ws/install/set_sim/lib/pkgconfig/set_sim.pc'
[2.661s] Level 1:colcon.colcon_core.environment:checking '/home/jaeheyoung/Rokey/7.PracticalProject/Week5_Coop3/coop3_ws/install/set_sim/lib/python3.10/site-packages'
[2.661s] Level 1:colcon.colcon_core.shell:create_environment_hook('set_sim', 'pythonpath')
[2.661s] INFO:colcon.colcon_core.shell:Creating environment hook '/home/jaeheyoung/Rokey/7.PracticalProject/Week5_Coop3/coop3_ws/install/set_sim/share/set_sim/hook/pythonpath.ps1'
[2.662s] INFO:colcon.colcon_core.shell:Creating environment descriptor '/home/jaeheyoung/Rokey/7.PracticalProject/Week5_Coop3/coop3_ws/install/set_sim/share/set_sim/hook/pythonpath.dsv'
[2.662s] INFO:colcon.colcon_core.shell:Creating environment hook '/home/jaeheyoung/Rokey/7.PracticalProject/Week5_Coop3/coop3_ws/install/set_sim/share/set_sim/hook/pythonpath.sh'
[2.663s] Level 1:colcon.colcon_core.environment:checking '/home/jaeheyoung/Rokey/7.PracticalProject/Week5_Coop3/coop3_ws/install/set_sim/bin'
[2.663s] Level 1:colcon.colcon_core.environment:create_environment_scripts_only(set_sim)
[2.663s] INFO:colcon.colcon_core.shell:Creating package script '/home/jaeheyoung/Rokey/7.PracticalProject/Week5_Coop3/coop3_ws/install/set_sim/share/set_sim/package.ps1'
[2.664s] INFO:colcon.colcon_core.shell:Creating package descriptor '/home/jaeheyoung/Rokey/7.PracticalProject/Week5_Coop3/coop3_ws/install/set_sim/share/set_sim/package.dsv'
[2.664s] INFO:colcon.colcon_core.shell:Creating package script '/home/jaeheyoung/Rokey/7.PracticalProject/Week5_Coop3/coop3_ws/install/set_sim/share/set_sim/package.sh'
[2.665s] INFO:colcon.colcon_core.shell:Creating package script '/home/jaeheyoung/Rokey/7.PracticalProject/Week5_Coop3/coop3_ws/install/set_sim/share/set_sim/package.bash'
[2.666s] INFO:colcon.colcon_core.shell:Creating package script '/home/jaeheyoung/Rokey/7.PracticalProject/Week5_Coop3/coop3_ws/install/set_sim/share/set_sim/package.zsh'
[2.666s] Level 1:colcon.colcon_core.environment:create_file_with_runtime_dependencies(/home/jaeheyoung/Rokey/7.PracticalProject/Week5_Coop3/coop3_ws/install/set_sim/share/colcon-core/packages/set_sim)
[2.666s] DEBUG:colcon.colcon_parallel_executor.executor.parallel:closing loop
[2.666s] DEBUG:colcon.colcon_parallel_executor.executor.parallel:loop closed
[2.666s] DEBUG:colcon.colcon_parallel_executor.executor.parallel:run_until_complete finished with '0'
[2.666s] DEBUG:colcon.colcon_core.event_reactor:joining thread
[2.674s] INFO:colcon.colcon_core.plugin_system:Skipping extension 'colcon_notification.desktop_notification.terminal_notifier': Not used on non-Darwin systems
[2.675s] INFO:colcon.colcon_core.plugin_system:Skipping extension 'colcon_notification.desktop_notification.win32': Not used on non-Windows systems
[2.675s] INFO:colcon.colcon_notification.desktop_notification:Sending desktop notification using 'notify2'
[2.686s] DEBUG:colcon.colcon_core.event_reactor:joined thread
[2.687s] INFO:colcon.colcon_core.shell:Creating prefix script '/home/jaeheyoung/Rokey/7.PracticalProject/Week5_Coop3/coop3_ws/install/local_setup.ps1'
[2.688s] INFO:colcon.colcon_core.shell:Creating prefix util module '/home/jaeheyoung/Rokey/7.PracticalProject/Week5_Coop3/coop3_ws/install/_local_setup_util_ps1.py'
[2.689s] INFO:colcon.colcon_core.shell:Creating prefix chain script '/home/jaeheyoung/Rokey/7.PracticalProject/Week5_Coop3/coop3_ws/install/setup.ps1'
[2.690s] INFO:colcon.colcon_core.shell:Creating prefix script '/home/jaeheyoung/Rokey/7.PracticalProject/Week5_Coop3/coop3_ws/install/local_setup.sh'
[2.690s] INFO:colcon.colcon_core.shell:Creating prefix util module '/home/jaeheyoung/Rokey/7.PracticalProject/Week5_Coop3/coop3_ws/install/_local_setup_util_sh.py'
[2.691s] INFO:colcon.colcon_core.shell:Creating prefix chain script '/home/jaeheyoung/Rokey/7.PracticalProject/Week5_Coop3/coop3_ws/install/setup.sh'
[2.692s] INFO:colcon.colcon_core.shell:Creating prefix script '/home/jaeheyoung/Rokey/7.PracticalProject/Week5_Coop3/coop3_ws/install/local_setup.bash'
[2.693s] INFO:colcon.colcon_core.shell:Creating prefix chain script '/home/jaeheyoung/Rokey/7.PracticalProject/Week5_Coop3/coop3_ws/install/setup.bash'
[2.694s] INFO:colcon.colcon_core.shell:Creating prefix script '/home/jaeheyoung/Rokey/7.PracticalProject/Week5_Coop3/coop3_ws/install/local_setup.zsh'
[2.694s] INFO:colcon.colcon_core.shell:Creating prefix chain script '/home/jaeheyoung/Rokey/7.PracticalProject/Week5_Coop3/coop3_ws/install/setup.zsh'
