[0.574s] Invoking command in '/home/jaeheyoung/robot_service_ws/build/order_interface': CMAKE_PREFIX_PATH=${CMAKE_PREFIX_PATH}:/home/jaeheyoung/robot_service_ws/install/turtlebot3_teleop:/home/jaeheyoung/robot_service_ws/install/turtlebot3_example:/home/jaeheyoung/robot_service_ws/install/robot_serving:/opt/ros/humble /usr/bin/cmake --build /home/jaeheyoung/robot_service_ws/build/order_interface -- -j20 -l20
[0.630s] [  9%] Built target order_interface__rosidl_generator_c
[0.631s] [ 12%] Built target order_interface__cpp
[0.646s] [ 12%] Built target ament_cmake_python_symlink_order_interface
[0.662s] [ 22%] Built target order_interface__rosidl_typesupport_introspection_c
[0.663s] [ 32%] Built target order_interface__rosidl_typesupport_fastrtps_c
[0.666s] [ 41%] Built target order_interface__rosidl_typesupport_fastrtps_cpp
[0.669s] [ 51%] Built target order_interface__rosidl_typesupport_introspection_cpp
[0.674s] [ 61%] Built target order_interface__rosidl_typesupport_cpp
[0.705s] [ 70%] Built target order_interface__rosidl_typesupport_c
[0.732s] [ 70%] Built target order_interface
[0.751s] [ 74%] Built target order_interface__py
[0.773s] [ 80%] Built target order_interface__rosidl_generator_py
[0.800s] [ 87%] Built target order_interface__rosidl_typesupport_fastrtps_c__pyext
[0.804s] [ 93%] Built target order_interface__rosidl_typesupport_c__pyext
[0.832s] [100%] Built target order_interface__rosidl_typesupport_introspection_c__pyext
[3.231s] running egg_info
[3.236s] writing order_interface.egg-info/PKG-INFO
[3.237s] writing dependency_links to order_interface.egg-info/dependency_links.txt
[3.239s] writing top-level names to order_interface.egg-info/top_level.txt
[3.259s] reading manifest file 'order_interface.egg-info/SOURCES.txt'
[3.264s] writing manifest file 'order_interface.egg-info/SOURCES.txt'
[3.392s] [100%] Built target ament_cmake_python_build_order_interface_egg
[4.568s] Invoked command in '/home/jaeheyoung/robot_service_ws/build/order_interface' returned '0': CMAKE_PREFIX_PATH=${CMAKE_PREFIX_PATH}:/home/jaeheyoung/robot_service_ws/install/turtlebot3_teleop:/home/jaeheyoung/robot_service_ws/install/turtlebot3_example:/home/jaeheyoung/robot_service_ws/install/robot_serving:/opt/ros/humble /usr/bin/cmake --build /home/jaeheyoung/robot_service_ws/build/order_interface -- -j20 -l20
[4.658s] Invoking command in '/home/jaeheyoung/robot_service_ws/build/order_interface': CMAKE_PREFIX_PATH=${CMAKE_PREFIX_PATH}:/home/jaeheyoung/robot_service_ws/install/turtlebot3_teleop:/home/jaeheyoung/robot_service_ws/install/turtlebot3_example:/home/jaeheyoung/robot_service_ws/install/robot_serving:/opt/ros/humble /usr/bin/cmake --install /home/jaeheyoung/robot_service_ws/build/order_interface
[4.673s] -- Install configuration: ""
[4.674s] -- Execute custom install script
[4.675s] -- Up-to-date symlink: /home/jaeheyoung/robot_service_ws/install/order_interface/share/ament_index/resource_index/rosidl_interfaces/order_interface
[4.676s] -- Up-to-date symlink: /home/jaeheyoung/robot_service_ws/install/order_interface/include/order_interface/order_interface/msg/rosidl_generator_c__visibility_control.h
[4.695s] -- Up-to-date symlink: /home/jaeheyoung/robot_service_ws/install/order_interface/include/order_interface/order_interface/srv/detail/order__functions.h
[4.696s] -- Up-to-date symlink: /home/jaeheyoung/robot_service_ws/install/order_interface/include/order_interface/order_interface/srv/detail/order__struct.h
[4.697s] -- Up-to-date symlink: /home/jaeheyoung/robot_service_ws/install/order_interface/include/order_interface/order_interface/srv/detail/order__type_support.h
[4.697s] -- Up-to-date symlink: /home/jaeheyoung/robot_service_ws/install/order_interface/include/order_interface/order_interface/srv/order.h
[4.701s] -- Up-to-date symlink: /home/jaeheyoung/robot_service_ws/install/order_interface/share/order_interface/environment/library_path.sh
[4.711s] -- Up-to-date symlink: /home/jaeheyoung/robot_service_ws/install/order_interface/share/order_interface/environment/library_path.dsv
[4.712s] -- Up-to-date symlink: /home/jaeheyoung/robot_service_ws/install/order_interface/include/order_interface/order_interface/msg/rosidl_typesupport_fastrtps_c__visibility_control.h
[4.713s] -- Up-to-date symlink: /home/jaeheyoung/robot_service_ws/install/order_interface/include/order_interface/order_interface/srv/detail/order__rosidl_typesupport_fastrtps_c.h
[4.714s] -- Up-to-date symlink: /home/jaeheyoung/robot_service_ws/install/order_interface/include/order_interface/order_interface/msg/rosidl_typesupport_introspection_c__visibility_control.h
[4.720s] -- Up-to-date symlink: /home/jaeheyoung/robot_service_ws/install/order_interface/include/order_interface/order_interface/srv/detail/order__rosidl_typesupport_introspection_c.h
[4.721s] -- Up-to-date symlink: /home/jaeheyoung/robot_service_ws/install/order_interface/include/order_interface/order_interface/srv/detail/order__builder.hpp
[4.722s] -- Up-to-date symlink: /home/jaeheyoung/robot_service_ws/install/order_interface/include/order_interface/order_interface/srv/detail/order__struct.hpp
[4.722s] -- Up-to-date symlink: /home/jaeheyoung/robot_service_ws/install/order_interface/include/order_interface/order_interface/srv/detail/order__traits.hpp
[4.723s] -- Up-to-date symlink: /home/jaeheyoung/robot_service_ws/install/order_interface/include/order_interface/order_interface/srv/order.hpp
[4.727s] -- Up-to-date symlink: /home/jaeheyoung/robot_service_ws/install/order_interface/include/order_interface/order_interface/msg/rosidl_typesupport_fastrtps_cpp__visibility_control.h
[4.728s] -- Up-to-date symlink: /home/jaeheyoung/robot_service_ws/install/order_interface/include/order_interface/order_interface/srv/detail/order__rosidl_typesupport_fastrtps_cpp.hpp
[4.728s] -- Up-to-date symlink: /home/jaeheyoung/robot_service_ws/install/order_interface/include/order_interface/order_interface/srv/detail/order__rosidl_typesupport_introspection_cpp.hpp
[4.728s] -- Up-to-date symlink: /home/jaeheyoung/robot_service_ws/install/order_interface/share/order_interface/environment/pythonpath.sh
[4.729s] -- Up-to-date symlink: /home/jaeheyoung/robot_service_ws/install/order_interface/share/order_interface/environment/pythonpath.dsv
[4.729s] -- Up-to-date symlink: /home/jaeheyoung/robot_service_ws/install/order_interface/local/lib/python3.10/dist-packages/order_interface-0.0.0-py3.10.egg-info/PKG-INFO
[4.729s] -- Up-to-date symlink: /home/jaeheyoung/robot_service_ws/install/order_interface/local/lib/python3.10/dist-packages/order_interface-0.0.0-py3.10.egg-info/SOURCES.txt
[4.729s] -- Up-to-date symlink: /home/jaeheyoung/robot_service_ws/install/order_interface/local/lib/python3.10/dist-packages/order_interface-0.0.0-py3.10.egg-info/dependency_links.txt
[4.729s] -- Up-to-date symlink: /home/jaeheyoung/robot_service_ws/install/order_interface/local/lib/python3.10/dist-packages/order_interface-0.0.0-py3.10.egg-info/top_level.txt
[4.729s] -- Up-to-date symlink: /home/jaeheyoung/robot_service_ws/install/order_interface/local/lib/python3.10/dist-packages/order_interface/__init__.py
[4.729s] -- Up-to-date symlink: /home/jaeheyoung/robot_service_ws/install/order_interface/local/lib/python3.10/dist-packages/order_interface/_order_interface_s.ep.rosidl_typesupport_c.c
[4.729s] -- Up-to-date symlink: /home/jaeheyoung/robot_service_ws/install/order_interface/local/lib/python3.10/dist-packages/order_interface/_order_interface_s.ep.rosidl_typesupport_fastrtps_c.c
[4.729s] -- Up-to-date symlink: /home/jaeheyoung/robot_service_ws/install/order_interface/local/lib/python3.10/dist-packages/order_interface/_order_interface_s.ep.rosidl_typesupport_introspection_c.c
[4.729s] -- Up-to-date symlink: /home/jaeheyoung/robot_service_ws/install/order_interface/local/lib/python3.10/dist-packages/order_interface/liborder_interface__rosidl_generator_py.so
[4.729s] -- Up-to-date symlink: /home/jaeheyoung/robot_service_ws/install/order_interface/local/lib/python3.10/dist-packages/order_interface/order_interface_s__rosidl_typesupport_c.cpython-310-x86_64-linux-gnu.so
[4.729s] -- Up-to-date symlink: /home/jaeheyoung/robot_service_ws/install/order_interface/local/lib/python3.10/dist-packages/order_interface/order_interface_s__rosidl_typesupport_fastrtps_c.cpython-310-x86_64-linux-gnu.so
[4.730s] -- Up-to-date symlink: /home/jaeheyoung/robot_service_ws/install/order_interface/local/lib/python3.10/dist-packages/order_interface/order_interface_s__rosidl_typesupport_introspection_c.cpython-310-x86_64-linux-gnu.so
[4.730s] -- Up-to-date symlink: /home/jaeheyoung/robot_service_ws/install/order_interface/local/lib/python3.10/dist-packages/order_interface/srv/__init__.py
[4.730s] -- Up-to-date symlink: /home/jaeheyoung/robot_service_ws/install/order_interface/local/lib/python3.10/dist-packages/order_interface/srv/_order.py
[4.730s] -- Up-to-date symlink: /home/jaeheyoung/robot_service_ws/install/order_interface/local/lib/python3.10/dist-packages/order_interface/srv/_order_s.c
[4.730s] -- Up-to-date symlink: /home/jaeheyoung/robot_service_ws/install/order_interface/local/lib/python3.10/dist-packages/order_interface/order_interface_s__rosidl_typesupport_fastrtps_c.cpython-310-x86_64-linux-gnu.so
[4.730s] -- Up-to-date symlink: /home/jaeheyoung/robot_service_ws/install/order_interface/local/lib/python3.10/dist-packages/order_interface/order_interface_s__rosidl_typesupport_introspection_c.cpython-310-x86_64-linux-gnu.so
[4.730s] -- Up-to-date symlink: /home/jaeheyoung/robot_service_ws/install/order_interface/local/lib/python3.10/dist-packages/order_interface/order_interface_s__rosidl_typesupport_c.cpython-310-x86_64-linux-gnu.so
[4.730s] -- Up-to-date symlink: /home/jaeheyoung/robot_service_ws/install/order_interface/share/order_interface/srv/Order.idl
[4.730s] -- Up-to-date symlink: /home/jaeheyoung/robot_service_ws/install/order_interface/share/order_interface/srv/Order.srv
[4.730s] -- Up-to-date symlink: /home/jaeheyoung/robot_service_ws/install/order_interface/share/order_interface/srv/Order_Request.msg
[4.730s] -- Up-to-date symlink: /home/jaeheyoung/robot_service_ws/install/order_interface/share/order_interface/srv/Order_Response.msg
[4.731s] -- Up-to-date symlink: /home/jaeheyoung/robot_service_ws/install/order_interface/share/ament_index/resource_index/package_run_dependencies/order_interface
[4.731s] -- Up-to-date symlink: /home/jaeheyoung/robot_service_ws/install/order_interface/share/ament_index/resource_index/parent_prefix_path/order_interface
[4.731s] -- Up-to-date symlink: /home/jaeheyoung/robot_service_ws/install/order_interface/share/order_interface/environment/ament_prefix_path.sh
[4.731s] -- Up-to-date symlink: /home/jaeheyoung/robot_service_ws/install/order_interface/share/order_interface/environment/ament_prefix_path.dsv
[4.731s] -- Up-to-date symlink: /home/jaeheyoung/robot_service_ws/install/order_interface/share/order_interface/environment/path.sh
[4.732s] -- Up-to-date symlink: /home/jaeheyoung/robot_service_ws/install/order_interface/share/order_interface/environment/path.dsv
[4.732s] -- Up-to-date symlink: /home/jaeheyoung/robot_service_ws/install/order_interface/share/order_interface/local_setup.bash
[4.732s] -- Up-to-date symlink: /home/jaeheyoung/robot_service_ws/install/order_interface/share/order_interface/local_setup.sh
[4.732s] -- Up-to-date symlink: /home/jaeheyoung/robot_service_ws/install/order_interface/share/order_interface/local_setup.zsh
[4.732s] -- Up-to-date symlink: /home/jaeheyoung/robot_service_ws/install/order_interface/share/order_interface/local_setup.dsv
[4.733s] -- Symlinking: /home/jaeheyoung/robot_service_ws/install/order_interface/share/order_interface/package.dsv
[4.733s] -- Up-to-date symlink: /home/jaeheyoung/robot_service_ws/install/order_interface/share/ament_index/resource_index/packages/order_interface
[4.733s] -- Up-to-date symlink: /home/jaeheyoung/robot_service_ws/install/order_interface/share/order_interface/cmake/rosidl_cmake-extras.cmake
[4.733s] -- Up-to-date symlink: /home/jaeheyoung/robot_service_ws/install/order_interface/share/order_interface/cmake/ament_cmake_export_include_directories-extras.cmake
[4.734s] -- Up-to-date symlink: /home/jaeheyoung/robot_service_ws/install/order_interface/share/order_interface/cmake/ament_cmake_export_libraries-extras.cmake
[4.734s] -- Up-to-date symlink: /home/jaeheyoung/robot_service_ws/install/order_interface/share/order_interface/cmake/ament_cmake_export_targets-extras.cmake
[4.734s] -- Up-to-date symlink: /home/jaeheyoung/robot_service_ws/install/order_interface/share/order_interface/cmake/rosidl_cmake_export_typesupport_targets-extras.cmake
[4.734s] -- Up-to-date symlink: /home/jaeheyoung/robot_service_ws/install/order_interface/share/order_interface/cmake/ament_cmake_export_dependencies-extras.cmake
[4.734s] -- Up-to-date symlink: /home/jaeheyoung/robot_service_ws/install/order_interface/share/order_interface/cmake/rosidl_cmake_export_typesupport_libraries-extras.cmake
[4.754s] -- Up-to-date symlink: /home/jaeheyoung/robot_service_ws/install/order_interface/share/order_interface/cmake/order_interfaceConfig.cmake
[4.754s] -- Up-to-date symlink: /home/jaeheyoung/robot_service_ws/install/order_interface/share/order_interface/cmake/order_interfaceConfig-version.cmake
[4.755s] -- Up-to-date symlink: /home/jaeheyoung/robot_service_ws/install/order_interface/share/order_interface/package.xml
[4.756s] -- Up-to-date: /home/jaeheyoung/robot_service_ws/install/order_interface/lib/liborder_interface__rosidl_generator_c.so
[4.759s] -- Up-to-date: /home/jaeheyoung/robot_service_ws/install/order_interface/lib/liborder_interface__rosidl_typesupport_fastrtps_c.so
[4.760s] -- Up-to-date: /home/jaeheyoung/robot_service_ws/install/order_interface/lib/liborder_interface__rosidl_typesupport_introspection_c.so
[4.760s] -- Up-to-date: /home/jaeheyoung/robot_service_ws/install/order_interface/lib/liborder_interface__rosidl_typesupport_c.so
[4.761s] -- Up-to-date: /home/jaeheyoung/robot_service_ws/install/order_interface/lib/liborder_interface__rosidl_typesupport_fastrtps_cpp.so
[4.761s] -- Up-to-date: /home/jaeheyoung/robot_service_ws/install/order_interface/lib/liborder_interface__rosidl_typesupport_introspection_cpp.so
[4.767s] -- Up-to-date: /home/jaeheyoung/robot_service_ws/install/order_interface/lib/liborder_interface__rosidl_typesupport_cpp.so
[4.772s] Listing '/home/jaeheyoung/robot_service_ws/install/order_interface/local/lib/python3.10/dist-packages/order_interface'...
[4.772s] Listing '/home/jaeheyoung/robot_service_ws/install/order_interface/local/lib/python3.10/dist-packages/order_interface/srv'...
[4.772s] -- Up-to-date: /home/jaeheyoung/robot_service_ws/install/order_interface/lib/liborder_interface__rosidl_generator_py.so
[4.772s] -- Up-to-date: /home/jaeheyoung/robot_service_ws/install/order_interface/share/order_interface/cmake/export_order_interface__rosidl_generator_cExport.cmake
[4.772s] -- Up-to-date: /home/jaeheyoung/robot_service_ws/install/order_interface/share/order_interface/cmake/export_order_interface__rosidl_generator_cExport-noconfig.cmake
[4.772s] -- Up-to-date: /home/jaeheyoung/robot_service_ws/install/order_interface/share/order_interface/cmake/export_order_interface__rosidl_typesupport_fastrtps_cExport.cmake
[4.773s] -- Up-to-date: /home/jaeheyoung/robot_service_ws/install/order_interface/share/order_interface/cmake/export_order_interface__rosidl_typesupport_fastrtps_cExport-noconfig.cmake
[4.773s] -- Up-to-date: /home/jaeheyoung/robot_service_ws/install/order_interface/share/order_interface/cmake/order_interface__rosidl_typesupport_introspection_cExport.cmake
[4.773s] -- Up-to-date: /home/jaeheyoung/robot_service_ws/install/order_interface/share/order_interface/cmake/order_interface__rosidl_typesupport_introspection_cExport-noconfig.cmake
[4.773s] -- Up-to-date: /home/jaeheyoung/robot_service_ws/install/order_interface/share/order_interface/cmake/order_interface__rosidl_typesupport_cExport.cmake
[4.773s] -- Up-to-date: /home/jaeheyoung/robot_service_ws/install/order_interface/share/order_interface/cmake/order_interface__rosidl_typesupport_cExport-noconfig.cmake
[4.773s] -- Up-to-date: /home/jaeheyoung/robot_service_ws/install/order_interface/share/order_interface/cmake/export_order_interface__rosidl_generator_cppExport.cmake
[4.774s] -- Up-to-date: /home/jaeheyoung/robot_service_ws/install/order_interface/share/order_interface/cmake/export_order_interface__rosidl_typesupport_fastrtps_cppExport.cmake
[4.774s] -- Up-to-date: /home/jaeheyoung/robot_service_ws/install/order_interface/share/order_interface/cmake/export_order_interface__rosidl_typesupport_fastrtps_cppExport-noconfig.cmake
[4.774s] -- Up-to-date: /home/jaeheyoung/robot_service_ws/install/order_interface/share/order_interface/cmake/order_interface__rosidl_typesupport_introspection_cppExport.cmake
[4.775s] -- Up-to-date: /home/jaeheyoung/robot_service_ws/install/order_interface/share/order_interface/cmake/order_interface__rosidl_typesupport_introspection_cppExport-noconfig.cmake
[4.775s] -- Up-to-date: /home/jaeheyoung/robot_service_ws/install/order_interface/share/order_interface/cmake/order_interface__rosidl_typesupport_cppExport.cmake
[4.775s] -- Up-to-date: /home/jaeheyoung/robot_service_ws/install/order_interface/share/order_interface/cmake/order_interface__rosidl_typesupport_cppExport-noconfig.cmake
[4.775s] -- Up-to-date: /home/jaeheyoung/robot_service_ws/install/order_interface/share/order_interface/cmake/export_order_interface__rosidl_generator_pyExport.cmake
[4.775s] -- Up-to-date: /home/jaeheyoung/robot_service_ws/install/order_interface/share/order_interface/cmake/export_order_interface__rosidl_generator_pyExport-noconfig.cmake
[4.794s] Invoked command in '/home/jaeheyoung/robot_service_ws/build/order_interface' returned '0': CMAKE_PREFIX_PATH=${CMAKE_PREFIX_PATH}:/home/jaeheyoung/robot_service_ws/install/turtlebot3_teleop:/home/jaeheyoung/robot_service_ws/install/turtlebot3_example:/home/jaeheyoung/robot_service_ws/install/robot_serving:/opt/ros/humble /usr/bin/cmake --install /home/jaeheyoung/robot_service_ws/build/order_interface
