[0.722s] Invoking command in '/home/jaeheyoung/Rokey/7.PracticalProject/Week3_Coop2/DR_ws/src/doosan-robot2/dsr_rokey/c5': CMAKE_PREFIX_PATH=/home/jaeheyoung/Rokey/7.PracticalProject/Week3_Coop2/DR_ws/install/common2:/home/jaeheyoung/Rokey/7.PracticalProject/Week3_Coop2/DR_ws/install/realtime_control:/home/jaeheyoung/Rokey/7.PracticalProject/Week3_Coop2/DR_ws/install/m1509_moveit_config:/home/jaeheyoung/Rokey/7.PracticalProject/Week3_Coop2/DR_ws/install/m1013_moveit_config:/home/jaeheyoung/Rokey/7.PracticalProject/Week3_Coop2/DR_ws/install/m0617_moveit_config:/home/jaeheyoung/Rokey/7.PracticalProject/Week3_Coop2/DR_ws/install/m0609_moveit_config:/home/jaeheyoung/Rokey/7.PracticalProject/Week3_Coop2/DR_ws/install/ign_ros2_control_demos:/home/jaeheyoung/Rokey/7.PracticalProject/Week3_Coop2/DR_ws/install/gz_ros2_control_tests:/home/jaeheyoung/Rokey/7.PracticalProject/Week3_Coop2/DR_ws/install/ign_ros2_control:/home/jaeheyoung/Rokey/7.PracticalProject/Week3_Coop2/DR_ws/install/h2515_moveit_config:/home/jaeheyoung/Rokey/7.PracticalProject/Week3_Coop2/DR_ws/install/h2017_moveit_config:/home/jaeheyoung/Rokey/7.PracticalProject/Week3_Coop2/DR_ws/install/e0509_moveit_config:/home/jaeheyoung/Rokey/7.PracticalProject/Week3_Coop2/DR_ws/install/dsr_controller2:/home/jaeheyoung/Rokey/7.PracticalProject/Week3_Coop2/DR_ws/install/dsr_msgs2:/home/jaeheyoung/Rokey/7.PracticalProject/Week3_Coop2/DR_ws/install/dsr_hardware2:/home/jaeheyoung/Rokey/7.PracticalProject/Week3_Coop2/DR_ws/install/dsr_gazebo2:/home/jaeheyoung/Rokey/7.PracticalProject/Week3_Coop2/DR_ws/install/dsr_description2:/home/jaeheyoung/Rokey/7.PracticalProject/Week3_Coop2/DR_ws/install/a0912_moveit_config:/home/jaeheyoung/Rokey/7.PracticalProject/Week3_Coop2/DR_ws/install/a0509_moveit_config PYTHONPATH=/home/jaeheyoung/Rokey/7.PracticalProject/Week3_Coop2/DR_ws/build/c5/prefix_override:/usr/lib/python3/dist-packages/colcon_core/task/python/colcon_distutils_commands:/home/jaeheyoung/Rokey/7.PracticalProject/Week3_Coop2/DR_ws/install/c5/lib/python3.10/site-packages:${PYTHONPATH} /usr/bin/python3 -W ignore:setup.py install is deprecated setup.py egg_info --egg-base ../../../../build/c5 build --build-base /home/jaeheyoung/Rokey/7.PracticalProject/Week3_Coop2/DR_ws/build/c5/build install --record /home/jaeheyoung/Rokey/7.PracticalProject/Week3_Coop2/DR_ws/build/c5/install.log --single-version-externally-managed install_data
[0.986s] running egg_info
[0.987s] writing ../../../../build/c5/c5.egg-info/PKG-INFO
[0.987s] writing dependency_links to ../../../../build/c5/c5.egg-info/dependency_links.txt
[0.987s] writing entry points to ../../../../build/c5/c5.egg-info/entry_points.txt
[0.987s] writing requirements to ../../../../build/c5/c5.egg-info/requires.txt
[0.987s] writing top-level names to ../../../../build/c5/c5.egg-info/top_level.txt
[0.989s] reading manifest file '../../../../build/c5/c5.egg-info/SOURCES.txt'
[0.992s] writing manifest file '../../../../build/c5/c5.egg-info/SOURCES.txt'
[0.993s] running build
[0.993s] running build_py
[0.993s] copying c5/basic/stack_domino1.py -> /home/jaeheyoung/Rokey/7.PracticalProject/Week3_Coop2/DR_ws/build/c5/build/lib/c5/basic
[0.993s] copying c5/basic/gear_assy.py -> /home/jaeheyoung/Rokey/7.PracticalProject/Week3_Coop2/DR_ws/build/c5/build/lib/c5/basic
[0.993s] copying c5/basic/sortingBlock.py -> /home/jaeheyoung/Rokey/7.PracticalProject/Week3_Coop2/DR_ws/build/c5/build/lib/c5/basic
[0.993s] copying c5/basic/temp.py -> /home/jaeheyoung/Rokey/7.PracticalProject/Week3_Coop2/DR_ws/build/c5/build/lib/c5/basic
[0.993s] copying c5/basic/cup_stacking.py -> /home/jaeheyoung/Rokey/7.PracticalProject/Week3_Coop2/DR_ws/build/c5/build/lib/c5/basic
[0.993s] running install
[0.994s] running install_lib
[0.995s] copying /home/jaeheyoung/Rokey/7.PracticalProject/Week3_Coop2/DR_ws/build/c5/build/lib/c5/basic/stack_domino1.py -> /home/jaeheyoung/Rokey/7.PracticalProject/Week3_Coop2/DR_ws/install/c5/lib/python3.10/site-packages/c5/basic
[0.995s] copying /home/jaeheyoung/Rokey/7.PracticalProject/Week3_Coop2/DR_ws/build/c5/build/lib/c5/basic/gear_assy.py -> /home/jaeheyoung/Rokey/7.PracticalProject/Week3_Coop2/DR_ws/install/c5/lib/python3.10/site-packages/c5/basic
[0.995s] copying /home/jaeheyoung/Rokey/7.PracticalProject/Week3_Coop2/DR_ws/build/c5/build/lib/c5/basic/sortingBlock.py -> /home/jaeheyoung/Rokey/7.PracticalProject/Week3_Coop2/DR_ws/install/c5/lib/python3.10/site-packages/c5/basic
[0.995s] copying /home/jaeheyoung/Rokey/7.PracticalProject/Week3_Coop2/DR_ws/build/c5/build/lib/c5/basic/temp.py -> /home/jaeheyoung/Rokey/7.PracticalProject/Week3_Coop2/DR_ws/install/c5/lib/python3.10/site-packages/c5/basic
[0.995s] copying /home/jaeheyoung/Rokey/7.PracticalProject/Week3_Coop2/DR_ws/build/c5/build/lib/c5/basic/cup_stacking.py -> /home/jaeheyoung/Rokey/7.PracticalProject/Week3_Coop2/DR_ws/install/c5/lib/python3.10/site-packages/c5/basic
[0.995s] byte-compiling /home/jaeheyoung/Rokey/7.PracticalProject/Week3_Coop2/DR_ws/install/c5/lib/python3.10/site-packages/c5/basic/stack_domino1.py to stack_domino1.cpython-310.pyc
[0.997s] byte-compiling /home/jaeheyoung/Rokey/7.PracticalProject/Week3_Coop2/DR_ws/install/c5/lib/python3.10/site-packages/c5/basic/gear_assy.py to gear_assy.cpython-310.pyc
[0.998s] byte-compiling /home/jaeheyoung/Rokey/7.PracticalProject/Week3_Coop2/DR_ws/install/c5/lib/python3.10/site-packages/c5/basic/sortingBlock.py to sortingBlock.cpython-310.pyc
[0.999s] byte-compiling /home/jaeheyoung/Rokey/7.PracticalProject/Week3_Coop2/DR_ws/install/c5/lib/python3.10/site-packages/c5/basic/temp.py to temp.cpython-310.pyc
[0.999s] byte-compiling /home/jaeheyoung/Rokey/7.PracticalProject/Week3_Coop2/DR_ws/install/c5/lib/python3.10/site-packages/c5/basic/cup_stacking.py to cup_stacking.cpython-310.pyc
[1.001s] running install_data
[1.001s] running install_egg_info
[1.002s] removing '/home/jaeheyoung/Rokey/7.PracticalProject/Week3_Coop2/DR_ws/install/c5/lib/python3.10/site-packages/c5-0.0.0-py3.10.egg-info' (and everything under it)
[1.003s] Copying ../../../../build/c5/c5.egg-info to /home/jaeheyoung/Rokey/7.PracticalProject/Week3_Coop2/DR_ws/install/c5/lib/python3.10/site-packages/c5-0.0.0-py3.10.egg-info
[1.003s] running install_scripts
[1.024s] Installing domino script to /home/jaeheyoung/Rokey/7.PracticalProject/Week3_Coop2/DR_ws/install/c5/lib/c5
[1.024s] Installing force_control script to /home/jaeheyoung/Rokey/7.PracticalProject/Week3_Coop2/DR_ws/install/c5/lib/c5
[1.024s] Installing getting_position script to /home/jaeheyoung/Rokey/7.PracticalProject/Week3_Coop2/DR_ws/install/c5/lib/c5
[1.025s] Installing grip script to /home/jaeheyoung/Rokey/7.PracticalProject/Week3_Coop2/DR_ws/install/c5/lib/c5
[1.025s] Installing move_periodic script to /home/jaeheyoung/Rokey/7.PracticalProject/Week3_Coop2/DR_ws/install/c5/lib/c5
[1.025s] Installing pickNplace script to /home/jaeheyoung/Rokey/7.PracticalProject/Week3_Coop2/DR_ws/install/c5/lib/c5
[1.025s] Installing simple_move script to /home/jaeheyoung/Rokey/7.PracticalProject/Week3_Coop2/DR_ws/install/c5/lib/c5
[1.025s] Installing sort_block script to /home/jaeheyoung/Rokey/7.PracticalProject/Week3_Coop2/DR_ws/install/c5/lib/c5
[1.025s] writing list of installed files to '/home/jaeheyoung/Rokey/7.PracticalProject/Week3_Coop2/DR_ws/build/c5/install.log'
[1.051s] Invoked command in '/home/jaeheyoung/Rokey/7.PracticalProject/Week3_Coop2/DR_ws/src/doosan-robot2/dsr_rokey/c5' returned '0': CMAKE_PREFIX_PATH=/home/jaeheyoung/Rokey/7.PracticalProject/Week3_Coop2/DR_ws/install/common2:/home/jaeheyoung/Rokey/7.PracticalProject/Week3_Coop2/DR_ws/install/realtime_control:/home/jaeheyoung/Rokey/7.PracticalProject/Week3_Coop2/DR_ws/install/m1509_moveit_config:/home/jaeheyoung/Rokey/7.PracticalProject/Week3_Coop2/DR_ws/install/m1013_moveit_config:/home/jaeheyoung/Rokey/7.PracticalProject/Week3_Coop2/DR_ws/install/m0617_moveit_config:/home/jaeheyoung/Rokey/7.PracticalProject/Week3_Coop2/DR_ws/install/m0609_moveit_config:/home/jaeheyoung/Rokey/7.PracticalProject/Week3_Coop2/DR_ws/install/ign_ros2_control_demos:/home/jaeheyoung/Rokey/7.PracticalProject/Week3_Coop2/DR_ws/install/gz_ros2_control_tests:/home/jaeheyoung/Rokey/7.PracticalProject/Week3_Coop2/DR_ws/install/ign_ros2_control:/home/jaeheyoung/Rokey/7.PracticalProject/Week3_Coop2/DR_ws/install/h2515_moveit_config:/home/jaeheyoung/Rokey/7.PracticalProject/Week3_Coop2/DR_ws/install/h2017_moveit_config:/home/jaeheyoung/Rokey/7.PracticalProject/Week3_Coop2/DR_ws/install/e0509_moveit_config:/home/jaeheyoung/Rokey/7.PracticalProject/Week3_Coop2/DR_ws/install/dsr_controller2:/home/jaeheyoung/Rokey/7.PracticalProject/Week3_Coop2/DR_ws/install/dsr_msgs2:/home/jaeheyoung/Rokey/7.PracticalProject/Week3_Coop2/DR_ws/install/dsr_hardware2:/home/jaeheyoung/Rokey/7.PracticalProject/Week3_Coop2/DR_ws/install/dsr_gazebo2:/home/jaeheyoung/Rokey/7.PracticalProject/Week3_Coop2/DR_ws/install/dsr_description2:/home/jaeheyoung/Rokey/7.PracticalProject/Week3_Coop2/DR_ws/install/a0912_moveit_config:/home/jaeheyoung/Rokey/7.PracticalProject/Week3_Coop2/DR_ws/install/a0509_moveit_config PYTHONPATH=/home/jaeheyoung/Rokey/7.PracticalProject/Week3_Coop2/DR_ws/build/c5/prefix_override:/usr/lib/python3/dist-packages/colcon_core/task/python/colcon_distutils_commands:/home/jaeheyoung/Rokey/7.PracticalProject/Week3_Coop2/DR_ws/install/c5/lib/python3.10/site-packages:${PYTHONPATH} /usr/bin/python3 -W ignore:setup.py install is deprecated setup.py egg_info --egg-base ../../../../build/c5 build --build-base /home/jaeheyoung/Rokey/7.PracticalProject/Week3_Coop2/DR_ws/build/c5/build install --record /home/jaeheyoung/Rokey/7.PracticalProject/Week3_Coop2/DR_ws/build/c5/install.log --single-version-externally-managed install_data
