[4.583s] Invoking command in '/home/jaeheyoung/robot_service_ws/src/turtlebot3/turtlebot3_teleop': PYTHONPATH=/home/jaeheyoung/robot_service_ws/build/turtlebot3_teleop/prefix_override:/usr/lib/python3/dist-packages/colcon_core/task/python/colcon_distutils_commands:/home/jaeheyoung/robot_service_ws/install/turtlebot3_teleop/lib/python3.10/site-packages:${PYTHONPATH} /usr/bin/python3 -W ignore:setup.py install is deprecated setup.py egg_info --egg-base ../../../build/turtlebot3_teleop build --build-base /home/jaeheyoung/robot_service_ws/build/turtlebot3_teleop/build install --record /home/jaeheyoung/robot_service_ws/build/turtlebot3_teleop/install.log --single-version-externally-managed install_data
[5.034s] running egg_info
[5.034s] writing ../../../build/turtlebot3_teleop/turtlebot3_teleop.egg-info/PKG-INFO
[5.034s] writing dependency_links to ../../../build/turtlebot3_teleop/turtlebot3_teleop.egg-info/dependency_links.txt
[5.034s] writing entry points to ../../../build/turtlebot3_teleop/turtlebot3_teleop.egg-info/entry_points.txt
[5.034s] writing requirements to ../../../build/turtlebot3_teleop/turtlebot3_teleop.egg-info/requires.txt
[5.034s] writing top-level names to ../../../build/turtlebot3_teleop/turtlebot3_teleop.egg-info/top_level.txt
[5.035s] reading manifest file '../../../build/turtlebot3_teleop/turtlebot3_teleop.egg-info/SOURCES.txt'
[5.039s] writing manifest file '../../../build/turtlebot3_teleop/turtlebot3_teleop.egg-info/SOURCES.txt'
[5.039s] running build
[5.039s] running build_py
[5.039s] running install
[5.039s] running install_lib
[5.040s] running install_data
[5.040s] running install_egg_info
[5.046s] removing '/home/jaeheyoung/robot_service_ws/install/turtlebot3_teleop/lib/python3.10/site-packages/turtlebot3_teleop-2.1.5-py3.10.egg-info' (and everything under it)
[5.047s] Copying ../../../build/turtlebot3_teleop/turtlebot3_teleop.egg-info to /home/jaeheyoung/robot_service_ws/install/turtlebot3_teleop/lib/python3.10/site-packages/turtlebot3_teleop-2.1.5-py3.10.egg-info
[5.047s] running install_scripts
[5.078s] Installing teleop_keyboard script to /home/jaeheyoung/robot_service_ws/install/turtlebot3_teleop/lib/turtlebot3_teleop
[5.078s] writing list of installed files to '/home/jaeheyoung/robot_service_ws/build/turtlebot3_teleop/install.log'
[5.160s] Invoked command in '/home/jaeheyoung/robot_service_ws/src/turtlebot3/turtlebot3_teleop' returned '0': PYTHONPATH=/home/jaeheyoung/robot_service_ws/build/turtlebot3_teleop/prefix_override:/usr/lib/python3/dist-packages/colcon_core/task/python/colcon_distutils_commands:/home/jaeheyoung/robot_service_ws/install/turtlebot3_teleop/lib/python3.10/site-packages:${PYTHONPATH} /usr/bin/python3 -W ignore:setup.py install is deprecated setup.py egg_info --egg-base ../../../build/turtlebot3_teleop build --build-base /home/jaeheyoung/robot_service_ws/build/turtlebot3_teleop/build install --record /home/jaeheyoung/robot_service_ws/build/turtlebot3_teleop/install.log --single-version-externally-managed install_data
