[2.484s] Invoking command in '/home/jaeheyoung/robot_service_ws/src/turtlebot3/turtlebot3_teleop': PYTHONPATH=/home/jaeheyoung/robot_service_ws/build/turtlebot3_teleop/prefix_override:/usr/lib/python3/dist-packages/colcon_core/task/python/colcon_distutils_commands:/home/jaeheyoung/robot_service_ws/install/turtlebot3_teleop/lib/python3.10/site-packages:${PYTHONPATH} /usr/bin/python3 -W ignore:setup.py install is deprecated setup.py egg_info --egg-base ../../../build/turtlebot3_teleop build --build-base /home/jaeheyoung/robot_service_ws/build/turtlebot3_teleop/build install --record /home/jaeheyoung/robot_service_ws/build/turtlebot3_teleop/install.log --single-version-externally-managed install_data
[3.297s] running egg_info
[3.298s] writing ../../../build/turtlebot3_teleop/turtlebot3_teleop.egg-info/PKG-INFO
[3.298s] writing dependency_links to ../../../build/turtlebot3_teleop/turtlebot3_teleop.egg-info/dependency_links.txt
[3.298s] writing entry points to ../../../build/turtlebot3_teleop/turtlebot3_teleop.egg-info/entry_points.txt
[3.298s] writing requirements to ../../../build/turtlebot3_teleop/turtlebot3_teleop.egg-info/requires.txt
[3.299s] writing top-level names to ../../../build/turtlebot3_teleop/turtlebot3_teleop.egg-info/top_level.txt
[3.301s] reading manifest file '../../../build/turtlebot3_teleop/turtlebot3_teleop.egg-info/SOURCES.txt'
[3.302s] writing manifest file '../../../build/turtlebot3_teleop/turtlebot3_teleop.egg-info/SOURCES.txt'
[3.302s] running build
[3.302s] running build_py
[3.303s] running install
[3.303s] running install_lib
[3.304s] running install_data
[3.304s] running install_egg_info
[3.306s] removing '/home/jaeheyoung/robot_service_ws/install/turtlebot3_teleop/lib/python3.10/site-packages/turtlebot3_teleop-2.1.5-py3.10.egg-info' (and everything under it)
[3.306s] Copying ../../../build/turtlebot3_teleop/turtlebot3_teleop.egg-info to /home/jaeheyoung/robot_service_ws/install/turtlebot3_teleop/lib/python3.10/site-packages/turtlebot3_teleop-2.1.5-py3.10.egg-info
[3.307s] running install_scripts
[3.329s] Installing teleop_keyboard script to /home/jaeheyoung/robot_service_ws/install/turtlebot3_teleop/lib/turtlebot3_teleop
[3.329s] writing list of installed files to '/home/jaeheyoung/robot_service_ws/build/turtlebot3_teleop/install.log'
[3.362s] Invoked command in '/home/jaeheyoung/robot_service_ws/src/turtlebot3/turtlebot3_teleop' returned '0': PYTHONPATH=/home/jaeheyoung/robot_service_ws/build/turtlebot3_teleop/prefix_override:/usr/lib/python3/dist-packages/colcon_core/task/python/colcon_distutils_commands:/home/jaeheyoung/robot_service_ws/install/turtlebot3_teleop/lib/python3.10/site-packages:${PYTHONPATH} /usr/bin/python3 -W ignore:setup.py install is deprecated setup.py egg_info --egg-base ../../../build/turtlebot3_teleop build --build-base /home/jaeheyoung/robot_service_ws/build/turtlebot3_teleop/build install --record /home/jaeheyoung/robot_service_ws/build/turtlebot3_teleop/install.log --single-version-externally-managed install_data
