[0.470s] Invoking command in '/home/jaeheyoung/Rokey/7.PracticalProject/Week7_Drive3/drive3_ws/build/my_robot': PYTHONPATH=/home/jaeheyoung/Rokey/7.PracticalProject/Week7_Drive3/drive3_ws/build/my_robot/prefix_override:/usr/lib/python3/dist-packages/colcon_core/task/python/colcon_distutils_commands:/home/jaeheyoung/Rokey/7.PracticalProject/Week7_Drive3/drive3_ws/install/my_robot/lib/python3.10/site-packages:${PYTHONPATH} /usr/bin/python3 -W ignore:setup.py install is deprecated -W ignore:easy_install command is deprecated setup.py develop --editable --build-directory /home/jaeheyoung/Rokey/7.PracticalProject/Week7_Drive3/drive3_ws/build/my_robot/build --no-deps symlink_data
[0.574s] /home/jaeheyoung/.local/lib/python3.10/site-packages/setuptools/_distutils/dist.py:261: UserWarning: Unknown distribution option: 'tests_require'
[0.574s]   warnings.warn(msg)
[0.681s] running develop
[0.692s] Traceback (most recent call last):
[0.692s]   File "/home/jaeheyoung/Rokey/7.PracticalProject/Week7_Drive3/drive3_ws/build/my_robot/setup.py", line 5, in <module>
[0.692s]     setup(
[0.692s]   File "/home/jaeheyoung/.local/lib/python3.10/site-packages/setuptools/__init__.py", line 117, in setup
[0.692s]     return distutils.core.setup(**attrs)
[0.692s]   File "/home/jaeheyoung/.local/lib/python3.10/site-packages/setuptools/_distutils/core.py", line 183, in setup
[0.692s]     return run_commands(dist)
[0.692s]   File "/home/jaeheyoung/.local/lib/python3.10/site-packages/setuptools/_distutils/core.py", line 199, in run_commands
[0.692s]     dist.run_commands()
[0.692s]   File "/home/jaeheyoung/.local/lib/python3.10/site-packages/setuptools/_distutils/dist.py", line 954, in run_commands
[0.692s]     self.run_command(cmd)
[0.692s]   File "/home/jaeheyoung/.local/lib/python3.10/site-packages/setuptools/dist.py", line 995, in run_command
[0.692s]     super().run_command(command)
[0.692s]   File "/home/jaeheyoung/.local/lib/python3.10/site-packages/setuptools/_distutils/dist.py", line 972, in run_command
[0.692s]     cmd_obj.ensure_finalized()
[0.692s]   File "/home/jaeheyoung/.local/lib/python3.10/site-packages/setuptools/_distutils/cmd.py", line 111, in ensure_finalized
[0.692s]     self.finalize_options()
[0.692s]   File "/home/jaeheyoung/.local/lib/python3.10/site-packages/setuptools/command/develop.py", line 51, in finalize_options
[0.692s]     easy_install.finalize_options(self)
[0.692s]   File "/home/jaeheyoung/.local/lib/python3.10/site-packages/setuptools/command/easy_install.py", line 251, in finalize_options
[0.692s]     'dist_fullname': self.distribution.get_fullname(),
[0.692s]   File "/home/jaeheyoung/.local/lib/python3.10/site-packages/setuptools/_core_metadata.py", line 267, in get_fullname
[0.692s]     return _distribution_fullname(self.get_name(), self.get_version())
[0.693s]   File "/home/jaeheyoung/.local/lib/python3.10/site-packages/setuptools/_core_metadata.py", line 285, in _distribution_fullname
[0.693s]     canonicalize_version(version, strip_trailing_zero=False),
[0.693s] TypeError: canonicalize_version() got an unexpected keyword argument 'strip_trailing_zero'
[0.709s] Invoked command in '/home/jaeheyoung/Rokey/7.PracticalProject/Week7_Drive3/drive3_ws/build/my_robot' returned '1': PYTHONPATH=/home/jaeheyoung/Rokey/7.PracticalProject/Week7_Drive3/drive3_ws/build/my_robot/prefix_override:/usr/lib/python3/dist-packages/colcon_core/task/python/colcon_distutils_commands:/home/jaeheyoung/Rokey/7.PracticalProject/Week7_Drive3/drive3_ws/install/my_robot/lib/python3.10/site-packages:${PYTHONPATH} /usr/bin/python3 -W ignore:setup.py install is deprecated -W ignore:easy_install command is deprecated setup.py develop --editable --build-directory /home/jaeheyoung/Rokey/7.PracticalProject/Week7_Drive3/drive3_ws/build/my_robot/build --no-deps symlink_data
