[0.363s] Invoking command in '/home/jaeheyoung/Rokey/7.PracticalProject/Week3_Coop2/DR_ws/build/e0509_moveit_config': CMAKE_PREFIX_PATH=/opt/ros/humble /usr/bin/cmake /home/jaeheyoung/Rokey/7.PracticalProject/Week3_Coop2/DR_ws/src/doosan-robot2/dsr_moveit2/e0509_moveit_config -DCMAKE_INSTALL_PREFIX=/home/jaeheyoung/Rokey/7.PracticalProject/Week3_Coop2/DR_ws/install/e0509_moveit_config
[0.421s] -- The C compiler identification is GNU 11.4.0
[0.559s] -- The CXX compiler identification is GNU 11.4.0
[0.566s] -- Detecting C compiler ABI info
[0.675s] -- Detecting C compiler ABI info - done
[0.683s] -- Check for working C compiler: /usr/bin/cc - skipped
[0.683s] -- Detecting C compile features
[0.684s] -- Detecting C compile features - done
[0.687s] -- Detecting CXX compiler ABI info
[0.999s] -- Detecting CXX compiler ABI info - done
[1.065s] -- Check for working CXX compiler: /usr/bin/c++ - skipped
[1.066s] -- Detecting CXX compile features
[1.070s] -- Detecting CXX compile features - done
[1.091s] -- Found ament_cmake: 1.3.10 (/opt/ros/humble/share/ament_cmake/cmake)
[1.515s] -- Found Python3: /usr/bin/python3 (found version "3.10.12") found components: Interpreter 
[1.691s] -- Configuring done
[1.693s] -- Generating done
[1.693s] -- Build files have been written to: /home/jaeheyoung/Rokey/7.PracticalProject/Week3_Coop2/DR_ws/build/e0509_moveit_config
[2.338s] Invoked command in '/home/jaeheyoung/Rokey/7.PracticalProject/Week3_Coop2/DR_ws/build/e0509_moveit_config' returned '0': CMAKE_PREFIX_PATH=/opt/ros/humble /usr/bin/cmake /home/jaeheyoung/Rokey/7.PracticalProject/Week3_Coop2/DR_ws/src/doosan-robot2/dsr_moveit2/e0509_moveit_config -DCMAKE_INSTALL_PREFIX=/home/jaeheyoung/Rokey/7.PracticalProject/Week3_Coop2/DR_ws/install/e0509_moveit_config
[2.341s] Invoking command in '/home/jaeheyoung/Rokey/7.PracticalProject/Week3_Coop2/DR_ws/build/e0509_moveit_config': CMAKE_PREFIX_PATH=/opt/ros/humble /usr/bin/cmake --build /home/jaeheyoung/Rokey/7.PracticalProject/Week3_Coop2/DR_ws/build/e0509_moveit_config -- -j20 -l20
[2.517s] Invoked command in '/home/jaeheyoung/Rokey/7.PracticalProject/Week3_Coop2/DR_ws/build/e0509_moveit_config' returned '0': CMAKE_PREFIX_PATH=/opt/ros/humble /usr/bin/cmake --build /home/jaeheyoung/Rokey/7.PracticalProject/Week3_Coop2/DR_ws/build/e0509_moveit_config -- -j20 -l20
[2.582s] Invoking command in '/home/jaeheyoung/Rokey/7.PracticalProject/Week3_Coop2/DR_ws/build/e0509_moveit_config': CMAKE_PREFIX_PATH=/opt/ros/humble /usr/bin/cmake --install /home/jaeheyoung/Rokey/7.PracticalProject/Week3_Coop2/DR_ws/build/e0509_moveit_config
[2.601s] -- Install configuration: ""
[2.601s] -- Installing: /home/jaeheyoung/Rokey/7.PracticalProject/Week3_Coop2/DR_ws/install/e0509_moveit_config/share/ament_index/resource_index/package_run_dependencies/e0509_moveit_config
[2.604s] -- Installing: /home/jaeheyoung/Rokey/7.PracticalProject/Week3_Coop2/DR_ws/install/e0509_moveit_config/share/ament_index/resource_index/parent_prefix_path/e0509_moveit_config
[2.610s] -- Installing: /home/jaeheyoung/Rokey/7.PracticalProject/Week3_Coop2/DR_ws/install/e0509_moveit_config/share/e0509_moveit_config/environment/ament_prefix_path.sh
[2.611s] -- Installing: /home/jaeheyoung/Rokey/7.PracticalProject/Week3_Coop2/DR_ws/install/e0509_moveit_config/share/e0509_moveit_config/environment/ament_prefix_path.dsv
[2.611s] -- Installing: /home/jaeheyoung/Rokey/7.PracticalProject/Week3_Coop2/DR_ws/install/e0509_moveit_config/share/e0509_moveit_config/environment/path.sh
[2.611s] -- Installing: /home/jaeheyoung/Rokey/7.PracticalProject/Week3_Coop2/DR_ws/install/e0509_moveit_config/share/e0509_moveit_config/environment/path.dsv
[2.611s] -- Installing: /home/jaeheyoung/Rokey/7.PracticalProject/Week3_Coop2/DR_ws/install/e0509_moveit_config/share/e0509_moveit_config/local_setup.bash
[2.611s] -- Installing: /home/jaeheyoung/Rokey/7.PracticalProject/Week3_Coop2/DR_ws/install/e0509_moveit_config/share/e0509_moveit_config/local_setup.sh
[2.611s] -- Installing: /home/jaeheyoung/Rokey/7.PracticalProject/Week3_Coop2/DR_ws/install/e0509_moveit_config/share/e0509_moveit_config/local_setup.zsh
[2.613s] -- Installing: /home/jaeheyoung/Rokey/7.PracticalProject/Week3_Coop2/DR_ws/install/e0509_moveit_config/share/e0509_moveit_config/local_setup.dsv
[2.613s] -- Installing: /home/jaeheyoung/Rokey/7.PracticalProject/Week3_Coop2/DR_ws/install/e0509_moveit_config/share/e0509_moveit_config/package.dsv
[2.613s] -- Installing: /home/jaeheyoung/Rokey/7.PracticalProject/Week3_Coop2/DR_ws/install/e0509_moveit_config/share/ament_index/resource_index/packages/e0509_moveit_config
[2.613s] -- Installing: /home/jaeheyoung/Rokey/7.PracticalProject/Week3_Coop2/DR_ws/install/e0509_moveit_config/share/e0509_moveit_config/cmake/e0509_moveit_configConfig.cmake
[2.613s] -- Installing: /home/jaeheyoung/Rokey/7.PracticalProject/Week3_Coop2/DR_ws/install/e0509_moveit_config/share/e0509_moveit_config/cmake/e0509_moveit_configConfig-version.cmake
[2.613s] -- Installing: /home/jaeheyoung/Rokey/7.PracticalProject/Week3_Coop2/DR_ws/install/e0509_moveit_config/share/e0509_moveit_config/package.xml
[2.613s] -- Installing: /home/jaeheyoung/Rokey/7.PracticalProject/Week3_Coop2/DR_ws/install/e0509_moveit_config/share/e0509_moveit_config/launch
[2.614s] -- Installing: /home/jaeheyoung/Rokey/7.PracticalProject/Week3_Coop2/DR_ws/install/e0509_moveit_config/share/e0509_moveit_config/launch/start.launch.py
[2.614s] -- Installing: /home/jaeheyoung/Rokey/7.PracticalProject/Week3_Coop2/DR_ws/install/e0509_moveit_config/share/e0509_moveit_config/launch/moveit.rviz
[2.614s] -- Installing: /home/jaeheyoung/Rokey/7.PracticalProject/Week3_Coop2/DR_ws/install/e0509_moveit_config/share/e0509_moveit_config/config
[2.614s] -- Installing: /home/jaeheyoung/Rokey/7.PracticalProject/Week3_Coop2/DR_ws/install/e0509_moveit_config/share/e0509_moveit_config/config/sensors_3d.yaml
[2.614s] -- Installing: /home/jaeheyoung/Rokey/7.PracticalProject/Week3_Coop2/DR_ws/install/e0509_moveit_config/share/e0509_moveit_config/config/pilz_cartesian_limits.yaml
[2.615s] -- Installing: /home/jaeheyoung/Rokey/7.PracticalProject/Week3_Coop2/DR_ws/install/e0509_moveit_config/share/e0509_moveit_config/config/joint_limits.yaml
[2.615s] -- Installing: /home/jaeheyoung/Rokey/7.PracticalProject/Week3_Coop2/DR_ws/install/e0509_moveit_config/share/e0509_moveit_config/config/dsr.ros2_control.xacro
[2.615s] -- Installing: /home/jaeheyoung/Rokey/7.PracticalProject/Week3_Coop2/DR_ws/install/e0509_moveit_config/share/e0509_moveit_config/config/dsr.srdf
[2.615s] -- Installing: /home/jaeheyoung/Rokey/7.PracticalProject/Week3_Coop2/DR_ws/install/e0509_moveit_config/share/e0509_moveit_config/config/e0509.urdf.xacro
[2.615s] -- Installing: /home/jaeheyoung/Rokey/7.PracticalProject/Week3_Coop2/DR_ws/install/e0509_moveit_config/share/e0509_moveit_config/config/ros2_controllers.yaml
[2.615s] -- Installing: /home/jaeheyoung/Rokey/7.PracticalProject/Week3_Coop2/DR_ws/install/e0509_moveit_config/share/e0509_moveit_config/config/kinematics.yaml
[2.616s] -- Installing: /home/jaeheyoung/Rokey/7.PracticalProject/Week3_Coop2/DR_ws/install/e0509_moveit_config/share/e0509_moveit_config/config/moveit_controllers.yaml
[2.618s] -- Installing: /home/jaeheyoung/Rokey/7.PracticalProject/Week3_Coop2/DR_ws/install/e0509_moveit_config/share/e0509_moveit_config/config/ompl_planning.yaml
[2.618s] -- Installing: /home/jaeheyoung/Rokey/7.PracticalProject/Week3_Coop2/DR_ws/install/e0509_moveit_config/share/e0509_moveit_config/config/chomp_planning.yaml
[2.618s] -- Installing: /home/jaeheyoung/Rokey/7.PracticalProject/Week3_Coop2/DR_ws/install/e0509_moveit_config/share/e0509_moveit_config/config/initial_positions.yaml
[2.621s] -- Installing: /home/jaeheyoung/Rokey/7.PracticalProject/Week3_Coop2/DR_ws/install/e0509_moveit_config/share/e0509_moveit_config/.setup_assistant
[2.649s] Invoked command in '/home/jaeheyoung/Rokey/7.PracticalProject/Week3_Coop2/DR_ws/build/e0509_moveit_config' returned '0': CMAKE_PREFIX_PATH=/opt/ros/humble /usr/bin/cmake --install /home/jaeheyoung/Rokey/7.PracticalProject/Week3_Coop2/DR_ws/build/e0509_moveit_config
