[0.122s] DEBUG:colcon:Command line arguments: ['/usr/bin/colcon', 'build', '--symlink-install']
[0.122s] DEBUG:colcon:Parsed command line arguments: Namespace(log_base=None, log_level=None, verb_name='build', build_base='build', install_base='install', merge_install=False, symlink_install=True, test_result_base=None, continue_on_error=False, executor='parallel', parallel_workers=20, event_handlers=None, ignore_user_meta=False, metas=['./colcon.meta'], base_paths=['.'], packages_ignore=None, packages_ignore_regex=None, paths=None, packages_up_to=None, packages_up_to_regex=None, packages_above=None, packages_above_and_dependencies=None, packages_above_depth=None, packages_select_by_dep=None, packages_skip_by_dep=None, packages_skip_up_to=None, packages_select_build_failed=False, packages_skip_build_finished=False, packages_select_test_failures=False, packages_skip_test_passed=False, packages_select=None, packages_skip=None, packages_select_regex=None, packages_skip_regex=None, packages_start=None, packages_end=None, allow_overriding=[], cmake_args=None, cmake_target=None, cmake_target_skip_unavailable=False, cmake_clean_cache=False, cmake_clean_first=False, cmake_force_configure=False, ament_cmake_args=None, catkin_cmake_args=None, catkin_skip_building_tests=False, mixin_files=None, mixin=None, verb_parser=<colcon_mixin.mixin.mixin_argument.MixinArgumentDecorator object at 0x776347455780>, verb_extension=<colcon_core.verb.build.BuildVerb object at 0x7763474552d0>, main=<bound method BuildVerb.main of <colcon_core.verb.build.BuildVerb object at 0x7763474552d0>>, mixin_verb=('build',))
[0.432s] Level 1:colcon.colcon_core.package_discovery:discover_packages(colcon_meta) check parameters
[0.432s] Level 1:colcon.colcon_core.package_discovery:discover_packages(recursive) check parameters
[0.432s] Level 1:colcon.colcon_core.package_discovery:discover_packages(ignore) check parameters
[0.432s] Level 1:colcon.colcon_core.package_discovery:discover_packages(path) check parameters
[0.432s] Level 1:colcon.colcon_core.package_discovery:discover_packages(colcon_meta) discover
[0.432s] Level 1:colcon.colcon_core.package_discovery:discover_packages(recursive) discover
[0.432s] INFO:colcon.colcon_core.package_discovery:Crawling recursively for packages in '/home/jaeheyoung/robot_service_ws'
[0.432s] Level 1:colcon.colcon_core.package_identification:_identify(.) by extensions ['ignore', 'ignore_ament_install']
[0.432s] Level 1:colcon.colcon_core.package_identification:_identify(.) by extension 'ignore'
[0.432s] Level 1:colcon.colcon_core.package_identification:_identify(.) by extension 'ignore_ament_install'
[0.432s] Level 1:colcon.colcon_core.package_identification:_identify(.) by extensions ['colcon_pkg']
[0.432s] Level 1:colcon.colcon_core.package_identification:_identify(.) by extension 'colcon_pkg'
[0.432s] Level 1:colcon.colcon_core.package_identification:_identify(.) by extensions ['colcon_meta']
[0.432s] Level 1:colcon.colcon_core.package_identification:_identify(.) by extension 'colcon_meta'
[0.433s] Level 1:colcon.colcon_core.package_identification:_identify(.) by extensions ['ros']
[0.433s] Level 1:colcon.colcon_core.package_identification:_identify(.) by extension 'ros'
[0.454s] Level 1:colcon.colcon_core.package_identification:_identify(.) by extensions ['cmake', 'python']
[0.454s] Level 1:colcon.colcon_core.package_identification:_identify(.) by extension 'cmake'
[0.454s] Level 1:colcon.colcon_core.package_identification:_identify(.) by extension 'python'
[0.454s] Level 1:colcon.colcon_core.package_identification:_identify(.) by extensions ['python_setup_py']
[0.454s] Level 1:colcon.colcon_core.package_identification:_identify(.) by extension 'python_setup_py'
[0.454s] Level 1:colcon.colcon_core.package_identification:_identify(build) by extensions ['ignore', 'ignore_ament_install']
[0.454s] Level 1:colcon.colcon_core.package_identification:_identify(build) by extension 'ignore'
[0.454s] Level 1:colcon.colcon_core.package_identification:_identify(build) ignored
[0.454s] Level 1:colcon.colcon_core.package_identification:_identify(install) by extensions ['ignore', 'ignore_ament_install']
[0.454s] Level 1:colcon.colcon_core.package_identification:_identify(install) by extension 'ignore'
[0.454s] Level 1:colcon.colcon_core.package_identification:_identify(install) ignored
[0.455s] Level 1:colcon.colcon_core.package_identification:_identify(log) by extensions ['ignore', 'ignore_ament_install']
[0.455s] Level 1:colcon.colcon_core.package_identification:_identify(log) by extension 'ignore'
[0.455s] Level 1:colcon.colcon_core.package_identification:_identify(log) ignored
[0.455s] Level 1:colcon.colcon_core.package_identification:_identify(src) by extensions ['ignore', 'ignore_ament_install']
[0.455s] Level 1:colcon.colcon_core.package_identification:_identify(src) by extension 'ignore'
[0.455s] Level 1:colcon.colcon_core.package_identification:_identify(src) by extension 'ignore_ament_install'
[0.455s] Level 1:colcon.colcon_core.package_identification:_identify(src) by extensions ['colcon_pkg']
[0.455s] Level 1:colcon.colcon_core.package_identification:_identify(src) by extension 'colcon_pkg'
[0.455s] Level 1:colcon.colcon_core.package_identification:_identify(src) by extensions ['colcon_meta']
[0.455s] Level 1:colcon.colcon_core.package_identification:_identify(src) by extension 'colcon_meta'
[0.455s] Level 1:colcon.colcon_core.package_identification:_identify(src) by extensions ['ros']
[0.455s] Level 1:colcon.colcon_core.package_identification:_identify(src) by extension 'ros'
[0.455s] Level 1:colcon.colcon_core.package_identification:_identify(src) by extensions ['cmake', 'python']
[0.455s] Level 1:colcon.colcon_core.package_identification:_identify(src) by extension 'cmake'
[0.455s] Level 1:colcon.colcon_core.package_identification:_identify(src) by extension 'python'
[0.455s] Level 1:colcon.colcon_core.package_identification:_identify(src) by extensions ['python_setup_py']
[0.455s] Level 1:colcon.colcon_core.package_identification:_identify(src) by extension 'python_setup_py'
[0.455s] Level 1:colcon.colcon_core.package_identification:_identify(src/order_interface) by extensions ['ignore', 'ignore_ament_install']
[0.455s] Level 1:colcon.colcon_core.package_identification:_identify(src/order_interface) by extension 'ignore'
[0.456s] Level 1:colcon.colcon_core.package_identification:_identify(src/order_interface) by extension 'ignore_ament_install'
[0.456s] Level 1:colcon.colcon_core.package_identification:_identify(src/order_interface) by extensions ['colcon_pkg']
[0.456s] Level 1:colcon.colcon_core.package_identification:_identify(src/order_interface) by extension 'colcon_pkg'
[0.456s] Level 1:colcon.colcon_core.package_identification:_identify(src/order_interface) by extensions ['colcon_meta']
[0.456s] Level 1:colcon.colcon_core.package_identification:_identify(src/order_interface) by extension 'colcon_meta'
[0.456s] Level 1:colcon.colcon_core.package_identification:_identify(src/order_interface) by extensions ['ros']
[0.456s] Level 1:colcon.colcon_core.package_identification:_identify(src/order_interface) by extension 'ros'
[0.458s] DEBUG:colcon.colcon_core.package_identification:Package 'src/order_interface' with type 'ros.ament_cmake' and name 'order_interface'
[0.459s] Level 1:colcon.colcon_core.package_identification:_identify(src/robot_serving) by extensions ['ignore', 'ignore_ament_install']
[0.459s] Level 1:colcon.colcon_core.package_identification:_identify(src/robot_serving) by extension 'ignore'
[0.459s] Level 1:colcon.colcon_core.package_identification:_identify(src/robot_serving) by extension 'ignore_ament_install'
[0.459s] Level 1:colcon.colcon_core.package_identification:_identify(src/robot_serving) by extensions ['colcon_pkg']
[0.459s] Level 1:colcon.colcon_core.package_identification:_identify(src/robot_serving) by extension 'colcon_pkg'
[0.459s] Level 1:colcon.colcon_core.package_identification:_identify(src/robot_serving) by extensions ['colcon_meta']
[0.459s] Level 1:colcon.colcon_core.package_identification:_identify(src/robot_serving) by extension 'colcon_meta'
[0.459s] Level 1:colcon.colcon_core.package_identification:_identify(src/robot_serving) by extensions ['ros']
[0.459s] Level 1:colcon.colcon_core.package_identification:_identify(src/robot_serving) by extension 'ros'
[0.460s] DEBUG:colcon.colcon_core.package_identification:Package 'src/robot_serving' with type 'ros.ament_python' and name 'robot_serving'
[0.460s] Level 1:colcon.colcon_core.package_discovery:discover_packages(recursive) using defaults
[0.460s] Level 1:colcon.colcon_core.package_discovery:discover_packages(ignore) discover
[0.460s] Level 1:colcon.colcon_core.package_discovery:discover_packages(ignore) using defaults
[0.460s] Level 1:colcon.colcon_core.package_discovery:discover_packages(path) discover
[0.460s] Level 1:colcon.colcon_core.package_discovery:discover_packages(path) using defaults
[0.483s] Level 1:colcon.colcon_core.package_discovery:discover_packages(prefix_path) check parameters
[0.483s] Level 1:colcon.colcon_core.package_discovery:discover_packages(prefix_path) discover
[0.486s] DEBUG:colcon.colcon_installed_package_information.package_discovery:Found 12 installed packages in /home/jaeheyoung/turtlebot3_ws/install
[0.487s] DEBUG:colcon.colcon_installed_package_information.package_discovery:Found 375 installed packages in /opt/ros/humble
[0.489s] Level 1:colcon.colcon_core.package_discovery:discover_packages(prefix_path) using defaults
[0.536s] Level 5:colcon.colcon_core.verb:set package 'order_interface' build argument 'cmake_args' from command line to 'None'
[0.536s] Level 5:colcon.colcon_core.verb:set package 'order_interface' build argument 'cmake_target' from command line to 'None'
[0.536s] Level 5:colcon.colcon_core.verb:set package 'order_interface' build argument 'cmake_target_skip_unavailable' from command line to 'False'
[0.536s] Level 5:colcon.colcon_core.verb:set package 'order_interface' build argument 'cmake_clean_cache' from command line to 'False'
[0.536s] Level 5:colcon.colcon_core.verb:set package 'order_interface' build argument 'cmake_clean_first' from command line to 'False'
[0.536s] Level 5:colcon.colcon_core.verb:set package 'order_interface' build argument 'cmake_force_configure' from command line to 'False'
[0.536s] Level 5:colcon.colcon_core.verb:set package 'order_interface' build argument 'ament_cmake_args' from command line to 'None'
[0.536s] Level 5:colcon.colcon_core.verb:set package 'order_interface' build argument 'catkin_cmake_args' from command line to 'None'
[0.536s] Level 5:colcon.colcon_core.verb:set package 'order_interface' build argument 'catkin_skip_building_tests' from command line to 'False'
[0.536s] DEBUG:colcon.colcon_core.verb:Building package 'order_interface' with the following arguments: {'ament_cmake_args': None, 'build_base': '/home/jaeheyoung/robot_service_ws/build/order_interface', 'catkin_cmake_args': None, 'catkin_skip_building_tests': False, 'cmake_args': None, 'cmake_clean_cache': False, 'cmake_clean_first': False, 'cmake_force_configure': False, 'cmake_target': None, 'cmake_target_skip_unavailable': False, 'install_base': '/home/jaeheyoung/robot_service_ws/install/order_interface', 'merge_install': False, 'path': '/home/jaeheyoung/robot_service_ws/src/order_interface', 'symlink_install': True, 'test_result_base': None}
[0.536s] Level 5:colcon.colcon_core.verb:set package 'robot_serving' build argument 'cmake_args' from command line to 'None'
[0.536s] Level 5:colcon.colcon_core.verb:set package 'robot_serving' build argument 'cmake_target' from command line to 'None'
[0.536s] Level 5:colcon.colcon_core.verb:set package 'robot_serving' build argument 'cmake_target_skip_unavailable' from command line to 'False'
[0.536s] Level 5:colcon.colcon_core.verb:set package 'robot_serving' build argument 'cmake_clean_cache' from command line to 'False'
[0.536s] Level 5:colcon.colcon_core.verb:set package 'robot_serving' build argument 'cmake_clean_first' from command line to 'False'
[0.536s] Level 5:colcon.colcon_core.verb:set package 'robot_serving' build argument 'cmake_force_configure' from command line to 'False'
[0.536s] Level 5:colcon.colcon_core.verb:set package 'robot_serving' build argument 'ament_cmake_args' from command line to 'None'
[0.536s] Level 5:colcon.colcon_core.verb:set package 'robot_serving' build argument 'catkin_cmake_args' from command line to 'None'
[0.536s] Level 5:colcon.colcon_core.verb:set package 'robot_serving' build argument 'catkin_skip_building_tests' from command line to 'False'
[0.536s] DEBUG:colcon.colcon_core.verb:Building package 'robot_serving' with the following arguments: {'ament_cmake_args': None, 'build_base': '/home/jaeheyoung/robot_service_ws/build/robot_serving', 'catkin_cmake_args': None, 'catkin_skip_building_tests': False, 'cmake_args': None, 'cmake_clean_cache': False, 'cmake_clean_first': False, 'cmake_force_configure': False, 'cmake_target': None, 'cmake_target_skip_unavailable': False, 'install_base': '/home/jaeheyoung/robot_service_ws/install/robot_serving', 'merge_install': False, 'path': '/home/jaeheyoung/robot_service_ws/src/robot_serving', 'symlink_install': True, 'test_result_base': None}
[0.537s] INFO:colcon.colcon_core.executor:Executing jobs using 'parallel' executor
[0.539s] DEBUG:colcon.colcon_parallel_executor.executor.parallel:run_until_complete
[0.539s] INFO:colcon.colcon_ros.task.ament_cmake.build:Building ROS package in '/home/jaeheyoung/robot_service_ws/src/order_interface' with build type 'ament_cmake'
[0.539s] INFO:colcon.colcon_cmake.task.cmake.build:Building CMake package in '/home/jaeheyoung/robot_service_ws/src/order_interface'
[0.546s] INFO:colcon.colcon_core.plugin_system:Skipping extension 'colcon_core.shell.bat': Not used on non-Windows systems
[0.546s] INFO:colcon.colcon_core.shell:Skip shell extension 'powershell' for command environment: Not usable outside of PowerShell
[0.546s] DEBUG:colcon.colcon_core.shell:Skip shell extension 'dsv' for command environment
[0.552s] INFO:colcon.colcon_ros.task.ament_python.build:Building ROS package in '/home/jaeheyoung/robot_service_ws/src/robot_serving' with build type 'ament_python'
[0.552s] Level 1:colcon.colcon_core.shell:create_environment_hook('robot_serving', 'ament_prefix_path')
[0.553s] INFO:colcon.colcon_core.shell:Creating environment hook '/home/jaeheyoung/robot_service_ws/install/robot_serving/share/robot_serving/hook/ament_prefix_path.ps1'
[0.555s] INFO:colcon.colcon_core.shell:Creating environment descriptor '/home/jaeheyoung/robot_service_ws/install/robot_serving/share/robot_serving/hook/ament_prefix_path.dsv'
[0.555s] INFO:colcon.colcon_core.shell:Creating environment hook '/home/jaeheyoung/robot_service_ws/install/robot_serving/share/robot_serving/hook/ament_prefix_path.sh'
[0.556s] INFO:colcon.colcon_core.shell:Skip shell extension 'powershell' for command environment: Not usable outside of PowerShell
[0.556s] DEBUG:colcon.colcon_core.shell:Skip shell extension 'dsv' for command environment
[0.574s] DEBUG:colcon.colcon_core.event_handler.log_command:Invoking command in '/home/jaeheyoung/robot_service_ws/build/order_interface': CMAKE_PREFIX_PATH=${CMAKE_PREFIX_PATH}:/home/jaeheyoung/turtlebot3_ws/install/turtlebot3_teleop:/home/jaeheyoung/turtlebot3_ws/install/turtlebot3_example:/opt/ros/humble /usr/bin/cmake /home/jaeheyoung/robot_service_ws/src/order_interface -DAMENT_CMAKE_SYMLINK_INSTALL=1 -DCMAKE_INSTALL_PREFIX=/home/jaeheyoung/robot_service_ws/install/order_interface
[0.952s] INFO:colcon.colcon_core.task.python.build:Building Python package in '/home/jaeheyoung/robot_service_ws/src/robot_serving'
[0.952s] INFO:colcon.colcon_core.shell:Skip shell extension 'powershell' for command environment: Not usable outside of PowerShell
[0.952s] DEBUG:colcon.colcon_core.shell:Skip shell extension 'dsv' for command environment
[1.490s] DEBUG:colcon.colcon_core.event_handler.log_command:Invoking command in '/home/jaeheyoung/robot_service_ws/build/robot_serving': PYTHONPATH=/home/jaeheyoung/robot_service_ws/build/robot_serving/prefix_override:/usr/lib/python3/dist-packages/colcon_core/task/python/colcon_distutils_commands:/home/jaeheyoung/robot_service_ws/install/robot_serving/lib/python3.10/site-packages:${PYTHONPATH} /usr/bin/python3 -W ignore:setup.py install is deprecated setup.py develop --editable --build-directory /home/jaeheyoung/robot_service_ws/build/robot_serving/build --no-deps symlink_data
[2.076s] Level 1:colcon.colcon_core.shell:create_environment_hook('robot_serving', 'pythonpath_develop')
[2.077s] INFO:colcon.colcon_core.shell:Creating environment hook '/home/jaeheyoung/robot_service_ws/build/robot_serving/share/robot_serving/hook/pythonpath_develop.ps1'
[2.080s] DEBUG:colcon.colcon_core.event_handler.log_command:Invoked command in '/home/jaeheyoung/robot_service_ws/build/robot_serving' returned '0': PYTHONPATH=/home/jaeheyoung/robot_service_ws/build/robot_serving/prefix_override:/usr/lib/python3/dist-packages/colcon_core/task/python/colcon_distutils_commands:/home/jaeheyoung/robot_service_ws/install/robot_serving/lib/python3.10/site-packages:${PYTHONPATH} /usr/bin/python3 -W ignore:setup.py install is deprecated setup.py develop --editable --build-directory /home/jaeheyoung/robot_service_ws/build/robot_serving/build --no-deps symlink_data
[2.081s] INFO:colcon.colcon_core.shell:Creating environment descriptor '/home/jaeheyoung/robot_service_ws/build/robot_serving/share/robot_serving/hook/pythonpath_develop.dsv'
[2.084s] INFO:colcon.colcon_core.shell:Creating environment hook '/home/jaeheyoung/robot_service_ws/build/robot_serving/share/robot_serving/hook/pythonpath_develop.sh'
[2.088s] Level 1:colcon.colcon_core.environment:checking '/home/jaeheyoung/robot_service_ws/install/robot_serving' for CMake module files
[2.088s] Level 1:colcon.colcon_core.environment:checking '/home/jaeheyoung/robot_service_ws/install/robot_serving' for CMake config files
[2.089s] Level 1:colcon.colcon_core.environment:checking '/home/jaeheyoung/robot_service_ws/install/robot_serving/lib'
[2.089s] Level 1:colcon.colcon_core.environment:checking '/home/jaeheyoung/robot_service_ws/install/robot_serving/bin'
[2.089s] Level 1:colcon.colcon_core.environment:checking '/home/jaeheyoung/robot_service_ws/install/robot_serving/lib/pkgconfig/robot_serving.pc'
[2.089s] Level 1:colcon.colcon_core.environment:checking '/home/jaeheyoung/robot_service_ws/install/robot_serving/lib/python3.10/site-packages'
[2.089s] Level 1:colcon.colcon_core.shell:create_environment_hook('robot_serving', 'pythonpath')
[2.089s] INFO:colcon.colcon_core.shell:Creating environment hook '/home/jaeheyoung/robot_service_ws/install/robot_serving/share/robot_serving/hook/pythonpath.ps1'
[2.090s] INFO:colcon.colcon_core.shell:Creating environment descriptor '/home/jaeheyoung/robot_service_ws/install/robot_serving/share/robot_serving/hook/pythonpath.dsv'
[2.090s] INFO:colcon.colcon_core.shell:Creating environment hook '/home/jaeheyoung/robot_service_ws/install/robot_serving/share/robot_serving/hook/pythonpath.sh'
[2.091s] Level 1:colcon.colcon_core.environment:checking '/home/jaeheyoung/robot_service_ws/install/robot_serving/bin'
[2.091s] Level 1:colcon.colcon_core.environment:create_environment_scripts_only(robot_serving)
[2.091s] INFO:colcon.colcon_core.shell:Creating package script '/home/jaeheyoung/robot_service_ws/install/robot_serving/share/robot_serving/package.ps1'
[2.092s] INFO:colcon.colcon_core.shell:Creating package descriptor '/home/jaeheyoung/robot_service_ws/install/robot_serving/share/robot_serving/package.dsv'
[2.093s] INFO:colcon.colcon_core.shell:Creating package script '/home/jaeheyoung/robot_service_ws/install/robot_serving/share/robot_serving/package.sh'
[2.093s] INFO:colcon.colcon_core.shell:Creating package script '/home/jaeheyoung/robot_service_ws/install/robot_serving/share/robot_serving/package.bash'
[2.094s] INFO:colcon.colcon_core.shell:Creating package script '/home/jaeheyoung/robot_service_ws/install/robot_serving/share/robot_serving/package.zsh'
[2.095s] Level 1:colcon.colcon_core.environment:create_file_with_runtime_dependencies(/home/jaeheyoung/robot_service_ws/install/robot_serving/share/colcon-core/packages/robot_serving)
[2.720s] DEBUG:colcon.colcon_core.event_handler.log_command:Invoked command in '/home/jaeheyoung/robot_service_ws/build/order_interface' returned '0': CMAKE_PREFIX_PATH=${CMAKE_PREFIX_PATH}:/home/jaeheyoung/turtlebot3_ws/install/turtlebot3_teleop:/home/jaeheyoung/turtlebot3_ws/install/turtlebot3_example:/opt/ros/humble /usr/bin/cmake /home/jaeheyoung/robot_service_ws/src/order_interface -DAMENT_CMAKE_SYMLINK_INSTALL=1 -DCMAKE_INSTALL_PREFIX=/home/jaeheyoung/robot_service_ws/install/order_interface
[2.722s] DEBUG:colcon.colcon_core.event_handler.log_command:Invoking command in '/home/jaeheyoung/robot_service_ws/build/order_interface': CMAKE_PREFIX_PATH=${CMAKE_PREFIX_PATH}:/home/jaeheyoung/turtlebot3_ws/install/turtlebot3_teleop:/home/jaeheyoung/turtlebot3_ws/install/turtlebot3_example:/opt/ros/humble /usr/bin/cmake --build /home/jaeheyoung/robot_service_ws/build/order_interface -- -j20 -l20
[5.111s] DEBUG:colcon.colcon_core.event_handler.log_command:Invoked command in '/home/jaeheyoung/robot_service_ws/build/order_interface' returned '0': CMAKE_PREFIX_PATH=${CMAKE_PREFIX_PATH}:/home/jaeheyoung/turtlebot3_ws/install/turtlebot3_teleop:/home/jaeheyoung/turtlebot3_ws/install/turtlebot3_example:/opt/ros/humble /usr/bin/cmake --build /home/jaeheyoung/robot_service_ws/build/order_interface -- -j20 -l20
[5.343s] DEBUG:colcon.colcon_core.event_handler.log_command:Invoking command in '/home/jaeheyoung/robot_service_ws/build/order_interface': CMAKE_PREFIX_PATH=${CMAKE_PREFIX_PATH}:/home/jaeheyoung/turtlebot3_ws/install/turtlebot3_teleop:/home/jaeheyoung/turtlebot3_ws/install/turtlebot3_example:/opt/ros/humble /usr/bin/cmake --install /home/jaeheyoung/robot_service_ws/build/order_interface
[6.205s] Level 1:colcon.colcon_core.environment:create_environment_scripts_only(order_interface)
[6.206s] DEBUG:colcon.colcon_core.event_handler.log_command:Invoked command in '/home/jaeheyoung/robot_service_ws/build/order_interface' returned '0': CMAKE_PREFIX_PATH=${CMAKE_PREFIX_PATH}:/home/jaeheyoung/turtlebot3_ws/install/turtlebot3_teleop:/home/jaeheyoung/turtlebot3_ws/install/turtlebot3_example:/opt/ros/humble /usr/bin/cmake --install /home/jaeheyoung/robot_service_ws/build/order_interface
[6.208s] Level 1:colcon.colcon_core.environment:checking '/home/jaeheyoung/robot_service_ws/install/order_interface' for CMake module files
[6.213s] Level 1:colcon.colcon_core.environment:checking '/home/jaeheyoung/robot_service_ws/install/order_interface' for CMake config files
[6.216s] Level 1:colcon.colcon_core.shell:create_environment_hook('order_interface', 'cmake_prefix_path')
[6.218s] INFO:colcon.colcon_core.shell:Creating environment hook '/home/jaeheyoung/robot_service_ws/install/order_interface/share/order_interface/hook/cmake_prefix_path.ps1'
[6.221s] INFO:colcon.colcon_core.shell:Creating environment descriptor '/home/jaeheyoung/robot_service_ws/install/order_interface/share/order_interface/hook/cmake_prefix_path.dsv'
[6.224s] INFO:colcon.colcon_core.shell:Creating environment hook '/home/jaeheyoung/robot_service_ws/install/order_interface/share/order_interface/hook/cmake_prefix_path.sh'
[6.228s] Level 1:colcon.colcon_core.environment:checking '/home/jaeheyoung/robot_service_ws/install/order_interface/lib'
[6.228s] Level 1:colcon.colcon_core.shell:create_environment_hook('order_interface', 'ld_library_path_lib')
[6.230s] INFO:colcon.colcon_core.shell:Creating environment hook '/home/jaeheyoung/robot_service_ws/install/order_interface/share/order_interface/hook/ld_library_path_lib.ps1'
[6.233s] INFO:colcon.colcon_core.shell:Creating environment descriptor '/home/jaeheyoung/robot_service_ws/install/order_interface/share/order_interface/hook/ld_library_path_lib.dsv'
[6.236s] INFO:colcon.colcon_core.shell:Creating environment hook '/home/jaeheyoung/robot_service_ws/install/order_interface/share/order_interface/hook/ld_library_path_lib.sh'
[6.239s] Level 1:colcon.colcon_core.environment:checking '/home/jaeheyoung/robot_service_ws/install/order_interface/bin'
[6.239s] Level 1:colcon.colcon_core.environment:checking '/home/jaeheyoung/robot_service_ws/install/order_interface/lib/pkgconfig/order_interface.pc'
[6.240s] Level 1:colcon.colcon_core.environment:checking '/home/jaeheyoung/robot_service_ws/install/order_interface/lib/python3.10/site-packages'
[6.240s] Level 1:colcon.colcon_core.environment:checking '/home/jaeheyoung/robot_service_ws/install/order_interface/bin'
[6.240s] INFO:colcon.colcon_core.shell:Creating package script '/home/jaeheyoung/robot_service_ws/install/order_interface/share/order_interface/package.ps1'
[6.241s] INFO:colcon.colcon_core.shell:Creating package descriptor '/home/jaeheyoung/robot_service_ws/install/order_interface/share/order_interface/package.dsv'
[6.241s] INFO:colcon.colcon_core.shell:Creating package script '/home/jaeheyoung/robot_service_ws/install/order_interface/share/order_interface/package.sh'
[6.242s] INFO:colcon.colcon_core.shell:Creating package script '/home/jaeheyoung/robot_service_ws/install/order_interface/share/order_interface/package.bash'
[6.242s] INFO:colcon.colcon_core.shell:Creating package script '/home/jaeheyoung/robot_service_ws/install/order_interface/share/order_interface/package.zsh'
[6.242s] Level 1:colcon.colcon_core.environment:create_file_with_runtime_dependencies(/home/jaeheyoung/robot_service_ws/install/order_interface/share/colcon-core/packages/order_interface)
[6.491s] Level 1:colcon.colcon_core.environment:create_environment_scripts_only(order_interface)
[6.494s] Level 1:colcon.colcon_core.environment:checking '/home/jaeheyoung/robot_service_ws/install/order_interface' for CMake module files
[6.500s] Level 1:colcon.colcon_core.environment:checking '/home/jaeheyoung/robot_service_ws/install/order_interface' for CMake config files
[6.503s] Level 1:colcon.colcon_core.shell:create_environment_hook('order_interface', 'cmake_prefix_path')
[6.505s] INFO:colcon.colcon_core.shell:Creating environment hook '/home/jaeheyoung/robot_service_ws/install/order_interface/share/order_interface/hook/cmake_prefix_path.ps1'
[6.506s] INFO:colcon.colcon_core.shell:Creating environment descriptor '/home/jaeheyoung/robot_service_ws/install/order_interface/share/order_interface/hook/cmake_prefix_path.dsv'
[6.507s] INFO:colcon.colcon_core.shell:Creating environment hook '/home/jaeheyoung/robot_service_ws/install/order_interface/share/order_interface/hook/cmake_prefix_path.sh'
[6.507s] Level 1:colcon.colcon_core.environment:checking '/home/jaeheyoung/robot_service_ws/install/order_interface/lib'
[6.508s] Level 1:colcon.colcon_core.shell:create_environment_hook('order_interface', 'ld_library_path_lib')
[6.508s] INFO:colcon.colcon_core.shell:Creating environment hook '/home/jaeheyoung/robot_service_ws/install/order_interface/share/order_interface/hook/ld_library_path_lib.ps1'
[6.508s] INFO:colcon.colcon_core.shell:Creating environment descriptor '/home/jaeheyoung/robot_service_ws/install/order_interface/share/order_interface/hook/ld_library_path_lib.dsv'
[6.509s] INFO:colcon.colcon_core.shell:Creating environment hook '/home/jaeheyoung/robot_service_ws/install/order_interface/share/order_interface/hook/ld_library_path_lib.sh'
[6.509s] Level 1:colcon.colcon_core.environment:checking '/home/jaeheyoung/robot_service_ws/install/order_interface/bin'
[6.509s] Level 1:colcon.colcon_core.environment:checking '/home/jaeheyoung/robot_service_ws/install/order_interface/lib/pkgconfig/order_interface.pc'
[6.509s] Level 1:colcon.colcon_core.environment:checking '/home/jaeheyoung/robot_service_ws/install/order_interface/lib/python3.10/site-packages'
[6.510s] Level 1:colcon.colcon_core.environment:checking '/home/jaeheyoung/robot_service_ws/install/order_interface/bin'
[6.510s] INFO:colcon.colcon_core.shell:Creating package script '/home/jaeheyoung/robot_service_ws/install/order_interface/share/order_interface/package.ps1'
[6.511s] INFO:colcon.colcon_core.shell:Creating package descriptor '/home/jaeheyoung/robot_service_ws/install/order_interface/share/order_interface/package.dsv'
[6.511s] INFO:colcon.colcon_core.shell:Creating package script '/home/jaeheyoung/robot_service_ws/install/order_interface/share/order_interface/package.sh'
[6.512s] INFO:colcon.colcon_core.shell:Creating package script '/home/jaeheyoung/robot_service_ws/install/order_interface/share/order_interface/package.bash'
[6.512s] INFO:colcon.colcon_core.shell:Creating package script '/home/jaeheyoung/robot_service_ws/install/order_interface/share/order_interface/package.zsh'
[6.514s] Level 1:colcon.colcon_core.environment:create_file_with_runtime_dependencies(/home/jaeheyoung/robot_service_ws/install/order_interface/share/colcon-core/packages/order_interface)
[6.514s] DEBUG:colcon.colcon_parallel_executor.executor.parallel:closing loop
[6.515s] DEBUG:colcon.colcon_parallel_executor.executor.parallel:loop closed
[6.515s] DEBUG:colcon.colcon_parallel_executor.executor.parallel:run_until_complete finished with '0'
[6.515s] DEBUG:colcon.colcon_core.event_reactor:joining thread
[6.520s] INFO:colcon.colcon_core.plugin_system:Skipping extension 'colcon_notification.desktop_notification.terminal_notifier': Not used on non-Darwin systems
[6.520s] INFO:colcon.colcon_core.plugin_system:Skipping extension 'colcon_notification.desktop_notification.win32': Not used on non-Windows systems
[6.521s] INFO:colcon.colcon_notification.desktop_notification:Sending desktop notification using 'notify2'
[6.535s] DEBUG:colcon.colcon_core.event_reactor:joined thread
[6.536s] INFO:colcon.colcon_core.shell:Creating prefix script '/home/jaeheyoung/robot_service_ws/install/local_setup.ps1'
[6.543s] INFO:colcon.colcon_core.shell:Creating prefix util module '/home/jaeheyoung/robot_service_ws/install/_local_setup_util_ps1.py'
[6.545s] INFO:colcon.colcon_core.shell:Creating prefix chain script '/home/jaeheyoung/robot_service_ws/install/setup.ps1'
[6.546s] INFO:colcon.colcon_core.shell:Creating prefix script '/home/jaeheyoung/robot_service_ws/install/local_setup.sh'
[6.546s] INFO:colcon.colcon_core.shell:Creating prefix util module '/home/jaeheyoung/robot_service_ws/install/_local_setup_util_sh.py'
[6.547s] INFO:colcon.colcon_core.shell:Creating prefix chain script '/home/jaeheyoung/robot_service_ws/install/setup.sh'
[6.548s] INFO:colcon.colcon_core.shell:Creating prefix script '/home/jaeheyoung/robot_service_ws/install/local_setup.bash'
[6.549s] INFO:colcon.colcon_core.shell:Creating prefix chain script '/home/jaeheyoung/robot_service_ws/install/setup.bash'
[6.550s] INFO:colcon.colcon_core.shell:Creating prefix script '/home/jaeheyoung/robot_service_ws/install/local_setup.zsh'
[6.550s] INFO:colcon.colcon_core.shell:Creating prefix chain script '/home/jaeheyoung/robot_service_ws/install/setup.zsh'
