[0.010s] Invoking command in '/home/jaeheyoung/robot_service_ws/build/order_interface': CMAKE_PREFIX_PATH=${CMAKE_PREFIX_PATH}:/home/jaeheyoung/robot_service_ws/install/robot_serving:/home/jaeheyoung/turtlebot3_ws/install/turtlebot3_teleop:/home/jaeheyoung/turtlebot3_ws/install/turtlebot3_example:/opt/ros/humble /usr/bin/cmake --build /home/jaeheyoung/robot_service_ws/build/order_interface -- -j20 -l20
[0.047s] [  3%] Built target order_interface__cpp
[0.047s] [ 12%] Built target order_interface__rosidl_generator_c
[0.054s] [ 12%] Built target ament_cmake_python_symlink_order_interface
[0.062s] [ 22%] Built target order_interface__rosidl_typesupport_introspection_cpp
[0.063s] [ 41%] Built target order_interface__rosidl_typesupport_fastrtps_cpp
[0.064s] [ 41%] Built target order_interface__rosidl_typesupport_cpp
[0.070s] [ 51%] Built target order_interface__rosidl_typesupport_c
[0.071s] [ 61%] Built target order_interface__rosidl_typesupport_fastrtps_c
[0.071s] [ 70%] Built target order_interface__rosidl_typesupport_introspection_c
[0.088s] [ 70%] Built target order_interface
[0.103s] [ 74%] Built target order_interface__py
[0.121s] [ 80%] Built target order_interface__rosidl_generator_py
[0.137s] [ 87%] Built target order_interface__rosidl_typesupport_c__pyext
[0.138s] [ 93%] Built target order_interface__rosidl_typesupport_introspection_c__pyext
[0.138s] [100%] Built target order_interface__rosidl_typesupport_fastrtps_c__pyext
[0.216s] running egg_info
[0.216s] writing order_interface.egg-info/PKG-INFO
[0.216s] writing dependency_links to order_interface.egg-info/dependency_links.txt
[0.216s] writing top-level names to order_interface.egg-info/top_level.txt
[0.217s] reading manifest file 'order_interface.egg-info/SOURCES.txt'
[0.218s] writing manifest file 'order_interface.egg-info/SOURCES.txt'
[0.235s] [100%] Built target ament_cmake_python_build_order_interface_egg
[0.242s] Invoked command in '/home/jaeheyoung/robot_service_ws/build/order_interface' returned '0': CMAKE_PREFIX_PATH=${CMAKE_PREFIX_PATH}:/home/jaeheyoung/robot_service_ws/install/robot_serving:/home/jaeheyoung/turtlebot3_ws/install/turtlebot3_teleop:/home/jaeheyoung/turtlebot3_ws/install/turtlebot3_example:/opt/ros/humble /usr/bin/cmake --build /home/jaeheyoung/robot_service_ws/build/order_interface -- -j20 -l20
[0.296s] Invoking command in '/home/jaeheyoung/robot_service_ws/build/order_interface': CMAKE_PREFIX_PATH=${CMAKE_PREFIX_PATH}:/home/jaeheyoung/robot_service_ws/install/robot_serving:/home/jaeheyoung/turtlebot3_ws/install/turtlebot3_teleop:/home/jaeheyoung/turtlebot3_ws/install/turtlebot3_example:/opt/ros/humble /usr/bin/cmake --install /home/jaeheyoung/robot_service_ws/build/order_interface
[0.302s] -- Install configuration: ""
[0.302s] -- Execute custom install script
[0.302s] -- Up-to-date symlink: /home/jaeheyoung/robot_service_ws/install/order_interface/share/ament_index/resource_index/rosidl_interfaces/order_interface
[0.303s] -- Up-to-date symlink: /home/jaeheyoung/robot_service_ws/install/order_interface/include/order_interface/order_interface/msg/rosidl_generator_c__visibility_control.h
[0.303s] -- Up-to-date symlink: /home/jaeheyoung/robot_service_ws/install/order_interface/include/order_interface/order_interface/srv/detail/order__functions.h
[0.303s] -- Up-to-date symlink: /home/jaeheyoung/robot_service_ws/install/order_interface/include/order_interface/order_interface/srv/detail/order__struct.h
[0.303s] -- Up-to-date symlink: /home/jaeheyoung/robot_service_ws/install/order_interface/include/order_interface/order_interface/srv/detail/order__type_support.h
[0.303s] -- Up-to-date symlink: /home/jaeheyoung/robot_service_ws/install/order_interface/include/order_interface/order_interface/srv/order.h
[0.303s] -- Up-to-date symlink: /home/jaeheyoung/robot_service_ws/install/order_interface/share/order_interface/environment/library_path.sh
[0.303s] -- Up-to-date symlink: /home/jaeheyoung/robot_service_ws/install/order_interface/share/order_interface/environment/library_path.dsv
[0.303s] -- Up-to-date symlink: /home/jaeheyoung/robot_service_ws/install/order_interface/include/order_interface/order_interface/msg/rosidl_typesupport_fastrtps_c__visibility_control.h
[0.303s] -- Up-to-date symlink: /home/jaeheyoung/robot_service_ws/install/order_interface/include/order_interface/order_interface/srv/detail/order__rosidl_typesupport_fastrtps_c.h
[0.303s] -- Up-to-date symlink: /home/jaeheyoung/robot_service_ws/install/order_interface/include/order_interface/order_interface/msg/rosidl_typesupport_introspection_c__visibility_control.h
[0.303s] -- Up-to-date symlink: /home/jaeheyoung/robot_service_ws/install/order_interface/include/order_interface/order_interface/srv/detail/order__rosidl_typesupport_introspection_c.h
[0.304s] -- Up-to-date symlink: /home/jaeheyoung/robot_service_ws/install/order_interface/include/order_interface/order_interface/srv/detail/order__builder.hpp
[0.304s] -- Up-to-date symlink: /home/jaeheyoung/robot_service_ws/install/order_interface/include/order_interface/order_interface/srv/detail/order__struct.hpp
[0.304s] -- Up-to-date symlink: /home/jaeheyoung/robot_service_ws/install/order_interface/include/order_interface/order_interface/srv/detail/order__traits.hpp
[0.304s] -- Up-to-date symlink: /home/jaeheyoung/robot_service_ws/install/order_interface/include/order_interface/order_interface/srv/order.hpp
[0.304s] -- Up-to-date symlink: /home/jaeheyoung/robot_service_ws/install/order_interface/include/order_interface/order_interface/msg/rosidl_typesupport_fastrtps_cpp__visibility_control.h
[0.304s] -- Up-to-date symlink: /home/jaeheyoung/robot_service_ws/install/order_interface/include/order_interface/order_interface/srv/detail/order__rosidl_typesupport_fastrtps_cpp.hpp
[0.304s] -- Up-to-date symlink: /home/jaeheyoung/robot_service_ws/install/order_interface/include/order_interface/order_interface/srv/detail/order__rosidl_typesupport_introspection_cpp.hpp
[0.304s] -- Up-to-date symlink: /home/jaeheyoung/robot_service_ws/install/order_interface/share/order_interface/environment/pythonpath.sh
[0.304s] -- Up-to-date symlink: /home/jaeheyoung/robot_service_ws/install/order_interface/share/order_interface/environment/pythonpath.dsv
[0.304s] -- Up-to-date symlink: /home/jaeheyoung/robot_service_ws/install/order_interface/local/lib/python3.10/dist-packages/order_interface-0.0.0-py3.10.egg-info/PKG-INFO
[0.304s] -- Up-to-date symlink: /home/jaeheyoung/robot_service_ws/install/order_interface/local/lib/python3.10/dist-packages/order_interface-0.0.0-py3.10.egg-info/SOURCES.txt
[0.304s] -- Up-to-date symlink: /home/jaeheyoung/robot_service_ws/install/order_interface/local/lib/python3.10/dist-packages/order_interface-0.0.0-py3.10.egg-info/dependency_links.txt
[0.304s] -- Up-to-date symlink: /home/jaeheyoung/robot_service_ws/install/order_interface/local/lib/python3.10/dist-packages/order_interface-0.0.0-py3.10.egg-info/top_level.txt
[0.305s] -- Up-to-date symlink: /home/jaeheyoung/robot_service_ws/install/order_interface/local/lib/python3.10/dist-packages/order_interface/__init__.py
[0.305s] -- Up-to-date symlink: /home/jaeheyoung/robot_service_ws/install/order_interface/local/lib/python3.10/dist-packages/order_interface/_order_interface_s.ep.rosidl_typesupport_c.c
[0.305s] -- Up-to-date symlink: /home/jaeheyoung/robot_service_ws/install/order_interface/local/lib/python3.10/dist-packages/order_interface/_order_interface_s.ep.rosidl_typesupport_fastrtps_c.c
[0.305s] -- Up-to-date symlink: /home/jaeheyoung/robot_service_ws/install/order_interface/local/lib/python3.10/dist-packages/order_interface/_order_interface_s.ep.rosidl_typesupport_introspection_c.c
[0.305s] -- Up-to-date symlink: /home/jaeheyoung/robot_service_ws/install/order_interface/local/lib/python3.10/dist-packages/order_interface/liborder_interface__rosidl_generator_py.so
[0.305s] -- Up-to-date symlink: /home/jaeheyoung/robot_service_ws/install/order_interface/local/lib/python3.10/dist-packages/order_interface/order_interface_s__rosidl_typesupport_c.cpython-310-x86_64-linux-gnu.so
[0.305s] -- Up-to-date symlink: /home/jaeheyoung/robot_service_ws/install/order_interface/local/lib/python3.10/dist-packages/order_interface/order_interface_s__rosidl_typesupport_fastrtps_c.cpython-310-x86_64-linux-gnu.so
[0.305s] -- Up-to-date symlink: /home/jaeheyoung/robot_service_ws/install/order_interface/local/lib/python3.10/dist-packages/order_interface/order_interface_s__rosidl_typesupport_introspection_c.cpython-310-x86_64-linux-gnu.so
[0.305s] -- Up-to-date symlink: /home/jaeheyoung/robot_service_ws/install/order_interface/local/lib/python3.10/dist-packages/order_interface/srv/__init__.py
[0.305s] -- Up-to-date symlink: /home/jaeheyoung/robot_service_ws/install/order_interface/local/lib/python3.10/dist-packages/order_interface/srv/_order.py
[0.305s] -- Up-to-date symlink: /home/jaeheyoung/robot_service_ws/install/order_interface/local/lib/python3.10/dist-packages/order_interface/srv/_order_s.c
[0.305s] -- Up-to-date symlink: /home/jaeheyoung/robot_service_ws/install/order_interface/local/lib/python3.10/dist-packages/order_interface/order_interface_s__rosidl_typesupport_fastrtps_c.cpython-310-x86_64-linux-gnu.so
[0.305s] -- Up-to-date symlink: /home/jaeheyoung/robot_service_ws/install/order_interface/local/lib/python3.10/dist-packages/order_interface/order_interface_s__rosidl_typesupport_introspection_c.cpython-310-x86_64-linux-gnu.so
[0.305s] -- Up-to-date symlink: /home/jaeheyoung/robot_service_ws/install/order_interface/local/lib/python3.10/dist-packages/order_interface/order_interface_s__rosidl_typesupport_c.cpython-310-x86_64-linux-gnu.so
[0.305s] -- Up-to-date symlink: /home/jaeheyoung/robot_service_ws/install/order_interface/share/order_interface/srv/Order.idl
[0.305s] -- Up-to-date symlink: /home/jaeheyoung/robot_service_ws/install/order_interface/share/order_interface/srv/Order.srv
[0.306s] -- Up-to-date symlink: /home/jaeheyoung/robot_service_ws/install/order_interface/share/order_interface/srv/Order_Request.msg
[0.306s] -- Up-to-date symlink: /home/jaeheyoung/robot_service_ws/install/order_interface/share/order_interface/srv/Order_Response.msg
[0.306s] -- Up-to-date symlink: /home/jaeheyoung/robot_service_ws/install/order_interface/share/ament_index/resource_index/package_run_dependencies/order_interface
[0.306s] -- Up-to-date symlink: /home/jaeheyoung/robot_service_ws/install/order_interface/share/ament_index/resource_index/parent_prefix_path/order_interface
[0.306s] -- Up-to-date symlink: /home/jaeheyoung/robot_service_ws/install/order_interface/share/order_interface/environment/ament_prefix_path.sh
[0.306s] -- Up-to-date symlink: /home/jaeheyoung/robot_service_ws/install/order_interface/share/order_interface/environment/ament_prefix_path.dsv
[0.306s] -- Up-to-date symlink: /home/jaeheyoung/robot_service_ws/install/order_interface/share/order_interface/environment/path.sh
[0.306s] -- Up-to-date symlink: /home/jaeheyoung/robot_service_ws/install/order_interface/share/order_interface/environment/path.dsv
[0.306s] -- Up-to-date symlink: /home/jaeheyoung/robot_service_ws/install/order_interface/share/order_interface/local_setup.bash
[0.306s] -- Up-to-date symlink: /home/jaeheyoung/robot_service_ws/install/order_interface/share/order_interface/local_setup.sh
[0.306s] -- Up-to-date symlink: /home/jaeheyoung/robot_service_ws/install/order_interface/share/order_interface/local_setup.zsh
[0.306s] -- Up-to-date symlink: /home/jaeheyoung/robot_service_ws/install/order_interface/share/order_interface/local_setup.dsv
[0.306s] -- Symlinking: /home/jaeheyoung/robot_service_ws/install/order_interface/share/order_interface/package.dsv
[0.312s] -- Up-to-date symlink: /home/jaeheyoung/robot_service_ws/install/order_interface/share/ament_index/resource_index/packages/order_interface
[0.312s] -- Up-to-date symlink: /home/jaeheyoung/robot_service_ws/install/order_interface/share/order_interface/cmake/rosidl_cmake-extras.cmake
[0.312s] -- Up-to-date symlink: /home/jaeheyoung/robot_service_ws/install/order_interface/share/order_interface/cmake/ament_cmake_export_include_directories-extras.cmake
[0.312s] -- Up-to-date symlink: /home/jaeheyoung/robot_service_ws/install/order_interface/share/order_interface/cmake/ament_cmake_export_libraries-extras.cmake
[0.312s] -- Up-to-date symlink: /home/jaeheyoung/robot_service_ws/install/order_interface/share/order_interface/cmake/ament_cmake_export_targets-extras.cmake
[0.312s] -- Up-to-date symlink: /home/jaeheyoung/robot_service_ws/install/order_interface/share/order_interface/cmake/rosidl_cmake_export_typesupport_targets-extras.cmake
[0.313s] -- Up-to-date symlink: /home/jaeheyoung/robot_service_ws/install/order_interface/share/order_interface/cmake/ament_cmake_export_dependencies-extras.cmake
[0.313s] -- Up-to-date symlink: /home/jaeheyoung/robot_service_ws/install/order_interface/share/order_interface/cmake/rosidl_cmake_export_typesupport_libraries-extras.cmake
[0.313s] -- Up-to-date symlink: /home/jaeheyoung/robot_service_ws/install/order_interface/share/order_interface/cmake/order_interfaceConfig.cmake
[0.313s] -- Up-to-date symlink: /home/jaeheyoung/robot_service_ws/install/order_interface/share/order_interface/cmake/order_interfaceConfig-version.cmake
[0.313s] -- Up-to-date symlink: /home/jaeheyoung/robot_service_ws/install/order_interface/share/order_interface/package.xml
[0.313s] -- Up-to-date: /home/jaeheyoung/robot_service_ws/install/order_interface/lib/liborder_interface__rosidl_generator_c.so
[0.313s] -- Up-to-date: /home/jaeheyoung/robot_service_ws/install/order_interface/lib/liborder_interface__rosidl_typesupport_fastrtps_c.so
[0.313s] -- Up-to-date: /home/jaeheyoung/robot_service_ws/install/order_interface/lib/liborder_interface__rosidl_typesupport_introspection_c.so
[0.313s] -- Up-to-date: /home/jaeheyoung/robot_service_ws/install/order_interface/lib/liborder_interface__rosidl_typesupport_c.so
[0.313s] -- Up-to-date: /home/jaeheyoung/robot_service_ws/install/order_interface/lib/liborder_interface__rosidl_typesupport_fastrtps_cpp.so
[0.313s] -- Up-to-date: /home/jaeheyoung/robot_service_ws/install/order_interface/lib/liborder_interface__rosidl_typesupport_introspection_cpp.so
[0.313s] -- Up-to-date: /home/jaeheyoung/robot_service_ws/install/order_interface/lib/liborder_interface__rosidl_typesupport_cpp.so
[0.335s] Listing '/home/jaeheyoung/robot_service_ws/install/order_interface/local/lib/python3.10/dist-packages/order_interface'...
[0.335s] Listing '/home/jaeheyoung/robot_service_ws/install/order_interface/local/lib/python3.10/dist-packages/order_interface/srv'...
[0.337s] -- Up-to-date: /home/jaeheyoung/robot_service_ws/install/order_interface/lib/liborder_interface__rosidl_generator_py.so
[0.337s] -- Up-to-date: /home/jaeheyoung/robot_service_ws/install/order_interface/share/order_interface/cmake/export_order_interface__rosidl_generator_cExport.cmake
[0.337s] -- Up-to-date: /home/jaeheyoung/robot_service_ws/install/order_interface/share/order_interface/cmake/export_order_interface__rosidl_generator_cExport-noconfig.cmake
[0.337s] -- Up-to-date: /home/jaeheyoung/robot_service_ws/install/order_interface/share/order_interface/cmake/export_order_interface__rosidl_typesupport_fastrtps_cExport.cmake
[0.338s] -- Up-to-date: /home/jaeheyoung/robot_service_ws/install/order_interface/share/order_interface/cmake/export_order_interface__rosidl_typesupport_fastrtps_cExport-noconfig.cmake
[0.338s] -- Up-to-date: /home/jaeheyoung/robot_service_ws/install/order_interface/share/order_interface/cmake/order_interface__rosidl_typesupport_introspection_cExport.cmake
[0.338s] -- Up-to-date: /home/jaeheyoung/robot_service_ws/install/order_interface/share/order_interface/cmake/order_interface__rosidl_typesupport_introspection_cExport-noconfig.cmake
[0.338s] -- Up-to-date: /home/jaeheyoung/robot_service_ws/install/order_interface/share/order_interface/cmake/order_interface__rosidl_typesupport_cExport.cmake
[0.338s] -- Up-to-date: /home/jaeheyoung/robot_service_ws/install/order_interface/share/order_interface/cmake/order_interface__rosidl_typesupport_cExport-noconfig.cmake
[0.338s] -- Up-to-date: /home/jaeheyoung/robot_service_ws/install/order_interface/share/order_interface/cmake/export_order_interface__rosidl_generator_cppExport.cmake
[0.338s] -- Up-to-date: /home/jaeheyoung/robot_service_ws/install/order_interface/share/order_interface/cmake/export_order_interface__rosidl_typesupport_fastrtps_cppExport.cmake
[0.338s] -- Up-to-date: /home/jaeheyoung/robot_service_ws/install/order_interface/share/order_interface/cmake/export_order_interface__rosidl_typesupport_fastrtps_cppExport-noconfig.cmake
[0.338s] -- Up-to-date: /home/jaeheyoung/robot_service_ws/install/order_interface/share/order_interface/cmake/order_interface__rosidl_typesupport_introspection_cppExport.cmake
[0.338s] -- Up-to-date: /home/jaeheyoung/robot_service_ws/install/order_interface/share/order_interface/cmake/order_interface__rosidl_typesupport_introspection_cppExport-noconfig.cmake
[0.338s] -- Up-to-date: /home/jaeheyoung/robot_service_ws/install/order_interface/share/order_interface/cmake/order_interface__rosidl_typesupport_cppExport.cmake
[0.338s] -- Up-to-date: /home/jaeheyoung/robot_service_ws/install/order_interface/share/order_interface/cmake/order_interface__rosidl_typesupport_cppExport-noconfig.cmake
[0.338s] -- Up-to-date: /home/jaeheyoung/robot_service_ws/install/order_interface/share/order_interface/cmake/export_order_interface__rosidl_generator_pyExport.cmake
[0.338s] -- Up-to-date: /home/jaeheyoung/robot_service_ws/install/order_interface/share/order_interface/cmake/export_order_interface__rosidl_generator_pyExport-noconfig.cmake
[0.339s] Invoked command in '/home/jaeheyoung/robot_service_ws/build/order_interface' returned '0': CMAKE_PREFIX_PATH=${CMAKE_PREFIX_PATH}:/home/jaeheyoung/robot_service_ws/install/robot_serving:/home/jaeheyoung/turtlebot3_ws/install/turtlebot3_teleop:/home/jaeheyoung/turtlebot3_ws/install/turtlebot3_example:/opt/ros/humble /usr/bin/cmake --install /home/jaeheyoung/robot_service_ws/build/order_interface
