[0.992s] Invoking command in '/home/jaeheyoung/Rokey/7.PracticalProject/Week3_Coop2/DR_ws/src/doosan-robot2/dsr_rokey/rokey': CMAKE_PREFIX_PATH=/home/jaeheyoung/Rokey/7.PracticalProject/Week3_Coop2/DR_ws/install/common2:/home/jaeheyoung/Rokey/7.PracticalProject/Week3_Coop2/DR_ws/install/realtime_control:/home/jaeheyoung/Rokey/7.PracticalProject/Week3_Coop2/DR_ws/install/m1509_moveit_config:/home/jaeheyoung/Rokey/7.PracticalProject/Week3_Coop2/DR_ws/install/m1013_moveit_config:/home/jaeheyoung/Rokey/7.PracticalProject/Week3_Coop2/DR_ws/install/m0617_moveit_config:/home/jaeheyoung/Rokey/7.PracticalProject/Week3_Coop2/DR_ws/install/m0609_moveit_config:/home/jaeheyoung/Rokey/7.PracticalProject/Week3_Coop2/DR_ws/install/ign_ros2_control_demos:/home/jaeheyoung/Rokey/7.PracticalProject/Week3_Coop2/DR_ws/install/gz_ros2_control_tests:/home/jaeheyoung/Rokey/7.PracticalProject/Week3_Coop2/DR_ws/install/ign_ros2_control:/home/jaeheyoung/Rokey/7.PracticalProject/Week3_Coop2/DR_ws/install/h2515_moveit_config:/home/jaeheyoung/Rokey/7.PracticalProject/Week3_Coop2/DR_ws/install/h2017_moveit_config:/home/jaeheyoung/Rokey/7.PracticalProject/Week3_Coop2/DR_ws/install/e0509_moveit_config:/home/jaeheyoung/Rokey/7.PracticalProject/Week3_Coop2/DR_ws/install/dsr_controller2:/home/jaeheyoung/Rokey/7.PracticalProject/Week3_Coop2/DR_ws/install/dsr_msgs2:/home/jaeheyoung/Rokey/7.PracticalProject/Week3_Coop2/DR_ws/install/dsr_hardware2:/home/jaeheyoung/Rokey/7.PracticalProject/Week3_Coop2/DR_ws/install/dsr_gazebo2:/home/jaeheyoung/Rokey/7.PracticalProject/Week3_Coop2/DR_ws/install/dsr_description2:/home/jaeheyoung/Rokey/7.PracticalProject/Week3_Coop2/DR_ws/install/a0912_moveit_config:/home/jaeheyoung/Rokey/7.PracticalProject/Week3_Coop2/DR_ws/install/a0509_moveit_config PYTHONPATH=/home/jaeheyoung/Rokey/7.PracticalProject/Week3_Coop2/DR_ws/build/rokey/prefix_override:/usr/lib/python3/dist-packages/colcon_core/task/python/colcon_distutils_commands:/home/jaeheyoung/Rokey/7.PracticalProject/Week3_Coop2/DR_ws/install/rokey/lib/python3.10/site-packages:${PYTHONPATH} /usr/bin/python3 -W ignore:setup.py install is deprecated setup.py egg_info --egg-base ../../../../build/rokey build --build-base /home/jaeheyoung/Rokey/7.PracticalProject/Week3_Coop2/DR_ws/build/rokey/build install --record /home/jaeheyoung/Rokey/7.PracticalProject/Week3_Coop2/DR_ws/build/rokey/install.log --single-version-externally-managed install_data
[1.216s] running egg_info
[1.216s] writing ../../../../build/rokey/rokey.egg-info/PKG-INFO
[1.216s] writing dependency_links to ../../../../build/rokey/rokey.egg-info/dependency_links.txt
[1.217s] writing entry points to ../../../../build/rokey/rokey.egg-info/entry_points.txt
[1.217s] writing requirements to ../../../../build/rokey/rokey.egg-info/requires.txt
[1.217s] writing top-level names to ../../../../build/rokey/rokey.egg-info/top_level.txt
[1.218s] reading manifest file '../../../../build/rokey/rokey.egg-info/SOURCES.txt'
[1.219s] writing manifest file '../../../../build/rokey/rokey.egg-info/SOURCES.txt'
[1.219s] running build
[1.219s] running build_py
[1.219s] running install
[1.220s] running install_lib
[1.221s] running install_data
[1.221s] running install_egg_info
[1.222s] removing '/home/jaeheyoung/Rokey/7.PracticalProject/Week3_Coop2/DR_ws/install/rokey/lib/python3.10/site-packages/rokey-0.0.0-py3.10.egg-info' (and everything under it)
[1.222s] Copying ../../../../build/rokey/rokey.egg-info to /home/jaeheyoung/Rokey/7.PracticalProject/Week3_Coop2/DR_ws/install/rokey/lib/python3.10/site-packages/rokey-0.0.0-py3.10.egg-info
[1.223s] running install_scripts
[1.238s] Installing force_control script to /home/jaeheyoung/Rokey/7.PracticalProject/Week3_Coop2/DR_ws/install/rokey/lib/rokey
[1.238s] Installing getting_position script to /home/jaeheyoung/Rokey/7.PracticalProject/Week3_Coop2/DR_ws/install/rokey/lib/rokey
[1.238s] Installing grip script to /home/jaeheyoung/Rokey/7.PracticalProject/Week3_Coop2/DR_ws/install/rokey/lib/rokey
[1.238s] Installing move_periodic script to /home/jaeheyoung/Rokey/7.PracticalProject/Week3_Coop2/DR_ws/install/rokey/lib/rokey
[1.238s] Installing simple_move script to /home/jaeheyoung/Rokey/7.PracticalProject/Week3_Coop2/DR_ws/install/rokey/lib/rokey
[1.238s] writing list of installed files to '/home/jaeheyoung/Rokey/7.PracticalProject/Week3_Coop2/DR_ws/build/rokey/install.log'
[1.256s] Invoked command in '/home/jaeheyoung/Rokey/7.PracticalProject/Week3_Coop2/DR_ws/src/doosan-robot2/dsr_rokey/rokey' returned '0': CMAKE_PREFIX_PATH=/home/jaeheyoung/Rokey/7.PracticalProject/Week3_Coop2/DR_ws/install/common2:/home/jaeheyoung/Rokey/7.PracticalProject/Week3_Coop2/DR_ws/install/realtime_control:/home/jaeheyoung/Rokey/7.PracticalProject/Week3_Coop2/DR_ws/install/m1509_moveit_config:/home/jaeheyoung/Rokey/7.PracticalProject/Week3_Coop2/DR_ws/install/m1013_moveit_config:/home/jaeheyoung/Rokey/7.PracticalProject/Week3_Coop2/DR_ws/install/m0617_moveit_config:/home/jaeheyoung/Rokey/7.PracticalProject/Week3_Coop2/DR_ws/install/m0609_moveit_config:/home/jaeheyoung/Rokey/7.PracticalProject/Week3_Coop2/DR_ws/install/ign_ros2_control_demos:/home/jaeheyoung/Rokey/7.PracticalProject/Week3_Coop2/DR_ws/install/gz_ros2_control_tests:/home/jaeheyoung/Rokey/7.PracticalProject/Week3_Coop2/DR_ws/install/ign_ros2_control:/home/jaeheyoung/Rokey/7.PracticalProject/Week3_Coop2/DR_ws/install/h2515_moveit_config:/home/jaeheyoung/Rokey/7.PracticalProject/Week3_Coop2/DR_ws/install/h2017_moveit_config:/home/jaeheyoung/Rokey/7.PracticalProject/Week3_Coop2/DR_ws/install/e0509_moveit_config:/home/jaeheyoung/Rokey/7.PracticalProject/Week3_Coop2/DR_ws/install/dsr_controller2:/home/jaeheyoung/Rokey/7.PracticalProject/Week3_Coop2/DR_ws/install/dsr_msgs2:/home/jaeheyoung/Rokey/7.PracticalProject/Week3_Coop2/DR_ws/install/dsr_hardware2:/home/jaeheyoung/Rokey/7.PracticalProject/Week3_Coop2/DR_ws/install/dsr_gazebo2:/home/jaeheyoung/Rokey/7.PracticalProject/Week3_Coop2/DR_ws/install/dsr_description2:/home/jaeheyoung/Rokey/7.PracticalProject/Week3_Coop2/DR_ws/install/a0912_moveit_config:/home/jaeheyoung/Rokey/7.PracticalProject/Week3_Coop2/DR_ws/install/a0509_moveit_config PYTHONPATH=/home/jaeheyoung/Rokey/7.PracticalProject/Week3_Coop2/DR_ws/build/rokey/prefix_override:/usr/lib/python3/dist-packages/colcon_core/task/python/colcon_distutils_commands:/home/jaeheyoung/Rokey/7.PracticalProject/Week3_Coop2/DR_ws/install/rokey/lib/python3.10/site-packages:${PYTHONPATH} /usr/bin/python3 -W ignore:setup.py install is deprecated setup.py egg_info --egg-base ../../../../build/rokey build --build-base /home/jaeheyoung/Rokey/7.PracticalProject/Week3_Coop2/DR_ws/build/rokey/build install --record /home/jaeheyoung/Rokey/7.PracticalProject/Week3_Coop2/DR_ws/build/rokey/install.log --single-version-externally-managed install_data
