[  3%] Built target order_interface__cpp
[ 12%] Built target order_interface__rosidl_generator_c
[ 12%] Built target ament_cmake_python_symlink_order_interface
[ 22%] Built target order_interface__rosidl_typesupport_introspection_cpp
[ 32%] Built target order_interface__rosidl_typesupport_fastrtps_cpp
[ 41%] Built target order_interface__rosidl_typesupport_c
[ 51%] Built target order_interface__rosidl_typesupport_introspection_c
[ 61%] Built target order_interface__rosidl_typesupport_fastrtps_c
[ 70%] Built target order_interface__rosidl_typesupport_cpp
[ 70%] Built target order_interface
[ 74%] Built target order_interface__py
[ 80%] Built target order_interface__rosidl_generator_py
[ 87%] Built target order_interface__rosidl_typesupport_fastrtps_c__pyext
[100%] Built target order_interface__rosidl_typesupport_c__pyext
[100%] Built target order_interface__rosidl_typesupport_introspection_c__pyext
running egg_info
writing order_interface.egg-info/PKG-INFO
writing dependency_links to order_interface.egg-info/dependency_links.txt
writing top-level names to order_interface.egg-info/top_level.txt
reading manifest file 'order_interface.egg-info/SOURCES.txt'
writing manifest file 'order_interface.egg-info/SOURCES.txt'
[100%] Built target ament_cmake_python_build_order_interface_egg
-- Install configuration: ""
-- Execute custom install script
-- Up-to-date symlink: /home/jaeheyoung/robot_service_ws/install/order_interface/share/ament_index/resource_index/rosidl_interfaces/order_interface
-- Up-to-date symlink: /home/jaeheyoung/robot_service_ws/install/order_interface/include/order_interface/order_interface/msg/rosidl_generator_c__visibility_control.h
-- Up-to-date symlink: /home/jaeheyoung/robot_service_ws/install/order_interface/include/order_interface/order_interface/srv/detail/order__functions.h
-- Up-to-date symlink: /home/jaeheyoung/robot_service_ws/install/order_interface/include/order_interface/order_interface/srv/detail/order__struct.h
-- Up-to-date symlink: /home/jaeheyoung/robot_service_ws/install/order_interface/include/order_interface/order_interface/srv/detail/order__type_support.h
-- Up-to-date symlink: /home/jaeheyoung/robot_service_ws/install/order_interface/include/order_interface/order_interface/srv/order.h
-- Up-to-date symlink: /home/jaeheyoung/robot_service_ws/install/order_interface/share/order_interface/environment/library_path.sh
-- Up-to-date symlink: /home/jaeheyoung/robot_service_ws/install/order_interface/share/order_interface/environment/library_path.dsv
-- Up-to-date symlink: /home/jaeheyoung/robot_service_ws/install/order_interface/include/order_interface/order_interface/msg/rosidl_typesupport_fastrtps_c__visibility_control.h
-- Up-to-date symlink: /home/jaeheyoung/robot_service_ws/install/order_interface/include/order_interface/order_interface/srv/detail/order__rosidl_typesupport_fastrtps_c.h
-- Up-to-date symlink: /home/jaeheyoung/robot_service_ws/install/order_interface/include/order_interface/order_interface/msg/rosidl_typesupport_introspection_c__visibility_control.h
-- Up-to-date symlink: /home/jaeheyoung/robot_service_ws/install/order_interface/include/order_interface/order_interface/srv/detail/order__rosidl_typesupport_introspection_c.h
-- Up-to-date symlink: /home/jaeheyoung/robot_service_ws/install/order_interface/include/order_interface/order_interface/srv/detail/order__builder.hpp
-- Up-to-date symlink: /home/jaeheyoung/robot_service_ws/install/order_interface/include/order_interface/order_interface/srv/detail/order__struct.hpp
-- Up-to-date symlink: /home/jaeheyoung/robot_service_ws/install/order_interface/include/order_interface/order_interface/srv/detail/order__traits.hpp
-- Up-to-date symlink: /home/jaeheyoung/robot_service_ws/install/order_interface/include/order_interface/order_interface/srv/order.hpp
-- Up-to-date symlink: /home/jaeheyoung/robot_service_ws/install/order_interface/include/order_interface/order_interface/msg/rosidl_typesupport_fastrtps_cpp__visibility_control.h
-- Up-to-date symlink: /home/jaeheyoung/robot_service_ws/install/order_interface/include/order_interface/order_interface/srv/detail/order__rosidl_typesupport_fastrtps_cpp.hpp
-- Up-to-date symlink: /home/jaeheyoung/robot_service_ws/install/order_interface/include/order_interface/order_interface/srv/detail/order__rosidl_typesupport_introspection_cpp.hpp
-- Up-to-date symlink: /home/jaeheyoung/robot_service_ws/install/order_interface/share/order_interface/environment/pythonpath.sh
-- Up-to-date symlink: /home/jaeheyoung/robot_service_ws/install/order_interface/share/order_interface/environment/pythonpath.dsv
-- Up-to-date symlink: /home/jaeheyoung/robot_service_ws/install/order_interface/local/lib/python3.10/dist-packages/order_interface-0.0.0-py3.10.egg-info/PKG-INFO
-- Up-to-date symlink: /home/jaeheyoung/robot_service_ws/install/order_interface/local/lib/python3.10/dist-packages/order_interface-0.0.0-py3.10.egg-info/SOURCES.txt
-- Up-to-date symlink: /home/jaeheyoung/robot_service_ws/install/order_interface/local/lib/python3.10/dist-packages/order_interface-0.0.0-py3.10.egg-info/dependency_links.txt
-- Up-to-date symlink: /home/jaeheyoung/robot_service_ws/install/order_interface/local/lib/python3.10/dist-packages/order_interface-0.0.0-py3.10.egg-info/top_level.txt
-- Up-to-date symlink: /home/jaeheyoung/robot_service_ws/install/order_interface/local/lib/python3.10/dist-packages/order_interface/__init__.py
-- Up-to-date symlink: /home/jaeheyoung/robot_service_ws/install/order_interface/local/lib/python3.10/dist-packages/order_interface/_order_interface_s.ep.rosidl_typesupport_c.c
-- Up-to-date symlink: /home/jaeheyoung/robot_service_ws/install/order_interface/local/lib/python3.10/dist-packages/order_interface/_order_interface_s.ep.rosidl_typesupport_fastrtps_c.c
-- Up-to-date symlink: /home/jaeheyoung/robot_service_ws/install/order_interface/local/lib/python3.10/dist-packages/order_interface/_order_interface_s.ep.rosidl_typesupport_introspection_c.c
-- Up-to-date symlink: /home/jaeheyoung/robot_service_ws/install/order_interface/local/lib/python3.10/dist-packages/order_interface/liborder_interface__rosidl_generator_py.so
-- Up-to-date symlink: /home/jaeheyoung/robot_service_ws/install/order_interface/local/lib/python3.10/dist-packages/order_interface/order_interface_s__rosidl_typesupport_c.cpython-310-x86_64-linux-gnu.so
-- Up-to-date symlink: /home/jaeheyoung/robot_service_ws/install/order_interface/local/lib/python3.10/dist-packages/order_interface/order_interface_s__rosidl_typesupport_fastrtps_c.cpython-310-x86_64-linux-gnu.so
-- Up-to-date symlink: /home/jaeheyoung/robot_service_ws/install/order_interface/local/lib/python3.10/dist-packages/order_interface/order_interface_s__rosidl_typesupport_introspection_c.cpython-310-x86_64-linux-gnu.so
-- Up-to-date symlink: /home/jaeheyoung/robot_service_ws/install/order_interface/local/lib/python3.10/dist-packages/order_interface/srv/__init__.py
-- Up-to-date symlink: /home/jaeheyoung/robot_service_ws/install/order_interface/local/lib/python3.10/dist-packages/order_interface/srv/_order.py
-- Up-to-date symlink: /home/jaeheyoung/robot_service_ws/install/order_interface/local/lib/python3.10/dist-packages/order_interface/srv/_order_s.c
-- Up-to-date symlink: /home/jaeheyoung/robot_service_ws/install/order_interface/local/lib/python3.10/dist-packages/order_interface/order_interface_s__rosidl_typesupport_fastrtps_c.cpython-310-x86_64-linux-gnu.so
-- Up-to-date symlink: /home/jaeheyoung/robot_service_ws/install/order_interface/local/lib/python3.10/dist-packages/order_interface/order_interface_s__rosidl_typesupport_introspection_c.cpython-310-x86_64-linux-gnu.so
-- Up-to-date symlink: /home/jaeheyoung/robot_service_ws/install/order_interface/local/lib/python3.10/dist-packages/order_interface/order_interface_s__rosidl_typesupport_c.cpython-310-x86_64-linux-gnu.so
-- Up-to-date symlink: /home/jaeheyoung/robot_service_ws/install/order_interface/share/order_interface/srv/Order.idl
-- Up-to-date symlink: /home/jaeheyoung/robot_service_ws/install/order_interface/share/order_interface/srv/Order.srv
-- Up-to-date symlink: /home/jaeheyoung/robot_service_ws/install/order_interface/share/order_interface/srv/Order_Request.msg
-- Up-to-date symlink: /home/jaeheyoung/robot_service_ws/install/order_interface/share/order_interface/srv/Order_Response.msg
-- Up-to-date symlink: /home/jaeheyoung/robot_service_ws/install/order_interface/share/ament_index/resource_index/package_run_dependencies/order_interface
-- Up-to-date symlink: /home/jaeheyoung/robot_service_ws/install/order_interface/share/ament_index/resource_index/parent_prefix_path/order_interface
-- Up-to-date symlink: /home/jaeheyoung/robot_service_ws/install/order_interface/share/order_interface/environment/ament_prefix_path.sh
-- Up-to-date symlink: /home/jaeheyoung/robot_service_ws/install/order_interface/share/order_interface/environment/ament_prefix_path.dsv
-- Up-to-date symlink: /home/jaeheyoung/robot_service_ws/install/order_interface/share/order_interface/environment/path.sh
-- Up-to-date symlink: /home/jaeheyoung/robot_service_ws/install/order_interface/share/order_interface/environment/path.dsv
-- Up-to-date symlink: /home/jaeheyoung/robot_service_ws/install/order_interface/share/order_interface/local_setup.bash
-- Up-to-date symlink: /home/jaeheyoung/robot_service_ws/install/order_interface/share/order_interface/local_setup.sh
-- Up-to-date symlink: /home/jaeheyoung/robot_service_ws/install/order_interface/share/order_interface/local_setup.zsh
-- Up-to-date symlink: /home/jaeheyoung/robot_service_ws/install/order_interface/share/order_interface/local_setup.dsv
-- Symlinking: /home/jaeheyoung/robot_service_ws/install/order_interface/share/order_interface/package.dsv
-- Up-to-date symlink: /home/jaeheyoung/robot_service_ws/install/order_interface/share/ament_index/resource_index/packages/order_interface
-- Up-to-date symlink: /home/jaeheyoung/robot_service_ws/install/order_interface/share/order_interface/cmake/rosidl_cmake-extras.cmake
-- Up-to-date symlink: /home/jaeheyoung/robot_service_ws/install/order_interface/share/order_interface/cmake/ament_cmake_export_include_directories-extras.cmake
-- Up-to-date symlink: /home/jaeheyoung/robot_service_ws/install/order_interface/share/order_interface/cmake/ament_cmake_export_libraries-extras.cmake
-- Up-to-date symlink: /home/jaeheyoung/robot_service_ws/install/order_interface/share/order_interface/cmake/ament_cmake_export_targets-extras.cmake
-- Up-to-date symlink: /home/jaeheyoung/robot_service_ws/install/order_interface/share/order_interface/cmake/rosidl_cmake_export_typesupport_targets-extras.cmake
-- Up-to-date symlink: /home/jaeheyoung/robot_service_ws/install/order_interface/share/order_interface/cmake/ament_cmake_export_dependencies-extras.cmake
-- Up-to-date symlink: /home/jaeheyoung/robot_service_ws/install/order_interface/share/order_interface/cmake/rosidl_cmake_export_typesupport_libraries-extras.cmake
-- Up-to-date symlink: /home/jaeheyoung/robot_service_ws/install/order_interface/share/order_interface/cmake/order_interfaceConfig.cmake
-- Up-to-date symlink: /home/jaeheyoung/robot_service_ws/install/order_interface/share/order_interface/cmake/order_interfaceConfig-version.cmake
-- Up-to-date symlink: /home/jaeheyoung/robot_service_ws/install/order_interface/share/order_interface/package.xml
-- Up-to-date: /home/jaeheyoung/robot_service_ws/install/order_interface/lib/liborder_interface__rosidl_generator_c.so
-- Up-to-date: /home/jaeheyoung/robot_service_ws/install/order_interface/lib/liborder_interface__rosidl_typesupport_fastrtps_c.so
-- Up-to-date: /home/jaeheyoung/robot_service_ws/install/order_interface/lib/liborder_interface__rosidl_typesupport_introspection_c.so
-- Up-to-date: /home/jaeheyoung/robot_service_ws/install/order_interface/lib/liborder_interface__rosidl_typesupport_c.so
-- Up-to-date: /home/jaeheyoung/robot_service_ws/install/order_interface/lib/liborder_interface__rosidl_typesupport_fastrtps_cpp.so
-- Up-to-date: /home/jaeheyoung/robot_service_ws/install/order_interface/lib/liborder_interface__rosidl_typesupport_introspection_cpp.so
-- Up-to-date: /home/jaeheyoung/robot_service_ws/install/order_interface/lib/liborder_interface__rosidl_typesupport_cpp.so
Listing '/home/jaeheyoung/robot_service_ws/install/order_interface/local/lib/python3.10/dist-packages/order_interface'...
Listing '/home/jaeheyoung/robot_service_ws/install/order_interface/local/lib/python3.10/dist-packages/order_interface/srv'...
-- Up-to-date: /home/jaeheyoung/robot_service_ws/install/order_interface/lib/liborder_interface__rosidl_generator_py.so
-- Up-to-date: /home/jaeheyoung/robot_service_ws/install/order_interface/share/order_interface/cmake/export_order_interface__rosidl_generator_cExport.cmake
-- Up-to-date: /home/jaeheyoung/robot_service_ws/install/order_interface/share/order_interface/cmake/export_order_interface__rosidl_generator_cExport-noconfig.cmake
-- Up-to-date: /home/jaeheyoung/robot_service_ws/install/order_interface/share/order_interface/cmake/export_order_interface__rosidl_typesupport_fastrtps_cExport.cmake
-- Up-to-date: /home/jaeheyoung/robot_service_ws/install/order_interface/share/order_interface/cmake/export_order_interface__rosidl_typesupport_fastrtps_cExport-noconfig.cmake
-- Up-to-date: /home/jaeheyoung/robot_service_ws/install/order_interface/share/order_interface/cmake/order_interface__rosidl_typesupport_introspection_cExport.cmake
-- Up-to-date: /home/jaeheyoung/robot_service_ws/install/order_interface/share/order_interface/cmake/order_interface__rosidl_typesupport_introspection_cExport-noconfig.cmake
-- Up-to-date: /home/jaeheyoung/robot_service_ws/install/order_interface/share/order_interface/cmake/order_interface__rosidl_typesupport_cExport.cmake
-- Up-to-date: /home/jaeheyoung/robot_service_ws/install/order_interface/share/order_interface/cmake/order_interface__rosidl_typesupport_cExport-noconfig.cmake
-- Up-to-date: /home/jaeheyoung/robot_service_ws/install/order_interface/share/order_interface/cmake/export_order_interface__rosidl_generator_cppExport.cmake
-- Up-to-date: /home/jaeheyoung/robot_service_ws/install/order_interface/share/order_interface/cmake/export_order_interface__rosidl_typesupport_fastrtps_cppExport.cmake
-- Up-to-date: /home/jaeheyoung/robot_service_ws/install/order_interface/share/order_interface/cmake/export_order_interface__rosidl_typesupport_fastrtps_cppExport-noconfig.cmake
-- Up-to-date: /home/jaeheyoung/robot_service_ws/install/order_interface/share/order_interface/cmake/order_interface__rosidl_typesupport_introspection_cppExport.cmake
-- Up-to-date: /home/jaeheyoung/robot_service_ws/install/order_interface/share/order_interface/cmake/order_interface__rosidl_typesupport_introspection_cppExport-noconfig.cmake
-- Up-to-date: /home/jaeheyoung/robot_service_ws/install/order_interface/share/order_interface/cmake/order_interface__rosidl_typesupport_cppExport.cmake
-- Up-to-date: /home/jaeheyoung/robot_service_ws/install/order_interface/share/order_interface/cmake/order_interface__rosidl_typesupport_cppExport-noconfig.cmake
-- Up-to-date: /home/jaeheyoung/robot_service_ws/install/order_interface/share/order_interface/cmake/export_order_interface__rosidl_generator_pyExport.cmake
-- Up-to-date: /home/jaeheyoung/robot_service_ws/install/order_interface/share/order_interface/cmake/export_order_interface__rosidl_generator_pyExport-noconfig.cmake
