running egg_info
creating ../../../../build/c5/c5.egg-info
writing ../../../../build/c5/c5.egg-info/PKG-INFO
writing dependency_links to ../../../../build/c5/c5.egg-info/dependency_links.txt
writing entry points to ../../../../build/c5/c5.egg-info/entry_points.txt
writing requirements to ../../../../build/c5/c5.egg-info/requires.txt
writing top-level names to ../../../../build/c5/c5.egg-info/top_level.txt
writing manifest file '../../../../build/c5/c5.egg-info/SOURCES.txt'
reading manifest file '../../../../build/c5/c5.egg-info/SOURCES.txt'
writing manifest file '../../../../build/c5/c5.egg-info/SOURCES.txt'
running build
running build_py
creating /home/jaeheyoung/Rokey/7.PracticalProject/Week3_Coop2/DR_ws/build/c5/build
creating /home/jaeheyoung/Rokey/7.PracticalProject/Week3_Coop2/DR_ws/build/c5/build/lib
creating /home/jaeheyoung/Rokey/7.PracticalProject/Week3_Coop2/DR_ws/build/c5/build/lib/c5
copying c5/__init__.py -> /home/jaeheyoung/Rokey/7.PracticalProject/Week3_Coop2/DR_ws/build/c5/build/lib/c5
creating /home/jaeheyoung/Rokey/7.PracticalProject/Week3_Coop2/DR_ws/build/c5/build/lib/c5/basic
copying c5/basic/move.py -> /home/jaeheyoung/Rokey/7.PracticalProject/Week3_Coop2/DR_ws/build/c5/build/lib/c5/basic
copying c5/basic/pickNplace.py -> /home/jaeheyoung/Rokey/7.PracticalProject/Week3_Coop2/DR_ws/build/c5/build/lib/c5/basic
copying c5/basic/grip.py -> /home/jaeheyoung/Rokey/7.PracticalProject/Week3_Coop2/DR_ws/build/c5/build/lib/c5/basic
copying c5/basic/force_control.py -> /home/jaeheyoung/Rokey/7.PracticalProject/Week3_Coop2/DR_ws/build/c5/build/lib/c5/basic
copying c5/basic/__init__.py -> /home/jaeheyoung/Rokey/7.PracticalProject/Week3_Coop2/DR_ws/build/c5/build/lib/c5/basic
copying c5/basic/move_periodic.py -> /home/jaeheyoung/Rokey/7.PracticalProject/Week3_Coop2/DR_ws/build/c5/build/lib/c5/basic
copying c5/basic/getting_position.py -> /home/jaeheyoung/Rokey/7.PracticalProject/Week3_Coop2/DR_ws/build/c5/build/lib/c5/basic
running install
running install_lib
creating /home/jaeheyoung/Rokey/7.PracticalProject/Week3_Coop2/DR_ws/install/c5/lib/python3.10/site-packages/c5
copying /home/jaeheyoung/Rokey/7.PracticalProject/Week3_Coop2/DR_ws/build/c5/build/lib/c5/__init__.py -> /home/jaeheyoung/Rokey/7.PracticalProject/Week3_Coop2/DR_ws/install/c5/lib/python3.10/site-packages/c5
creating /home/jaeheyoung/Rokey/7.PracticalProject/Week3_Coop2/DR_ws/install/c5/lib/python3.10/site-packages/c5/basic
copying /home/jaeheyoung/Rokey/7.PracticalProject/Week3_Coop2/DR_ws/build/c5/build/lib/c5/basic/move.py -> /home/jaeheyoung/Rokey/7.PracticalProject/Week3_Coop2/DR_ws/install/c5/lib/python3.10/site-packages/c5/basic
copying /home/jaeheyoung/Rokey/7.PracticalProject/Week3_Coop2/DR_ws/build/c5/build/lib/c5/basic/pickNplace.py -> /home/jaeheyoung/Rokey/7.PracticalProject/Week3_Coop2/DR_ws/install/c5/lib/python3.10/site-packages/c5/basic
copying /home/jaeheyoung/Rokey/7.PracticalProject/Week3_Coop2/DR_ws/build/c5/build/lib/c5/basic/grip.py -> /home/jaeheyoung/Rokey/7.PracticalProject/Week3_Coop2/DR_ws/install/c5/lib/python3.10/site-packages/c5/basic
copying /home/jaeheyoung/Rokey/7.PracticalProject/Week3_Coop2/DR_ws/build/c5/build/lib/c5/basic/force_control.py -> /home/jaeheyoung/Rokey/7.PracticalProject/Week3_Coop2/DR_ws/install/c5/lib/python3.10/site-packages/c5/basic
copying /home/jaeheyoung/Rokey/7.PracticalProject/Week3_Coop2/DR_ws/build/c5/build/lib/c5/basic/__init__.py -> /home/jaeheyoung/Rokey/7.PracticalProject/Week3_Coop2/DR_ws/install/c5/lib/python3.10/site-packages/c5/basic
copying /home/jaeheyoung/Rokey/7.PracticalProject/Week3_Coop2/DR_ws/build/c5/build/lib/c5/basic/move_periodic.py -> /home/jaeheyoung/Rokey/7.PracticalProject/Week3_Coop2/DR_ws/install/c5/lib/python3.10/site-packages/c5/basic
copying /home/jaeheyoung/Rokey/7.PracticalProject/Week3_Coop2/DR_ws/build/c5/build/lib/c5/basic/getting_position.py -> /home/jaeheyoung/Rokey/7.PracticalProject/Week3_Coop2/DR_ws/install/c5/lib/python3.10/site-packages/c5/basic
byte-compiling /home/jaeheyoung/Rokey/7.PracticalProject/Week3_Coop2/DR_ws/install/c5/lib/python3.10/site-packages/c5/__init__.py to __init__.cpython-310.pyc
byte-compiling /home/jaeheyoung/Rokey/7.PracticalProject/Week3_Coop2/DR_ws/install/c5/lib/python3.10/site-packages/c5/basic/move.py to move.cpython-310.pyc
byte-compiling /home/jaeheyoung/Rokey/7.PracticalProject/Week3_Coop2/DR_ws/install/c5/lib/python3.10/site-packages/c5/basic/pickNplace.py to pickNplace.cpython-310.pyc
byte-compiling /home/jaeheyoung/Rokey/7.PracticalProject/Week3_Coop2/DR_ws/install/c5/lib/python3.10/site-packages/c5/basic/grip.py to grip.cpython-310.pyc
byte-compiling /home/jaeheyoung/Rokey/7.PracticalProject/Week3_Coop2/DR_ws/install/c5/lib/python3.10/site-packages/c5/basic/force_control.py to force_control.cpython-310.pyc
byte-compiling /home/jaeheyoung/Rokey/7.PracticalProject/Week3_Coop2/DR_ws/install/c5/lib/python3.10/site-packages/c5/basic/__init__.py to __init__.cpython-310.pyc
byte-compiling /home/jaeheyoung/Rokey/7.PracticalProject/Week3_Coop2/DR_ws/install/c5/lib/python3.10/site-packages/c5/basic/move_periodic.py to move_periodic.cpython-310.pyc
byte-compiling /home/jaeheyoung/Rokey/7.PracticalProject/Week3_Coop2/DR_ws/install/c5/lib/python3.10/site-packages/c5/basic/getting_position.py to getting_position.cpython-310.pyc
running install_data
creating /home/jaeheyoung/Rokey/7.PracticalProject/Week3_Coop2/DR_ws/install/c5/share/ament_index
creating /home/jaeheyoung/Rokey/7.PracticalProject/Week3_Coop2/DR_ws/install/c5/share/ament_index/resource_index
creating /home/jaeheyoung/Rokey/7.PracticalProject/Week3_Coop2/DR_ws/install/c5/share/ament_index/resource_index/packages
copying resource/c5 -> /home/jaeheyoung/Rokey/7.PracticalProject/Week3_Coop2/DR_ws/install/c5/share/ament_index/resource_index/packages
copying package.xml -> /home/jaeheyoung/Rokey/7.PracticalProject/Week3_Coop2/DR_ws/install/c5/share/c5
running install_egg_info
Copying ../../../../build/c5/c5.egg-info to /home/jaeheyoung/Rokey/7.PracticalProject/Week3_Coop2/DR_ws/install/c5/lib/python3.10/site-packages/c5-0.0.0-py3.10.egg-info
running install_scripts
Installing force_control script to /home/jaeheyoung/Rokey/7.PracticalProject/Week3_Coop2/DR_ws/install/c5/lib/c5
Installing getting_position script to /home/jaeheyoung/Rokey/7.PracticalProject/Week3_Coop2/DR_ws/install/c5/lib/c5
Installing grip script to /home/jaeheyoung/Rokey/7.PracticalProject/Week3_Coop2/DR_ws/install/c5/lib/c5
Installing move_periodic script to /home/jaeheyoung/Rokey/7.PracticalProject/Week3_Coop2/DR_ws/install/c5/lib/c5
Installing pickNplace script to /home/jaeheyoung/Rokey/7.PracticalProject/Week3_Coop2/DR_ws/install/c5/lib/c5
Installing simple_move script to /home/jaeheyoung/Rokey/7.PracticalProject/Week3_Coop2/DR_ws/install/c5/lib/c5
writing list of installed files to '/home/jaeheyoung/Rokey/7.PracticalProject/Week3_Coop2/DR_ws/build/c5/install.log'
