[0.772s] Invoking command in '/home/jaeheyoung/Rokey/7.PracticalProject/Week3_Coop2/DR_ws/src/doosan-robot2/dsr_rokey/c5': CMAKE_PREFIX_PATH=/home/jaeheyoung/Rokey/7.PracticalProject/Week3_Coop2/DR_ws/install/common2:/home/jaeheyoung/Rokey/7.PracticalProject/Week3_Coop2/DR_ws/install/realtime_control:/home/jaeheyoung/Rokey/7.PracticalProject/Week3_Coop2/DR_ws/install/m1509_moveit_config:/home/jaeheyoung/Rokey/7.PracticalProject/Week3_Coop2/DR_ws/install/m1013_moveit_config:/home/jaeheyoung/Rokey/7.PracticalProject/Week3_Coop2/DR_ws/install/m0617_moveit_config:/home/jaeheyoung/Rokey/7.PracticalProject/Week3_Coop2/DR_ws/install/m0609_moveit_config:/home/jaeheyoung/Rokey/7.PracticalProject/Week3_Coop2/DR_ws/install/ign_ros2_control_demos:/home/jaeheyoung/Rokey/7.PracticalProject/Week3_Coop2/DR_ws/install/gz_ros2_control_tests:/home/jaeheyoung/Rokey/7.PracticalProject/Week3_Coop2/DR_ws/install/ign_ros2_control:/home/jaeheyoung/Rokey/7.PracticalProject/Week3_Coop2/DR_ws/install/h2515_moveit_config:/home/jaeheyoung/Rokey/7.PracticalProject/Week3_Coop2/DR_ws/install/h2017_moveit_config:/home/jaeheyoung/Rokey/7.PracticalProject/Week3_Coop2/DR_ws/install/e0509_moveit_config:/home/jaeheyoung/Rokey/7.PracticalProject/Week3_Coop2/DR_ws/install/dsr_controller2:/home/jaeheyoung/Rokey/7.PracticalProject/Week3_Coop2/DR_ws/install/dsr_msgs2:/home/jaeheyoung/Rokey/7.PracticalProject/Week3_Coop2/DR_ws/install/dsr_hardware2:/home/jaeheyoung/Rokey/7.PracticalProject/Week3_Coop2/DR_ws/install/dsr_gazebo2:/home/jaeheyoung/Rokey/7.PracticalProject/Week3_Coop2/DR_ws/install/dsr_description2:/home/jaeheyoung/Rokey/7.PracticalProject/Week3_Coop2/DR_ws/install/a0912_moveit_config:/home/jaeheyoung/Rokey/7.PracticalProject/Week3_Coop2/DR_ws/install/a0509_moveit_config PYTHONPATH=/home/jaeheyoung/Rokey/7.PracticalProject/Week3_Coop2/DR_ws/build/c5/prefix_override:/usr/lib/python3/dist-packages/colcon_core/task/python/colcon_distutils_commands:/home/jaeheyoung/Rokey/7.PracticalProject/Week3_Coop2/DR_ws/install/c5/lib/python3.10/site-packages:${PYTHONPATH} /usr/bin/python3 -W ignore:setup.py install is deprecated setup.py egg_info --egg-base ../../../../build/c5 build --build-base /home/jaeheyoung/Rokey/7.PracticalProject/Week3_Coop2/DR_ws/build/c5/build install --record /home/jaeheyoung/Rokey/7.PracticalProject/Week3_Coop2/DR_ws/build/c5/install.log --single-version-externally-managed install_data
[1.084s] running egg_info
[1.084s] creating ../../../../build/c5/c5.egg-info
[1.084s] writing ../../../../build/c5/c5.egg-info/PKG-INFO
[1.085s] writing dependency_links to ../../../../build/c5/c5.egg-info/dependency_links.txt
[1.085s] writing entry points to ../../../../build/c5/c5.egg-info/entry_points.txt
[1.085s] writing requirements to ../../../../build/c5/c5.egg-info/requires.txt
[1.085s] writing top-level names to ../../../../build/c5/c5.egg-info/top_level.txt
[1.085s] writing manifest file '../../../../build/c5/c5.egg-info/SOURCES.txt'
[1.087s] reading manifest file '../../../../build/c5/c5.egg-info/SOURCES.txt'
[1.088s] writing manifest file '../../../../build/c5/c5.egg-info/SOURCES.txt'
[1.088s] running build
[1.089s] running build_py
[1.089s] creating /home/jaeheyoung/Rokey/7.PracticalProject/Week3_Coop2/DR_ws/build/c5/build
[1.089s] creating /home/jaeheyoung/Rokey/7.PracticalProject/Week3_Coop2/DR_ws/build/c5/build/lib
[1.089s] creating /home/jaeheyoung/Rokey/7.PracticalProject/Week3_Coop2/DR_ws/build/c5/build/lib/c5
[1.089s] copying c5/__init__.py -> /home/jaeheyoung/Rokey/7.PracticalProject/Week3_Coop2/DR_ws/build/c5/build/lib/c5
[1.089s] creating /home/jaeheyoung/Rokey/7.PracticalProject/Week3_Coop2/DR_ws/build/c5/build/lib/c5/basic
[1.089s] copying c5/basic/move.py -> /home/jaeheyoung/Rokey/7.PracticalProject/Week3_Coop2/DR_ws/build/c5/build/lib/c5/basic
[1.089s] copying c5/basic/pickNplace.py -> /home/jaeheyoung/Rokey/7.PracticalProject/Week3_Coop2/DR_ws/build/c5/build/lib/c5/basic
[1.089s] copying c5/basic/grip.py -> /home/jaeheyoung/Rokey/7.PracticalProject/Week3_Coop2/DR_ws/build/c5/build/lib/c5/basic
[1.089s] copying c5/basic/force_control.py -> /home/jaeheyoung/Rokey/7.PracticalProject/Week3_Coop2/DR_ws/build/c5/build/lib/c5/basic
[1.089s] copying c5/basic/__init__.py -> /home/jaeheyoung/Rokey/7.PracticalProject/Week3_Coop2/DR_ws/build/c5/build/lib/c5/basic
[1.089s] copying c5/basic/move_periodic.py -> /home/jaeheyoung/Rokey/7.PracticalProject/Week3_Coop2/DR_ws/build/c5/build/lib/c5/basic
[1.089s] copying c5/basic/getting_position.py -> /home/jaeheyoung/Rokey/7.PracticalProject/Week3_Coop2/DR_ws/build/c5/build/lib/c5/basic
[1.089s] running install
[1.090s] running install_lib
[1.090s] creating /home/jaeheyoung/Rokey/7.PracticalProject/Week3_Coop2/DR_ws/install/c5/lib/python3.10/site-packages/c5
[1.090s] copying /home/jaeheyoung/Rokey/7.PracticalProject/Week3_Coop2/DR_ws/build/c5/build/lib/c5/__init__.py -> /home/jaeheyoung/Rokey/7.PracticalProject/Week3_Coop2/DR_ws/install/c5/lib/python3.10/site-packages/c5
[1.090s] creating /home/jaeheyoung/Rokey/7.PracticalProject/Week3_Coop2/DR_ws/install/c5/lib/python3.10/site-packages/c5/basic
[1.091s] copying /home/jaeheyoung/Rokey/7.PracticalProject/Week3_Coop2/DR_ws/build/c5/build/lib/c5/basic/move.py -> /home/jaeheyoung/Rokey/7.PracticalProject/Week3_Coop2/DR_ws/install/c5/lib/python3.10/site-packages/c5/basic
[1.091s] copying /home/jaeheyoung/Rokey/7.PracticalProject/Week3_Coop2/DR_ws/build/c5/build/lib/c5/basic/pickNplace.py -> /home/jaeheyoung/Rokey/7.PracticalProject/Week3_Coop2/DR_ws/install/c5/lib/python3.10/site-packages/c5/basic
[1.091s] copying /home/jaeheyoung/Rokey/7.PracticalProject/Week3_Coop2/DR_ws/build/c5/build/lib/c5/basic/grip.py -> /home/jaeheyoung/Rokey/7.PracticalProject/Week3_Coop2/DR_ws/install/c5/lib/python3.10/site-packages/c5/basic
[1.092s] copying /home/jaeheyoung/Rokey/7.PracticalProject/Week3_Coop2/DR_ws/build/c5/build/lib/c5/basic/force_control.py -> /home/jaeheyoung/Rokey/7.PracticalProject/Week3_Coop2/DR_ws/install/c5/lib/python3.10/site-packages/c5/basic
[1.092s] copying /home/jaeheyoung/Rokey/7.PracticalProject/Week3_Coop2/DR_ws/build/c5/build/lib/c5/basic/__init__.py -> /home/jaeheyoung/Rokey/7.PracticalProject/Week3_Coop2/DR_ws/install/c5/lib/python3.10/site-packages/c5/basic
[1.092s] copying /home/jaeheyoung/Rokey/7.PracticalProject/Week3_Coop2/DR_ws/build/c5/build/lib/c5/basic/move_periodic.py -> /home/jaeheyoung/Rokey/7.PracticalProject/Week3_Coop2/DR_ws/install/c5/lib/python3.10/site-packages/c5/basic
[1.092s] copying /home/jaeheyoung/Rokey/7.PracticalProject/Week3_Coop2/DR_ws/build/c5/build/lib/c5/basic/getting_position.py -> /home/jaeheyoung/Rokey/7.PracticalProject/Week3_Coop2/DR_ws/install/c5/lib/python3.10/site-packages/c5/basic
[1.093s] byte-compiling /home/jaeheyoung/Rokey/7.PracticalProject/Week3_Coop2/DR_ws/install/c5/lib/python3.10/site-packages/c5/__init__.py to __init__.cpython-310.pyc
[1.093s] byte-compiling /home/jaeheyoung/Rokey/7.PracticalProject/Week3_Coop2/DR_ws/install/c5/lib/python3.10/site-packages/c5/basic/move.py to move.cpython-310.pyc
[1.093s] byte-compiling /home/jaeheyoung/Rokey/7.PracticalProject/Week3_Coop2/DR_ws/install/c5/lib/python3.10/site-packages/c5/basic/pickNplace.py to pickNplace.cpython-310.pyc
[1.094s] byte-compiling /home/jaeheyoung/Rokey/7.PracticalProject/Week3_Coop2/DR_ws/install/c5/lib/python3.10/site-packages/c5/basic/grip.py to grip.cpython-310.pyc
[1.094s] byte-compiling /home/jaeheyoung/Rokey/7.PracticalProject/Week3_Coop2/DR_ws/install/c5/lib/python3.10/site-packages/c5/basic/force_control.py to force_control.cpython-310.pyc
[1.095s] byte-compiling /home/jaeheyoung/Rokey/7.PracticalProject/Week3_Coop2/DR_ws/install/c5/lib/python3.10/site-packages/c5/basic/__init__.py to __init__.cpython-310.pyc
[1.095s] byte-compiling /home/jaeheyoung/Rokey/7.PracticalProject/Week3_Coop2/DR_ws/install/c5/lib/python3.10/site-packages/c5/basic/move_periodic.py to move_periodic.cpython-310.pyc
[1.095s] byte-compiling /home/jaeheyoung/Rokey/7.PracticalProject/Week3_Coop2/DR_ws/install/c5/lib/python3.10/site-packages/c5/basic/getting_position.py to getting_position.cpython-310.pyc
[1.096s] running install_data
[1.096s] creating /home/jaeheyoung/Rokey/7.PracticalProject/Week3_Coop2/DR_ws/install/c5/share/ament_index
[1.096s] creating /home/jaeheyoung/Rokey/7.PracticalProject/Week3_Coop2/DR_ws/install/c5/share/ament_index/resource_index
[1.096s] creating /home/jaeheyoung/Rokey/7.PracticalProject/Week3_Coop2/DR_ws/install/c5/share/ament_index/resource_index/packages
[1.097s] copying resource/c5 -> /home/jaeheyoung/Rokey/7.PracticalProject/Week3_Coop2/DR_ws/install/c5/share/ament_index/resource_index/packages
[1.097s] copying package.xml -> /home/jaeheyoung/Rokey/7.PracticalProject/Week3_Coop2/DR_ws/install/c5/share/c5
[1.097s] running install_egg_info
[1.098s] Copying ../../../../build/c5/c5.egg-info to /home/jaeheyoung/Rokey/7.PracticalProject/Week3_Coop2/DR_ws/install/c5/lib/python3.10/site-packages/c5-0.0.0-py3.10.egg-info
[1.098s] running install_scripts
[1.121s] Installing force_control script to /home/jaeheyoung/Rokey/7.PracticalProject/Week3_Coop2/DR_ws/install/c5/lib/c5
[1.122s] Installing getting_position script to /home/jaeheyoung/Rokey/7.PracticalProject/Week3_Coop2/DR_ws/install/c5/lib/c5
[1.122s] Installing grip script to /home/jaeheyoung/Rokey/7.PracticalProject/Week3_Coop2/DR_ws/install/c5/lib/c5
[1.122s] Installing move_periodic script to /home/jaeheyoung/Rokey/7.PracticalProject/Week3_Coop2/DR_ws/install/c5/lib/c5
[1.123s] Installing pickNplace script to /home/jaeheyoung/Rokey/7.PracticalProject/Week3_Coop2/DR_ws/install/c5/lib/c5
[1.123s] Installing simple_move script to /home/jaeheyoung/Rokey/7.PracticalProject/Week3_Coop2/DR_ws/install/c5/lib/c5
[1.123s] writing list of installed files to '/home/jaeheyoung/Rokey/7.PracticalProject/Week3_Coop2/DR_ws/build/c5/install.log'
[1.148s] Invoked command in '/home/jaeheyoung/Rokey/7.PracticalProject/Week3_Coop2/DR_ws/src/doosan-robot2/dsr_rokey/c5' returned '0': CMAKE_PREFIX_PATH=/home/jaeheyoung/Rokey/7.PracticalProject/Week3_Coop2/DR_ws/install/common2:/home/jaeheyoung/Rokey/7.PracticalProject/Week3_Coop2/DR_ws/install/realtime_control:/home/jaeheyoung/Rokey/7.PracticalProject/Week3_Coop2/DR_ws/install/m1509_moveit_config:/home/jaeheyoung/Rokey/7.PracticalProject/Week3_Coop2/DR_ws/install/m1013_moveit_config:/home/jaeheyoung/Rokey/7.PracticalProject/Week3_Coop2/DR_ws/install/m0617_moveit_config:/home/jaeheyoung/Rokey/7.PracticalProject/Week3_Coop2/DR_ws/install/m0609_moveit_config:/home/jaeheyoung/Rokey/7.PracticalProject/Week3_Coop2/DR_ws/install/ign_ros2_control_demos:/home/jaeheyoung/Rokey/7.PracticalProject/Week3_Coop2/DR_ws/install/gz_ros2_control_tests:/home/jaeheyoung/Rokey/7.PracticalProject/Week3_Coop2/DR_ws/install/ign_ros2_control:/home/jaeheyoung/Rokey/7.PracticalProject/Week3_Coop2/DR_ws/install/h2515_moveit_config:/home/jaeheyoung/Rokey/7.PracticalProject/Week3_Coop2/DR_ws/install/h2017_moveit_config:/home/jaeheyoung/Rokey/7.PracticalProject/Week3_Coop2/DR_ws/install/e0509_moveit_config:/home/jaeheyoung/Rokey/7.PracticalProject/Week3_Coop2/DR_ws/install/dsr_controller2:/home/jaeheyoung/Rokey/7.PracticalProject/Week3_Coop2/DR_ws/install/dsr_msgs2:/home/jaeheyoung/Rokey/7.PracticalProject/Week3_Coop2/DR_ws/install/dsr_hardware2:/home/jaeheyoung/Rokey/7.PracticalProject/Week3_Coop2/DR_ws/install/dsr_gazebo2:/home/jaeheyoung/Rokey/7.PracticalProject/Week3_Coop2/DR_ws/install/dsr_description2:/home/jaeheyoung/Rokey/7.PracticalProject/Week3_Coop2/DR_ws/install/a0912_moveit_config:/home/jaeheyoung/Rokey/7.PracticalProject/Week3_Coop2/DR_ws/install/a0509_moveit_config PYTHONPATH=/home/jaeheyoung/Rokey/7.PracticalProject/Week3_Coop2/DR_ws/build/c5/prefix_override:/usr/lib/python3/dist-packages/colcon_core/task/python/colcon_distutils_commands:/home/jaeheyoung/Rokey/7.PracticalProject/Week3_Coop2/DR_ws/install/c5/lib/python3.10/site-packages:${PYTHONPATH} /usr/bin/python3 -W ignore:setup.py install is deprecated setup.py egg_info --egg-base ../../../../build/c5 build --build-base /home/jaeheyoung/Rokey/7.PracticalProject/Week3_Coop2/DR_ws/build/c5/build install --record /home/jaeheyoung/Rokey/7.PracticalProject/Week3_Coop2/DR_ws/build/c5/install.log --single-version-externally-managed install_data
