[0.601s] Invoking command in '/home/jaeheyoung/Rokey/7.PracticalProject/Week3_Coop2/DR_ws/src/doosan-robot2/dsr_bringup2': AMENT_PREFIX_PATH=/home/jaeheyoung/Rokey/7.PracticalProject/Week3_Coop2/DR_ws/install/dsr_msgs2:${AMENT_PREFIX_PATH} CMAKE_PREFIX_PATH=/home/jaeheyoung/Rokey/7.PracticalProject/Week3_Coop2/DR_ws/install/dsr_msgs2 LD_LIBRARY_PATH=/home/jaeheyoung/Rokey/7.PracticalProject/Week3_Coop2/DR_ws/install/dsr_msgs2/lib:/usr/lib/x86_64-linux-gnu/gazebo-11/plugins:/opt/ros/humble/opt/rviz_ogre_vendor/lib:/opt/ros/humble/lib/x86_64-linux-gnu:/opt/ros/humble/lib:/usr/local/cuda-12.6/lib64:/usr/lib/x86_64-linux-gnu/gazebo-11/plugins PYTHONPATH=/home/jaeheyoung/Rokey/7.PracticalProject/Week3_Coop2/DR_ws/build/dsr_bringup2/prefix_override:/usr/lib/python3/dist-packages/colcon_core/task/python/colcon_distutils_commands:/home/jaeheyoung/Rokey/7.PracticalProject/Week3_Coop2/DR_ws/install/dsr_bringup2/lib/python3.10/site-packages:/home/jaeheyoung/Rokey/7.PracticalProject/Week3_Coop2/DR_ws/install/dsr_msgs2/local/lib/python3.10/dist-packages:${PYTHONPATH} /usr/bin/python3 -W ignore:setup.py install is deprecated setup.py egg_info --egg-base ../../../build/dsr_bringup2 build --build-base /home/jaeheyoung/Rokey/7.PracticalProject/Week3_Coop2/DR_ws/build/dsr_bringup2/build install --record /home/jaeheyoung/Rokey/7.PracticalProject/Week3_Coop2/DR_ws/build/dsr_bringup2/install.log --single-version-externally-managed install_data
[0.886s] running egg_info
[0.887s] creating ../../../build/dsr_bringup2/dsr_bringup2.egg-info
[0.887s] writing ../../../build/dsr_bringup2/dsr_bringup2.egg-info/PKG-INFO
[0.887s] writing dependency_links to ../../../build/dsr_bringup2/dsr_bringup2.egg-info/dependency_links.txt
[0.887s] writing entry points to ../../../build/dsr_bringup2/dsr_bringup2.egg-info/entry_points.txt
[0.887s] writing requirements to ../../../build/dsr_bringup2/dsr_bringup2.egg-info/requires.txt
[0.887s] writing top-level names to ../../../build/dsr_bringup2/dsr_bringup2.egg-info/top_level.txt
[0.887s] writing manifest file '../../../build/dsr_bringup2/dsr_bringup2.egg-info/SOURCES.txt'
[0.889s] reading manifest file '../../../build/dsr_bringup2/dsr_bringup2.egg-info/SOURCES.txt'
[0.890s] writing manifest file '../../../build/dsr_bringup2/dsr_bringup2.egg-info/SOURCES.txt'
[0.890s] running build
[0.890s] running build_py
[0.890s] creating /home/jaeheyoung/Rokey/7.PracticalProject/Week3_Coop2/DR_ws/build/dsr_bringup2/build
[0.890s] creating /home/jaeheyoung/Rokey/7.PracticalProject/Week3_Coop2/DR_ws/build/dsr_bringup2/build/lib
[0.890s] creating /home/jaeheyoung/Rokey/7.PracticalProject/Week3_Coop2/DR_ws/build/dsr_bringup2/build/lib/dsr_bringup2
[0.890s] copying dsr_bringup2/moveit_connection.py -> /home/jaeheyoung/Rokey/7.PracticalProject/Week3_Coop2/DR_ws/build/dsr_bringup2/build/lib/dsr_bringup2
[0.891s] copying dsr_bringup2/gazebo_connection.py -> /home/jaeheyoung/Rokey/7.PracticalProject/Week3_Coop2/DR_ws/build/dsr_bringup2/build/lib/dsr_bringup2
[0.891s] copying dsr_bringup2/connection.py -> /home/jaeheyoung/Rokey/7.PracticalProject/Week3_Coop2/DR_ws/build/dsr_bringup2/build/lib/dsr_bringup2
[0.891s] copying dsr_bringup2/__init__.py -> /home/jaeheyoung/Rokey/7.PracticalProject/Week3_Coop2/DR_ws/build/dsr_bringup2/build/lib/dsr_bringup2
[0.891s] running install
[0.892s] running install_lib
[0.892s] creating /home/jaeheyoung/Rokey/7.PracticalProject/Week3_Coop2/DR_ws/install/dsr_bringup2/lib/python3.10/site-packages/dsr_bringup2
[0.892s] copying /home/jaeheyoung/Rokey/7.PracticalProject/Week3_Coop2/DR_ws/build/dsr_bringup2/build/lib/dsr_bringup2/moveit_connection.py -> /home/jaeheyoung/Rokey/7.PracticalProject/Week3_Coop2/DR_ws/install/dsr_bringup2/lib/python3.10/site-packages/dsr_bringup2
[0.893s] copying /home/jaeheyoung/Rokey/7.PracticalProject/Week3_Coop2/DR_ws/build/dsr_bringup2/build/lib/dsr_bringup2/gazebo_connection.py -> /home/jaeheyoung/Rokey/7.PracticalProject/Week3_Coop2/DR_ws/install/dsr_bringup2/lib/python3.10/site-packages/dsr_bringup2
[0.893s] copying /home/jaeheyoung/Rokey/7.PracticalProject/Week3_Coop2/DR_ws/build/dsr_bringup2/build/lib/dsr_bringup2/connection.py -> /home/jaeheyoung/Rokey/7.PracticalProject/Week3_Coop2/DR_ws/install/dsr_bringup2/lib/python3.10/site-packages/dsr_bringup2
[0.893s] copying /home/jaeheyoung/Rokey/7.PracticalProject/Week3_Coop2/DR_ws/build/dsr_bringup2/build/lib/dsr_bringup2/__init__.py -> /home/jaeheyoung/Rokey/7.PracticalProject/Week3_Coop2/DR_ws/install/dsr_bringup2/lib/python3.10/site-packages/dsr_bringup2
[0.893s] byte-compiling /home/jaeheyoung/Rokey/7.PracticalProject/Week3_Coop2/DR_ws/install/dsr_bringup2/lib/python3.10/site-packages/dsr_bringup2/moveit_connection.py to moveit_connection.cpython-310.pyc
[0.894s] byte-compiling /home/jaeheyoung/Rokey/7.PracticalProject/Week3_Coop2/DR_ws/install/dsr_bringup2/lib/python3.10/site-packages/dsr_bringup2/gazebo_connection.py to gazebo_connection.cpython-310.pyc
[0.894s] byte-compiling /home/jaeheyoung/Rokey/7.PracticalProject/Week3_Coop2/DR_ws/install/dsr_bringup2/lib/python3.10/site-packages/dsr_bringup2/connection.py to connection.cpython-310.pyc
[0.895s] byte-compiling /home/jaeheyoung/Rokey/7.PracticalProject/Week3_Coop2/DR_ws/install/dsr_bringup2/lib/python3.10/site-packages/dsr_bringup2/__init__.py to __init__.cpython-310.pyc
[0.895s] running install_data
[0.895s] creating /home/jaeheyoung/Rokey/7.PracticalProject/Week3_Coop2/DR_ws/install/dsr_bringup2/share/ament_index
[0.896s] creating /home/jaeheyoung/Rokey/7.PracticalProject/Week3_Coop2/DR_ws/install/dsr_bringup2/share/ament_index/resource_index
[0.896s] creating /home/jaeheyoung/Rokey/7.PracticalProject/Week3_Coop2/DR_ws/install/dsr_bringup2/share/ament_index/resource_index/packages
[0.896s] copying resource/dsr_bringup2 -> /home/jaeheyoung/Rokey/7.PracticalProject/Week3_Coop2/DR_ws/install/dsr_bringup2/share/ament_index/resource_index/packages
[0.896s] copying package.xml -> /home/jaeheyoung/Rokey/7.PracticalProject/Week3_Coop2/DR_ws/install/dsr_bringup2/share/dsr_bringup2
[0.896s] creating /home/jaeheyoung/Rokey/7.PracticalProject/Week3_Coop2/DR_ws/install/dsr_bringup2/share/dsr_bringup2/launch
[0.896s] copying launch/dsr_bringup2_moveit.launch.py -> /home/jaeheyoung/Rokey/7.PracticalProject/Week3_Coop2/DR_ws/install/dsr_bringup2/share/dsr_bringup2/launch
[0.896s] copying launch/dsr_bringup2_gazebo.launch.py -> /home/jaeheyoung/Rokey/7.PracticalProject/Week3_Coop2/DR_ws/install/dsr_bringup2/share/dsr_bringup2/launch
[0.896s] copying launch/dsr_bringup2_spawn_on_gazebo.launch.py -> /home/jaeheyoung/Rokey/7.PracticalProject/Week3_Coop2/DR_ws/install/dsr_bringup2/share/dsr_bringup2/launch
[0.896s] copying launch/dsr_bringup2_rviz.launch.py -> /home/jaeheyoung/Rokey/7.PracticalProject/Week3_Coop2/DR_ws/install/dsr_bringup2/share/dsr_bringup2/launch
[0.897s] creating /home/jaeheyoung/Rokey/7.PracticalProject/Week3_Coop2/DR_ws/install/dsr_bringup2/share/dsr_bringup2/rviz
[0.897s] copying rviz/default.rviz -> /home/jaeheyoung/Rokey/7.PracticalProject/Week3_Coop2/DR_ws/install/dsr_bringup2/share/dsr_bringup2/rviz
[0.897s] running install_egg_info
[0.898s] Copying ../../../build/dsr_bringup2/dsr_bringup2.egg-info to /home/jaeheyoung/Rokey/7.PracticalProject/Week3_Coop2/DR_ws/install/dsr_bringup2/lib/python3.10/site-packages/dsr_bringup2-0.1.2-py3.10.egg-info
[0.899s] running install_scripts
[0.919s] Installing connection script to /home/jaeheyoung/Rokey/7.PracticalProject/Week3_Coop2/DR_ws/install/dsr_bringup2/lib/dsr_bringup2
[0.920s] Installing gazebo_connection script to /home/jaeheyoung/Rokey/7.PracticalProject/Week3_Coop2/DR_ws/install/dsr_bringup2/lib/dsr_bringup2
[0.920s] Installing moveit_connection script to /home/jaeheyoung/Rokey/7.PracticalProject/Week3_Coop2/DR_ws/install/dsr_bringup2/lib/dsr_bringup2
[0.920s] writing list of installed files to '/home/jaeheyoung/Rokey/7.PracticalProject/Week3_Coop2/DR_ws/build/dsr_bringup2/install.log'
[0.946s] Invoked command in '/home/jaeheyoung/Rokey/7.PracticalProject/Week3_Coop2/DR_ws/src/doosan-robot2/dsr_bringup2' returned '0': AMENT_PREFIX_PATH=/home/jaeheyoung/Rokey/7.PracticalProject/Week3_Coop2/DR_ws/install/dsr_msgs2:${AMENT_PREFIX_PATH} CMAKE_PREFIX_PATH=/home/jaeheyoung/Rokey/7.PracticalProject/Week3_Coop2/DR_ws/install/dsr_msgs2 LD_LIBRARY_PATH=/home/jaeheyoung/Rokey/7.PracticalProject/Week3_Coop2/DR_ws/install/dsr_msgs2/lib:/usr/lib/x86_64-linux-gnu/gazebo-11/plugins:/opt/ros/humble/opt/rviz_ogre_vendor/lib:/opt/ros/humble/lib/x86_64-linux-gnu:/opt/ros/humble/lib:/usr/local/cuda-12.6/lib64:/usr/lib/x86_64-linux-gnu/gazebo-11/plugins PYTHONPATH=/home/jaeheyoung/Rokey/7.PracticalProject/Week3_Coop2/DR_ws/build/dsr_bringup2/prefix_override:/usr/lib/python3/dist-packages/colcon_core/task/python/colcon_distutils_commands:/home/jaeheyoung/Rokey/7.PracticalProject/Week3_Coop2/DR_ws/install/dsr_bringup2/lib/python3.10/site-packages:/home/jaeheyoung/Rokey/7.PracticalProject/Week3_Coop2/DR_ws/install/dsr_msgs2/local/lib/python3.10/dist-packages:${PYTHONPATH} /usr/bin/python3 -W ignore:setup.py install is deprecated setup.py egg_info --egg-base ../../../build/dsr_bringup2 build --build-base /home/jaeheyoung/Rokey/7.PracticalProject/Week3_Coop2/DR_ws/build/dsr_bringup2/build install --record /home/jaeheyoung/Rokey/7.PracticalProject/Week3_Coop2/DR_ws/build/dsr_bringup2/install.log --single-version-externally-managed install_data
