/home/jaeheyoung/Rokey/7.PracticalProject/Week3_Coop2/DR_ws/install/example/lib/python3.10/site-packages/example/__init__.py
/home/jaeheyoung/Rokey/7.PracticalProject/Week3_Coop2/DR_ws/install/example/lib/python3.10/site-packages/example/simple/single_robot_simple.py
/home/jaeheyoung/Rokey/7.PracticalProject/Week3_Coop2/DR_ws/install/example/lib/python3.10/site-packages/example/simple/__init__.py
/home/jaeheyoung/Rokey/7.PracticalProject/Week3_Coop2/DR_ws/install/example/lib/python3.10/site-packages/example/demo/dance_m1013.py
/home/jaeheyoung/Rokey/7.PracticalProject/Week3_Coop2/DR_ws/install/example/lib/python3.10/site-packages/example/demo/__init__.py
/home/jaeheyoung/Rokey/7.PracticalProject/Week3_Coop2/DR_ws/install/example/lib/python3.10/site-packages/example/__pycache__/__init__.cpython-310.pyc
/home/jaeheyoung/Rokey/7.PracticalProject/Week3_Coop2/DR_ws/install/example/lib/python3.10/site-packages/example/simple/__pycache__/single_robot_simple.cpython-310.pyc
/home/jaeheyoung/Rokey/7.PracticalProject/Week3_Coop2/DR_ws/install/example/lib/python3.10/site-packages/example/simple/__pycache__/__init__.cpython-310.pyc
/home/jaeheyoung/Rokey/7.PracticalProject/Week3_Coop2/DR_ws/install/example/lib/python3.10/site-packages/example/demo/__pycache__/dance_m1013.cpython-310.pyc
/home/jaeheyoung/Rokey/7.PracticalProject/Week3_Coop2/DR_ws/install/example/lib/python3.10/site-packages/example/demo/__pycache__/__init__.cpython-310.pyc
/home/jaeheyoung/Rokey/7.PracticalProject/Week3_Coop2/DR_ws/install/example/share/ament_index/resource_index/packages/example
/home/jaeheyoung/Rokey/7.PracticalProject/Week3_Coop2/DR_ws/install/example/share/example/package.xml
/home/jaeheyoung/Rokey/7.PracticalProject/Week3_Coop2/DR_ws/install/example/lib/python3.10/site-packages/example-0.0.0-py3.10.egg-info/PKG-INFO
/home/jaeheyoung/Rokey/7.PracticalProject/Week3_Coop2/DR_ws/install/example/lib/python3.10/site-packages/example-0.0.0-py3.10.egg-info/dependency_links.txt
/home/jaeheyoung/Rokey/7.PracticalProject/Week3_Coop2/DR_ws/install/example/lib/python3.10/site-packages/example-0.0.0-py3.10.egg-info/top_level.txt
/home/jaeheyoung/Rokey/7.PracticalProject/Week3_Coop2/DR_ws/install/example/lib/python3.10/site-packages/example-0.0.0-py3.10.egg-info/SOURCES.txt
/home/jaeheyoung/Rokey/7.PracticalProject/Week3_Coop2/DR_ws/install/example/lib/python3.10/site-packages/example-0.0.0-py3.10.egg-info/entry_points.txt
/home/jaeheyoung/Rokey/7.PracticalProject/Week3_Coop2/DR_ws/install/example/lib/python3.10/site-packages/example-0.0.0-py3.10.egg-info/zip-safe
/home/jaeheyoung/Rokey/7.PracticalProject/Week3_Coop2/DR_ws/install/example/lib/python3.10/site-packages/example-0.0.0-py3.10.egg-info/requires.txt
/home/jaeheyoung/Rokey/7.PracticalProject/Week3_Coop2/DR_ws/install/example/lib/example/dance
/home/jaeheyoung/Rokey/7.PracticalProject/Week3_Coop2/DR_ws/install/example/lib/example/single_robot_simple
