[2.885s] Invoking command in '/home/jaeheyoung/robot_service_ws/build/turtlebot3_fake_node': CMAKE_PREFIX_PATH=/home/jaeheyoung/robot_service_ws/install/turtlebot3_msgs:/home/jaeheyoung/robot_service_ws/install/turtlebot3:/home/jaeheyoung/robot_service_ws/install/turtlebot3_simulations:/home/jaeheyoung/robot_service_ws/install/turtlebot3_bringup:/home/jaeheyoung/robot_service_ws/install/turtlebot3_node:/home/jaeheyoung/robot_service_ws/install/turtlebot3_navigation2:/home/jaeheyoung/robot_service_ws/install/turtlebot3_fake_node:/home/jaeheyoung/robot_service_ws/install/turtlebot3_gazebo:/home/jaeheyoung/robot_service_ws/install/turtlebot3_description:/home/jaeheyoung/robot_service_ws/install/turtlebot3_cartographer:/home/jaeheyoung/robot_service_ws/install/order_interface:/home/jaeheyoung/robot_service_ws/install/turtlebot3_teleop:/home/jaeheyoung/robot_service_ws/install/turtlebot3_example:/home/jaeheyoung/robot_service_ws/install/robot_serving:/opt/ros/humble LD_LIBRARY_PATH=/home/jaeheyoung/robot_service_ws/install/turtlebot3_msgs/lib:/home/jaeheyoung/robot_service_ws/install/order_interface/lib:/usr/lib/x86_64-linux-gnu/gazebo-11/plugins:/opt/ros/humble/opt/rviz_ogre_vendor/lib:/opt/ros/humble/lib/x86_64-linux-gnu:/opt/ros/humble/lib:/usr/local/cuda-12.6/lib64:/usr/lib/x86_64-linux-gnu/gazebo-11/plugins /usr/bin/cmake --build /home/jaeheyoung/robot_service_ws/build/turtlebot3_fake_node -- -j20 -l20
[2.940s] [35m[1mConsolidate compiler generated dependencies of target turtlebot3_fake_node[0m
[2.965s] [100%] Built target turtlebot3_fake_node
[3.047s] Invoked command in '/home/jaeheyoung/robot_service_ws/build/turtlebot3_fake_node' returned '0': CMAKE_PREFIX_PATH=/home/jaeheyoung/robot_service_ws/install/turtlebot3_msgs:/home/jaeheyoung/robot_service_ws/install/turtlebot3:/home/jaeheyoung/robot_service_ws/install/turtlebot3_simulations:/home/jaeheyoung/robot_service_ws/install/turtlebot3_bringup:/home/jaeheyoung/robot_service_ws/install/turtlebot3_node:/home/jaeheyoung/robot_service_ws/install/turtlebot3_navigation2:/home/jaeheyoung/robot_service_ws/install/turtlebot3_fake_node:/home/jaeheyoung/robot_service_ws/install/turtlebot3_gazebo:/home/jaeheyoung/robot_service_ws/install/turtlebot3_description:/home/jaeheyoung/robot_service_ws/install/turtlebot3_cartographer:/home/jaeheyoung/robot_service_ws/install/order_interface:/home/jaeheyoung/robot_service_ws/install/turtlebot3_teleop:/home/jaeheyoung/robot_service_ws/install/turtlebot3_example:/home/jaeheyoung/robot_service_ws/install/robot_serving:/opt/ros/humble LD_LIBRARY_PATH=/home/jaeheyoung/robot_service_ws/install/turtlebot3_msgs/lib:/home/jaeheyoung/robot_service_ws/install/order_interface/lib:/usr/lib/x86_64-linux-gnu/gazebo-11/plugins:/opt/ros/humble/opt/rviz_ogre_vendor/lib:/opt/ros/humble/lib/x86_64-linux-gnu:/opt/ros/humble/lib:/usr/local/cuda-12.6/lib64:/usr/lib/x86_64-linux-gnu/gazebo-11/plugins /usr/bin/cmake --build /home/jaeheyoung/robot_service_ws/build/turtlebot3_fake_node -- -j20 -l20
[3.085s] Invoking command in '/home/jaeheyoung/robot_service_ws/build/turtlebot3_fake_node': CMAKE_PREFIX_PATH=/home/jaeheyoung/robot_service_ws/install/turtlebot3_msgs:/home/jaeheyoung/robot_service_ws/install/turtlebot3:/home/jaeheyoung/robot_service_ws/install/turtlebot3_simulations:/home/jaeheyoung/robot_service_ws/install/turtlebot3_bringup:/home/jaeheyoung/robot_service_ws/install/turtlebot3_node:/home/jaeheyoung/robot_service_ws/install/turtlebot3_navigation2:/home/jaeheyoung/robot_service_ws/install/turtlebot3_fake_node:/home/jaeheyoung/robot_service_ws/install/turtlebot3_gazebo:/home/jaeheyoung/robot_service_ws/install/turtlebot3_description:/home/jaeheyoung/robot_service_ws/install/turtlebot3_cartographer:/home/jaeheyoung/robot_service_ws/install/order_interface:/home/jaeheyoung/robot_service_ws/install/turtlebot3_teleop:/home/jaeheyoung/robot_service_ws/install/turtlebot3_example:/home/jaeheyoung/robot_service_ws/install/robot_serving:/opt/ros/humble LD_LIBRARY_PATH=/home/jaeheyoung/robot_service_ws/install/turtlebot3_msgs/lib:/home/jaeheyoung/robot_service_ws/install/order_interface/lib:/usr/lib/x86_64-linux-gnu/gazebo-11/plugins:/opt/ros/humble/opt/rviz_ogre_vendor/lib:/opt/ros/humble/lib/x86_64-linux-gnu:/opt/ros/humble/lib:/usr/local/cuda-12.6/lib64:/usr/lib/x86_64-linux-gnu/gazebo-11/plugins /usr/bin/cmake --install /home/jaeheyoung/robot_service_ws/build/turtlebot3_fake_node
[3.110s] -- Install configuration: ""
[3.110s] -- Up-to-date: /home/jaeheyoung/robot_service_ws/install/turtlebot3_fake_node/lib/turtlebot3_fake_node/turtlebot3_fake_node
[3.111s] -- Up-to-date: /home/jaeheyoung/robot_service_ws/install/turtlebot3_fake_node/share/turtlebot3_fake_node/launch
[3.111s] -- Up-to-date: /home/jaeheyoung/robot_service_ws/install/turtlebot3_fake_node/share/turtlebot3_fake_node/launch/turtlebot3_fake_node.launch.py
[3.111s] -- Up-to-date: /home/jaeheyoung/robot_service_ws/install/turtlebot3_fake_node/share/turtlebot3_fake_node/launch/rviz2.launch.py
[3.111s] -- Up-to-date: /home/jaeheyoung/robot_service_ws/install/turtlebot3_fake_node/share/turtlebot3_fake_node/param
[3.111s] -- Up-to-date: /home/jaeheyoung/robot_service_ws/install/turtlebot3_fake_node/share/turtlebot3_fake_node/param/waffle.yaml
[3.111s] -- Up-to-date: /home/jaeheyoung/robot_service_ws/install/turtlebot3_fake_node/share/turtlebot3_fake_node/param/burger.yaml
[3.111s] -- Up-to-date: /home/jaeheyoung/robot_service_ws/install/turtlebot3_fake_node/share/turtlebot3_fake_node/param/waffle_pi.yaml
[3.111s] -- Up-to-date: /home/jaeheyoung/robot_service_ws/install/turtlebot3_fake_node/include/
[3.111s] -- Up-to-date: /home/jaeheyoung/robot_service_ws/install/turtlebot3_fake_node/include//turtlebot3_fake_node
[3.111s] -- Up-to-date: /home/jaeheyoung/robot_service_ws/install/turtlebot3_fake_node/include//turtlebot3_fake_node/turtlebot3_fake_node.hpp
[3.111s] -- Up-to-date: /home/jaeheyoung/robot_service_ws/install/turtlebot3_fake_node/share/ament_index/resource_index/package_run_dependencies/turtlebot3_fake_node
[3.111s] -- Up-to-date: /home/jaeheyoung/robot_service_ws/install/turtlebot3_fake_node/share/ament_index/resource_index/parent_prefix_path/turtlebot3_fake_node
[3.111s] -- Up-to-date: /home/jaeheyoung/robot_service_ws/install/turtlebot3_fake_node/share/turtlebot3_fake_node/environment/ament_prefix_path.sh
[3.111s] -- Up-to-date: /home/jaeheyoung/robot_service_ws/install/turtlebot3_fake_node/share/turtlebot3_fake_node/environment/ament_prefix_path.dsv
[3.112s] -- Up-to-date: /home/jaeheyoung/robot_service_ws/install/turtlebot3_fake_node/share/turtlebot3_fake_node/environment/path.sh
[3.112s] -- Up-to-date: /home/jaeheyoung/robot_service_ws/install/turtlebot3_fake_node/share/turtlebot3_fake_node/environment/path.dsv
[3.112s] -- Up-to-date: /home/jaeheyoung/robot_service_ws/install/turtlebot3_fake_node/share/turtlebot3_fake_node/local_setup.bash
[3.112s] -- Up-to-date: /home/jaeheyoung/robot_service_ws/install/turtlebot3_fake_node/share/turtlebot3_fake_node/local_setup.sh
[3.112s] -- Up-to-date: /home/jaeheyoung/robot_service_ws/install/turtlebot3_fake_node/share/turtlebot3_fake_node/local_setup.zsh
[3.112s] -- Up-to-date: /home/jaeheyoung/robot_service_ws/install/turtlebot3_fake_node/share/turtlebot3_fake_node/local_setup.dsv
[3.112s] -- Installing: /home/jaeheyoung/robot_service_ws/install/turtlebot3_fake_node/share/turtlebot3_fake_node/package.dsv
[3.112s] -- Up-to-date: /home/jaeheyoung/robot_service_ws/install/turtlebot3_fake_node/share/ament_index/resource_index/packages/turtlebot3_fake_node
[3.112s] -- Up-to-date: /home/jaeheyoung/robot_service_ws/install/turtlebot3_fake_node/share/turtlebot3_fake_node/cmake/ament_cmake_export_include_directories-extras.cmake
[3.112s] -- Up-to-date: /home/jaeheyoung/robot_service_ws/install/turtlebot3_fake_node/share/turtlebot3_fake_node/cmake/ament_cmake_export_dependencies-extras.cmake
[3.112s] -- Up-to-date: /home/jaeheyoung/robot_service_ws/install/turtlebot3_fake_node/share/turtlebot3_fake_node/cmake/turtlebot3_fake_nodeConfig.cmake
[3.112s] -- Up-to-date: /home/jaeheyoung/robot_service_ws/install/turtlebot3_fake_node/share/turtlebot3_fake_node/cmake/turtlebot3_fake_nodeConfig-version.cmake
[3.112s] -- Up-to-date: /home/jaeheyoung/robot_service_ws/install/turtlebot3_fake_node/share/turtlebot3_fake_node/package.xml
[3.128s] Invoked command in '/home/jaeheyoung/robot_service_ws/build/turtlebot3_fake_node' returned '0': CMAKE_PREFIX_PATH=/home/jaeheyoung/robot_service_ws/install/turtlebot3_msgs:/home/jaeheyoung/robot_service_ws/install/turtlebot3:/home/jaeheyoung/robot_service_ws/install/turtlebot3_simulations:/home/jaeheyoung/robot_service_ws/install/turtlebot3_bringup:/home/jaeheyoung/robot_service_ws/install/turtlebot3_node:/home/jaeheyoung/robot_service_ws/install/turtlebot3_navigation2:/home/jaeheyoung/robot_service_ws/install/turtlebot3_fake_node:/home/jaeheyoung/robot_service_ws/install/turtlebot3_gazebo:/home/jaeheyoung/robot_service_ws/install/turtlebot3_description:/home/jaeheyoung/robot_service_ws/install/turtlebot3_cartographer:/home/jaeheyoung/robot_service_ws/install/order_interface:/home/jaeheyoung/robot_service_ws/install/turtlebot3_teleop:/home/jaeheyoung/robot_service_ws/install/turtlebot3_example:/home/jaeheyoung/robot_service_ws/install/robot_serving:/opt/ros/humble LD_LIBRARY_PATH=/home/jaeheyoung/robot_service_ws/install/turtlebot3_msgs/lib:/home/jaeheyoung/robot_service_ws/install/order_interface/lib:/usr/lib/x86_64-linux-gnu/gazebo-11/plugins:/opt/ros/humble/opt/rviz_ogre_vendor/lib:/opt/ros/humble/lib/x86_64-linux-gnu:/opt/ros/humble/lib:/usr/local/cuda-12.6/lib64:/usr/lib/x86_64-linux-gnu/gazebo-11/plugins /usr/bin/cmake --install /home/jaeheyoung/robot_service_ws/build/turtlebot3_fake_node
