[0.017s] Invoking command in '/home/jaeheyoung/Rokey/7.PracticalProject/Week8_Intel2/turtlebot3_ws/build/turtlebot3_description': CMAKE_PREFIX_PATH=${CMAKE_PREFIX_PATH}:/home/jaeheyoung/Rokey/7.PracticalProject/Week7_Drive3/drive3_ws/install/my_robot:/opt/ros/humble /usr/bin/cmake /home/jaeheyoung/Rokey/7.PracticalProject/Week8_Intel2/turtlebot3_ws/src/turtlebot3/turtlebot3_description -DAMENT_CMAKE_SYMLINK_INSTALL=1 -DCMAKE_INSTALL_PREFIX=/home/jaeheyoung/Rokey/7.PracticalProject/Week8_Intel2/turtlebot3_ws/install/turtlebot3_description
[0.122s] -- The C compiler identification is GNU 11.4.0
[0.206s] -- The CXX compiler identification is GNU 11.4.0
[0.216s] -- Detecting C compiler ABI info
[0.282s] -- Detecting C compiler ABI info - done
[0.289s] -- Check for working C compiler: /usr/bin/cc - skipped
[0.289s] -- Detecting C compile features
[0.289s] -- Detecting C compile features - done
[0.293s] -- Detecting CXX compiler ABI info
[0.381s] -- Detecting CXX compiler ABI info - done
[0.392s] -- Check for working CXX compiler: /usr/bin/c++ - skipped
[0.392s] -- Detecting CXX compile features
[0.393s] -- Detecting CXX compile features - done
[0.397s] -- Found ament_cmake: 1.3.11 (/opt/ros/humble/share/ament_cmake/cmake)
[1.114s] -- Found Python3: /usr/bin/python3 (found version "3.10.12") found components: Interpreter 
[1.191s] -- Override CMake install command with custom implementation using symlinks instead of copying resources
[1.238s] -- Found urdf: 2.6.1 (/opt/ros/humble/share/urdf/cmake)
[1.436s] -- Configuring done
[1.437s] -- Generating done
[1.439s] -- Build files have been written to: /home/jaeheyoung/Rokey/7.PracticalProject/Week8_Intel2/turtlebot3_ws/build/turtlebot3_description
[1.445s] Invoked command in '/home/jaeheyoung/Rokey/7.PracticalProject/Week8_Intel2/turtlebot3_ws/build/turtlebot3_description' returned '0': CMAKE_PREFIX_PATH=${CMAKE_PREFIX_PATH}:/home/jaeheyoung/Rokey/7.PracticalProject/Week7_Drive3/drive3_ws/install/my_robot:/opt/ros/humble /usr/bin/cmake /home/jaeheyoung/Rokey/7.PracticalProject/Week8_Intel2/turtlebot3_ws/src/turtlebot3/turtlebot3_description -DAMENT_CMAKE_SYMLINK_INSTALL=1 -DCMAKE_INSTALL_PREFIX=/home/jaeheyoung/Rokey/7.PracticalProject/Week8_Intel2/turtlebot3_ws/install/turtlebot3_description
[1.447s] Invoking command in '/home/jaeheyoung/Rokey/7.PracticalProject/Week8_Intel2/turtlebot3_ws/build/turtlebot3_description': CMAKE_PREFIX_PATH=${CMAKE_PREFIX_PATH}:/home/jaeheyoung/Rokey/7.PracticalProject/Week7_Drive3/drive3_ws/install/my_robot:/opt/ros/humble /usr/bin/cmake --build /home/jaeheyoung/Rokey/7.PracticalProject/Week8_Intel2/turtlebot3_ws/build/turtlebot3_description -- -j20 -l20
[1.491s] Invoked command in '/home/jaeheyoung/Rokey/7.PracticalProject/Week8_Intel2/turtlebot3_ws/build/turtlebot3_description' returned '0': CMAKE_PREFIX_PATH=${CMAKE_PREFIX_PATH}:/home/jaeheyoung/Rokey/7.PracticalProject/Week7_Drive3/drive3_ws/install/my_robot:/opt/ros/humble /usr/bin/cmake --build /home/jaeheyoung/Rokey/7.PracticalProject/Week8_Intel2/turtlebot3_ws/build/turtlebot3_description -- -j20 -l20
[1.493s] Invoking command in '/home/jaeheyoung/Rokey/7.PracticalProject/Week8_Intel2/turtlebot3_ws/build/turtlebot3_description': CMAKE_PREFIX_PATH=${CMAKE_PREFIX_PATH}:/home/jaeheyoung/Rokey/7.PracticalProject/Week7_Drive3/drive3_ws/install/my_robot:/opt/ros/humble /usr/bin/cmake --install /home/jaeheyoung/Rokey/7.PracticalProject/Week8_Intel2/turtlebot3_ws/build/turtlebot3_description
[1.503s] -- Install configuration: ""
[1.504s] -- Execute custom install script
[1.505s] -- Symlinking: /home/jaeheyoung/Rokey/7.PracticalProject/Week8_Intel2/turtlebot3_ws/install/turtlebot3_description/share/turtlebot3_description/meshes/bases/burger_base.stl
[1.512s] -- Symlinking: /home/jaeheyoung/Rokey/7.PracticalProject/Week8_Intel2/turtlebot3_ws/install/turtlebot3_description/share/turtlebot3_description/meshes/bases/waffle_base.stl
[1.520s] -- Symlinking: /home/jaeheyoung/Rokey/7.PracticalProject/Week8_Intel2/turtlebot3_ws/install/turtlebot3_description/share/turtlebot3_description/meshes/bases/waffle_pi_base.stl
[1.527s] -- Symlinking: /home/jaeheyoung/Rokey/7.PracticalProject/Week8_Intel2/turtlebot3_ws/install/turtlebot3_description/share/turtlebot3_description/meshes/sensors/astra.dae
[1.536s] -- Symlinking: /home/jaeheyoung/Rokey/7.PracticalProject/Week8_Intel2/turtlebot3_ws/install/turtlebot3_description/share/turtlebot3_description/meshes/sensors/astra.jpg
[1.545s] -- Symlinking: /home/jaeheyoung/Rokey/7.PracticalProject/Week8_Intel2/turtlebot3_ws/install/turtlebot3_description/share/turtlebot3_description/meshes/sensors/lds.stl
[1.556s] -- Symlinking: /home/jaeheyoung/Rokey/7.PracticalProject/Week8_Intel2/turtlebot3_ws/install/turtlebot3_description/share/turtlebot3_description/meshes/sensors/r200.dae
[1.566s] -- Symlinking: /home/jaeheyoung/Rokey/7.PracticalProject/Week8_Intel2/turtlebot3_ws/install/turtlebot3_description/share/turtlebot3_description/meshes/sensors/r200.jpg
[1.573s] -- Symlinking: /home/jaeheyoung/Rokey/7.PracticalProject/Week8_Intel2/turtlebot3_ws/install/turtlebot3_description/share/turtlebot3_description/meshes/wheels/left_tire.stl
[1.583s] -- Symlinking: /home/jaeheyoung/Rokey/7.PracticalProject/Week8_Intel2/turtlebot3_ws/install/turtlebot3_description/share/turtlebot3_description/meshes/wheels/right_tire.stl
[1.592s] -- Symlinking: /home/jaeheyoung/Rokey/7.PracticalProject/Week8_Intel2/turtlebot3_ws/install/turtlebot3_description/share/turtlebot3_description/rviz/model.rviz
[1.600s] -- Symlinking: /home/jaeheyoung/Rokey/7.PracticalProject/Week8_Intel2/turtlebot3_ws/install/turtlebot3_description/share/turtlebot3_description/urdf/common_properties.urdf
[1.607s] -- Symlinking: /home/jaeheyoung/Rokey/7.PracticalProject/Week8_Intel2/turtlebot3_ws/install/turtlebot3_description/share/turtlebot3_description/urdf/turtlebot3_burger.urdf
[1.616s] -- Symlinking: /home/jaeheyoung/Rokey/7.PracticalProject/Week8_Intel2/turtlebot3_ws/install/turtlebot3_description/share/turtlebot3_description/urdf/turtlebot3_waffle.urdf
[1.623s] -- Symlinking: /home/jaeheyoung/Rokey/7.PracticalProject/Week8_Intel2/turtlebot3_ws/install/turtlebot3_description/share/turtlebot3_description/urdf/turtlebot3_waffle_pi.urdf
[1.630s] -- Symlinking: /home/jaeheyoung/Rokey/7.PracticalProject/Week8_Intel2/turtlebot3_ws/install/turtlebot3_description/share/ament_index/resource_index/package_run_dependencies/turtlebot3_description
[1.640s] -- Symlinking: /home/jaeheyoung/Rokey/7.PracticalProject/Week8_Intel2/turtlebot3_ws/install/turtlebot3_description/share/ament_index/resource_index/parent_prefix_path/turtlebot3_description
[1.646s] -- Symlinking: /home/jaeheyoung/Rokey/7.PracticalProject/Week8_Intel2/turtlebot3_ws/install/turtlebot3_description/share/turtlebot3_description/environment/ament_prefix_path.sh
[1.654s] -- Symlinking: /home/jaeheyoung/Rokey/7.PracticalProject/Week8_Intel2/turtlebot3_ws/install/turtlebot3_description/share/turtlebot3_description/environment/ament_prefix_path.dsv
[1.661s] -- Symlinking: /home/jaeheyoung/Rokey/7.PracticalProject/Week8_Intel2/turtlebot3_ws/install/turtlebot3_description/share/turtlebot3_description/environment/path.sh
[1.670s] -- Symlinking: /home/jaeheyoung/Rokey/7.PracticalProject/Week8_Intel2/turtlebot3_ws/install/turtlebot3_description/share/turtlebot3_description/environment/path.dsv
[1.678s] -- Symlinking: /home/jaeheyoung/Rokey/7.PracticalProject/Week8_Intel2/turtlebot3_ws/install/turtlebot3_description/share/turtlebot3_description/local_setup.bash
[1.684s] -- Symlinking: /home/jaeheyoung/Rokey/7.PracticalProject/Week8_Intel2/turtlebot3_ws/install/turtlebot3_description/share/turtlebot3_description/local_setup.sh
[1.694s] -- Symlinking: /home/jaeheyoung/Rokey/7.PracticalProject/Week8_Intel2/turtlebot3_ws/install/turtlebot3_description/share/turtlebot3_description/local_setup.zsh
[1.702s] -- Symlinking: /home/jaeheyoung/Rokey/7.PracticalProject/Week8_Intel2/turtlebot3_ws/install/turtlebot3_description/share/turtlebot3_description/local_setup.dsv
[1.709s] -- Symlinking: /home/jaeheyoung/Rokey/7.PracticalProject/Week8_Intel2/turtlebot3_ws/install/turtlebot3_description/share/turtlebot3_description/package.dsv
[1.717s] -- Symlinking: /home/jaeheyoung/Rokey/7.PracticalProject/Week8_Intel2/turtlebot3_ws/install/turtlebot3_description/share/ament_index/resource_index/packages/turtlebot3_description
[1.723s] -- Symlinking: /home/jaeheyoung/Rokey/7.PracticalProject/Week8_Intel2/turtlebot3_ws/install/turtlebot3_description/share/turtlebot3_description/cmake/turtlebot3_descriptionConfig.cmake
[1.730s] -- Symlinking: /home/jaeheyoung/Rokey/7.PracticalProject/Week8_Intel2/turtlebot3_ws/install/turtlebot3_description/share/turtlebot3_description/cmake/turtlebot3_descriptionConfig-version.cmake
[1.738s] -- Symlinking: /home/jaeheyoung/Rokey/7.PracticalProject/Week8_Intel2/turtlebot3_ws/install/turtlebot3_description/share/turtlebot3_description/package.xml
[1.748s] Invoked command in '/home/jaeheyoung/Rokey/7.PracticalProject/Week8_Intel2/turtlebot3_ws/build/turtlebot3_description' returned '0': CMAKE_PREFIX_PATH=${CMAKE_PREFIX_PATH}:/home/jaeheyoung/Rokey/7.PracticalProject/Week7_Drive3/drive3_ws/install/my_robot:/opt/ros/humble /usr/bin/cmake --install /home/jaeheyoung/Rokey/7.PracticalProject/Week8_Intel2/turtlebot3_ws/build/turtlebot3_description
