[0.009s] Invoking command in '/home/jaeheyoung/Rokey/7.PracticalProject/Week6_Drive2/rbvacuum_ws/build/automap': CMAKE_PREFIX_PATH=${CMAKE_PREFIX_PATH}:/opt/ros/humble /usr/bin/cmake /home/jaeheyoung/Rokey/7.PracticalProject/Week6_Drive2/rbvacuum_ws/src/automap -DAMENT_CMAKE_SYMLINK_INSTALL=1 -DCMAKE_INSTALL_PREFIX=/home/jaeheyoung/Rokey/7.PracticalProject/Week6_Drive2/rbvacuum_ws/install/automap
[0.019s] -- Found ament_cmake: 1.3.10 (/opt/ros/humble/share/ament_cmake/cmake)
[0.115s] -- Override CMake install command with custom implementation using symlinks instead of copying resources
[0.121s] -- Found rclpy: 3.3.14 (/opt/ros/humble/share/rclpy/cmake)
[0.177s] -- Configuring done
[0.178s] -- Generating done
[0.179s] -- Build files have been written to: /home/jaeheyoung/Rokey/7.PracticalProject/Week6_Drive2/rbvacuum_ws/build/automap
[0.183s] Invoked command in '/home/jaeheyoung/Rokey/7.PracticalProject/Week6_Drive2/rbvacuum_ws/build/automap' returned '0': CMAKE_PREFIX_PATH=${CMAKE_PREFIX_PATH}:/opt/ros/humble /usr/bin/cmake /home/jaeheyoung/Rokey/7.PracticalProject/Week6_Drive2/rbvacuum_ws/src/automap -DAMENT_CMAKE_SYMLINK_INSTALL=1 -DCMAKE_INSTALL_PREFIX=/home/jaeheyoung/Rokey/7.PracticalProject/Week6_Drive2/rbvacuum_ws/install/automap
[0.183s] Invoking command in '/home/jaeheyoung/Rokey/7.PracticalProject/Week6_Drive2/rbvacuum_ws/build/automap': CMAKE_PREFIX_PATH=${CMAKE_PREFIX_PATH}:/opt/ros/humble /usr/bin/cmake --build /home/jaeheyoung/Rokey/7.PracticalProject/Week6_Drive2/rbvacuum_ws/build/automap -- -j20 -l20
[0.219s] Invoked command in '/home/jaeheyoung/Rokey/7.PracticalProject/Week6_Drive2/rbvacuum_ws/build/automap' returned '0': CMAKE_PREFIX_PATH=${CMAKE_PREFIX_PATH}:/opt/ros/humble /usr/bin/cmake --build /home/jaeheyoung/Rokey/7.PracticalProject/Week6_Drive2/rbvacuum_ws/build/automap -- -j20 -l20
[0.249s] Invoking command in '/home/jaeheyoung/Rokey/7.PracticalProject/Week6_Drive2/rbvacuum_ws/build/automap': CMAKE_PREFIX_PATH=${CMAKE_PREFIX_PATH}:/opt/ros/humble /usr/bin/cmake --install /home/jaeheyoung/Rokey/7.PracticalProject/Week6_Drive2/rbvacuum_ws/build/automap
[0.257s] -- Install configuration: ""
[0.257s] -- Execute custom install script
[0.258s] -- Up-to-date symlink: /home/jaeheyoung/Rokey/7.PracticalProject/Week6_Drive2/rbvacuum_ws/install/automap/lib/automap/mapping.py
[0.258s] -- Up-to-date symlink: /home/jaeheyoung/Rokey/7.PracticalProject/Week6_Drive2/rbvacuum_ws/install/automap/share/automap/launch/automap.launch.py
[0.258s] -- Up-to-date symlink: /home/jaeheyoung/Rokey/7.PracticalProject/Week6_Drive2/rbvacuum_ws/install/automap/share/ament_index/resource_index/package_run_dependencies/automap
[0.258s] -- Up-to-date symlink: /home/jaeheyoung/Rokey/7.PracticalProject/Week6_Drive2/rbvacuum_ws/install/automap/share/ament_index/resource_index/parent_prefix_path/automap
[0.259s] -- Up-to-date symlink: /home/jaeheyoung/Rokey/7.PracticalProject/Week6_Drive2/rbvacuum_ws/install/automap/share/automap/environment/ament_prefix_path.sh
[0.259s] -- Up-to-date symlink: /home/jaeheyoung/Rokey/7.PracticalProject/Week6_Drive2/rbvacuum_ws/install/automap/share/automap/environment/ament_prefix_path.dsv
[0.259s] -- Up-to-date symlink: /home/jaeheyoung/Rokey/7.PracticalProject/Week6_Drive2/rbvacuum_ws/install/automap/share/automap/environment/path.sh
[0.259s] -- Up-to-date symlink: /home/jaeheyoung/Rokey/7.PracticalProject/Week6_Drive2/rbvacuum_ws/install/automap/share/automap/environment/path.dsv
[0.259s] -- Up-to-date symlink: /home/jaeheyoung/Rokey/7.PracticalProject/Week6_Drive2/rbvacuum_ws/install/automap/share/automap/local_setup.bash
[0.259s] -- Up-to-date symlink: /home/jaeheyoung/Rokey/7.PracticalProject/Week6_Drive2/rbvacuum_ws/install/automap/share/automap/local_setup.sh
[0.259s] -- Up-to-date symlink: /home/jaeheyoung/Rokey/7.PracticalProject/Week6_Drive2/rbvacuum_ws/install/automap/share/automap/local_setup.zsh
[0.260s] -- Up-to-date symlink: /home/jaeheyoung/Rokey/7.PracticalProject/Week6_Drive2/rbvacuum_ws/install/automap/share/automap/local_setup.dsv
[0.260s] -- Symlinking: /home/jaeheyoung/Rokey/7.PracticalProject/Week6_Drive2/rbvacuum_ws/install/automap/share/automap/package.dsv
[0.271s] -- Up-to-date symlink: /home/jaeheyoung/Rokey/7.PracticalProject/Week6_Drive2/rbvacuum_ws/install/automap/share/ament_index/resource_index/packages/automap
[0.272s] -- Up-to-date symlink: /home/jaeheyoung/Rokey/7.PracticalProject/Week6_Drive2/rbvacuum_ws/install/automap/share/automap/cmake/automapConfig.cmake
[0.272s] -- Up-to-date symlink: /home/jaeheyoung/Rokey/7.PracticalProject/Week6_Drive2/rbvacuum_ws/install/automap/share/automap/cmake/automapConfig-version.cmake
[0.272s] -- Up-to-date symlink: /home/jaeheyoung/Rokey/7.PracticalProject/Week6_Drive2/rbvacuum_ws/install/automap/share/automap/package.xml
[0.274s] Invoked command in '/home/jaeheyoung/Rokey/7.PracticalProject/Week6_Drive2/rbvacuum_ws/build/automap' returned '0': CMAKE_PREFIX_PATH=${CMAKE_PREFIX_PATH}:/opt/ros/humble /usr/bin/cmake --install /home/jaeheyoung/Rokey/7.PracticalProject/Week6_Drive2/rbvacuum_ws/build/automap
