[0.391s] Invoking command in '/home/jaeheyoung/Rokey/7.PracticalProject/Week7_Drive3/drive3_ws/build/my_robot': PYTHONPATH=/home/jaeheyoung/Rokey/7.PracticalProject/Week7_Drive3/drive3_ws/build/my_robot/prefix_override:/usr/lib/python3/dist-packages/colcon_core/task/python/colcon_distutils_commands:/home/jaeheyoung/Rokey/7.PracticalProject/Week7_Drive3/drive3_ws/install/my_robot/lib/python3.10/site-packages:${PYTHONPATH} /usr/bin/python3 -W ignore:setup.py install is deprecated -W ignore:easy_install command is deprecated setup.py develop --editable --build-directory /home/jaeheyoung/Rokey/7.PracticalProject/Week7_Drive3/drive3_ws/build/my_robot/build --no-deps symlink_data
[0.558s] running develop
[0.678s] running egg_info
[0.678s] writing my_robot.egg-info/PKG-INFO
[0.678s] writing dependency_links to my_robot.egg-info/dependency_links.txt
[0.678s] writing entry points to my_robot.egg-info/entry_points.txt
[0.678s] writing requirements to my_robot.egg-info/requires.txt
[0.678s] writing top-level names to my_robot.egg-info/top_level.txt
[0.679s] reading manifest file 'my_robot.egg-info/SOURCES.txt'
[0.680s] writing manifest file 'my_robot.egg-info/SOURCES.txt'
[0.681s] running build_ext
[0.681s] Creating /home/jaeheyoung/Rokey/7.PracticalProject/Week7_Drive3/drive3_ws/install/my_robot/lib/python3.10/site-packages/my-robot.egg-link (link to .)
[0.681s] Installing GUI_node script to /home/jaeheyoung/Rokey/7.PracticalProject/Week7_Drive3/drive3_ws/install/my_robot/lib/my_robot
[0.681s] Installing img_pub script to /home/jaeheyoung/Rokey/7.PracticalProject/Week7_Drive3/drive3_ws/install/my_robot/lib/my_robot
[0.681s] Installing img_sub script to /home/jaeheyoung/Rokey/7.PracticalProject/Week7_Drive3/drive3_ws/install/my_robot/lib/my_robot
[0.681s] Installing marker script to /home/jaeheyoung/Rokey/7.PracticalProject/Week7_Drive3/drive3_ws/install/my_robot/lib/my_robot
[0.681s] 
[0.681s] Installed /home/jaeheyoung/Rokey/7.PracticalProject/Week7_Drive3/drive3_ws/build/my_robot
[0.681s] running symlink_data
[0.699s] Invoked command in '/home/jaeheyoung/Rokey/7.PracticalProject/Week7_Drive3/drive3_ws/build/my_robot' returned '0': PYTHONPATH=/home/jaeheyoung/Rokey/7.PracticalProject/Week7_Drive3/drive3_ws/build/my_robot/prefix_override:/usr/lib/python3/dist-packages/colcon_core/task/python/colcon_distutils_commands:/home/jaeheyoung/Rokey/7.PracticalProject/Week7_Drive3/drive3_ws/install/my_robot/lib/python3.10/site-packages:${PYTHONPATH} /usr/bin/python3 -W ignore:setup.py install is deprecated -W ignore:easy_install command is deprecated setup.py develop --editable --build-directory /home/jaeheyoung/Rokey/7.PracticalProject/Week7_Drive3/drive3_ws/build/my_robot/build --no-deps symlink_data
