[0.012s] Invoking command in '/home/jaeheyoung/Rokey/7.PracticalProject/Week7_Drive3/turtlebot3_ws/build/turtlebot3_manipulation_description': CMAKE_PREFIX_PATH=/opt/ros/humble /usr/bin/cmake /home/jaeheyoung/Rokey/7.PracticalProject/Week7_Drive3/turtlebot3_ws/src/turtlebot3_manipulation/turtlebot3_manipulation_description -DAMENT_CMAKE_SYMLINK_INSTALL=1 -DCMAKE_INSTALL_PREFIX=/home/jaeheyoung/Rokey/7.PracticalProject/Week7_Drive3/turtlebot3_ws/install/turtlebot3_manipulation_description
[0.054s] -- The C compiler identification is GNU 11.4.0
[0.095s] -- The CXX compiler identification is GNU 11.4.0
[0.101s] -- Detecting C compiler ABI info
[0.152s] -- Detecting C compiler ABI info - done
[0.158s] -- Check for working C compiler: /usr/bin/cc - skipped
[0.158s] -- Detecting C compile features
[0.158s] -- Detecting C compile features - done
[0.160s] -- Detecting CXX compiler ABI info
[0.217s] -- Detecting CXX compiler ABI info - done
[0.224s] -- Check for working CXX compiler: /usr/bin/c++ - skipped
[0.224s] -- Detecting CXX compile features
[0.224s] -- Detecting CXX compile features - done
[0.226s] -- Found ament_cmake: 1.3.11 (/opt/ros/humble/share/ament_cmake/cmake)
[0.506s] -- Found Python3: /usr/bin/python3 (found version "3.10.12") found components: Interpreter 
[0.547s] -- Override CMake install command with custom implementation using symlinks instead of copying resources
[0.612s] -- Configuring done
[0.613s] -- Generating done
[0.614s] -- Build files have been written to: /home/jaeheyoung/Rokey/7.PracticalProject/Week7_Drive3/turtlebot3_ws/build/turtlebot3_manipulation_description
[0.617s] Invoked command in '/home/jaeheyoung/Rokey/7.PracticalProject/Week7_Drive3/turtlebot3_ws/build/turtlebot3_manipulation_description' returned '0': CMAKE_PREFIX_PATH=/opt/ros/humble /usr/bin/cmake /home/jaeheyoung/Rokey/7.PracticalProject/Week7_Drive3/turtlebot3_ws/src/turtlebot3_manipulation/turtlebot3_manipulation_description -DAMENT_CMAKE_SYMLINK_INSTALL=1 -DCMAKE_INSTALL_PREFIX=/home/jaeheyoung/Rokey/7.PracticalProject/Week7_Drive3/turtlebot3_ws/install/turtlebot3_manipulation_description
[0.619s] Invoking command in '/home/jaeheyoung/Rokey/7.PracticalProject/Week7_Drive3/turtlebot3_ws/build/turtlebot3_manipulation_description': CMAKE_PREFIX_PATH=/opt/ros/humble /usr/bin/cmake --build /home/jaeheyoung/Rokey/7.PracticalProject/Week7_Drive3/turtlebot3_ws/build/turtlebot3_manipulation_description -- -j20 -l20
[0.651s] Invoked command in '/home/jaeheyoung/Rokey/7.PracticalProject/Week7_Drive3/turtlebot3_ws/build/turtlebot3_manipulation_description' returned '0': CMAKE_PREFIX_PATH=/opt/ros/humble /usr/bin/cmake --build /home/jaeheyoung/Rokey/7.PracticalProject/Week7_Drive3/turtlebot3_ws/build/turtlebot3_manipulation_description -- -j20 -l20
[0.661s] Invoking command in '/home/jaeheyoung/Rokey/7.PracticalProject/Week7_Drive3/turtlebot3_ws/build/turtlebot3_manipulation_description': CMAKE_PREFIX_PATH=/opt/ros/humble /usr/bin/cmake --install /home/jaeheyoung/Rokey/7.PracticalProject/Week7_Drive3/turtlebot3_ws/build/turtlebot3_manipulation_description
[0.666s] -- Install configuration: ""
[0.666s] -- Execute custom install script
[0.667s] -- Symlinking: /home/jaeheyoung/Rokey/7.PracticalProject/Week7_Drive3/turtlebot3_ws/install/turtlebot3_manipulation_description/share/turtlebot3_manipulation_description/launch/model.launch.py
[0.672s] -- Symlinking: /home/jaeheyoung/Rokey/7.PracticalProject/Week7_Drive3/turtlebot3_ws/install/turtlebot3_manipulation_description/share/turtlebot3_manipulation_description/rviz/model.rviz
[0.678s] -- Symlinking: /home/jaeheyoung/Rokey/7.PracticalProject/Week7_Drive3/turtlebot3_ws/install/turtlebot3_manipulation_description/share/turtlebot3_manipulation_description/urdf/open_manipulator_x.urdf.xacro
[0.686s] -- Symlinking: /home/jaeheyoung/Rokey/7.PracticalProject/Week7_Drive3/turtlebot3_ws/install/turtlebot3_manipulation_description/share/turtlebot3_manipulation_description/urdf/turtlebot3_manipulation.urdf.xacro
[0.691s] -- Symlinking: /home/jaeheyoung/Rokey/7.PracticalProject/Week7_Drive3/turtlebot3_ws/install/turtlebot3_manipulation_description/share/turtlebot3_manipulation_description/urdf/turtlebot3_waffle_pi.urdf.xacro
[0.698s] -- Symlinking: /home/jaeheyoung/Rokey/7.PracticalProject/Week7_Drive3/turtlebot3_ws/install/turtlebot3_manipulation_description/share/turtlebot3_manipulation_description/gazebo/materials.xacro
[0.703s] -- Symlinking: /home/jaeheyoung/Rokey/7.PracticalProject/Week7_Drive3/turtlebot3_ws/install/turtlebot3_manipulation_description/share/turtlebot3_manipulation_description/gazebo/open_manipulator_x.gazebo.xacro
[0.708s] -- Symlinking: /home/jaeheyoung/Rokey/7.PracticalProject/Week7_Drive3/turtlebot3_ws/install/turtlebot3_manipulation_description/share/turtlebot3_manipulation_description/gazebo/turtlebot3_waffle_pi.gazebo.xacro
[0.714s] -- Symlinking: /home/jaeheyoung/Rokey/7.PracticalProject/Week7_Drive3/turtlebot3_ws/install/turtlebot3_manipulation_description/share/turtlebot3_manipulation_description/meshes/open_manipulator_x/gripper_left_palm.stl
[0.721s] -- Symlinking: /home/jaeheyoung/Rokey/7.PracticalProject/Week7_Drive3/turtlebot3_ws/install/turtlebot3_manipulation_description/share/turtlebot3_manipulation_description/meshes/open_manipulator_x/gripper_right_palm.stl
[0.727s] -- Symlinking: /home/jaeheyoung/Rokey/7.PracticalProject/Week7_Drive3/turtlebot3_ws/install/turtlebot3_manipulation_description/share/turtlebot3_manipulation_description/meshes/open_manipulator_x/link1.stl
[0.732s] -- Symlinking: /home/jaeheyoung/Rokey/7.PracticalProject/Week7_Drive3/turtlebot3_ws/install/turtlebot3_manipulation_description/share/turtlebot3_manipulation_description/meshes/open_manipulator_x/link2.stl
[0.739s] -- Symlinking: /home/jaeheyoung/Rokey/7.PracticalProject/Week7_Drive3/turtlebot3_ws/install/turtlebot3_manipulation_description/share/turtlebot3_manipulation_description/meshes/open_manipulator_x/link3.stl
[0.744s] -- Symlinking: /home/jaeheyoung/Rokey/7.PracticalProject/Week7_Drive3/turtlebot3_ws/install/turtlebot3_manipulation_description/share/turtlebot3_manipulation_description/meshes/open_manipulator_x/link4.stl
[0.752s] -- Symlinking: /home/jaeheyoung/Rokey/7.PracticalProject/Week7_Drive3/turtlebot3_ws/install/turtlebot3_manipulation_description/share/turtlebot3_manipulation_description/meshes/open_manipulator_x/link5.stl
[0.757s] -- Symlinking: /home/jaeheyoung/Rokey/7.PracticalProject/Week7_Drive3/turtlebot3_ws/install/turtlebot3_manipulation_description/share/turtlebot3_manipulation_description/meshes/turtlebot3_waffle_pi/base.stl
[0.763s] -- Symlinking: /home/jaeheyoung/Rokey/7.PracticalProject/Week7_Drive3/turtlebot3_ws/install/turtlebot3_manipulation_description/share/turtlebot3_manipulation_description/meshes/turtlebot3_waffle_pi/ladar.stl
[0.770s] -- Symlinking: /home/jaeheyoung/Rokey/7.PracticalProject/Week7_Drive3/turtlebot3_ws/install/turtlebot3_manipulation_description/share/turtlebot3_manipulation_description/meshes/turtlebot3_waffle_pi/left_tire.stl
[0.775s] -- Symlinking: /home/jaeheyoung/Rokey/7.PracticalProject/Week7_Drive3/turtlebot3_ws/install/turtlebot3_manipulation_description/share/turtlebot3_manipulation_description/meshes/turtlebot3_waffle_pi/right_tire.stl
[0.782s] -- Symlinking: /home/jaeheyoung/Rokey/7.PracticalProject/Week7_Drive3/turtlebot3_ws/install/turtlebot3_manipulation_description/share/turtlebot3_manipulation_description/ros2_control/turtlebot3_manipulation_system.ros2_control.xacro
[0.787s] -- Symlinking: /home/jaeheyoung/Rokey/7.PracticalProject/Week7_Drive3/turtlebot3_ws/install/turtlebot3_manipulation_description/share/turtlebot3_manipulation_description/environment/turtlebot3_manipulation_description.dsv
[0.793s] -- Symlinking: /home/jaeheyoung/Rokey/7.PracticalProject/Week7_Drive3/turtlebot3_ws/install/turtlebot3_manipulation_description/share/ament_index/resource_index/package_run_dependencies/turtlebot3_manipulation_description
[0.799s] -- Symlinking: /home/jaeheyoung/Rokey/7.PracticalProject/Week7_Drive3/turtlebot3_ws/install/turtlebot3_manipulation_description/share/ament_index/resource_index/parent_prefix_path/turtlebot3_manipulation_description
[0.804s] -- Symlinking: /home/jaeheyoung/Rokey/7.PracticalProject/Week7_Drive3/turtlebot3_ws/install/turtlebot3_manipulation_description/share/turtlebot3_manipulation_description/environment/ament_prefix_path.sh
[0.811s] -- Symlinking: /home/jaeheyoung/Rokey/7.PracticalProject/Week7_Drive3/turtlebot3_ws/install/turtlebot3_manipulation_description/share/turtlebot3_manipulation_description/environment/ament_prefix_path.dsv
[0.816s] -- Symlinking: /home/jaeheyoung/Rokey/7.PracticalProject/Week7_Drive3/turtlebot3_ws/install/turtlebot3_manipulation_description/share/turtlebot3_manipulation_description/environment/path.sh
[0.822s] -- Symlinking: /home/jaeheyoung/Rokey/7.PracticalProject/Week7_Drive3/turtlebot3_ws/install/turtlebot3_manipulation_description/share/turtlebot3_manipulation_description/environment/path.dsv
[0.828s] -- Symlinking: /home/jaeheyoung/Rokey/7.PracticalProject/Week7_Drive3/turtlebot3_ws/install/turtlebot3_manipulation_description/share/turtlebot3_manipulation_description/local_setup.bash
[0.835s] -- Symlinking: /home/jaeheyoung/Rokey/7.PracticalProject/Week7_Drive3/turtlebot3_ws/install/turtlebot3_manipulation_description/share/turtlebot3_manipulation_description/local_setup.sh
[0.840s] -- Symlinking: /home/jaeheyoung/Rokey/7.PracticalProject/Week7_Drive3/turtlebot3_ws/install/turtlebot3_manipulation_description/share/turtlebot3_manipulation_description/local_setup.zsh
[0.846s] -- Symlinking: /home/jaeheyoung/Rokey/7.PracticalProject/Week7_Drive3/turtlebot3_ws/install/turtlebot3_manipulation_description/share/turtlebot3_manipulation_description/local_setup.dsv
[0.851s] -- Symlinking: /home/jaeheyoung/Rokey/7.PracticalProject/Week7_Drive3/turtlebot3_ws/install/turtlebot3_manipulation_description/share/turtlebot3_manipulation_description/package.dsv
[0.858s] -- Symlinking: /home/jaeheyoung/Rokey/7.PracticalProject/Week7_Drive3/turtlebot3_ws/install/turtlebot3_manipulation_description/share/ament_index/resource_index/packages/turtlebot3_manipulation_description
[0.865s] -- Symlinking: /home/jaeheyoung/Rokey/7.PracticalProject/Week7_Drive3/turtlebot3_ws/install/turtlebot3_manipulation_description/share/turtlebot3_manipulation_description/cmake/turtlebot3_manipulation_descriptionConfig.cmake
[0.872s] -- Symlinking: /home/jaeheyoung/Rokey/7.PracticalProject/Week7_Drive3/turtlebot3_ws/install/turtlebot3_manipulation_description/share/turtlebot3_manipulation_description/cmake/turtlebot3_manipulation_descriptionConfig-version.cmake
[0.879s] -- Symlinking: /home/jaeheyoung/Rokey/7.PracticalProject/Week7_Drive3/turtlebot3_ws/install/turtlebot3_manipulation_description/share/turtlebot3_manipulation_description/package.xml
[0.888s] Invoked command in '/home/jaeheyoung/Rokey/7.PracticalProject/Week7_Drive3/turtlebot3_ws/build/turtlebot3_manipulation_description' returned '0': CMAKE_PREFIX_PATH=/opt/ros/humble /usr/bin/cmake --install /home/jaeheyoung/Rokey/7.PracticalProject/Week7_Drive3/turtlebot3_ws/build/turtlebot3_manipulation_description
