[0.745s] Invoking command in '/home/jaeheyoung/robot_service_ws/src/turtlebot3/turtlebot3_teleop': PYTHONPATH=/home/jaeheyoung/robot_service_ws/build/turtlebot3_teleop/prefix_override:/usr/lib/python3/dist-packages/colcon_core/task/python/colcon_distutils_commands:/home/jaeheyoung/robot_service_ws/install/turtlebot3_teleop/lib/python3.10/site-packages:${PYTHONPATH} /usr/bin/python3 -W ignore:setup.py install is deprecated setup.py egg_info --egg-base ../../../build/turtlebot3_teleop build --build-base /home/jaeheyoung/robot_service_ws/build/turtlebot3_teleop/build install --record /home/jaeheyoung/robot_service_ws/build/turtlebot3_teleop/install.log --single-version-externally-managed install_data
[0.913s] running egg_info
[0.914s] creating ../../../build/turtlebot3_teleop/turtlebot3_teleop.egg-info
[0.914s] writing ../../../build/turtlebot3_teleop/turtlebot3_teleop.egg-info/PKG-INFO
[0.914s] writing dependency_links to ../../../build/turtlebot3_teleop/turtlebot3_teleop.egg-info/dependency_links.txt
[0.914s] writing entry points to ../../../build/turtlebot3_teleop/turtlebot3_teleop.egg-info/entry_points.txt
[0.914s] writing requirements to ../../../build/turtlebot3_teleop/turtlebot3_teleop.egg-info/requires.txt
[0.914s] writing top-level names to ../../../build/turtlebot3_teleop/turtlebot3_teleop.egg-info/top_level.txt
[0.914s] writing manifest file '../../../build/turtlebot3_teleop/turtlebot3_teleop.egg-info/SOURCES.txt'
[0.915s] reading manifest file '../../../build/turtlebot3_teleop/turtlebot3_teleop.egg-info/SOURCES.txt'
[0.915s] writing manifest file '../../../build/turtlebot3_teleop/turtlebot3_teleop.egg-info/SOURCES.txt'
[0.915s] running build
[0.915s] running build_py
[0.916s] creating /home/jaeheyoung/robot_service_ws/build/turtlebot3_teleop/build
[0.916s] creating /home/jaeheyoung/robot_service_ws/build/turtlebot3_teleop/build/lib
[0.916s] creating /home/jaeheyoung/robot_service_ws/build/turtlebot3_teleop/build/lib/turtlebot3_teleop
[0.916s] copying turtlebot3_teleop/__init__.py -> /home/jaeheyoung/robot_service_ws/build/turtlebot3_teleop/build/lib/turtlebot3_teleop
[0.916s] creating /home/jaeheyoung/robot_service_ws/build/turtlebot3_teleop/build/lib/turtlebot3_teleop/script
[0.916s] copying turtlebot3_teleop/script/__init__.py -> /home/jaeheyoung/robot_service_ws/build/turtlebot3_teleop/build/lib/turtlebot3_teleop/script
[0.916s] copying turtlebot3_teleop/script/teleop_keyboard.py -> /home/jaeheyoung/robot_service_ws/build/turtlebot3_teleop/build/lib/turtlebot3_teleop/script
[0.916s] running install
[0.916s] running install_lib
[0.916s] creating /home/jaeheyoung/robot_service_ws/install/turtlebot3_teleop/lib/python3.10/site-packages/turtlebot3_teleop
[0.916s] copying /home/jaeheyoung/robot_service_ws/build/turtlebot3_teleop/build/lib/turtlebot3_teleop/__init__.py -> /home/jaeheyoung/robot_service_ws/install/turtlebot3_teleop/lib/python3.10/site-packages/turtlebot3_teleop
[0.916s] creating /home/jaeheyoung/robot_service_ws/install/turtlebot3_teleop/lib/python3.10/site-packages/turtlebot3_teleop/script
[0.916s] copying /home/jaeheyoung/robot_service_ws/build/turtlebot3_teleop/build/lib/turtlebot3_teleop/script/__init__.py -> /home/jaeheyoung/robot_service_ws/install/turtlebot3_teleop/lib/python3.10/site-packages/turtlebot3_teleop/script
[0.917s] copying /home/jaeheyoung/robot_service_ws/build/turtlebot3_teleop/build/lib/turtlebot3_teleop/script/teleop_keyboard.py -> /home/jaeheyoung/robot_service_ws/install/turtlebot3_teleop/lib/python3.10/site-packages/turtlebot3_teleop/script
[0.917s] byte-compiling /home/jaeheyoung/robot_service_ws/install/turtlebot3_teleop/lib/python3.10/site-packages/turtlebot3_teleop/__init__.py to __init__.cpython-310.pyc
[0.917s] byte-compiling /home/jaeheyoung/robot_service_ws/install/turtlebot3_teleop/lib/python3.10/site-packages/turtlebot3_teleop/script/__init__.py to __init__.cpython-310.pyc
[0.917s] byte-compiling /home/jaeheyoung/robot_service_ws/install/turtlebot3_teleop/lib/python3.10/site-packages/turtlebot3_teleop/script/teleop_keyboard.py to teleop_keyboard.cpython-310.pyc
[0.918s] running install_data
[0.918s] creating /home/jaeheyoung/robot_service_ws/install/turtlebot3_teleop/share/ament_index
[0.918s] creating /home/jaeheyoung/robot_service_ws/install/turtlebot3_teleop/share/ament_index/resource_index
[0.918s] creating /home/jaeheyoung/robot_service_ws/install/turtlebot3_teleop/share/ament_index/resource_index/packages
[0.918s] copying resource/turtlebot3_teleop -> /home/jaeheyoung/robot_service_ws/install/turtlebot3_teleop/share/ament_index/resource_index/packages
[0.918s] copying package.xml -> /home/jaeheyoung/robot_service_ws/install/turtlebot3_teleop/share/turtlebot3_teleop
[0.918s] running install_egg_info
[0.919s] Copying ../../../build/turtlebot3_teleop/turtlebot3_teleop.egg-info to /home/jaeheyoung/robot_service_ws/install/turtlebot3_teleop/lib/python3.10/site-packages/turtlebot3_teleop-2.1.5-py3.10.egg-info
[0.919s] running install_scripts
[0.931s] Installing teleop_keyboard script to /home/jaeheyoung/robot_service_ws/install/turtlebot3_teleop/lib/turtlebot3_teleop
[0.931s] writing list of installed files to '/home/jaeheyoung/robot_service_ws/build/turtlebot3_teleop/install.log'
[0.948s] Invoked command in '/home/jaeheyoung/robot_service_ws/src/turtlebot3/turtlebot3_teleop' returned '0': PYTHONPATH=/home/jaeheyoung/robot_service_ws/build/turtlebot3_teleop/prefix_override:/usr/lib/python3/dist-packages/colcon_core/task/python/colcon_distutils_commands:/home/jaeheyoung/robot_service_ws/install/turtlebot3_teleop/lib/python3.10/site-packages:${PYTHONPATH} /usr/bin/python3 -W ignore:setup.py install is deprecated setup.py egg_info --egg-base ../../../build/turtlebot3_teleop build --build-base /home/jaeheyoung/robot_service_ws/build/turtlebot3_teleop/build install --record /home/jaeheyoung/robot_service_ws/build/turtlebot3_teleop/install.log --single-version-externally-managed install_data
