[0.519s] Invoking command in '/home/jaeheyoung/robot_service_ws/src/turtlebot3/turtlebot3_example': AMENT_PREFIX_PATH=/home/jaeheyoung/robot_service_ws/install/turtlebot3_msgs:${AMENT_PREFIX_PATH} CMAKE_PREFIX_PATH=/home/jaeheyoung/robot_service_ws/install/turtlebot3_msgs LD_LIBRARY_PATH=/home/jaeheyoung/robot_service_ws/install/turtlebot3_msgs/lib:/usr/lib/x86_64-linux-gnu/gazebo-11/plugins:/opt/ros/humble/opt/rviz_ogre_vendor/lib:/opt/ros/humble/lib/x86_64-linux-gnu:/opt/ros/humble/lib:/usr/local/cuda-12.6/lib64:/usr/lib/x86_64-linux-gnu/gazebo-11/plugins PYTHONPATH=/home/jaeheyoung/robot_service_ws/build/turtlebot3_example/prefix_override:/usr/lib/python3/dist-packages/colcon_core/task/python/colcon_distutils_commands:/home/jaeheyoung/robot_service_ws/install/turtlebot3_example/lib/python3.10/site-packages:/home/jaeheyoung/robot_service_ws/install/turtlebot3_msgs/local/lib/python3.10/dist-packages:${PYTHONPATH} /usr/bin/python3 -W ignore:setup.py install is deprecated setup.py egg_info --egg-base ../../../build/turtlebot3_example build --build-base /home/jaeheyoung/robot_service_ws/build/turtlebot3_example/build install --record /home/jaeheyoung/robot_service_ws/build/turtlebot3_example/install.log --single-version-externally-managed install_data
[0.725s] running egg_info
[0.725s] creating ../../../build/turtlebot3_example/turtlebot3_example.egg-info
[0.725s] writing ../../../build/turtlebot3_example/turtlebot3_example.egg-info/PKG-INFO
[0.725s] writing dependency_links to ../../../build/turtlebot3_example/turtlebot3_example.egg-info/dependency_links.txt
[0.725s] writing entry points to ../../../build/turtlebot3_example/turtlebot3_example.egg-info/entry_points.txt
[0.725s] writing requirements to ../../../build/turtlebot3_example/turtlebot3_example.egg-info/requires.txt
[0.726s] writing top-level names to ../../../build/turtlebot3_example/turtlebot3_example.egg-info/top_level.txt
[0.726s] writing manifest file '../../../build/turtlebot3_example/turtlebot3_example.egg-info/SOURCES.txt'
[0.727s] reading manifest file '../../../build/turtlebot3_example/turtlebot3_example.egg-info/SOURCES.txt'
[0.728s] writing manifest file '../../../build/turtlebot3_example/turtlebot3_example.egg-info/SOURCES.txt'
[0.728s] running build
[0.728s] running build_py
[0.728s] creating /home/jaeheyoung/robot_service_ws/build/turtlebot3_example/build
[0.728s] creating /home/jaeheyoung/robot_service_ws/build/turtlebot3_example/build/lib
[0.728s] creating /home/jaeheyoung/robot_service_ws/build/turtlebot3_example/build/lib/turtlebot3_example
[0.728s] copying turtlebot3_example/__init__.py -> /home/jaeheyoung/robot_service_ws/build/turtlebot3_example/build/lib/turtlebot3_example
[0.729s] creating /home/jaeheyoung/robot_service_ws/build/turtlebot3_example/build/lib/turtlebot3_example/turtlebot3_patrol_client
[0.729s] copying turtlebot3_example/turtlebot3_patrol_client/turtlebot3_patrol_client.py -> /home/jaeheyoung/robot_service_ws/build/turtlebot3_example/build/lib/turtlebot3_example/turtlebot3_patrol_client
[0.729s] copying turtlebot3_example/turtlebot3_patrol_client/__init__.py -> /home/jaeheyoung/robot_service_ws/build/turtlebot3_example/build/lib/turtlebot3_example/turtlebot3_patrol_client
[0.729s] copying turtlebot3_example/turtlebot3_patrol_client/main.py -> /home/jaeheyoung/robot_service_ws/build/turtlebot3_example/build/lib/turtlebot3_example/turtlebot3_patrol_client
[0.729s] creating /home/jaeheyoung/robot_service_ws/build/turtlebot3_example/build/lib/turtlebot3_example/turtlebot3_obstacle_detection
[0.729s] copying turtlebot3_example/turtlebot3_obstacle_detection/__init__.py -> /home/jaeheyoung/robot_service_ws/build/turtlebot3_example/build/lib/turtlebot3_example/turtlebot3_obstacle_detection
[0.729s] copying turtlebot3_example/turtlebot3_obstacle_detection/main.py -> /home/jaeheyoung/robot_service_ws/build/turtlebot3_example/build/lib/turtlebot3_example/turtlebot3_obstacle_detection
[0.729s] copying turtlebot3_example/turtlebot3_obstacle_detection/turtlebot3_obstacle_detection.py -> /home/jaeheyoung/robot_service_ws/build/turtlebot3_example/build/lib/turtlebot3_example/turtlebot3_obstacle_detection
[0.729s] creating /home/jaeheyoung/robot_service_ws/build/turtlebot3_example/build/lib/turtlebot3_example/turtlebot3_patrol_server
[0.729s] copying turtlebot3_example/turtlebot3_patrol_server/__init__.py -> /home/jaeheyoung/robot_service_ws/build/turtlebot3_example/build/lib/turtlebot3_example/turtlebot3_patrol_server
[0.729s] copying turtlebot3_example/turtlebot3_patrol_server/main.py -> /home/jaeheyoung/robot_service_ws/build/turtlebot3_example/build/lib/turtlebot3_example/turtlebot3_patrol_server
[0.730s] copying turtlebot3_example/turtlebot3_patrol_server/turtlebot3_path.py -> /home/jaeheyoung/robot_service_ws/build/turtlebot3_example/build/lib/turtlebot3_example/turtlebot3_patrol_server
[0.730s] copying turtlebot3_example/turtlebot3_patrol_server/turtlebot3_patrol_server.py -> /home/jaeheyoung/robot_service_ws/build/turtlebot3_example/build/lib/turtlebot3_example/turtlebot3_patrol_server
[0.730s] creating /home/jaeheyoung/robot_service_ws/build/turtlebot3_example/build/lib/turtlebot3_example/turtlebot3_position_control
[0.730s] copying turtlebot3_example/turtlebot3_position_control/__init__.py -> /home/jaeheyoung/robot_service_ws/build/turtlebot3_example/build/lib/turtlebot3_example/turtlebot3_position_control
[0.730s] copying turtlebot3_example/turtlebot3_position_control/main.py -> /home/jaeheyoung/robot_service_ws/build/turtlebot3_example/build/lib/turtlebot3_example/turtlebot3_position_control
[0.730s] copying turtlebot3_example/turtlebot3_position_control/turtlebot3_path.py -> /home/jaeheyoung/robot_service_ws/build/turtlebot3_example/build/lib/turtlebot3_example/turtlebot3_position_control
[0.730s] copying turtlebot3_example/turtlebot3_position_control/turtlebot3_position_control.py -> /home/jaeheyoung/robot_service_ws/build/turtlebot3_example/build/lib/turtlebot3_example/turtlebot3_position_control
[0.730s] running install
[0.730s] running install_lib
[0.730s] creating /home/jaeheyoung/robot_service_ws/install/turtlebot3_example/lib/python3.10/site-packages/turtlebot3_example
[0.730s] creating /home/jaeheyoung/robot_service_ws/install/turtlebot3_example/lib/python3.10/site-packages/turtlebot3_example/turtlebot3_patrol_client
[0.731s] copying /home/jaeheyoung/robot_service_ws/build/turtlebot3_example/build/lib/turtlebot3_example/turtlebot3_patrol_client/turtlebot3_patrol_client.py -> /home/jaeheyoung/robot_service_ws/install/turtlebot3_example/lib/python3.10/site-packages/turtlebot3_example/turtlebot3_patrol_client
[0.731s] copying /home/jaeheyoung/robot_service_ws/build/turtlebot3_example/build/lib/turtlebot3_example/turtlebot3_patrol_client/__init__.py -> /home/jaeheyoung/robot_service_ws/install/turtlebot3_example/lib/python3.10/site-packages/turtlebot3_example/turtlebot3_patrol_client
[0.731s] copying /home/jaeheyoung/robot_service_ws/build/turtlebot3_example/build/lib/turtlebot3_example/turtlebot3_patrol_client/main.py -> /home/jaeheyoung/robot_service_ws/install/turtlebot3_example/lib/python3.10/site-packages/turtlebot3_example/turtlebot3_patrol_client
[0.731s] creating /home/jaeheyoung/robot_service_ws/install/turtlebot3_example/lib/python3.10/site-packages/turtlebot3_example/turtlebot3_obstacle_detection
[0.731s] copying /home/jaeheyoung/robot_service_ws/build/turtlebot3_example/build/lib/turtlebot3_example/turtlebot3_obstacle_detection/__init__.py -> /home/jaeheyoung/robot_service_ws/install/turtlebot3_example/lib/python3.10/site-packages/turtlebot3_example/turtlebot3_obstacle_detection
[0.731s] copying /home/jaeheyoung/robot_service_ws/build/turtlebot3_example/build/lib/turtlebot3_example/turtlebot3_obstacle_detection/main.py -> /home/jaeheyoung/robot_service_ws/install/turtlebot3_example/lib/python3.10/site-packages/turtlebot3_example/turtlebot3_obstacle_detection
[0.731s] copying /home/jaeheyoung/robot_service_ws/build/turtlebot3_example/build/lib/turtlebot3_example/turtlebot3_obstacle_detection/turtlebot3_obstacle_detection.py -> /home/jaeheyoung/robot_service_ws/install/turtlebot3_example/lib/python3.10/site-packages/turtlebot3_example/turtlebot3_obstacle_detection
[0.731s] copying /home/jaeheyoung/robot_service_ws/build/turtlebot3_example/build/lib/turtlebot3_example/__init__.py -> /home/jaeheyoung/robot_service_ws/install/turtlebot3_example/lib/python3.10/site-packages/turtlebot3_example
[0.731s] creating /home/jaeheyoung/robot_service_ws/install/turtlebot3_example/lib/python3.10/site-packages/turtlebot3_example/turtlebot3_patrol_server
[0.731s] copying /home/jaeheyoung/robot_service_ws/build/turtlebot3_example/build/lib/turtlebot3_example/turtlebot3_patrol_server/__init__.py -> /home/jaeheyoung/robot_service_ws/install/turtlebot3_example/lib/python3.10/site-packages/turtlebot3_example/turtlebot3_patrol_server
[0.731s] copying /home/jaeheyoung/robot_service_ws/build/turtlebot3_example/build/lib/turtlebot3_example/turtlebot3_patrol_server/main.py -> /home/jaeheyoung/robot_service_ws/install/turtlebot3_example/lib/python3.10/site-packages/turtlebot3_example/turtlebot3_patrol_server
[0.731s] copying /home/jaeheyoung/robot_service_ws/build/turtlebot3_example/build/lib/turtlebot3_example/turtlebot3_patrol_server/turtlebot3_path.py -> /home/jaeheyoung/robot_service_ws/install/turtlebot3_example/lib/python3.10/site-packages/turtlebot3_example/turtlebot3_patrol_server
[0.731s] copying /home/jaeheyoung/robot_service_ws/build/turtlebot3_example/build/lib/turtlebot3_example/turtlebot3_patrol_server/turtlebot3_patrol_server.py -> /home/jaeheyoung/robot_service_ws/install/turtlebot3_example/lib/python3.10/site-packages/turtlebot3_example/turtlebot3_patrol_server
[0.732s] creating /home/jaeheyoung/robot_service_ws/install/turtlebot3_example/lib/python3.10/site-packages/turtlebot3_example/turtlebot3_position_control
[0.732s] copying /home/jaeheyoung/robot_service_ws/build/turtlebot3_example/build/lib/turtlebot3_example/turtlebot3_position_control/__init__.py -> /home/jaeheyoung/robot_service_ws/install/turtlebot3_example/lib/python3.10/site-packages/turtlebot3_example/turtlebot3_position_control
[0.732s] copying /home/jaeheyoung/robot_service_ws/build/turtlebot3_example/build/lib/turtlebot3_example/turtlebot3_position_control/main.py -> /home/jaeheyoung/robot_service_ws/install/turtlebot3_example/lib/python3.10/site-packages/turtlebot3_example/turtlebot3_position_control
[0.732s] copying /home/jaeheyoung/robot_service_ws/build/turtlebot3_example/build/lib/turtlebot3_example/turtlebot3_position_control/turtlebot3_path.py -> /home/jaeheyoung/robot_service_ws/install/turtlebot3_example/lib/python3.10/site-packages/turtlebot3_example/turtlebot3_position_control
[0.732s] copying /home/jaeheyoung/robot_service_ws/build/turtlebot3_example/build/lib/turtlebot3_example/turtlebot3_position_control/turtlebot3_position_control.py -> /home/jaeheyoung/robot_service_ws/install/turtlebot3_example/lib/python3.10/site-packages/turtlebot3_example/turtlebot3_position_control
[0.732s] byte-compiling /home/jaeheyoung/robot_service_ws/install/turtlebot3_example/lib/python3.10/site-packages/turtlebot3_example/turtlebot3_patrol_client/turtlebot3_patrol_client.py to turtlebot3_patrol_client.cpython-310.pyc
[0.732s] byte-compiling /home/jaeheyoung/robot_service_ws/install/turtlebot3_example/lib/python3.10/site-packages/turtlebot3_example/turtlebot3_patrol_client/__init__.py to __init__.cpython-310.pyc
[0.732s] byte-compiling /home/jaeheyoung/robot_service_ws/install/turtlebot3_example/lib/python3.10/site-packages/turtlebot3_example/turtlebot3_patrol_client/main.py to main.cpython-310.pyc
[0.732s] byte-compiling /home/jaeheyoung/robot_service_ws/install/turtlebot3_example/lib/python3.10/site-packages/turtlebot3_example/turtlebot3_obstacle_detection/__init__.py to __init__.cpython-310.pyc
[0.732s] byte-compiling /home/jaeheyoung/robot_service_ws/install/turtlebot3_example/lib/python3.10/site-packages/turtlebot3_example/turtlebot3_obstacle_detection/main.py to main.cpython-310.pyc
[0.732s] byte-compiling /home/jaeheyoung/robot_service_ws/install/turtlebot3_example/lib/python3.10/site-packages/turtlebot3_example/turtlebot3_obstacle_detection/turtlebot3_obstacle_detection.py to turtlebot3_obstacle_detection.cpython-310.pyc
[0.733s] byte-compiling /home/jaeheyoung/robot_service_ws/install/turtlebot3_example/lib/python3.10/site-packages/turtlebot3_example/__init__.py to __init__.cpython-310.pyc
[0.733s] byte-compiling /home/jaeheyoung/robot_service_ws/install/turtlebot3_example/lib/python3.10/site-packages/turtlebot3_example/turtlebot3_patrol_server/__init__.py to __init__.cpython-310.pyc
[0.733s] byte-compiling /home/jaeheyoung/robot_service_ws/install/turtlebot3_example/lib/python3.10/site-packages/turtlebot3_example/turtlebot3_patrol_server/main.py to main.cpython-310.pyc
[0.733s] byte-compiling /home/jaeheyoung/robot_service_ws/install/turtlebot3_example/lib/python3.10/site-packages/turtlebot3_example/turtlebot3_patrol_server/turtlebot3_path.py to turtlebot3_path.cpython-310.pyc
[0.733s] byte-compiling /home/jaeheyoung/robot_service_ws/install/turtlebot3_example/lib/python3.10/site-packages/turtlebot3_example/turtlebot3_patrol_server/turtlebot3_patrol_server.py to turtlebot3_patrol_server.cpython-310.pyc
[0.734s] byte-compiling /home/jaeheyoung/robot_service_ws/install/turtlebot3_example/lib/python3.10/site-packages/turtlebot3_example/turtlebot3_position_control/__init__.py to __init__.cpython-310.pyc
[0.734s] byte-compiling /home/jaeheyoung/robot_service_ws/install/turtlebot3_example/lib/python3.10/site-packages/turtlebot3_example/turtlebot3_position_control/main.py to main.cpython-310.pyc
[0.734s] byte-compiling /home/jaeheyoung/robot_service_ws/install/turtlebot3_example/lib/python3.10/site-packages/turtlebot3_example/turtlebot3_position_control/turtlebot3_path.py to turtlebot3_path.cpython-310.pyc
[0.734s] byte-compiling /home/jaeheyoung/robot_service_ws/install/turtlebot3_example/lib/python3.10/site-packages/turtlebot3_example/turtlebot3_position_control/turtlebot3_position_control.py to turtlebot3_position_control.cpython-310.pyc
[0.735s] running install_data
[0.735s] creating /home/jaeheyoung/robot_service_ws/install/turtlebot3_example/share/ament_index
[0.735s] creating /home/jaeheyoung/robot_service_ws/install/turtlebot3_example/share/ament_index/resource_index
[0.735s] creating /home/jaeheyoung/robot_service_ws/install/turtlebot3_example/share/ament_index/resource_index/packages
[0.735s] copying resource/turtlebot3_example -> /home/jaeheyoung/robot_service_ws/install/turtlebot3_example/share/ament_index/resource_index/packages
[0.735s] copying package.xml -> /home/jaeheyoung/robot_service_ws/install/turtlebot3_example/share/turtlebot3_example
[0.735s] running install_egg_info
[0.736s] Copying ../../../build/turtlebot3_example/turtlebot3_example.egg-info to /home/jaeheyoung/robot_service_ws/install/turtlebot3_example/lib/python3.10/site-packages/turtlebot3_example-2.1.5-py3.10.egg-info
[0.737s] running install_scripts
[0.753s] Installing turtlebot3_obstacle_detection script to /home/jaeheyoung/robot_service_ws/install/turtlebot3_example/lib/turtlebot3_example
[0.753s] Installing turtlebot3_patrol_client script to /home/jaeheyoung/robot_service_ws/install/turtlebot3_example/lib/turtlebot3_example
[0.753s] Installing turtlebot3_patrol_server script to /home/jaeheyoung/robot_service_ws/install/turtlebot3_example/lib/turtlebot3_example
[0.753s] Installing turtlebot3_position_control script to /home/jaeheyoung/robot_service_ws/install/turtlebot3_example/lib/turtlebot3_example
[0.753s] writing list of installed files to '/home/jaeheyoung/robot_service_ws/build/turtlebot3_example/install.log'
[0.773s] Invoked command in '/home/jaeheyoung/robot_service_ws/src/turtlebot3/turtlebot3_example' returned '0': AMENT_PREFIX_PATH=/home/jaeheyoung/robot_service_ws/install/turtlebot3_msgs:${AMENT_PREFIX_PATH} CMAKE_PREFIX_PATH=/home/jaeheyoung/robot_service_ws/install/turtlebot3_msgs LD_LIBRARY_PATH=/home/jaeheyoung/robot_service_ws/install/turtlebot3_msgs/lib:/usr/lib/x86_64-linux-gnu/gazebo-11/plugins:/opt/ros/humble/opt/rviz_ogre_vendor/lib:/opt/ros/humble/lib/x86_64-linux-gnu:/opt/ros/humble/lib:/usr/local/cuda-12.6/lib64:/usr/lib/x86_64-linux-gnu/gazebo-11/plugins PYTHONPATH=/home/jaeheyoung/robot_service_ws/build/turtlebot3_example/prefix_override:/usr/lib/python3/dist-packages/colcon_core/task/python/colcon_distutils_commands:/home/jaeheyoung/robot_service_ws/install/turtlebot3_example/lib/python3.10/site-packages:/home/jaeheyoung/robot_service_ws/install/turtlebot3_msgs/local/lib/python3.10/dist-packages:${PYTHONPATH} /usr/bin/python3 -W ignore:setup.py install is deprecated setup.py egg_info --egg-base ../../../build/turtlebot3_example build --build-base /home/jaeheyoung/robot_service_ws/build/turtlebot3_example/build install --record /home/jaeheyoung/robot_service_ws/build/turtlebot3_example/install.log --single-version-externally-managed install_data
