-- The C compiler identification is GNU 11.4.0
-- The CXX compiler identification is GNU 11.4.0
-- Detecting C compiler ABI info
-- Detecting C compiler ABI info - done
-- Check for working C compiler: /usr/bin/cc - skipped
-- Detecting C compile features
-- Detecting C compile features - done
-- Detecting CXX compiler ABI info
-- Detecting CXX compiler ABI info - done
-- Check for working CXX compiler: /usr/bin/c++ - skipped
-- Detecting CXX compile features
-- Detecting CXX compile features - done
-- Found ament_cmake: 1.3.10 (/opt/ros/humble/share/ament_cmake/cmake)
-- Found Python3: /usr/bin/python3 (found version "3.10.12") found components: Interpreter 
-- Found rclcpp: 16.0.10 (/opt/ros/humble/share/rclcpp/cmake)
-- Found rosidl_generator_c: 3.1.5 (/opt/ros/humble/share/rosidl_generator_c/cmake)
-- Found rosidl_adapter: 3.1.5 (/opt/ros/humble/share/rosidl_adapter/cmake)
-- Found rosidl_generator_cpp: 3.1.5 (/opt/ros/humble/share/rosidl_generator_cpp/cmake)
-- Using all available rosidl_typesupport_c: rosidl_typesupport_fastrtps_c;rosidl_typesupport_introspection_c
-- Using all available rosidl_typesupport_cpp: rosidl_typesupport_fastrtps_cpp;rosidl_typesupport_introspection_cpp
-- Found rmw_implementation_cmake: 6.1.2 (/opt/ros/humble/share/rmw_implementation_cmake/cmake)
-- Found rmw_fastrtps_cpp: 6.2.7 (/opt/ros/humble/share/rmw_fastrtps_cpp/cmake)
-- Found OpenSSL: /usr/lib/x86_64-linux-gnu/libcrypto.so (found version "3.0.2")  
-- Found FastRTPS: /opt/ros/humble/include  
-- Using RMW implementation 'rmw_fastrtps_cpp' as default
-- Looking for pthread.h
-- Looking for pthread.h - found
-- Performing Test CMAKE_HAVE_LIBC_PTHREAD
-- Performing Test CMAKE_HAVE_LIBC_PTHREAD - Success
-- Found Threads: TRUE  
-- Found example_interfaces: 0.9.3 (/opt/ros/humble/share/example_interfaces/cmake)
-- Found dsr_msgs2: 1.1.0 (/home/jaeheyoung/Rokey/7.PracticalProject/Week3_Coop2/DR_ws/install/dsr_msgs2/share/dsr_msgs2/cmake)
-- Configuring done
-- Generating done
-- Build files have been written to: /home/jaeheyoung/Rokey/7.PracticalProject/Week3_Coop2/DR_ws/build/realtime_control
[ 12%] [32mBuilding CXX object CMakeFiles/rt_init.dir/src/rt_init.cpp.o[0m
[ 25%] [32mBuilding CXX object CMakeFiles/rt_shutdown.dir/src/rt_shutdown.cpp.o[0m
[ 37%] [32mBuilding CXX object CMakeFiles/realtime_api.dir/src/realtime_api.cpp.o[0m
[ 50%] [32mBuilding CXX object CMakeFiles/realtime_control.dir/src/realtime_control.cpp.o[0m
[ 62%] [32m[1mLinking CXX executable rt_shutdown[0m
[ 75%] [32m[1mLinking CXX executable realtime_api[0m
[ 75%] Built target rt_shutdown
[ 75%] Built target realtime_api
[ 87%] [32m[1mLinking CXX executable rt_init[0m
[ 87%] Built target rt_init
[100%] [32m[1mLinking CXX executable realtime_control[0m
[100%] Built target realtime_control
-- Install configuration: ""
-- Installing: /home/jaeheyoung/Rokey/7.PracticalProject/Week3_Coop2/DR_ws/install/realtime_control/lib/realtime_control/rt_init
-- Set runtime path of "/home/jaeheyoung/Rokey/7.PracticalProject/Week3_Coop2/DR_ws/install/realtime_control/lib/realtime_control/rt_init" to ""
-- Installing: /home/jaeheyoung/Rokey/7.PracticalProject/Week3_Coop2/DR_ws/install/realtime_control/lib/realtime_control/realtime_control
-- Set runtime path of "/home/jaeheyoung/Rokey/7.PracticalProject/Week3_Coop2/DR_ws/install/realtime_control/lib/realtime_control/realtime_control" to ""
-- Installing: /home/jaeheyoung/Rokey/7.PracticalProject/Week3_Coop2/DR_ws/install/realtime_control/lib/realtime_control/rt_shutdown
-- Set runtime path of "/home/jaeheyoung/Rokey/7.PracticalProject/Week3_Coop2/DR_ws/install/realtime_control/lib/realtime_control/rt_shutdown" to ""
-- Installing: /home/jaeheyoung/Rokey/7.PracticalProject/Week3_Coop2/DR_ws/install/realtime_control/lib/realtime_control/realtime_api
-- Set runtime path of "/home/jaeheyoung/Rokey/7.PracticalProject/Week3_Coop2/DR_ws/install/realtime_control/lib/realtime_control/realtime_api" to ""
-- Installing: /home/jaeheyoung/Rokey/7.PracticalProject/Week3_Coop2/DR_ws/install/realtime_control/include/realtime_control
-- Installing: /home/jaeheyoung/Rokey/7.PracticalProject/Week3_Coop2/DR_ws/install/realtime_control/include/realtime_control/dsr_realtime_control
-- Installing: /home/jaeheyoung/Rokey/7.PracticalProject/Week3_Coop2/DR_ws/install/realtime_control/include/realtime_control/dsr_realtime_control/realtime_api.hpp
-- Installing: /home/jaeheyoung/Rokey/7.PracticalProject/Week3_Coop2/DR_ws/install/realtime_control/include/realtime_control/dsr_realtime_control/burn_cpu_cycles.hpp
-- Installing: /home/jaeheyoung/Rokey/7.PracticalProject/Week3_Coop2/DR_ws/install/realtime_control/include/realtime_control/dsr_realtime_control/rt_init.hpp
-- Installing: /home/jaeheyoung/Rokey/7.PracticalProject/Week3_Coop2/DR_ws/install/realtime_control/include/realtime_control/dsr_realtime_control/command_line_options.hpp
-- Installing: /home/jaeheyoung/Rokey/7.PracticalProject/Week3_Coop2/DR_ws/install/realtime_control/include/realtime_control/dsr_realtime_control/rt_shutdown.hpp
-- Installing: /home/jaeheyoung/Rokey/7.PracticalProject/Week3_Coop2/DR_ws/install/realtime_control/include/realtime_control/dsr_realtime_control/sched_utils.hpp
-- Installing: /home/jaeheyoung/Rokey/7.PracticalProject/Week3_Coop2/DR_ws/install/realtime_control/include/realtime_control/dsr_realtime_control/rusage_utils.hpp
-- Installing: /home/jaeheyoung/Rokey/7.PracticalProject/Week3_Coop2/DR_ws/install/realtime_control/include/realtime_control/dsr_realtime_control/realtime_control.hpp
-- Installing: /home/jaeheyoung/Rokey/7.PracticalProject/Week3_Coop2/DR_ws/install/realtime_control/share/ament_index/resource_index/package_run_dependencies/realtime_control
-- Installing: /home/jaeheyoung/Rokey/7.PracticalProject/Week3_Coop2/DR_ws/install/realtime_control/share/ament_index/resource_index/parent_prefix_path/realtime_control
-- Installing: /home/jaeheyoung/Rokey/7.PracticalProject/Week3_Coop2/DR_ws/install/realtime_control/share/realtime_control/environment/ament_prefix_path.sh
-- Installing: /home/jaeheyoung/Rokey/7.PracticalProject/Week3_Coop2/DR_ws/install/realtime_control/share/realtime_control/environment/ament_prefix_path.dsv
-- Installing: /home/jaeheyoung/Rokey/7.PracticalProject/Week3_Coop2/DR_ws/install/realtime_control/share/realtime_control/environment/path.sh
-- Installing: /home/jaeheyoung/Rokey/7.PracticalProject/Week3_Coop2/DR_ws/install/realtime_control/share/realtime_control/environment/path.dsv
-- Installing: /home/jaeheyoung/Rokey/7.PracticalProject/Week3_Coop2/DR_ws/install/realtime_control/share/realtime_control/local_setup.bash
-- Installing: /home/jaeheyoung/Rokey/7.PracticalProject/Week3_Coop2/DR_ws/install/realtime_control/share/realtime_control/local_setup.sh
-- Installing: /home/jaeheyoung/Rokey/7.PracticalProject/Week3_Coop2/DR_ws/install/realtime_control/share/realtime_control/local_setup.zsh
-- Installing: /home/jaeheyoung/Rokey/7.PracticalProject/Week3_Coop2/DR_ws/install/realtime_control/share/realtime_control/local_setup.dsv
-- Installing: /home/jaeheyoung/Rokey/7.PracticalProject/Week3_Coop2/DR_ws/install/realtime_control/share/realtime_control/package.dsv
-- Installing: /home/jaeheyoung/Rokey/7.PracticalProject/Week3_Coop2/DR_ws/install/realtime_control/share/ament_index/resource_index/packages/realtime_control
-- Installing: /home/jaeheyoung/Rokey/7.PracticalProject/Week3_Coop2/DR_ws/install/realtime_control/share/realtime_control/cmake/realtime_controlConfig.cmake
-- Installing: /home/jaeheyoung/Rokey/7.PracticalProject/Week3_Coop2/DR_ws/install/realtime_control/share/realtime_control/cmake/realtime_controlConfig-version.cmake
-- Installing: /home/jaeheyoung/Rokey/7.PracticalProject/Week3_Coop2/DR_ws/install/realtime_control/share/realtime_control/package.xml
