[0.204s] Invoking command in '/home/jaeheyoung/Rokey/7.PracticalProject/Week3_Coop2/DR_ws/build/realtime_control': AMENT_PREFIX_PATH=/home/jaeheyoung/Rokey/7.PracticalProject/Week3_Coop2/DR_ws/install/dsr_msgs2:${AMENT_PREFIX_PATH} CMAKE_PREFIX_PATH=/home/jaeheyoung/Rokey/7.PracticalProject/Week3_Coop2/DR_ws/install/dsr_msgs2:/opt/ros/humble LD_LIBRARY_PATH=/home/jaeheyoung/Rokey/7.PracticalProject/Week3_Coop2/DR_ws/install/dsr_msgs2/lib:/usr/lib/x86_64-linux-gnu/gazebo-11/plugins:/opt/ros/humble/opt/rviz_ogre_vendor/lib:/opt/ros/humble/lib/x86_64-linux-gnu:/opt/ros/humble/lib:/usr/local/cuda-12.6/lib64:/usr/lib/x86_64-linux-gnu/gazebo-11/plugins PYTHONPATH=/home/jaeheyoung/Rokey/7.PracticalProject/Week3_Coop2/DR_ws/install/dsr_msgs2/local/lib/python3.10/dist-packages:${PYTHONPATH} /usr/bin/cmake /home/jaeheyoung/Rokey/7.PracticalProject/Week3_Coop2/DR_ws/src/doosan-robot2/dsr_example2/realtime_control -DCMAKE_INSTALL_PREFIX=/home/jaeheyoung/Rokey/7.PracticalProject/Week3_Coop2/DR_ws/install/realtime_control
[0.257s] -- The C compiler identification is GNU 11.4.0
[0.315s] -- The CXX compiler identification is GNU 11.4.0
[0.324s] -- Detecting C compiler ABI info
[0.402s] -- Detecting C compiler ABI info - done
[0.412s] -- Check for working C compiler: /usr/bin/cc - skipped
[0.412s] -- Detecting C compile features
[0.412s] -- Detecting C compile features - done
[0.416s] -- Detecting CXX compiler ABI info
[0.513s] -- Detecting CXX compiler ABI info - done
[0.521s] -- Check for working CXX compiler: /usr/bin/c++ - skipped
[0.521s] -- Detecting CXX compile features
[0.522s] -- Detecting CXX compile features - done
[0.525s] -- Found ament_cmake: 1.3.10 (/opt/ros/humble/share/ament_cmake/cmake)
[0.697s] -- Found Python3: /usr/bin/python3 (found version "3.10.12") found components: Interpreter 
[0.795s] -- Found rclcpp: 16.0.10 (/opt/ros/humble/share/rclcpp/cmake)
[0.840s] -- Found rosidl_generator_c: 3.1.5 (/opt/ros/humble/share/rosidl_generator_c/cmake)
[0.845s] -- Found rosidl_adapter: 3.1.5 (/opt/ros/humble/share/rosidl_adapter/cmake)
[0.854s] -- Found rosidl_generator_cpp: 3.1.5 (/opt/ros/humble/share/rosidl_generator_cpp/cmake)
[0.867s] -- Using all available rosidl_typesupport_c: rosidl_typesupport_fastrtps_c;rosidl_typesupport_introspection_c
[0.884s] -- Using all available rosidl_typesupport_cpp: rosidl_typesupport_fastrtps_cpp;rosidl_typesupport_introspection_cpp
[0.931s] -- Found rmw_implementation_cmake: 6.1.2 (/opt/ros/humble/share/rmw_implementation_cmake/cmake)
[0.934s] -- Found rmw_fastrtps_cpp: 6.2.7 (/opt/ros/humble/share/rmw_fastrtps_cpp/cmake)
[1.034s] -- Found OpenSSL: /usr/lib/x86_64-linux-gnu/libcrypto.so (found version "3.0.2")  
[1.062s] -- Found FastRTPS: /opt/ros/humble/include  
[1.101s] -- Using RMW implementation 'rmw_fastrtps_cpp' as default
[1.108s] -- Looking for pthread.h
[1.179s] -- Looking for pthread.h - found
[1.179s] -- Performing Test CMAKE_HAVE_LIBC_PTHREAD
[1.253s] -- Performing Test CMAKE_HAVE_LIBC_PTHREAD - Success
[1.254s] -- Found Threads: TRUE  
[1.300s] -- Found example_interfaces: 0.9.3 (/opt/ros/humble/share/example_interfaces/cmake)
[1.341s] -- Found dsr_msgs2: 1.1.0 (/home/jaeheyoung/Rokey/7.PracticalProject/Week3_Coop2/DR_ws/install/dsr_msgs2/share/dsr_msgs2/cmake)
[1.427s] -- Configuring done
[1.442s] -- Generating done
[1.443s] -- Build files have been written to: /home/jaeheyoung/Rokey/7.PracticalProject/Week3_Coop2/DR_ws/build/realtime_control
[1.451s] Invoked command in '/home/jaeheyoung/Rokey/7.PracticalProject/Week3_Coop2/DR_ws/build/realtime_control' returned '0': AMENT_PREFIX_PATH=/home/jaeheyoung/Rokey/7.PracticalProject/Week3_Coop2/DR_ws/install/dsr_msgs2:${AMENT_PREFIX_PATH} CMAKE_PREFIX_PATH=/home/jaeheyoung/Rokey/7.PracticalProject/Week3_Coop2/DR_ws/install/dsr_msgs2:/opt/ros/humble LD_LIBRARY_PATH=/home/jaeheyoung/Rokey/7.PracticalProject/Week3_Coop2/DR_ws/install/dsr_msgs2/lib:/usr/lib/x86_64-linux-gnu/gazebo-11/plugins:/opt/ros/humble/opt/rviz_ogre_vendor/lib:/opt/ros/humble/lib/x86_64-linux-gnu:/opt/ros/humble/lib:/usr/local/cuda-12.6/lib64:/usr/lib/x86_64-linux-gnu/gazebo-11/plugins PYTHONPATH=/home/jaeheyoung/Rokey/7.PracticalProject/Week3_Coop2/DR_ws/install/dsr_msgs2/local/lib/python3.10/dist-packages:${PYTHONPATH} /usr/bin/cmake /home/jaeheyoung/Rokey/7.PracticalProject/Week3_Coop2/DR_ws/src/doosan-robot2/dsr_example2/realtime_control -DCMAKE_INSTALL_PREFIX=/home/jaeheyoung/Rokey/7.PracticalProject/Week3_Coop2/DR_ws/install/realtime_control
[1.453s] Invoking command in '/home/jaeheyoung/Rokey/7.PracticalProject/Week3_Coop2/DR_ws/build/realtime_control': AMENT_PREFIX_PATH=/home/jaeheyoung/Rokey/7.PracticalProject/Week3_Coop2/DR_ws/install/dsr_msgs2:${AMENT_PREFIX_PATH} CMAKE_PREFIX_PATH=/home/jaeheyoung/Rokey/7.PracticalProject/Week3_Coop2/DR_ws/install/dsr_msgs2:/opt/ros/humble LD_LIBRARY_PATH=/home/jaeheyoung/Rokey/7.PracticalProject/Week3_Coop2/DR_ws/install/dsr_msgs2/lib:/usr/lib/x86_64-linux-gnu/gazebo-11/plugins:/opt/ros/humble/opt/rviz_ogre_vendor/lib:/opt/ros/humble/lib/x86_64-linux-gnu:/opt/ros/humble/lib:/usr/local/cuda-12.6/lib64:/usr/lib/x86_64-linux-gnu/gazebo-11/plugins PYTHONPATH=/home/jaeheyoung/Rokey/7.PracticalProject/Week3_Coop2/DR_ws/install/dsr_msgs2/local/lib/python3.10/dist-packages:${PYTHONPATH} /usr/bin/cmake --build /home/jaeheyoung/Rokey/7.PracticalProject/Week3_Coop2/DR_ws/build/realtime_control -- -j20 -l20
[1.501s] [ 12%] [32mBuilding CXX object CMakeFiles/rt_init.dir/src/rt_init.cpp.o[0m
[1.503s] [ 25%] [32mBuilding CXX object CMakeFiles/rt_shutdown.dir/src/rt_shutdown.cpp.o[0m
[1.503s] [ 37%] [32mBuilding CXX object CMakeFiles/realtime_api.dir/src/realtime_api.cpp.o[0m
[1.503s] [ 50%] [32mBuilding CXX object CMakeFiles/realtime_control.dir/src/realtime_control.cpp.o[0m
[3.770s] In file included from [01m[K/home/jaeheyoung/Rokey/7.PracticalProject/Week3_Coop2/DR_ws/src/doosan-robot2/dsr_example2/realtime_control/../../common2/include/../../common2/include/DRFL.h:58[m[K,
[3.771s]                  from [01m[K/home/jaeheyoung/Rokey/7.PracticalProject/Week3_Coop2/DR_ws/src/doosan-robot2/dsr_example2/realtime_control/../../common2/include/../../common2/include/DRFLEx.h:58[m[K,
[3.772s]                  from [01m[K/home/jaeheyoung/Rokey/7.PracticalProject/Week3_Coop2/DR_ws/src/doosan-robot2/dsr_example2/realtime_control/include/dsr_realtime_control/realtime_control.hpp:18[m[K,
[3.772s]                  from [01m[K/home/jaeheyoung/Rokey/7.PracticalProject/Week3_Coop2/DR_ws/src/doosan-robot2/dsr_example2/realtime_control/src/realtime_control.cpp:4[m[K:
[3.773s] [01m[K/home/jaeheyoung/Rokey/7.PracticalProject/Week3_Coop2/DR_ws/src/doosan-robot2/dsr_example2/realtime_control/../../common2/include/../../common2/include/DRFS.h:2205:50:[m[K [01;35m[Kwarning: [m[Kextra ‘[01m[K;[m[K’ [[01;35m[K]8;;https://gcc.gnu.org/onlinedocs/gcc/Warning-Options.html#index-Wpedantic-Wpedantic]8;;[m[K]
[3.773s]  2205 |     CONFIG_WELDING_DETAIL_INFO  _tWeldingCurrent;[01;35m[K;[m[K
[3.773s]       |                                                  [01;35m[K^[m[K
[3.774s]       |                                                  [31m[K-[m[K
[4.352s] In file included from [01m[K/home/jaeheyoung/Rokey/7.PracticalProject/Week3_Coop2/DR_ws/src/doosan-robot2/dsr_example2/realtime_control/../../common2/include/../../common2/include/DRFL.h:58[m[K,
[4.353s]                  from [01m[K/home/jaeheyoung/Rokey/7.PracticalProject/Week3_Coop2/DR_ws/src/doosan-robot2/dsr_example2/realtime_control/../../common2/include/../../common2/include/DRFLEx.h:58[m[K,
[4.353s]                  from [01m[K/home/jaeheyoung/Rokey/7.PracticalProject/Week3_Coop2/DR_ws/src/doosan-robot2/dsr_example2/realtime_control/include/dsr_realtime_control/realtime_api.hpp:21[m[K,
[4.354s]                  from [01m[K/home/jaeheyoung/Rokey/7.PracticalProject/Week3_Coop2/DR_ws/src/doosan-robot2/dsr_example2/realtime_control/src/realtime_api.cpp:4[m[K:
[4.354s] [01m[K/home/jaeheyoung/Rokey/7.PracticalProject/Week3_Coop2/DR_ws/src/doosan-robot2/dsr_example2/realtime_control/../../common2/include/../../common2/include/DRFS.h:2205:50:[m[K [01;35m[Kwarning: [m[Kextra ‘[01m[K;[m[K’ [[01;35m[K]8;;https://gcc.gnu.org/onlinedocs/gcc/Warning-Options.html#index-Wpedantic-Wpedantic]8;;[m[K]
[4.354s]  2205 |     CONFIG_WELDING_DETAIL_INFO  _tWeldingCurrent;[01;35m[K;[m[K
[4.355s]       |                                                  [01;35m[K^[m[K
[4.355s]       |                                                  [31m[K-[m[K
[5.437s] [ 62%] [32m[1mLinking CXX executable rt_shutdown[0m
[5.502s] [ 75%] [32m[1mLinking CXX executable realtime_api[0m
[5.680s] [ 75%] Built target rt_shutdown
[5.785s] [ 75%] Built target realtime_api
[5.994s] [ 87%] [32m[1mLinking CXX executable rt_init[0m
[6.260s] [ 87%] Built target rt_init
[7.748s] [100%] [32m[1mLinking CXX executable realtime_control[0m
[8.076s] [100%] Built target realtime_control
[8.087s] Invoked command in '/home/jaeheyoung/Rokey/7.PracticalProject/Week3_Coop2/DR_ws/build/realtime_control' returned '0': AMENT_PREFIX_PATH=/home/jaeheyoung/Rokey/7.PracticalProject/Week3_Coop2/DR_ws/install/dsr_msgs2:${AMENT_PREFIX_PATH} CMAKE_PREFIX_PATH=/home/jaeheyoung/Rokey/7.PracticalProject/Week3_Coop2/DR_ws/install/dsr_msgs2:/opt/ros/humble LD_LIBRARY_PATH=/home/jaeheyoung/Rokey/7.PracticalProject/Week3_Coop2/DR_ws/install/dsr_msgs2/lib:/usr/lib/x86_64-linux-gnu/gazebo-11/plugins:/opt/ros/humble/opt/rviz_ogre_vendor/lib:/opt/ros/humble/lib/x86_64-linux-gnu:/opt/ros/humble/lib:/usr/local/cuda-12.6/lib64:/usr/lib/x86_64-linux-gnu/gazebo-11/plugins PYTHONPATH=/home/jaeheyoung/Rokey/7.PracticalProject/Week3_Coop2/DR_ws/install/dsr_msgs2/local/lib/python3.10/dist-packages:${PYTHONPATH} /usr/bin/cmake --build /home/jaeheyoung/Rokey/7.PracticalProject/Week3_Coop2/DR_ws/build/realtime_control -- -j20 -l20
[8.123s] Invoking command in '/home/jaeheyoung/Rokey/7.PracticalProject/Week3_Coop2/DR_ws/build/realtime_control': AMENT_PREFIX_PATH=/home/jaeheyoung/Rokey/7.PracticalProject/Week3_Coop2/DR_ws/install/dsr_msgs2:${AMENT_PREFIX_PATH} CMAKE_PREFIX_PATH=/home/jaeheyoung/Rokey/7.PracticalProject/Week3_Coop2/DR_ws/install/dsr_msgs2:/opt/ros/humble LD_LIBRARY_PATH=/home/jaeheyoung/Rokey/7.PracticalProject/Week3_Coop2/DR_ws/install/dsr_msgs2/lib:/usr/lib/x86_64-linux-gnu/gazebo-11/plugins:/opt/ros/humble/opt/rviz_ogre_vendor/lib:/opt/ros/humble/lib/x86_64-linux-gnu:/opt/ros/humble/lib:/usr/local/cuda-12.6/lib64:/usr/lib/x86_64-linux-gnu/gazebo-11/plugins PYTHONPATH=/home/jaeheyoung/Rokey/7.PracticalProject/Week3_Coop2/DR_ws/install/dsr_msgs2/local/lib/python3.10/dist-packages:${PYTHONPATH} /usr/bin/cmake --install /home/jaeheyoung/Rokey/7.PracticalProject/Week3_Coop2/DR_ws/build/realtime_control
[8.130s] -- Install configuration: ""
[8.130s] -- Installing: /home/jaeheyoung/Rokey/7.PracticalProject/Week3_Coop2/DR_ws/install/realtime_control/lib/realtime_control/rt_init
[8.131s] -- Set runtime path of "/home/jaeheyoung/Rokey/7.PracticalProject/Week3_Coop2/DR_ws/install/realtime_control/lib/realtime_control/rt_init" to ""
[8.131s] -- Installing: /home/jaeheyoung/Rokey/7.PracticalProject/Week3_Coop2/DR_ws/install/realtime_control/lib/realtime_control/realtime_control
[8.133s] -- Set runtime path of "/home/jaeheyoung/Rokey/7.PracticalProject/Week3_Coop2/DR_ws/install/realtime_control/lib/realtime_control/realtime_control" to ""
[8.133s] -- Installing: /home/jaeheyoung/Rokey/7.PracticalProject/Week3_Coop2/DR_ws/install/realtime_control/lib/realtime_control/rt_shutdown
[8.134s] -- Set runtime path of "/home/jaeheyoung/Rokey/7.PracticalProject/Week3_Coop2/DR_ws/install/realtime_control/lib/realtime_control/rt_shutdown" to ""
[8.134s] -- Installing: /home/jaeheyoung/Rokey/7.PracticalProject/Week3_Coop2/DR_ws/install/realtime_control/lib/realtime_control/realtime_api
[8.134s] -- Set runtime path of "/home/jaeheyoung/Rokey/7.PracticalProject/Week3_Coop2/DR_ws/install/realtime_control/lib/realtime_control/realtime_api" to ""
[8.134s] -- Installing: /home/jaeheyoung/Rokey/7.PracticalProject/Week3_Coop2/DR_ws/install/realtime_control/include/realtime_control
[8.134s] -- Installing: /home/jaeheyoung/Rokey/7.PracticalProject/Week3_Coop2/DR_ws/install/realtime_control/include/realtime_control/dsr_realtime_control
[8.134s] -- Installing: /home/jaeheyoung/Rokey/7.PracticalProject/Week3_Coop2/DR_ws/install/realtime_control/include/realtime_control/dsr_realtime_control/realtime_api.hpp
[8.134s] -- Installing: /home/jaeheyoung/Rokey/7.PracticalProject/Week3_Coop2/DR_ws/install/realtime_control/include/realtime_control/dsr_realtime_control/burn_cpu_cycles.hpp
[8.134s] -- Installing: /home/jaeheyoung/Rokey/7.PracticalProject/Week3_Coop2/DR_ws/install/realtime_control/include/realtime_control/dsr_realtime_control/rt_init.hpp
[8.135s] -- Installing: /home/jaeheyoung/Rokey/7.PracticalProject/Week3_Coop2/DR_ws/install/realtime_control/include/realtime_control/dsr_realtime_control/command_line_options.hpp
[8.135s] -- Installing: /home/jaeheyoung/Rokey/7.PracticalProject/Week3_Coop2/DR_ws/install/realtime_control/include/realtime_control/dsr_realtime_control/rt_shutdown.hpp
[8.135s] -- Installing: /home/jaeheyoung/Rokey/7.PracticalProject/Week3_Coop2/DR_ws/install/realtime_control/include/realtime_control/dsr_realtime_control/sched_utils.hpp
[8.135s] -- Installing: /home/jaeheyoung/Rokey/7.PracticalProject/Week3_Coop2/DR_ws/install/realtime_control/include/realtime_control/dsr_realtime_control/rusage_utils.hpp
[8.135s] -- Installing: /home/jaeheyoung/Rokey/7.PracticalProject/Week3_Coop2/DR_ws/install/realtime_control/include/realtime_control/dsr_realtime_control/realtime_control.hpp
[8.135s] -- Installing: /home/jaeheyoung/Rokey/7.PracticalProject/Week3_Coop2/DR_ws/install/realtime_control/share/ament_index/resource_index/package_run_dependencies/realtime_control
[8.135s] -- Installing: /home/jaeheyoung/Rokey/7.PracticalProject/Week3_Coop2/DR_ws/install/realtime_control/share/ament_index/resource_index/parent_prefix_path/realtime_control
[8.135s] -- Installing: /home/jaeheyoung/Rokey/7.PracticalProject/Week3_Coop2/DR_ws/install/realtime_control/share/realtime_control/environment/ament_prefix_path.sh
[8.135s] -- Installing: /home/jaeheyoung/Rokey/7.PracticalProject/Week3_Coop2/DR_ws/install/realtime_control/share/realtime_control/environment/ament_prefix_path.dsv
[8.135s] -- Installing: /home/jaeheyoung/Rokey/7.PracticalProject/Week3_Coop2/DR_ws/install/realtime_control/share/realtime_control/environment/path.sh
[8.135s] -- Installing: /home/jaeheyoung/Rokey/7.PracticalProject/Week3_Coop2/DR_ws/install/realtime_control/share/realtime_control/environment/path.dsv
[8.135s] -- Installing: /home/jaeheyoung/Rokey/7.PracticalProject/Week3_Coop2/DR_ws/install/realtime_control/share/realtime_control/local_setup.bash
[8.135s] -- Installing: /home/jaeheyoung/Rokey/7.PracticalProject/Week3_Coop2/DR_ws/install/realtime_control/share/realtime_control/local_setup.sh
[8.135s] -- Installing: /home/jaeheyoung/Rokey/7.PracticalProject/Week3_Coop2/DR_ws/install/realtime_control/share/realtime_control/local_setup.zsh
[8.135s] -- Installing: /home/jaeheyoung/Rokey/7.PracticalProject/Week3_Coop2/DR_ws/install/realtime_control/share/realtime_control/local_setup.dsv
[8.135s] -- Installing: /home/jaeheyoung/Rokey/7.PracticalProject/Week3_Coop2/DR_ws/install/realtime_control/share/realtime_control/package.dsv
[8.135s] -- Installing: /home/jaeheyoung/Rokey/7.PracticalProject/Week3_Coop2/DR_ws/install/realtime_control/share/ament_index/resource_index/packages/realtime_control
[8.136s] -- Installing: /home/jaeheyoung/Rokey/7.PracticalProject/Week3_Coop2/DR_ws/install/realtime_control/share/realtime_control/cmake/realtime_controlConfig.cmake
[8.136s] -- Installing: /home/jaeheyoung/Rokey/7.PracticalProject/Week3_Coop2/DR_ws/install/realtime_control/share/realtime_control/cmake/realtime_controlConfig-version.cmake
[8.136s] -- Installing: /home/jaeheyoung/Rokey/7.PracticalProject/Week3_Coop2/DR_ws/install/realtime_control/share/realtime_control/package.xml
[8.137s] Invoked command in '/home/jaeheyoung/Rokey/7.PracticalProject/Week3_Coop2/DR_ws/build/realtime_control' returned '0': AMENT_PREFIX_PATH=/home/jaeheyoung/Rokey/7.PracticalProject/Week3_Coop2/DR_ws/install/dsr_msgs2:${AMENT_PREFIX_PATH} CMAKE_PREFIX_PATH=/home/jaeheyoung/Rokey/7.PracticalProject/Week3_Coop2/DR_ws/install/dsr_msgs2:/opt/ros/humble LD_LIBRARY_PATH=/home/jaeheyoung/Rokey/7.PracticalProject/Week3_Coop2/DR_ws/install/dsr_msgs2/lib:/usr/lib/x86_64-linux-gnu/gazebo-11/plugins:/opt/ros/humble/opt/rviz_ogre_vendor/lib:/opt/ros/humble/lib/x86_64-linux-gnu:/opt/ros/humble/lib:/usr/local/cuda-12.6/lib64:/usr/lib/x86_64-linux-gnu/gazebo-11/plugins PYTHONPATH=/home/jaeheyoung/Rokey/7.PracticalProject/Week3_Coop2/DR_ws/install/dsr_msgs2/local/lib/python3.10/dist-packages:${PYTHONPATH} /usr/bin/cmake --install /home/jaeheyoung/Rokey/7.PracticalProject/Week3_Coop2/DR_ws/build/realtime_control
