[0.091s] DEBUG:colcon:Command line arguments: ['/usr/bin/colcon', 'list', '-p', '--base-paths', '/home/jaeheyoung/Rokey/7.PracticalProject/Week5_Coop3/coop3_ws']
[0.091s] DEBUG:colcon:Parsed command line arguments: Namespace(log_base=None, log_level=None, verb_name='list', build_base='build', ignore_user_meta=False, metas=['./colcon.meta'], base_paths=['/home/jaeheyoung/Rokey/7.PracticalProject/Week5_Coop3/coop3_ws'], packages_ignore=None, packages_ignore_regex=None, paths=None, packages_up_to=None, packages_up_to_regex=None, packages_above=None, packages_above_and_dependencies=None, packages_above_depth=None, packages_select_by_dep=None, packages_skip_by_dep=None, packages_skip_up_to=None, packages_select_build_failed=False, packages_skip_build_finished=False, packages_select_test_failures=False, packages_skip_test_passed=False, packages_select=None, packages_skip=None, packages_select_regex=None, packages_skip_regex=None, packages_start=None, packages_end=None, allow_overriding=[], topological_order=False, names_only=False, paths_only=True, topological_graph=False, topological_graph_dot=False, topological_graph_density=False, topological_graph_legend=False, topological_graph_dot_cluster=False, topological_graph_dot_include_skipped=False, mixin_files=None, mixin=None, verb_parser=<colcon_mixin.mixin.mixin_argument.MixinArgumentDecorator object at 0x7c97ee277610>, verb_extension=<colcon_package_information.verb.list.ListVerb object at 0x7c97ee276290>, main=<bound method ListVerb.main of <colcon_package_information.verb.list.ListVerb object at 0x7c97ee276290>>, mixin_verb=('list',))
[0.245s] Level 1:colcon.colcon_core.package_discovery:discover_packages(colcon_meta) check parameters
[0.245s] Level 1:colcon.colcon_core.package_discovery:discover_packages(recursive) check parameters
[0.245s] Level 1:colcon.colcon_core.package_discovery:discover_packages(ignore) check parameters
[0.245s] Level 1:colcon.colcon_core.package_discovery:discover_packages(path) check parameters
[0.245s] Level 1:colcon.colcon_core.package_discovery:discover_packages(recursive) discover
[0.245s] INFO:colcon.colcon_core.package_discovery:Crawling recursively for packages in '/home/jaeheyoung/Rokey/7.PracticalProject/Week5_Coop3/coop3_ws'
[0.245s] Level 1:colcon.colcon_core.package_identification:_identify(/home/jaeheyoung/Rokey/7.PracticalProject/Week5_Coop3/coop3_ws) by extensions ['ignore', 'ignore_ament_install']
[0.245s] Level 1:colcon.colcon_core.package_identification:_identify(/home/jaeheyoung/Rokey/7.PracticalProject/Week5_Coop3/coop3_ws) by extension 'ignore'
[0.245s] Level 1:colcon.colcon_core.package_identification:_identify(/home/jaeheyoung/Rokey/7.PracticalProject/Week5_Coop3/coop3_ws) by extension 'ignore_ament_install'
[0.245s] Level 1:colcon.colcon_core.package_identification:_identify(/home/jaeheyoung/Rokey/7.PracticalProject/Week5_Coop3/coop3_ws) by extensions ['colcon_pkg']
[0.245s] Level 1:colcon.colcon_core.package_identification:_identify(/home/jaeheyoung/Rokey/7.PracticalProject/Week5_Coop3/coop3_ws) by extension 'colcon_pkg'
[0.245s] Level 1:colcon.colcon_core.package_identification:_identify(/home/jaeheyoung/Rokey/7.PracticalProject/Week5_Coop3/coop3_ws) by extensions ['colcon_meta']
[0.245s] Level 1:colcon.colcon_core.package_identification:_identify(/home/jaeheyoung/Rokey/7.PracticalProject/Week5_Coop3/coop3_ws) by extension 'colcon_meta'
[0.245s] Level 1:colcon.colcon_core.package_identification:_identify(/home/jaeheyoung/Rokey/7.PracticalProject/Week5_Coop3/coop3_ws) by extensions ['ros']
[0.245s] Level 1:colcon.colcon_core.package_identification:_identify(/home/jaeheyoung/Rokey/7.PracticalProject/Week5_Coop3/coop3_ws) by extension 'ros'
[0.258s] Level 1:colcon.colcon_core.package_identification:_identify(/home/jaeheyoung/Rokey/7.PracticalProject/Week5_Coop3/coop3_ws) by extensions ['cmake', 'python']
[0.258s] Level 1:colcon.colcon_core.package_identification:_identify(/home/jaeheyoung/Rokey/7.PracticalProject/Week5_Coop3/coop3_ws) by extension 'cmake'
[0.258s] Level 1:colcon.colcon_core.package_identification:_identify(/home/jaeheyoung/Rokey/7.PracticalProject/Week5_Coop3/coop3_ws) by extension 'python'
[0.259s] Level 1:colcon.colcon_core.package_identification:_identify(/home/jaeheyoung/Rokey/7.PracticalProject/Week5_Coop3/coop3_ws) by extensions ['python_setup_py']
[0.259s] Level 1:colcon.colcon_core.package_identification:_identify(/home/jaeheyoung/Rokey/7.PracticalProject/Week5_Coop3/coop3_ws) by extension 'python_setup_py'
[0.259s] Level 1:colcon.colcon_core.package_identification:_identify(/home/jaeheyoung/Rokey/7.PracticalProject/Week5_Coop3/coop3_ws/build) by extensions ['ignore', 'ignore_ament_install']
[0.259s] Level 1:colcon.colcon_core.package_identification:_identify(/home/jaeheyoung/Rokey/7.PracticalProject/Week5_Coop3/coop3_ws/build) by extension 'ignore'
[0.259s] Level 1:colcon.colcon_core.package_identification:_identify(/home/jaeheyoung/Rokey/7.PracticalProject/Week5_Coop3/coop3_ws/build) ignored
[0.259s] Level 1:colcon.colcon_core.package_identification:_identify(/home/jaeheyoung/Rokey/7.PracticalProject/Week5_Coop3/coop3_ws/install) by extensions ['ignore', 'ignore_ament_install']
[0.259s] Level 1:colcon.colcon_core.package_identification:_identify(/home/jaeheyoung/Rokey/7.PracticalProject/Week5_Coop3/coop3_ws/install) by extension 'ignore'
[0.259s] Level 1:colcon.colcon_core.package_identification:_identify(/home/jaeheyoung/Rokey/7.PracticalProject/Week5_Coop3/coop3_ws/install) ignored
[0.259s] Level 1:colcon.colcon_core.package_identification:_identify(/home/jaeheyoung/Rokey/7.PracticalProject/Week5_Coop3/coop3_ws/log) by extensions ['ignore', 'ignore_ament_install']
[0.259s] Level 1:colcon.colcon_core.package_identification:_identify(/home/jaeheyoung/Rokey/7.PracticalProject/Week5_Coop3/coop3_ws/log) by extension 'ignore'
[0.259s] Level 1:colcon.colcon_core.package_identification:_identify(/home/jaeheyoung/Rokey/7.PracticalProject/Week5_Coop3/coop3_ws/log) ignored
[0.259s] Level 1:colcon.colcon_core.package_identification:_identify(/home/jaeheyoung/Rokey/7.PracticalProject/Week5_Coop3/coop3_ws/src) by extensions ['ignore', 'ignore_ament_install']
[0.259s] Level 1:colcon.colcon_core.package_identification:_identify(/home/jaeheyoung/Rokey/7.PracticalProject/Week5_Coop3/coop3_ws/src) by extension 'ignore'
[0.259s] Level 1:colcon.colcon_core.package_identification:_identify(/home/jaeheyoung/Rokey/7.PracticalProject/Week5_Coop3/coop3_ws/src) by extension 'ignore_ament_install'
[0.259s] Level 1:colcon.colcon_core.package_identification:_identify(/home/jaeheyoung/Rokey/7.PracticalProject/Week5_Coop3/coop3_ws/src) by extensions ['colcon_pkg']
[0.259s] Level 1:colcon.colcon_core.package_identification:_identify(/home/jaeheyoung/Rokey/7.PracticalProject/Week5_Coop3/coop3_ws/src) by extension 'colcon_pkg'
[0.259s] Level 1:colcon.colcon_core.package_identification:_identify(/home/jaeheyoung/Rokey/7.PracticalProject/Week5_Coop3/coop3_ws/src) by extensions ['colcon_meta']
[0.259s] Level 1:colcon.colcon_core.package_identification:_identify(/home/jaeheyoung/Rokey/7.PracticalProject/Week5_Coop3/coop3_ws/src) by extension 'colcon_meta'
[0.259s] Level 1:colcon.colcon_core.package_identification:_identify(/home/jaeheyoung/Rokey/7.PracticalProject/Week5_Coop3/coop3_ws/src) by extensions ['ros']
[0.259s] Level 1:colcon.colcon_core.package_identification:_identify(/home/jaeheyoung/Rokey/7.PracticalProject/Week5_Coop3/coop3_ws/src) by extension 'ros'
[0.259s] Level 1:colcon.colcon_core.package_identification:_identify(/home/jaeheyoung/Rokey/7.PracticalProject/Week5_Coop3/coop3_ws/src) by extensions ['cmake', 'python']
[0.259s] Level 1:colcon.colcon_core.package_identification:_identify(/home/jaeheyoung/Rokey/7.PracticalProject/Week5_Coop3/coop3_ws/src) by extension 'cmake'
[0.259s] Level 1:colcon.colcon_core.package_identification:_identify(/home/jaeheyoung/Rokey/7.PracticalProject/Week5_Coop3/coop3_ws/src) by extension 'python'
[0.259s] Level 1:colcon.colcon_core.package_identification:_identify(/home/jaeheyoung/Rokey/7.PracticalProject/Week5_Coop3/coop3_ws/src) by extensions ['python_setup_py']
[0.259s] Level 1:colcon.colcon_core.package_identification:_identify(/home/jaeheyoung/Rokey/7.PracticalProject/Week5_Coop3/coop3_ws/src) by extension 'python_setup_py'
[0.260s] Level 1:colcon.colcon_core.package_identification:_identify(/home/jaeheyoung/Rokey/7.PracticalProject/Week5_Coop3/coop3_ws/src/car_simulation) by extensions ['ignore', 'ignore_ament_install']
[0.260s] Level 1:colcon.colcon_core.package_identification:_identify(/home/jaeheyoung/Rokey/7.PracticalProject/Week5_Coop3/coop3_ws/src/car_simulation) by extension 'ignore'
[0.260s] Level 1:colcon.colcon_core.package_identification:_identify(/home/jaeheyoung/Rokey/7.PracticalProject/Week5_Coop3/coop3_ws/src/car_simulation) by extension 'ignore_ament_install'
[0.260s] Level 1:colcon.colcon_core.package_identification:_identify(/home/jaeheyoung/Rokey/7.PracticalProject/Week5_Coop3/coop3_ws/src/car_simulation) by extensions ['colcon_pkg']
[0.260s] Level 1:colcon.colcon_core.package_identification:_identify(/home/jaeheyoung/Rokey/7.PracticalProject/Week5_Coop3/coop3_ws/src/car_simulation) by extension 'colcon_pkg'
[0.260s] Level 1:colcon.colcon_core.package_identification:_identify(/home/jaeheyoung/Rokey/7.PracticalProject/Week5_Coop3/coop3_ws/src/car_simulation) by extensions ['colcon_meta']
[0.260s] Level 1:colcon.colcon_core.package_identification:_identify(/home/jaeheyoung/Rokey/7.PracticalProject/Week5_Coop3/coop3_ws/src/car_simulation) by extension 'colcon_meta'
[0.260s] Level 1:colcon.colcon_core.package_identification:_identify(/home/jaeheyoung/Rokey/7.PracticalProject/Week5_Coop3/coop3_ws/src/car_simulation) by extensions ['ros']
[0.260s] Level 1:colcon.colcon_core.package_identification:_identify(/home/jaeheyoung/Rokey/7.PracticalProject/Week5_Coop3/coop3_ws/src/car_simulation) by extension 'ros'
[0.262s] DEBUG:colcon.colcon_core.package_identification:Package '/home/jaeheyoung/Rokey/7.PracticalProject/Week5_Coop3/coop3_ws/src/car_simulation' with type 'ros.ament_python' and name 'car_simulation'
[0.262s] Level 1:colcon.colcon_core.package_identification:_identify(/home/jaeheyoung/Rokey/7.PracticalProject/Week5_Coop3/coop3_ws/src/car_tutorial) by extensions ['ignore', 'ignore_ament_install']
[0.262s] Level 1:colcon.colcon_core.package_identification:_identify(/home/jaeheyoung/Rokey/7.PracticalProject/Week5_Coop3/coop3_ws/src/car_tutorial) by extension 'ignore'
[0.262s] Level 1:colcon.colcon_core.package_identification:_identify(/home/jaeheyoung/Rokey/7.PracticalProject/Week5_Coop3/coop3_ws/src/car_tutorial) by extension 'ignore_ament_install'
[0.262s] Level 1:colcon.colcon_core.package_identification:_identify(/home/jaeheyoung/Rokey/7.PracticalProject/Week5_Coop3/coop3_ws/src/car_tutorial) by extensions ['colcon_pkg']
[0.262s] Level 1:colcon.colcon_core.package_identification:_identify(/home/jaeheyoung/Rokey/7.PracticalProject/Week5_Coop3/coop3_ws/src/car_tutorial) by extension 'colcon_pkg'
[0.262s] Level 1:colcon.colcon_core.package_identification:_identify(/home/jaeheyoung/Rokey/7.PracticalProject/Week5_Coop3/coop3_ws/src/car_tutorial) by extensions ['colcon_meta']
[0.262s] Level 1:colcon.colcon_core.package_identification:_identify(/home/jaeheyoung/Rokey/7.PracticalProject/Week5_Coop3/coop3_ws/src/car_tutorial) by extension 'colcon_meta'
[0.262s] Level 1:colcon.colcon_core.package_identification:_identify(/home/jaeheyoung/Rokey/7.PracticalProject/Week5_Coop3/coop3_ws/src/car_tutorial) by extensions ['ros']
[0.262s] Level 1:colcon.colcon_core.package_identification:_identify(/home/jaeheyoung/Rokey/7.PracticalProject/Week5_Coop3/coop3_ws/src/car_tutorial) by extension 'ros'
[0.263s] DEBUG:colcon.colcon_core.package_identification:Package '/home/jaeheyoung/Rokey/7.PracticalProject/Week5_Coop3/coop3_ws/src/car_tutorial' with type 'ros.ament_python' and name 'car_tutorial'
[0.263s] Level 1:colcon.colcon_core.package_identification:_identify(/home/jaeheyoung/Rokey/7.PracticalProject/Week5_Coop3/coop3_ws/src/firedetect) by extensions ['ignore', 'ignore_ament_install']
[0.263s] Level 1:colcon.colcon_core.package_identification:_identify(/home/jaeheyoung/Rokey/7.PracticalProject/Week5_Coop3/coop3_ws/src/firedetect) by extension 'ignore'
[0.263s] Level 1:colcon.colcon_core.package_identification:_identify(/home/jaeheyoung/Rokey/7.PracticalProject/Week5_Coop3/coop3_ws/src/firedetect) by extension 'ignore_ament_install'
[0.263s] Level 1:colcon.colcon_core.package_identification:_identify(/home/jaeheyoung/Rokey/7.PracticalProject/Week5_Coop3/coop3_ws/src/firedetect) by extensions ['colcon_pkg']
[0.263s] Level 1:colcon.colcon_core.package_identification:_identify(/home/jaeheyoung/Rokey/7.PracticalProject/Week5_Coop3/coop3_ws/src/firedetect) by extension 'colcon_pkg'
[0.263s] Level 1:colcon.colcon_core.package_identification:_identify(/home/jaeheyoung/Rokey/7.PracticalProject/Week5_Coop3/coop3_ws/src/firedetect) by extensions ['colcon_meta']
[0.263s] Level 1:colcon.colcon_core.package_identification:_identify(/home/jaeheyoung/Rokey/7.PracticalProject/Week5_Coop3/coop3_ws/src/firedetect) by extension 'colcon_meta'
[0.263s] Level 1:colcon.colcon_core.package_identification:_identify(/home/jaeheyoung/Rokey/7.PracticalProject/Week5_Coop3/coop3_ws/src/firedetect) by extensions ['ros']
[0.263s] Level 1:colcon.colcon_core.package_identification:_identify(/home/jaeheyoung/Rokey/7.PracticalProject/Week5_Coop3/coop3_ws/src/firedetect) by extension 'ros'
[0.263s] DEBUG:colcon.colcon_core.package_identification:Package '/home/jaeheyoung/Rokey/7.PracticalProject/Week5_Coop3/coop3_ws/src/firedetect' with type 'ros.ament_python' and name 'firedetect'
[0.263s] Level 1:colcon.colcon_core.package_identification:_identify(/home/jaeheyoung/Rokey/7.PracticalProject/Week5_Coop3/coop3_ws/src/set_sim) by extensions ['ignore', 'ignore_ament_install']
[0.263s] Level 1:colcon.colcon_core.package_identification:_identify(/home/jaeheyoung/Rokey/7.PracticalProject/Week5_Coop3/coop3_ws/src/set_sim) by extension 'ignore'
[0.263s] Level 1:colcon.colcon_core.package_identification:_identify(/home/jaeheyoung/Rokey/7.PracticalProject/Week5_Coop3/coop3_ws/src/set_sim) by extension 'ignore_ament_install'
[0.263s] Level 1:colcon.colcon_core.package_identification:_identify(/home/jaeheyoung/Rokey/7.PracticalProject/Week5_Coop3/coop3_ws/src/set_sim) by extensions ['colcon_pkg']
[0.264s] Level 1:colcon.colcon_core.package_identification:_identify(/home/jaeheyoung/Rokey/7.PracticalProject/Week5_Coop3/coop3_ws/src/set_sim) by extension 'colcon_pkg'
[0.264s] Level 1:colcon.colcon_core.package_identification:_identify(/home/jaeheyoung/Rokey/7.PracticalProject/Week5_Coop3/coop3_ws/src/set_sim) by extensions ['colcon_meta']
[0.264s] Level 1:colcon.colcon_core.package_identification:_identify(/home/jaeheyoung/Rokey/7.PracticalProject/Week5_Coop3/coop3_ws/src/set_sim) by extension 'colcon_meta'
[0.264s] Level 1:colcon.colcon_core.package_identification:_identify(/home/jaeheyoung/Rokey/7.PracticalProject/Week5_Coop3/coop3_ws/src/set_sim) by extensions ['ros']
[0.264s] Level 1:colcon.colcon_core.package_identification:_identify(/home/jaeheyoung/Rokey/7.PracticalProject/Week5_Coop3/coop3_ws/src/set_sim) by extension 'ros'
[0.264s] DEBUG:colcon.colcon_core.package_identification:Package '/home/jaeheyoung/Rokey/7.PracticalProject/Week5_Coop3/coop3_ws/src/set_sim' with type 'ros.ament_python' and name 'set_sim'
[0.264s] Level 1:colcon.colcon_core.package_identification:_identify(/home/jaeheyoung/Rokey/7.PracticalProject/Week5_Coop3/coop3_ws/src/turtlebot3_multi_robot) by extensions ['ignore', 'ignore_ament_install']
[0.264s] Level 1:colcon.colcon_core.package_identification:_identify(/home/jaeheyoung/Rokey/7.PracticalProject/Week5_Coop3/coop3_ws/src/turtlebot3_multi_robot) by extension 'ignore'
[0.264s] Level 1:colcon.colcon_core.package_identification:_identify(/home/jaeheyoung/Rokey/7.PracticalProject/Week5_Coop3/coop3_ws/src/turtlebot3_multi_robot) by extension 'ignore_ament_install'
[0.264s] Level 1:colcon.colcon_core.package_identification:_identify(/home/jaeheyoung/Rokey/7.PracticalProject/Week5_Coop3/coop3_ws/src/turtlebot3_multi_robot) by extensions ['colcon_pkg']
[0.264s] Level 1:colcon.colcon_core.package_identification:_identify(/home/jaeheyoung/Rokey/7.PracticalProject/Week5_Coop3/coop3_ws/src/turtlebot3_multi_robot) by extension 'colcon_pkg'
[0.264s] Level 1:colcon.colcon_core.package_identification:_identify(/home/jaeheyoung/Rokey/7.PracticalProject/Week5_Coop3/coop3_ws/src/turtlebot3_multi_robot) by extensions ['colcon_meta']
[0.264s] Level 1:colcon.colcon_core.package_identification:_identify(/home/jaeheyoung/Rokey/7.PracticalProject/Week5_Coop3/coop3_ws/src/turtlebot3_multi_robot) by extension 'colcon_meta'
[0.264s] Level 1:colcon.colcon_core.package_identification:_identify(/home/jaeheyoung/Rokey/7.PracticalProject/Week5_Coop3/coop3_ws/src/turtlebot3_multi_robot) by extensions ['ros']
[0.264s] Level 1:colcon.colcon_core.package_identification:_identify(/home/jaeheyoung/Rokey/7.PracticalProject/Week5_Coop3/coop3_ws/src/turtlebot3_multi_robot) by extension 'ros'
[0.265s] DEBUG:colcon.colcon_core.package_identification:Package '/home/jaeheyoung/Rokey/7.PracticalProject/Week5_Coop3/coop3_ws/src/turtlebot3_multi_robot' with type 'ros.ament_cmake' and name 'turtlebot3_multi_robot'
[0.265s] Level 1:colcon.colcon_core.package_discovery:discover_packages(recursive) using defaults
