[0.016s] Invoking command in '/home/jaeheyoung/robot_service_ws/build/turtlebot3_gazebo': CMAKE_PREFIX_PATH=/opt/ros/humble /usr/bin/cmake /home/jaeheyoung/robot_service_ws/src/turtlebot3_simulations/turtlebot3_gazebo -DCMAKE_INSTALL_PREFIX=/home/jaeheyoung/robot_service_ws/install/turtlebot3_gazebo
[0.186s] -- The C compiler identification is GNU 11.4.0
[0.204s] -- The CXX compiler identification is GNU 11.4.0
[0.210s] -- Detecting C compiler ABI info
[0.267s] -- Detecting C compiler ABI info - done
[0.273s] -- Check for working C compiler: /usr/bin/cc - skipped
[0.273s] -- Detecting C compile features
[0.273s] -- Detecting C compile features - done
[0.275s] -- Detecting CXX compiler ABI info
[0.355s] -- Detecting CXX compiler ABI info - done
[0.364s] -- Check for working CXX compiler: /usr/bin/c++ - skipped
[0.364s] -- Detecting CXX compile features
[0.365s] -- Detecting CXX compile features - done
[0.368s] -- Found ament_cmake: 1.3.10 (/opt/ros/humble/share/ament_cmake/cmake)
[0.512s] -- Found Python3: /usr/bin/python3 (found version "3.10.12") found components: Interpreter 
[0.608s] [33mCMake Warning (dev) at /usr/share/cmake-3.22/Modules/FindPackageHandleStandardArgs.cmake:438 (message):
[0.608s]   The package name passed to `find_package_handle_standard_args` (PkgConfig)
[0.608s]   does not match the name of the calling package (gazebo).  This can lead to
[0.608s]   problems in calling code that expects `find_package` result variables
[0.608s]   (e.g., `_FOUND`) to follow a certain pattern.
[0.608s] Call Stack (most recent call first):
[0.608s]   /usr/share/cmake-3.22/Modules/FindPkgConfig.cmake:99 (find_package_handle_standard_args)
[0.608s]   /usr/lib/x86_64-linux-gnu/cmake/gazebo/gazebo-config.cmake:72 (include)
[0.608s]   CMakeLists.txt:23 (find_package)
[0.608s] This warning is for project developers.  Use -Wno-dev to suppress it.
[0.608s] [0m
[0.608s] -- Found PkgConfig: /usr/bin/pkg-config (found version "0.29.2") 
[0.613s] -- Checking for module 'bullet>=2.82'
[0.624s] --   Found bullet, version 3.05
[0.704s] -- Found fcl: /usr/include (found suitable version "0.7.0", minimum required is "0.5.0") 
[0.748s] -- Found assimp: /usr/include (found version "5.2.0") 
[0.765s] -- Found DART: /usr/include (Required is at least version "6.6") found components: dart 
[0.906s] -- Found Boost: /usr/lib/x86_64-linux-gnu/cmake/Boost-1.74.0/BoostConfig.cmake (found suitable version "1.74.0", minimum required is "1.40.0") found components: thread system filesystem program_options regex iostreams date_time 
[0.924s] -- Found Protobuf: /usr/lib/x86_64-linux-gnu/libprotobuf.so (found version "3.12.4") 
[0.928s] -- Looking for ignition-math6 -- found version 6.15.1
[0.934s] -- Searching for dependencies of ignition-math6
[0.935s] -- Looking for OGRE...
[0.935s] -- OGRE_PREFIX_WATCH changed.
[0.939s] -- Checking for module 'OGRE'
[0.950s] --   Found OGRE, version 1.9.0
[0.972s] -- Found Ogre Ghadamon (1.9.0)
[0.978s] -- Found OGRE: optimized;/usr/lib/x86_64-linux-gnu/libOgreMain.so;debug;/usr/lib/x86_64-linux-gnu/libOgreMain.so
[0.985s] -- Looking for OGRE_Paging...
[0.988s] -- Found OGRE_Paging: optimized;/usr/lib/x86_64-linux-gnu/libOgrePaging.so;debug;/usr/lib/x86_64-linux-gnu/libOgrePaging.so
[0.988s] -- Looking for OGRE_Terrain...
[0.990s] -- Found OGRE_Terrain: optimized;/usr/lib/x86_64-linux-gnu/libOgreTerrain.so;debug;/usr/lib/x86_64-linux-gnu/libOgreTerrain.so
[0.991s] -- Looking for OGRE_Property...
[0.993s] -- Found OGRE_Property: optimized;/usr/lib/x86_64-linux-gnu/libOgreProperty.so;debug;/usr/lib/x86_64-linux-gnu/libOgreProperty.so
[0.993s] -- Looking for OGRE_RTShaderSystem...
[0.996s] -- Found OGRE_RTShaderSystem: optimized;/usr/lib/x86_64-linux-gnu/libOgreRTShaderSystem.so;debug;/usr/lib/x86_64-linux-gnu/libOgreRTShaderSystem.so
[0.996s] -- Looking for OGRE_Volume...
[0.999s] -- Found OGRE_Volume: optimized;/usr/lib/x86_64-linux-gnu/libOgreVolume.so;debug;/usr/lib/x86_64-linux-gnu/libOgreVolume.so
[0.999s] -- Looking for OGRE_Overlay...
[1.001s] -- Found OGRE_Overlay: optimized;/usr/lib/x86_64-linux-gnu/libOgreOverlay.so;debug;/usr/lib/x86_64-linux-gnu/libOgreOverlay.so
[1.058s] -- Looking for ignition-math6 -- found version 6.15.1
[1.059s] -- Looking for ignition-transport8 -- found version 8.2.1
[1.059s] -- Searching for dependencies of ignition-transport8
[1.070s] -- Found Protobuf: /usr/lib/x86_64-linux-gnu/libprotobuf.so (found suitable version "3.12.4", minimum required is "3") 
[1.080s] -- Config-file not installed for ZeroMQ -- checking for pkg-config
[1.084s] -- Checking for module 'libzmq >= 4'
[1.094s] --   Found libzmq , version 4.3.4
[1.120s] -- Found ZeroMQ: TRUE (Required is at least version "4") 
[1.124s] -- Checking for module 'uuid'
[1.134s] --   Found uuid, version 2.37.2
[1.159s] -- Found UUID: TRUE  
[1.161s] -- Looking for ignition-msgs5 -- found version 5.8.1
[1.161s] -- Searching for dependencies of ignition-msgs5
[1.174s] -- Looking for ignition-math6 -- found version 6.15.1
[1.178s] -- Checking for module 'tinyxml2'
[1.187s] --   Found tinyxml2, version 9.0.0
[1.213s] -- Looking for ignition-msgs5 -- found version 5.8.1
[1.216s] -- Looking for ignition-common3 -- found version 3.14.0
[1.216s] -- Searching for dependencies of ignition-common3
[1.216s] -- Looking for dlfcn.h - found
[1.217s] -- Looking for libdl - found
[1.218s] -- Found DL: TRUE  
[1.227s] -- Found tinyobjloader: /usr/lib/x86_64-linux-gnu/cmake/tinyobjloader/tinyobjloader-config.cmake (found version "2.0.0") 
[1.227s] -- Searching for <ignition-common3> component [graphics]
[1.229s] -- Looking for ignition-common3-graphics -- found version 3.14.0
[1.229s] -- Searching for dependencies of ignition-common3-graphics
[1.229s] -- Looking for ignition-math6 -- found version 6.15.1
[1.232s] -- Looking for ignition-fuel_tools4 -- found version 4.4.0
[1.232s] -- Searching for dependencies of ignition-fuel_tools4
[1.287s] -- Found CURL: /usr/lib/x86_64-linux-gnu/libcurl.so (found version "7.81.0")  
[1.294s] -- Checking for module 'jsoncpp'
[1.304s] --   Found jsoncpp, version 1.9.5
[1.329s] -- Found JSONCPP: TRUE  
[1.333s] -- Checking for module 'libzip'
[1.342s] --   Found libzip, version 1.7.3
[1.365s] -- Found ZIP: TRUE  
[1.366s] -- Looking for ignition-common3 -- found version 3.14.0
[1.366s] -- Looking for ignition-math6 -- found version 6.15.1
[1.366s] -- Looking for ignition-msgs5 -- found version 5.8.1
[1.370s] -- Found gazebo_ros_pkgs: 3.7.0 (/opt/ros/humble/share/gazebo_ros_pkgs/cmake)
[1.371s] -- Found geometry_msgs: 4.2.4 (/opt/ros/humble/share/geometry_msgs/cmake)
[1.387s] -- Found rosidl_generator_c: 3.1.5 (/opt/ros/humble/share/rosidl_generator_c/cmake)
[1.389s] -- Found rosidl_adapter: 3.1.5 (/opt/ros/humble/share/rosidl_adapter/cmake)
[1.393s] -- Found rosidl_generator_cpp: 3.1.5 (/opt/ros/humble/share/rosidl_generator_cpp/cmake)
[1.400s] -- Using all available rosidl_typesupport_c: rosidl_typesupport_fastrtps_c;rosidl_typesupport_introspection_c
[1.408s] -- Using all available rosidl_typesupport_cpp: rosidl_typesupport_fastrtps_cpp;rosidl_typesupport_introspection_cpp
[1.433s] -- Found nav_msgs: 4.2.4 (/opt/ros/humble/share/nav_msgs/cmake)
[1.444s] -- Found rclcpp: 16.0.10 (/opt/ros/humble/share/rclcpp/cmake)
[1.472s] -- Found rmw_implementation_cmake: 6.1.2 (/opt/ros/humble/share/rmw_implementation_cmake/cmake)
[1.476s] -- Found rmw_fastrtps_cpp: 6.2.7 (/opt/ros/humble/share/rmw_fastrtps_cpp/cmake)
[1.544s] -- Found OpenSSL: /usr/lib/x86_64-linux-gnu/libcrypto.so (found version "3.0.2")  
[1.563s] -- Found FastRTPS: /opt/ros/humble/include  
[1.594s] -- Using RMW implementation 'rmw_fastrtps_cpp' as default
[1.601s] -- Found Threads: TRUE  
[1.631s] -- Found sensor_msgs: 4.2.4 (/opt/ros/humble/share/sensor_msgs/cmake)
[1.645s] -- Found tf2: 0.25.8 (/opt/ros/humble/share/tf2/cmake)
[1.695s] -- Configuring done
[1.723s] -- Generating done
[1.724s] -- Build files have been written to: /home/jaeheyoung/robot_service_ws/build/turtlebot3_gazebo
[1.733s] Invoked command in '/home/jaeheyoung/robot_service_ws/build/turtlebot3_gazebo' returned '0': CMAKE_PREFIX_PATH=/opt/ros/humble /usr/bin/cmake /home/jaeheyoung/robot_service_ws/src/turtlebot3_simulations/turtlebot3_gazebo -DCMAKE_INSTALL_PREFIX=/home/jaeheyoung/robot_service_ws/install/turtlebot3_gazebo
[1.733s] Invoking command in '/home/jaeheyoung/robot_service_ws/build/turtlebot3_gazebo': CMAKE_PREFIX_PATH=/opt/ros/humble /usr/bin/cmake --build /home/jaeheyoung/robot_service_ws/build/turtlebot3_gazebo -- -j20 -l20
[1.774s] [ 12%] [32mBuilding CXX object CMakeFiles/obstacle1.dir/models/turtlebot3_dqn_world/obstacle_plugin/obstacle1.cc.o[0m
[1.774s] [ 37%] [32mBuilding CXX object CMakeFiles/turtlebot3_drive.dir/src/turtlebot3_drive.cpp.o[0m
[1.774s] [ 37%] [32mBuilding CXX object CMakeFiles/obstacle2.dir/models/turtlebot3_dqn_world/obstacle_plugin/obstacle2.cc.o[0m
[1.774s] [ 50%] [32mBuilding CXX object CMakeFiles/obstacles.dir/models/turtlebot3_dqn_world/obstacle_plugin/obstacles.cc.o[0m
[11.631s] [ 62%] [32m[1mLinking CXX shared library libobstacle2.so[0m
[11.873s] [ 75%] [32m[1mLinking CXX shared library libobstacle1.so[0m
[11.949s] [ 87%] [32m[1mLinking CXX executable turtlebot3_drive[0m
[11.974s] [ 87%] Built target obstacle2
[12.074s] [ 87%] Built target obstacle1
[12.476s] [ 87%] Built target turtlebot3_drive
[13.159s] [100%] [32m[1mLinking CXX shared library libobstacles.so[0m
[13.296s] [100%] Built target obstacles
[13.306s] Invoked command in '/home/jaeheyoung/robot_service_ws/build/turtlebot3_gazebo' returned '0': CMAKE_PREFIX_PATH=/opt/ros/humble /usr/bin/cmake --build /home/jaeheyoung/robot_service_ws/build/turtlebot3_gazebo -- -j20 -l20
[13.334s] Invoking command in '/home/jaeheyoung/robot_service_ws/build/turtlebot3_gazebo': CMAKE_PREFIX_PATH=/opt/ros/humble /usr/bin/cmake --install /home/jaeheyoung/robot_service_ws/build/turtlebot3_gazebo
[13.339s] -- Install configuration: ""
[13.339s] -- Installing: /home/jaeheyoung/robot_service_ws/install/turtlebot3_gazebo/lib/turtlebot3_gazebo/turtlebot3_drive
[13.342s] -- Set runtime path of "/home/jaeheyoung/robot_service_ws/install/turtlebot3_gazebo/lib/turtlebot3_gazebo/turtlebot3_drive" to ""
[13.342s] -- Installing: /home/jaeheyoung/robot_service_ws/install/turtlebot3_gazebo/share/turtlebot3_gazebo//launch
[13.342s] -- Installing: /home/jaeheyoung/robot_service_ws/install/turtlebot3_gazebo/share/turtlebot3_gazebo//launch/turtlebot3_house.launch.py
[13.342s] -- Installing: /home/jaeheyoung/robot_service_ws/install/turtlebot3_gazebo/share/turtlebot3_gazebo//launch/empty_world.launch.py
[13.342s] -- Installing: /home/jaeheyoung/robot_service_ws/install/turtlebot3_gazebo/share/turtlebot3_gazebo//launch/turtlebot3_dqn_stage3.launch.py
[13.342s] -- Installing: /home/jaeheyoung/robot_service_ws/install/turtlebot3_gazebo/share/turtlebot3_gazebo//launch/turtlebot3_dqn_stage4.launch.py
[13.342s] -- Installing: /home/jaeheyoung/robot_service_ws/install/turtlebot3_gazebo/share/turtlebot3_gazebo//launch/spawn_turtlebot3.launch.py
[13.342s] -- Installing: /home/jaeheyoung/robot_service_ws/install/turtlebot3_gazebo/share/turtlebot3_gazebo//launch/turtlebot3_dqn_stage2.launch.py
[13.342s] -- Installing: /home/jaeheyoung/robot_service_ws/install/turtlebot3_gazebo/share/turtlebot3_gazebo//launch/turtlebot3_dqn_stage1.launch.py
[13.342s] -- Installing: /home/jaeheyoung/robot_service_ws/install/turtlebot3_gazebo/share/turtlebot3_gazebo//launch/robot_state_publisher.launch.py
[13.343s] -- Installing: /home/jaeheyoung/robot_service_ws/install/turtlebot3_gazebo/share/turtlebot3_gazebo//launch/turtlebot3_world.launch.py
[13.343s] -- Installing: /home/jaeheyoung/robot_service_ws/install/turtlebot3_gazebo/share/turtlebot3_gazebo//models
[13.343s] -- Installing: /home/jaeheyoung/robot_service_ws/install/turtlebot3_gazebo/share/turtlebot3_gazebo//models/turtlebot3_dqn_world
[13.343s] -- Installing: /home/jaeheyoung/robot_service_ws/install/turtlebot3_gazebo/share/turtlebot3_gazebo//models/turtlebot3_dqn_world/obstacle2
[13.343s] -- Installing: /home/jaeheyoung/robot_service_ws/install/turtlebot3_gazebo/share/turtlebot3_gazebo//models/turtlebot3_dqn_world/obstacle2/model.config
[13.343s] -- Installing: /home/jaeheyoung/robot_service_ws/install/turtlebot3_gazebo/share/turtlebot3_gazebo//models/turtlebot3_dqn_world/obstacle2/model.sdf
[13.343s] -- Installing: /home/jaeheyoung/robot_service_ws/install/turtlebot3_gazebo/share/turtlebot3_gazebo//models/turtlebot3_dqn_world/obstacle1
[13.343s] -- Installing: /home/jaeheyoung/robot_service_ws/install/turtlebot3_gazebo/share/turtlebot3_gazebo//models/turtlebot3_dqn_world/obstacle1/model.config
[13.343s] -- Installing: /home/jaeheyoung/robot_service_ws/install/turtlebot3_gazebo/share/turtlebot3_gazebo//models/turtlebot3_dqn_world/obstacle1/model.sdf
[13.343s] -- Installing: /home/jaeheyoung/robot_service_ws/install/turtlebot3_gazebo/share/turtlebot3_gazebo//models/turtlebot3_dqn_world/model.config
[13.343s] -- Installing: /home/jaeheyoung/robot_service_ws/install/turtlebot3_gazebo/share/turtlebot3_gazebo//models/turtlebot3_dqn_world/obstacle_plugin
[13.343s] -- Installing: /home/jaeheyoung/robot_service_ws/install/turtlebot3_gazebo/share/turtlebot3_gazebo//models/turtlebot3_dqn_world/obstacle_plugin/CMakeLists.txt
[13.343s] -- Installing: /home/jaeheyoung/robot_service_ws/install/turtlebot3_gazebo/share/turtlebot3_gazebo//models/turtlebot3_dqn_world/obstacle_plugin/obstacles.cc
[13.343s] -- Installing: /home/jaeheyoung/robot_service_ws/install/turtlebot3_gazebo/share/turtlebot3_gazebo//models/turtlebot3_dqn_world/obstacle_plugin/obstacle2.cc
[13.343s] -- Installing: /home/jaeheyoung/robot_service_ws/install/turtlebot3_gazebo/share/turtlebot3_gazebo//models/turtlebot3_dqn_world/obstacle_plugin/obstacle1.cc
[13.344s] -- Installing: /home/jaeheyoung/robot_service_ws/install/turtlebot3_gazebo/share/turtlebot3_gazebo//models/turtlebot3_dqn_world/model.sdf
[13.344s] -- Installing: /home/jaeheyoung/robot_service_ws/install/turtlebot3_gazebo/share/turtlebot3_gazebo//models/turtlebot3_dqn_world/goal_box
[13.344s] -- Installing: /home/jaeheyoung/robot_service_ws/install/turtlebot3_gazebo/share/turtlebot3_gazebo//models/turtlebot3_dqn_world/goal_box/model.config
[13.344s] -- Installing: /home/jaeheyoung/robot_service_ws/install/turtlebot3_gazebo/share/turtlebot3_gazebo//models/turtlebot3_dqn_world/goal_box/model.sdf
[13.344s] -- Installing: /home/jaeheyoung/robot_service_ws/install/turtlebot3_gazebo/share/turtlebot3_gazebo//models/turtlebot3_dqn_world/obstacles
[13.344s] -- Installing: /home/jaeheyoung/robot_service_ws/install/turtlebot3_gazebo/share/turtlebot3_gazebo//models/turtlebot3_dqn_world/obstacles/model.config
[13.344s] -- Installing: /home/jaeheyoung/robot_service_ws/install/turtlebot3_gazebo/share/turtlebot3_gazebo//models/turtlebot3_dqn_world/obstacles/model.sdf
[13.344s] -- Installing: /home/jaeheyoung/robot_service_ws/install/turtlebot3_gazebo/share/turtlebot3_gazebo//models/turtlebot3_dqn_world/inner_walls
[13.344s] -- Installing: /home/jaeheyoung/robot_service_ws/install/turtlebot3_gazebo/share/turtlebot3_gazebo//models/turtlebot3_dqn_world/inner_walls/model.config
[13.344s] -- Installing: /home/jaeheyoung/robot_service_ws/install/turtlebot3_gazebo/share/turtlebot3_gazebo//models/turtlebot3_dqn_world/inner_walls/model.sdf
[13.344s] -- Installing: /home/jaeheyoung/robot_service_ws/install/turtlebot3_gazebo/share/turtlebot3_gazebo//models/turtlebot3_waffle
[13.344s] -- Installing: /home/jaeheyoung/robot_service_ws/install/turtlebot3_gazebo/share/turtlebot3_gazebo//models/turtlebot3_waffle/model-1_4.sdf
[13.344s] -- Installing: /home/jaeheyoung/robot_service_ws/install/turtlebot3_gazebo/share/turtlebot3_gazebo//models/turtlebot3_waffle/model.config
[13.344s] -- Installing: /home/jaeheyoung/robot_service_ws/install/turtlebot3_gazebo/share/turtlebot3_gazebo//models/turtlebot3_waffle/model.sdf
[13.344s] -- Installing: /home/jaeheyoung/robot_service_ws/install/turtlebot3_gazebo/share/turtlebot3_gazebo//models/turtlebot3_waffle_pi
[13.345s] -- Installing: /home/jaeheyoung/robot_service_ws/install/turtlebot3_gazebo/share/turtlebot3_gazebo//models/turtlebot3_waffle_pi/model-1_4_.sdf
[13.345s] -- Installing: /home/jaeheyoung/robot_service_ws/install/turtlebot3_gazebo/share/turtlebot3_gazebo//models/turtlebot3_waffle_pi/model.config
[13.345s] -- Installing: /home/jaeheyoung/robot_service_ws/install/turtlebot3_gazebo/share/turtlebot3_gazebo//models/turtlebot3_waffle_pi/model.sdf
[13.345s] -- Installing: /home/jaeheyoung/robot_service_ws/install/turtlebot3_gazebo/share/turtlebot3_gazebo//models/turtlebot3_house
[13.345s] -- Installing: /home/jaeheyoung/robot_service_ws/install/turtlebot3_gazebo/share/turtlebot3_gazebo//models/turtlebot3_house/model.config
[13.345s] -- Installing: /home/jaeheyoung/robot_service_ws/install/turtlebot3_gazebo/share/turtlebot3_gazebo//models/turtlebot3_house/model.sdf
[13.345s] -- Installing: /home/jaeheyoung/robot_service_ws/install/turtlebot3_gazebo/share/turtlebot3_gazebo//models/turtlebot3_common
[13.345s] -- Installing: /home/jaeheyoung/robot_service_ws/install/turtlebot3_gazebo/share/turtlebot3_gazebo//models/turtlebot3_common/model.config
[13.345s] -- Installing: /home/jaeheyoung/robot_service_ws/install/turtlebot3_gazebo/share/turtlebot3_gazebo//models/turtlebot3_common/meshes
[13.345s] -- Installing: /home/jaeheyoung/robot_service_ws/install/turtlebot3_gazebo/share/turtlebot3_gazebo//models/turtlebot3_common/meshes/lds.dae
[13.345s] -- Installing: /home/jaeheyoung/robot_service_ws/install/turtlebot3_gazebo/share/turtlebot3_gazebo//models/turtlebot3_common/meshes/tire.dae
[13.345s] -- Installing: /home/jaeheyoung/robot_service_ws/install/turtlebot3_gazebo/share/turtlebot3_gazebo//models/turtlebot3_common/meshes/waffle_pi_base.dae
[13.345s] -- Installing: /home/jaeheyoung/robot_service_ws/install/turtlebot3_gazebo/share/turtlebot3_gazebo//models/turtlebot3_common/meshes/waffle_base.dae
[13.345s] -- Installing: /home/jaeheyoung/robot_service_ws/install/turtlebot3_gazebo/share/turtlebot3_gazebo//models/turtlebot3_common/meshes/burger_base.dae
[13.345s] -- Installing: /home/jaeheyoung/robot_service_ws/install/turtlebot3_gazebo/share/turtlebot3_gazebo//models/turtlebot3_common/meshes/r200.dae
[13.345s] -- Installing: /home/jaeheyoung/robot_service_ws/install/turtlebot3_gazebo/share/turtlebot3_gazebo//models/turtlebot3_burger
[13.345s] -- Installing: /home/jaeheyoung/robot_service_ws/install/turtlebot3_gazebo/share/turtlebot3_gazebo//models/turtlebot3_burger/model-1_4.sdf
[13.346s] -- Installing: /home/jaeheyoung/robot_service_ws/install/turtlebot3_gazebo/share/turtlebot3_gazebo//models/turtlebot3_burger/model.config
[13.346s] -- Installing: /home/jaeheyoung/robot_service_ws/install/turtlebot3_gazebo/share/turtlebot3_gazebo//models/turtlebot3_burger/model.sdf
[13.346s] -- Installing: /home/jaeheyoung/robot_service_ws/install/turtlebot3_gazebo/share/turtlebot3_gazebo//models/turtlebot3_world
[13.346s] -- Installing: /home/jaeheyoung/robot_service_ws/install/turtlebot3_gazebo/share/turtlebot3_gazebo//models/turtlebot3_world/model-1_4.sdf
[13.346s] -- Installing: /home/jaeheyoung/robot_service_ws/install/turtlebot3_gazebo/share/turtlebot3_gazebo//models/turtlebot3_world/model.config
[13.346s] -- Installing: /home/jaeheyoung/robot_service_ws/install/turtlebot3_gazebo/share/turtlebot3_gazebo//models/turtlebot3_world/meshes
[13.346s] -- Installing: /home/jaeheyoung/robot_service_ws/install/turtlebot3_gazebo/share/turtlebot3_gazebo//models/turtlebot3_world/meshes/hexagon.dae
[13.346s] -- Installing: /home/jaeheyoung/robot_service_ws/install/turtlebot3_gazebo/share/turtlebot3_gazebo//models/turtlebot3_world/meshes/wall.dae
[13.346s] -- Installing: /home/jaeheyoung/robot_service_ws/install/turtlebot3_gazebo/share/turtlebot3_gazebo//models/turtlebot3_world/model.sdf
[13.346s] -- Installing: /home/jaeheyoung/robot_service_ws/install/turtlebot3_gazebo/share/turtlebot3_gazebo//rviz
[13.346s] -- Installing: /home/jaeheyoung/robot_service_ws/install/turtlebot3_gazebo/share/turtlebot3_gazebo//rviz/tb3_gazebo.rviz
[13.346s] -- Installing: /home/jaeheyoung/robot_service_ws/install/turtlebot3_gazebo/share/turtlebot3_gazebo//urdf
[13.346s] -- Installing: /home/jaeheyoung/robot_service_ws/install/turtlebot3_gazebo/share/turtlebot3_gazebo//urdf/common_properties.urdf
[13.347s] -- Installing: /home/jaeheyoung/robot_service_ws/install/turtlebot3_gazebo/share/turtlebot3_gazebo//urdf/turtlebot3_waffle_pi.urdf
[13.347s] -- Installing: /home/jaeheyoung/robot_service_ws/install/turtlebot3_gazebo/share/turtlebot3_gazebo//urdf/turtlebot3_waffle.urdf
[13.347s] -- Installing: /home/jaeheyoung/robot_service_ws/install/turtlebot3_gazebo/share/turtlebot3_gazebo//urdf/turtlebot3_burger.urdf
[13.347s] -- Installing: /home/jaeheyoung/robot_service_ws/install/turtlebot3_gazebo/share/turtlebot3_gazebo//worlds
[13.347s] -- Installing: /home/jaeheyoung/robot_service_ws/install/turtlebot3_gazebo/share/turtlebot3_gazebo//worlds/turtlebot3_dqn_stage4.world
[13.347s] -- Installing: /home/jaeheyoung/robot_service_ws/install/turtlebot3_gazebo/share/turtlebot3_gazebo//worlds/turtlebot3_house.world
[13.347s] -- Installing: /home/jaeheyoung/robot_service_ws/install/turtlebot3_gazebo/share/turtlebot3_gazebo//worlds/turtlebot3_dqn_stage3.world
[13.347s] -- Installing: /home/jaeheyoung/robot_service_ws/install/turtlebot3_gazebo/share/turtlebot3_gazebo//worlds/empty_world.world
[13.347s] -- Installing: /home/jaeheyoung/robot_service_ws/install/turtlebot3_gazebo/share/turtlebot3_gazebo//worlds/turtlebot3_world.world
[13.347s] -- Installing: /home/jaeheyoung/robot_service_ws/install/turtlebot3_gazebo/share/turtlebot3_gazebo//worlds/turtlebot3_dqn_stage2.world
[13.347s] -- Installing: /home/jaeheyoung/robot_service_ws/install/turtlebot3_gazebo/share/turtlebot3_gazebo//worlds/turtlebot3_dqn_stage1.world
[13.347s] -- Installing: /home/jaeheyoung/robot_service_ws/install/turtlebot3_gazebo/include/
[13.347s] -- Installing: /home/jaeheyoung/robot_service_ws/install/turtlebot3_gazebo/include//turtlebot3_gazebo
[13.347s] -- Installing: /home/jaeheyoung/robot_service_ws/install/turtlebot3_gazebo/include//turtlebot3_gazebo/turtlebot3_drive.hpp
[13.347s] -- Installing: /home/jaeheyoung/robot_service_ws/install/turtlebot3_gazebo/share/ament_index/resource_index/package_run_dependencies/turtlebot3_gazebo
[13.348s] -- Installing: /home/jaeheyoung/robot_service_ws/install/turtlebot3_gazebo/share/ament_index/resource_index/parent_prefix_path/turtlebot3_gazebo
[13.348s] -- Installing: /home/jaeheyoung/robot_service_ws/install/turtlebot3_gazebo/share/turtlebot3_gazebo/environment/ament_prefix_path.sh
[13.348s] -- Installing: /home/jaeheyoung/robot_service_ws/install/turtlebot3_gazebo/share/turtlebot3_gazebo/environment/ament_prefix_path.dsv
[13.348s] -- Installing: /home/jaeheyoung/robot_service_ws/install/turtlebot3_gazebo/share/turtlebot3_gazebo/environment/path.sh
[13.348s] -- Installing: /home/jaeheyoung/robot_service_ws/install/turtlebot3_gazebo/share/turtlebot3_gazebo/environment/path.dsv
[13.348s] -- Installing: /home/jaeheyoung/robot_service_ws/install/turtlebot3_gazebo/share/turtlebot3_gazebo/local_setup.bash
[13.348s] -- Installing: /home/jaeheyoung/robot_service_ws/install/turtlebot3_gazebo/share/turtlebot3_gazebo/local_setup.sh
[13.348s] -- Installing: /home/jaeheyoung/robot_service_ws/install/turtlebot3_gazebo/share/turtlebot3_gazebo/local_setup.zsh
[13.348s] -- Installing: /home/jaeheyoung/robot_service_ws/install/turtlebot3_gazebo/share/turtlebot3_gazebo/local_setup.dsv
[13.348s] -- Installing: /home/jaeheyoung/robot_service_ws/install/turtlebot3_gazebo/share/turtlebot3_gazebo/package.dsv
[13.348s] -- Installing: /home/jaeheyoung/robot_service_ws/install/turtlebot3_gazebo/share/ament_index/resource_index/packages/turtlebot3_gazebo
[13.349s] -- Installing: /home/jaeheyoung/robot_service_ws/install/turtlebot3_gazebo/share/turtlebot3_gazebo/cmake/ament_cmake_export_include_directories-extras.cmake
[13.349s] -- Installing: /home/jaeheyoung/robot_service_ws/install/turtlebot3_gazebo/share/turtlebot3_gazebo/cmake/ament_cmake_export_dependencies-extras.cmake
[13.349s] -- Installing: /home/jaeheyoung/robot_service_ws/install/turtlebot3_gazebo/share/turtlebot3_gazebo/cmake/turtlebot3_gazeboConfig.cmake
[13.349s] -- Installing: /home/jaeheyoung/robot_service_ws/install/turtlebot3_gazebo/share/turtlebot3_gazebo/cmake/turtlebot3_gazeboConfig-version.cmake
[13.349s] -- Installing: /home/jaeheyoung/robot_service_ws/install/turtlebot3_gazebo/share/turtlebot3_gazebo/package.xml
[13.349s] Invoked command in '/home/jaeheyoung/robot_service_ws/build/turtlebot3_gazebo' returned '0': CMAKE_PREFIX_PATH=/opt/ros/humble /usr/bin/cmake --install /home/jaeheyoung/robot_service_ws/build/turtlebot3_gazebo
