running egg_info
creating ../../../../build/example/example.egg-info
writing ../../../../build/example/example.egg-info/PKG-INFO
writing dependency_links to ../../../../build/example/example.egg-info/dependency_links.txt
writing entry points to ../../../../build/example/example.egg-info/entry_points.txt
writing requirements to ../../../../build/example/example.egg-info/requires.txt
writing top-level names to ../../../../build/example/example.egg-info/top_level.txt
writing manifest file '../../../../build/example/example.egg-info/SOURCES.txt'
reading manifest file '../../../../build/example/example.egg-info/SOURCES.txt'
writing manifest file '../../../../build/example/example.egg-info/SOURCES.txt'
running build
running build_py
creating /home/jaeheyoung/Rokey/7.PracticalProject/Week3_Coop2/DR_ws/build/example/build
creating /home/jaeheyoung/Rokey/7.PracticalProject/Week3_Coop2/DR_ws/build/example/build/lib
creating /home/jaeheyoung/Rokey/7.PracticalProject/Week3_Coop2/DR_ws/build/example/build/lib/example
copying example/__init__.py -> /home/jaeheyoung/Rokey/7.PracticalProject/Week3_Coop2/DR_ws/build/example/build/lib/example
creating /home/jaeheyoung/Rokey/7.PracticalProject/Week3_Coop2/DR_ws/build/example/build/lib/example/simple
copying example/simple/single_robot_simple.py -> /home/jaeheyoung/Rokey/7.PracticalProject/Week3_Coop2/DR_ws/build/example/build/lib/example/simple
copying example/simple/__init__.py -> /home/jaeheyoung/Rokey/7.PracticalProject/Week3_Coop2/DR_ws/build/example/build/lib/example/simple
creating /home/jaeheyoung/Rokey/7.PracticalProject/Week3_Coop2/DR_ws/build/example/build/lib/example/demo
copying example/demo/dance_m1013.py -> /home/jaeheyoung/Rokey/7.PracticalProject/Week3_Coop2/DR_ws/build/example/build/lib/example/demo
copying example/demo/__init__.py -> /home/jaeheyoung/Rokey/7.PracticalProject/Week3_Coop2/DR_ws/build/example/build/lib/example/demo
running install
running install_lib
creating /home/jaeheyoung/Rokey/7.PracticalProject/Week3_Coop2/DR_ws/install/example/lib/python3.10/site-packages/example
copying /home/jaeheyoung/Rokey/7.PracticalProject/Week3_Coop2/DR_ws/build/example/build/lib/example/__init__.py -> /home/jaeheyoung/Rokey/7.PracticalProject/Week3_Coop2/DR_ws/install/example/lib/python3.10/site-packages/example
creating /home/jaeheyoung/Rokey/7.PracticalProject/Week3_Coop2/DR_ws/install/example/lib/python3.10/site-packages/example/simple
copying /home/jaeheyoung/Rokey/7.PracticalProject/Week3_Coop2/DR_ws/build/example/build/lib/example/simple/single_robot_simple.py -> /home/jaeheyoung/Rokey/7.PracticalProject/Week3_Coop2/DR_ws/install/example/lib/python3.10/site-packages/example/simple
copying /home/jaeheyoung/Rokey/7.PracticalProject/Week3_Coop2/DR_ws/build/example/build/lib/example/simple/__init__.py -> /home/jaeheyoung/Rokey/7.PracticalProject/Week3_Coop2/DR_ws/install/example/lib/python3.10/site-packages/example/simple
creating /home/jaeheyoung/Rokey/7.PracticalProject/Week3_Coop2/DR_ws/install/example/lib/python3.10/site-packages/example/demo
copying /home/jaeheyoung/Rokey/7.PracticalProject/Week3_Coop2/DR_ws/build/example/build/lib/example/demo/dance_m1013.py -> /home/jaeheyoung/Rokey/7.PracticalProject/Week3_Coop2/DR_ws/install/example/lib/python3.10/site-packages/example/demo
copying /home/jaeheyoung/Rokey/7.PracticalProject/Week3_Coop2/DR_ws/build/example/build/lib/example/demo/__init__.py -> /home/jaeheyoung/Rokey/7.PracticalProject/Week3_Coop2/DR_ws/install/example/lib/python3.10/site-packages/example/demo
byte-compiling /home/jaeheyoung/Rokey/7.PracticalProject/Week3_Coop2/DR_ws/install/example/lib/python3.10/site-packages/example/__init__.py to __init__.cpython-310.pyc
byte-compiling /home/jaeheyoung/Rokey/7.PracticalProject/Week3_Coop2/DR_ws/install/example/lib/python3.10/site-packages/example/simple/single_robot_simple.py to single_robot_simple.cpython-310.pyc
byte-compiling /home/jaeheyoung/Rokey/7.PracticalProject/Week3_Coop2/DR_ws/install/example/lib/python3.10/site-packages/example/simple/__init__.py to __init__.cpython-310.pyc
byte-compiling /home/jaeheyoung/Rokey/7.PracticalProject/Week3_Coop2/DR_ws/install/example/lib/python3.10/site-packages/example/demo/dance_m1013.py to dance_m1013.cpython-310.pyc
byte-compiling /home/jaeheyoung/Rokey/7.PracticalProject/Week3_Coop2/DR_ws/install/example/lib/python3.10/site-packages/example/demo/__init__.py to __init__.cpython-310.pyc
running install_data
creating /home/jaeheyoung/Rokey/7.PracticalProject/Week3_Coop2/DR_ws/install/example/share/ament_index
creating /home/jaeheyoung/Rokey/7.PracticalProject/Week3_Coop2/DR_ws/install/example/share/ament_index/resource_index
creating /home/jaeheyoung/Rokey/7.PracticalProject/Week3_Coop2/DR_ws/install/example/share/ament_index/resource_index/packages
copying resource/example -> /home/jaeheyoung/Rokey/7.PracticalProject/Week3_Coop2/DR_ws/install/example/share/ament_index/resource_index/packages
copying package.xml -> /home/jaeheyoung/Rokey/7.PracticalProject/Week3_Coop2/DR_ws/install/example/share/example
running install_egg_info
Copying ../../../../build/example/example.egg-info to /home/jaeheyoung/Rokey/7.PracticalProject/Week3_Coop2/DR_ws/install/example/lib/python3.10/site-packages/example-0.0.0-py3.10.egg-info
running install_scripts
Installing dance script to /home/jaeheyoung/Rokey/7.PracticalProject/Week3_Coop2/DR_ws/install/example/lib/example
Installing single_robot_simple script to /home/jaeheyoung/Rokey/7.PracticalProject/Week3_Coop2/DR_ws/install/example/lib/example
writing list of installed files to '/home/jaeheyoung/Rokey/7.PracticalProject/Week3_Coop2/DR_ws/build/example/install.log'
