-- Found ament_cmake: 1.3.10 (/opt/ros/humble/share/ament_cmake/cmake)
-- Override CMake install command with custom implementation using symlinks instead of copying resources
-- Found rclpy: 3.3.14 (/opt/ros/humble/share/rclpy/cmake)
-- Configuring done
-- Generating done
-- Build files have been written to: /home/jaeheyoung/Rokey/7.PracticalProject/Week6_Drive2/rbvacuum_ws/build/automap
-- Install configuration: ""
-- Execute custom install script
-- Up-to-date symlink: /home/jaeheyoung/Rokey/7.PracticalProject/Week6_Drive2/rbvacuum_ws/install/automap/lib/automap/mapping.py
-- Up-to-date symlink: /home/jaeheyoung/Rokey/7.PracticalProject/Week6_Drive2/rbvacuum_ws/install/automap/share/automap/launch/automap.launch.py
-- Up-to-date symlink: /home/jaeheyoung/Rokey/7.PracticalProject/Week6_Drive2/rbvacuum_ws/install/automap/share/ament_index/resource_index/package_run_dependencies/automap
-- Up-to-date symlink: /home/jaeheyoung/Rokey/7.PracticalProject/Week6_Drive2/rbvacuum_ws/install/automap/share/ament_index/resource_index/parent_prefix_path/automap
-- Up-to-date symlink: /home/jaeheyoung/Rokey/7.PracticalProject/Week6_Drive2/rbvacuum_ws/install/automap/share/automap/environment/ament_prefix_path.sh
-- Up-to-date symlink: /home/jaeheyoung/Rokey/7.PracticalProject/Week6_Drive2/rbvacuum_ws/install/automap/share/automap/environment/ament_prefix_path.dsv
-- Up-to-date symlink: /home/jaeheyoung/Rokey/7.PracticalProject/Week6_Drive2/rbvacuum_ws/install/automap/share/automap/environment/path.sh
-- Up-to-date symlink: /home/jaeheyoung/Rokey/7.PracticalProject/Week6_Drive2/rbvacuum_ws/install/automap/share/automap/environment/path.dsv
-- Up-to-date symlink: /home/jaeheyoung/Rokey/7.PracticalProject/Week6_Drive2/rbvacuum_ws/install/automap/share/automap/local_setup.bash
-- Up-to-date symlink: /home/jaeheyoung/Rokey/7.PracticalProject/Week6_Drive2/rbvacuum_ws/install/automap/share/automap/local_setup.sh
-- Up-to-date symlink: /home/jaeheyoung/Rokey/7.PracticalProject/Week6_Drive2/rbvacuum_ws/install/automap/share/automap/local_setup.zsh
-- Up-to-date symlink: /home/jaeheyoung/Rokey/7.PracticalProject/Week6_Drive2/rbvacuum_ws/install/automap/share/automap/local_setup.dsv
-- Symlinking: /home/jaeheyoung/Rokey/7.PracticalProject/Week6_Drive2/rbvacuum_ws/install/automap/share/automap/package.dsv
-- Up-to-date symlink: /home/jaeheyoung/Rokey/7.PracticalProject/Week6_Drive2/rbvacuum_ws/install/automap/share/ament_index/resource_index/packages/automap
-- Up-to-date symlink: /home/jaeheyoung/Rokey/7.PracticalProject/Week6_Drive2/rbvacuum_ws/install/automap/share/automap/cmake/automapConfig.cmake
-- Up-to-date symlink: /home/jaeheyoung/Rokey/7.PracticalProject/Week6_Drive2/rbvacuum_ws/install/automap/share/automap/cmake/automapConfig-version.cmake
-- Up-to-date symlink: /home/jaeheyoung/Rokey/7.PracticalProject/Week6_Drive2/rbvacuum_ws/install/automap/share/automap/package.xml
