[0.691s] Invoking command in '/home/jaeheyoung/Rokey/7.PracticalProject/Week3_Coop2/DR_ws/src/doosan-robot2/dsr_rokey/c5': CMAKE_PREFIX_PATH=/home/jaeheyoung/Rokey/7.PracticalProject/Week3_Coop2/DR_ws/install/common2:/home/jaeheyoung/Rokey/7.PracticalProject/Week3_Coop2/DR_ws/install/realtime_control:/home/jaeheyoung/Rokey/7.PracticalProject/Week3_Coop2/DR_ws/install/m1509_moveit_config:/home/jaeheyoung/Rokey/7.PracticalProject/Week3_Coop2/DR_ws/install/m1013_moveit_config:/home/jaeheyoung/Rokey/7.PracticalProject/Week3_Coop2/DR_ws/install/m0617_moveit_config:/home/jaeheyoung/Rokey/7.PracticalProject/Week3_Coop2/DR_ws/install/m0609_moveit_config:/home/jaeheyoung/Rokey/7.PracticalProject/Week3_Coop2/DR_ws/install/ign_ros2_control_demos:/home/jaeheyoung/Rokey/7.PracticalProject/Week3_Coop2/DR_ws/install/gz_ros2_control_tests:/home/jaeheyoung/Rokey/7.PracticalProject/Week3_Coop2/DR_ws/install/ign_ros2_control:/home/jaeheyoung/Rokey/7.PracticalProject/Week3_Coop2/DR_ws/install/h2515_moveit_config:/home/jaeheyoung/Rokey/7.PracticalProject/Week3_Coop2/DR_ws/install/h2017_moveit_config:/home/jaeheyoung/Rokey/7.PracticalProject/Week3_Coop2/DR_ws/install/e0509_moveit_config:/home/jaeheyoung/Rokey/7.PracticalProject/Week3_Coop2/DR_ws/install/dsr_controller2:/home/jaeheyoung/Rokey/7.PracticalProject/Week3_Coop2/DR_ws/install/dsr_msgs2:/home/jaeheyoung/Rokey/7.PracticalProject/Week3_Coop2/DR_ws/install/dsr_hardware2:/home/jaeheyoung/Rokey/7.PracticalProject/Week3_Coop2/DR_ws/install/dsr_gazebo2:/home/jaeheyoung/Rokey/7.PracticalProject/Week3_Coop2/DR_ws/install/dsr_description2:/home/jaeheyoung/Rokey/7.PracticalProject/Week3_Coop2/DR_ws/install/a0912_moveit_config:/home/jaeheyoung/Rokey/7.PracticalProject/Week3_Coop2/DR_ws/install/a0509_moveit_config PYTHONPATH=/home/jaeheyoung/Rokey/7.PracticalProject/Week3_Coop2/DR_ws/build/c5/prefix_override:/usr/lib/python3/dist-packages/colcon_core/task/python/colcon_distutils_commands:/home/jaeheyoung/Rokey/7.PracticalProject/Week3_Coop2/DR_ws/install/c5/lib/python3.10/site-packages:${PYTHONPATH} /usr/bin/python3 -W ignore:setup.py install is deprecated setup.py egg_info --egg-base ../../../../build/c5 build --build-base /home/jaeheyoung/Rokey/7.PracticalProject/Week3_Coop2/DR_ws/build/c5/build install --record /home/jaeheyoung/Rokey/7.PracticalProject/Week3_Coop2/DR_ws/build/c5/install.log --single-version-externally-managed install_data
[0.956s] running egg_info
[0.956s] writing ../../../../build/c5/c5.egg-info/PKG-INFO
[0.956s] writing dependency_links to ../../../../build/c5/c5.egg-info/dependency_links.txt
[0.956s] writing entry points to ../../../../build/c5/c5.egg-info/entry_points.txt
[0.956s] writing requirements to ../../../../build/c5/c5.egg-info/requires.txt
[0.957s] writing top-level names to ../../../../build/c5/c5.egg-info/top_level.txt
[0.958s] reading manifest file '../../../../build/c5/c5.egg-info/SOURCES.txt'
[0.959s] writing manifest file '../../../../build/c5/c5.egg-info/SOURCES.txt'
[0.959s] running build
[0.960s] running build_py
[0.960s] running install
[0.960s] running install_lib
[0.962s] running install_data
[0.962s] running install_egg_info
[0.964s] removing '/home/jaeheyoung/Rokey/7.PracticalProject/Week3_Coop2/DR_ws/install/c5/lib/python3.10/site-packages/c5-0.0.0-py3.10.egg-info' (and everything under it)
[0.964s] Copying ../../../../build/c5/c5.egg-info to /home/jaeheyoung/Rokey/7.PracticalProject/Week3_Coop2/DR_ws/install/c5/lib/python3.10/site-packages/c5-0.0.0-py3.10.egg-info
[0.965s] running install_scripts
[0.985s] Installing cup script to /home/jaeheyoung/Rokey/7.PracticalProject/Week3_Coop2/DR_ws/install/c5/lib/c5
[0.985s] Installing domino script to /home/jaeheyoung/Rokey/7.PracticalProject/Week3_Coop2/DR_ws/install/c5/lib/c5
[0.985s] Installing force_control script to /home/jaeheyoung/Rokey/7.PracticalProject/Week3_Coop2/DR_ws/install/c5/lib/c5
[0.985s] Installing getting_position script to /home/jaeheyoung/Rokey/7.PracticalProject/Week3_Coop2/DR_ws/install/c5/lib/c5
[0.985s] Installing grip script to /home/jaeheyoung/Rokey/7.PracticalProject/Week3_Coop2/DR_ws/install/c5/lib/c5
[0.985s] Installing move_periodic script to /home/jaeheyoung/Rokey/7.PracticalProject/Week3_Coop2/DR_ws/install/c5/lib/c5
[0.985s] Installing pickNplace script to /home/jaeheyoung/Rokey/7.PracticalProject/Week3_Coop2/DR_ws/install/c5/lib/c5
[0.986s] Installing simple_move script to /home/jaeheyoung/Rokey/7.PracticalProject/Week3_Coop2/DR_ws/install/c5/lib/c5
[0.986s] Installing sort_block script to /home/jaeheyoung/Rokey/7.PracticalProject/Week3_Coop2/DR_ws/install/c5/lib/c5
[0.986s] writing list of installed files to '/home/jaeheyoung/Rokey/7.PracticalProject/Week3_Coop2/DR_ws/build/c5/install.log'
[1.008s] Invoked command in '/home/jaeheyoung/Rokey/7.PracticalProject/Week3_Coop2/DR_ws/src/doosan-robot2/dsr_rokey/c5' returned '0': CMAKE_PREFIX_PATH=/home/jaeheyoung/Rokey/7.PracticalProject/Week3_Coop2/DR_ws/install/common2:/home/jaeheyoung/Rokey/7.PracticalProject/Week3_Coop2/DR_ws/install/realtime_control:/home/jaeheyoung/Rokey/7.PracticalProject/Week3_Coop2/DR_ws/install/m1509_moveit_config:/home/jaeheyoung/Rokey/7.PracticalProject/Week3_Coop2/DR_ws/install/m1013_moveit_config:/home/jaeheyoung/Rokey/7.PracticalProject/Week3_Coop2/DR_ws/install/m0617_moveit_config:/home/jaeheyoung/Rokey/7.PracticalProject/Week3_Coop2/DR_ws/install/m0609_moveit_config:/home/jaeheyoung/Rokey/7.PracticalProject/Week3_Coop2/DR_ws/install/ign_ros2_control_demos:/home/jaeheyoung/Rokey/7.PracticalProject/Week3_Coop2/DR_ws/install/gz_ros2_control_tests:/home/jaeheyoung/Rokey/7.PracticalProject/Week3_Coop2/DR_ws/install/ign_ros2_control:/home/jaeheyoung/Rokey/7.PracticalProject/Week3_Coop2/DR_ws/install/h2515_moveit_config:/home/jaeheyoung/Rokey/7.PracticalProject/Week3_Coop2/DR_ws/install/h2017_moveit_config:/home/jaeheyoung/Rokey/7.PracticalProject/Week3_Coop2/DR_ws/install/e0509_moveit_config:/home/jaeheyoung/Rokey/7.PracticalProject/Week3_Coop2/DR_ws/install/dsr_controller2:/home/jaeheyoung/Rokey/7.PracticalProject/Week3_Coop2/DR_ws/install/dsr_msgs2:/home/jaeheyoung/Rokey/7.PracticalProject/Week3_Coop2/DR_ws/install/dsr_hardware2:/home/jaeheyoung/Rokey/7.PracticalProject/Week3_Coop2/DR_ws/install/dsr_gazebo2:/home/jaeheyoung/Rokey/7.PracticalProject/Week3_Coop2/DR_ws/install/dsr_description2:/home/jaeheyoung/Rokey/7.PracticalProject/Week3_Coop2/DR_ws/install/a0912_moveit_config:/home/jaeheyoung/Rokey/7.PracticalProject/Week3_Coop2/DR_ws/install/a0509_moveit_config PYTHONPATH=/home/jaeheyoung/Rokey/7.PracticalProject/Week3_Coop2/DR_ws/build/c5/prefix_override:/usr/lib/python3/dist-packages/colcon_core/task/python/colcon_distutils_commands:/home/jaeheyoung/Rokey/7.PracticalProject/Week3_Coop2/DR_ws/install/c5/lib/python3.10/site-packages:${PYTHONPATH} /usr/bin/python3 -W ignore:setup.py install is deprecated setup.py egg_info --egg-base ../../../../build/c5 build --build-base /home/jaeheyoung/Rokey/7.PracticalProject/Week3_Coop2/DR_ws/build/c5/build install --record /home/jaeheyoung/Rokey/7.PracticalProject/Week3_Coop2/DR_ws/build/c5/install.log --single-version-externally-managed install_data
