[0.017s] Invoking command in '/home/jaeheyoung/robot_service_ws/build/turtlebot3_navigation2': CMAKE_PREFIX_PATH=/opt/ros/humble /usr/bin/cmake /home/jaeheyoung/robot_service_ws/src/turtlebot3/turtlebot3_navigation2 -DCMAKE_INSTALL_PREFIX=/home/jaeheyoung/robot_service_ws/install/turtlebot3_navigation2
[0.185s] -- The C compiler identification is GNU 11.4.0
[0.203s] -- The CXX compiler identification is GNU 11.4.0
[0.209s] -- Detecting C compiler ABI info
[0.266s] -- Detecting C compiler ABI info - done
[0.271s] -- Check for working C compiler: /usr/bin/cc - skipped
[0.272s] -- Detecting C compile features
[0.272s] -- Detecting C compile features - done
[0.274s] -- Detecting CXX compiler ABI info
[0.346s] -- Detecting CXX compiler ABI info - done
[0.352s] -- Check for working CXX compiler: /usr/bin/c++ - skipped
[0.352s] -- Detecting CXX compile features
[0.352s] -- Detecting CXX compile features - done
[0.354s] -- Found ament_cmake: 1.3.10 (/opt/ros/humble/share/ament_cmake/cmake)
[0.481s] -- Found Python3: /usr/bin/python3 (found version "3.10.12") found components: Interpreter 
[0.615s] -- Configuring done
[0.617s] -- Generating done
[0.618s] -- Build files have been written to: /home/jaeheyoung/robot_service_ws/build/turtlebot3_navigation2
[0.621s] Invoked command in '/home/jaeheyoung/robot_service_ws/build/turtlebot3_navigation2' returned '0': CMAKE_PREFIX_PATH=/opt/ros/humble /usr/bin/cmake /home/jaeheyoung/robot_service_ws/src/turtlebot3/turtlebot3_navigation2 -DCMAKE_INSTALL_PREFIX=/home/jaeheyoung/robot_service_ws/install/turtlebot3_navigation2
[0.623s] Invoking command in '/home/jaeheyoung/robot_service_ws/build/turtlebot3_navigation2': CMAKE_PREFIX_PATH=/opt/ros/humble /usr/bin/cmake --build /home/jaeheyoung/robot_service_ws/build/turtlebot3_navigation2 -- -j20 -l20
[0.651s] Invoked command in '/home/jaeheyoung/robot_service_ws/build/turtlebot3_navigation2' returned '0': CMAKE_PREFIX_PATH=/opt/ros/humble /usr/bin/cmake --build /home/jaeheyoung/robot_service_ws/build/turtlebot3_navigation2 -- -j20 -l20
[0.669s] Invoking command in '/home/jaeheyoung/robot_service_ws/build/turtlebot3_navigation2': CMAKE_PREFIX_PATH=/opt/ros/humble /usr/bin/cmake --install /home/jaeheyoung/robot_service_ws/build/turtlebot3_navigation2
[0.673s] -- Install configuration: ""
[0.674s] -- Installing: /home/jaeheyoung/robot_service_ws/install/turtlebot3_navigation2/share/turtlebot3_navigation2/launch
[0.674s] -- Installing: /home/jaeheyoung/robot_service_ws/install/turtlebot3_navigation2/share/turtlebot3_navigation2/launch/navigation2.launch.py
[0.674s] -- Installing: /home/jaeheyoung/robot_service_ws/install/turtlebot3_navigation2/share/turtlebot3_navigation2/map
[0.674s] -- Installing: /home/jaeheyoung/robot_service_ws/install/turtlebot3_navigation2/share/turtlebot3_navigation2/map/map.pgm
[0.674s] -- Installing: /home/jaeheyoung/robot_service_ws/install/turtlebot3_navigation2/share/turtlebot3_navigation2/map/map.yaml
[0.674s] -- Installing: /home/jaeheyoung/robot_service_ws/install/turtlebot3_navigation2/share/turtlebot3_navigation2/param
[0.675s] -- Installing: /home/jaeheyoung/robot_service_ws/install/turtlebot3_navigation2/share/turtlebot3_navigation2/param/waffle.yaml
[0.675s] -- Installing: /home/jaeheyoung/robot_service_ws/install/turtlebot3_navigation2/share/turtlebot3_navigation2/param/burger.yaml
[0.675s] -- Installing: /home/jaeheyoung/robot_service_ws/install/turtlebot3_navigation2/share/turtlebot3_navigation2/param/waffle_pi.yaml
[0.675s] -- Installing: /home/jaeheyoung/robot_service_ws/install/turtlebot3_navigation2/share/turtlebot3_navigation2/rviz
[0.675s] -- Installing: /home/jaeheyoung/robot_service_ws/install/turtlebot3_navigation2/share/turtlebot3_navigation2/rviz/tb3_navigation2.rviz
[0.675s] -- Installing: /home/jaeheyoung/robot_service_ws/install/turtlebot3_navigation2/share/ament_index/resource_index/package_run_dependencies/turtlebot3_navigation2
[0.675s] -- Installing: /home/jaeheyoung/robot_service_ws/install/turtlebot3_navigation2/share/ament_index/resource_index/parent_prefix_path/turtlebot3_navigation2
[0.675s] -- Installing: /home/jaeheyoung/robot_service_ws/install/turtlebot3_navigation2/share/turtlebot3_navigation2/environment/ament_prefix_path.sh
[0.676s] -- Installing: /home/jaeheyoung/robot_service_ws/install/turtlebot3_navigation2/share/turtlebot3_navigation2/environment/ament_prefix_path.dsv
[0.676s] -- Installing: /home/jaeheyoung/robot_service_ws/install/turtlebot3_navigation2/share/turtlebot3_navigation2/environment/path.sh
[0.676s] -- Installing: /home/jaeheyoung/robot_service_ws/install/turtlebot3_navigation2/share/turtlebot3_navigation2/environment/path.dsv
[0.676s] -- Installing: /home/jaeheyoung/robot_service_ws/install/turtlebot3_navigation2/share/turtlebot3_navigation2/local_setup.bash
[0.676s] -- Installing: /home/jaeheyoung/robot_service_ws/install/turtlebot3_navigation2/share/turtlebot3_navigation2/local_setup.sh
[0.676s] -- Installing: /home/jaeheyoung/robot_service_ws/install/turtlebot3_navigation2/share/turtlebot3_navigation2/local_setup.zsh
[0.676s] -- Installing: /home/jaeheyoung/robot_service_ws/install/turtlebot3_navigation2/share/turtlebot3_navigation2/local_setup.dsv
[0.676s] -- Installing: /home/jaeheyoung/robot_service_ws/install/turtlebot3_navigation2/share/turtlebot3_navigation2/package.dsv
[0.677s] -- Installing: /home/jaeheyoung/robot_service_ws/install/turtlebot3_navigation2/share/ament_index/resource_index/packages/turtlebot3_navigation2
[0.677s] -- Installing: /home/jaeheyoung/robot_service_ws/install/turtlebot3_navigation2/share/turtlebot3_navigation2/cmake/turtlebot3_navigation2Config.cmake
[0.677s] -- Installing: /home/jaeheyoung/robot_service_ws/install/turtlebot3_navigation2/share/turtlebot3_navigation2/cmake/turtlebot3_navigation2Config-version.cmake
[0.677s] -- Installing: /home/jaeheyoung/robot_service_ws/install/turtlebot3_navigation2/share/turtlebot3_navigation2/package.xml
[0.678s] Invoked command in '/home/jaeheyoung/robot_service_ws/build/turtlebot3_navigation2' returned '0': CMAKE_PREFIX_PATH=/opt/ros/humble /usr/bin/cmake --install /home/jaeheyoung/robot_service_ws/build/turtlebot3_navigation2
