[0.013s] Invoking command in '/home/jaeheyoung/Rokey/7.PracticalProject/Week8_Intel2/turtlebot3_ws/build/dynamixel_sdk_examples': AMENT_PREFIX_PATH=/home/jaeheyoung/Rokey/7.PracticalProject/Week8_Intel2/turtlebot3_ws/install/dynamixel_sdk_custom_interfaces:/home/jaeheyoung/Rokey/7.PracticalProject/Week8_Intel2/turtlebot3_ws/install/dynamixel_sdk:${AMENT_PREFIX_PATH} CMAKE_PREFIX_PATH=/home/jaeheyoung/Rokey/7.PracticalProject/Week8_Intel2/turtlebot3_ws/install/dynamixel_sdk_custom_interfaces:/home/jaeheyoung/Rokey/7.PracticalProject/Week8_Intel2/turtlebot3_ws/install/dynamixel_sdk:/home/jaeheyoung/Rokey/7.PracticalProject/Week8_Intel2/turtlebot3_ws/install/turtlebot3_manipulation:/home/jaeheyoung/Rokey/7.PracticalProject/Week8_Intel2/turtlebot3_ws/install/turtlebot3_manipulation_teleop:/home/jaeheyoung/Rokey/7.PracticalProject/Week8_Intel2/turtlebot3_ws/install/turtlebot3_manipulation_navigation2:/home/jaeheyoung/Rokey/7.PracticalProject/Week8_Intel2/turtlebot3_ws/install/turtlebot3_manipulation_moveit_config:/home/jaeheyoung/Rokey/7.PracticalProject/Week8_Intel2/turtlebot3_ws/install/turtlebot3_manipulation_hardware:/home/jaeheyoung/Rokey/7.PracticalProject/Week8_Intel2/turtlebot3_ws/install/turtlebot3_manipulation_bringup:/home/jaeheyoung/Rokey/7.PracticalProject/Week8_Intel2/turtlebot3_ws/install/turtlebot3_manipulation_description:/home/jaeheyoung/Rokey/7.PracticalProject/Week8_Intel2/turtlebot3_ws/install/turtlebot3_manipulation_cartographer:/home/jaeheyoung/Rokey/7.PracticalProject/Week7_Drive3/drive3_ws/install/my_robot:/opt/ros/humble LD_LIBRARY_PATH=/home/jaeheyoung/Rokey/7.PracticalProject/Week8_Intel2/turtlebot3_ws/install/dynamixel_sdk_custom_interfaces/lib:/home/jaeheyoung/Rokey/7.PracticalProject/Week8_Intel2/turtlebot3_ws/install/dynamixel_sdk/lib:/home/jaeheyoung/Rokey/7.PracticalProject/Week8_Intel2/turtlebot3_ws/install/turtlebot3_manipulation_hardware/lib:/usr/lib/x86_64-linux-gnu/gazebo-11/plugins:/opt/ros/humble/opt/rviz_ogre_vendor/lib:/opt/ros/humble/lib/x86_64-linux-gnu:/opt/ros/humble/lib:/usr/local/cuda-12.6/lib64:/usr/lib/x86_64-linux-gnu/gazebo-11/plugins PYTHONPATH=/home/jaeheyoung/Rokey/7.PracticalProject/Week8_Intel2/turtlebot3_ws/install/dynamixel_sdk_custom_interfaces/local/lib/python3.10/dist-packages:${PYTHONPATH} /usr/bin/cmake /home/jaeheyoung/Rokey/7.PracticalProject/Week8_Intel2/turtlebot3_ws/src/DynamixelSDK/dynamixel_sdk_examples -DAMENT_CMAKE_SYMLINK_INSTALL=1 -DCMAKE_INSTALL_PREFIX=/home/jaeheyoung/Rokey/7.PracticalProject/Week8_Intel2/turtlebot3_ws/install/dynamixel_sdk_examples
[0.066s] -- The C compiler identification is GNU 11.4.0
[0.112s] -- The CXX compiler identification is GNU 11.4.0
[0.118s] -- Detecting C compiler ABI info
[0.178s] -- Detecting C compiler ABI info - done
[0.186s] -- Check for working C compiler: /usr/bin/cc - skipped
[0.186s] -- Detecting C compile features
[0.187s] -- Detecting C compile features - done
[0.190s] -- Detecting CXX compiler ABI info
[0.254s] -- Detecting CXX compiler ABI info - done
[0.260s] -- Check for working CXX compiler: /usr/bin/c++ - skipped
[0.260s] -- Detecting CXX compile features
[0.261s] -- Detecting CXX compile features - done
[0.263s] -- Found ament_cmake: 1.3.11 (/opt/ros/humble/share/ament_cmake/cmake)
[0.796s] -- Found Python3: /usr/bin/python3 (found version "3.10.12") found components: Interpreter 
[0.844s] -- Override CMake install command with custom implementation using symlinks instead of copying resources
[0.870s] -- Found dynamixel_sdk: 3.7.60 (/home/jaeheyoung/Rokey/7.PracticalProject/Week8_Intel2/turtlebot3_ws/install/dynamixel_sdk/share/dynamixel_sdk/cmake)
[0.871s] -- Found dynamixel_sdk_custom_interfaces: 3.7.60 (/home/jaeheyoung/Rokey/7.PracticalProject/Week8_Intel2/turtlebot3_ws/install/dynamixel_sdk_custom_interfaces/share/dynamixel_sdk_custom_interfaces/cmake)
[0.901s] -- Found rosidl_generator_c: 3.1.6 (/opt/ros/humble/share/rosidl_generator_c/cmake)
[0.905s] -- Found rosidl_adapter: 3.1.6 (/opt/ros/humble/share/rosidl_adapter/cmake)
[0.912s] -- Found rosidl_generator_cpp: 3.1.6 (/opt/ros/humble/share/rosidl_generator_cpp/cmake)
[0.929s] -- Using all available rosidl_typesupport_c: rosidl_typesupport_fastrtps_c;rosidl_typesupport_introspection_c
[0.950s] -- Using all available rosidl_typesupport_cpp: rosidl_typesupport_fastrtps_cpp;rosidl_typesupport_introspection_cpp
[0.983s] -- Found rclcpp: 16.0.11 (/opt/ros/humble/share/rclcpp/cmake)
[1.030s] -- Found rmw_implementation_cmake: 6.1.2 (/opt/ros/humble/share/rmw_implementation_cmake/cmake)
[1.034s] -- Found rmw_cyclonedds_cpp: 1.3.4 (/opt/ros/humble/share/rmw_cyclonedds_cpp/cmake)
[1.058s] -- Using RMW implementation 'rmw_cyclonedds_cpp' as default
[1.066s] -- Looking for pthread.h
[1.131s] -- Looking for pthread.h - found
[1.131s] -- Performing Test CMAKE_HAVE_LIBC_PTHREAD
[1.199s] -- Performing Test CMAKE_HAVE_LIBC_PTHREAD - Success
[1.200s] -- Found Threads: TRUE  
[1.262s] -- Found ament_lint_auto: 0.12.11 (/opt/ros/humble/share/ament_lint_auto/cmake)
[1.339s] -- Added test 'copyright' to check source files copyright and LICENSE
[1.341s] -- Added test 'cppcheck' to perform static code analysis on C / C++ code
[1.341s] -- Configured cppcheck include dirs: /home/jaeheyoung/Rokey/7.PracticalProject/Week8_Intel2/turtlebot3_ws/src/DynamixelSDK/dynamixel_sdk_examples/include
[1.341s] -- Configured cppcheck exclude dirs and/or files: 
[1.342s] -- Added test 'cpplint' to check C / C++ code against the Google style
[1.342s] -- Configured cpplint exclude dirs and/or files: 
[1.343s] -- Added test 'lint_cmake' to check CMake code style
[1.345s] -- Added test 'uncrustify' to check C / C++ code style
[1.345s] -- Configured uncrustify additional arguments: 
[1.346s] -- Added test 'xmllint' to check XML markup files
[1.348s] -- Configuring done
[1.359s] -- Generating done
[1.363s] -- Build files have been written to: /home/jaeheyoung/Rokey/7.PracticalProject/Week8_Intel2/turtlebot3_ws/build/dynamixel_sdk_examples
[1.372s] Invoked command in '/home/jaeheyoung/Rokey/7.PracticalProject/Week8_Intel2/turtlebot3_ws/build/dynamixel_sdk_examples' returned '0': AMENT_PREFIX_PATH=/home/jaeheyoung/Rokey/7.PracticalProject/Week8_Intel2/turtlebot3_ws/install/dynamixel_sdk_custom_interfaces:/home/jaeheyoung/Rokey/7.PracticalProject/Week8_Intel2/turtlebot3_ws/install/dynamixel_sdk:${AMENT_PREFIX_PATH} CMAKE_PREFIX_PATH=/home/jaeheyoung/Rokey/7.PracticalProject/Week8_Intel2/turtlebot3_ws/install/dynamixel_sdk_custom_interfaces:/home/jaeheyoung/Rokey/7.PracticalProject/Week8_Intel2/turtlebot3_ws/install/dynamixel_sdk:/home/jaeheyoung/Rokey/7.PracticalProject/Week8_Intel2/turtlebot3_ws/install/turtlebot3_manipulation:/home/jaeheyoung/Rokey/7.PracticalProject/Week8_Intel2/turtlebot3_ws/install/turtlebot3_manipulation_teleop:/home/jaeheyoung/Rokey/7.PracticalProject/Week8_Intel2/turtlebot3_ws/install/turtlebot3_manipulation_navigation2:/home/jaeheyoung/Rokey/7.PracticalProject/Week8_Intel2/turtlebot3_ws/install/turtlebot3_manipulation_moveit_config:/home/jaeheyoung/Rokey/7.PracticalProject/Week8_Intel2/turtlebot3_ws/install/turtlebot3_manipulation_hardware:/home/jaeheyoung/Rokey/7.PracticalProject/Week8_Intel2/turtlebot3_ws/install/turtlebot3_manipulation_bringup:/home/jaeheyoung/Rokey/7.PracticalProject/Week8_Intel2/turtlebot3_ws/install/turtlebot3_manipulation_description:/home/jaeheyoung/Rokey/7.PracticalProject/Week8_Intel2/turtlebot3_ws/install/turtlebot3_manipulation_cartographer:/home/jaeheyoung/Rokey/7.PracticalProject/Week7_Drive3/drive3_ws/install/my_robot:/opt/ros/humble LD_LIBRARY_PATH=/home/jaeheyoung/Rokey/7.PracticalProject/Week8_Intel2/turtlebot3_ws/install/dynamixel_sdk_custom_interfaces/lib:/home/jaeheyoung/Rokey/7.PracticalProject/Week8_Intel2/turtlebot3_ws/install/dynamixel_sdk/lib:/home/jaeheyoung/Rokey/7.PracticalProject/Week8_Intel2/turtlebot3_ws/install/turtlebot3_manipulation_hardware/lib:/usr/lib/x86_64-linux-gnu/gazebo-11/plugins:/opt/ros/humble/opt/rviz_ogre_vendor/lib:/opt/ros/humble/lib/x86_64-linux-gnu:/opt/ros/humble/lib:/usr/local/cuda-12.6/lib64:/usr/lib/x86_64-linux-gnu/gazebo-11/plugins PYTHONPATH=/home/jaeheyoung/Rokey/7.PracticalProject/Week8_Intel2/turtlebot3_ws/install/dynamixel_sdk_custom_interfaces/local/lib/python3.10/dist-packages:${PYTHONPATH} /usr/bin/cmake /home/jaeheyoung/Rokey/7.PracticalProject/Week8_Intel2/turtlebot3_ws/src/DynamixelSDK/dynamixel_sdk_examples -DAMENT_CMAKE_SYMLINK_INSTALL=1 -DCMAKE_INSTALL_PREFIX=/home/jaeheyoung/Rokey/7.PracticalProject/Week8_Intel2/turtlebot3_ws/install/dynamixel_sdk_examples
[1.373s] Invoking command in '/home/jaeheyoung/Rokey/7.PracticalProject/Week8_Intel2/turtlebot3_ws/build/dynamixel_sdk_examples': AMENT_PREFIX_PATH=/home/jaeheyoung/Rokey/7.PracticalProject/Week8_Intel2/turtlebot3_ws/install/dynamixel_sdk_custom_interfaces:/home/jaeheyoung/Rokey/7.PracticalProject/Week8_Intel2/turtlebot3_ws/install/dynamixel_sdk:${AMENT_PREFIX_PATH} CMAKE_PREFIX_PATH=/home/jaeheyoung/Rokey/7.PracticalProject/Week8_Intel2/turtlebot3_ws/install/dynamixel_sdk_custom_interfaces:/home/jaeheyoung/Rokey/7.PracticalProject/Week8_Intel2/turtlebot3_ws/install/dynamixel_sdk:/home/jaeheyoung/Rokey/7.PracticalProject/Week8_Intel2/turtlebot3_ws/install/turtlebot3_manipulation:/home/jaeheyoung/Rokey/7.PracticalProject/Week8_Intel2/turtlebot3_ws/install/turtlebot3_manipulation_teleop:/home/jaeheyoung/Rokey/7.PracticalProject/Week8_Intel2/turtlebot3_ws/install/turtlebot3_manipulation_navigation2:/home/jaeheyoung/Rokey/7.PracticalProject/Week8_Intel2/turtlebot3_ws/install/turtlebot3_manipulation_moveit_config:/home/jaeheyoung/Rokey/7.PracticalProject/Week8_Intel2/turtlebot3_ws/install/turtlebot3_manipulation_hardware:/home/jaeheyoung/Rokey/7.PracticalProject/Week8_Intel2/turtlebot3_ws/install/turtlebot3_manipulation_bringup:/home/jaeheyoung/Rokey/7.PracticalProject/Week8_Intel2/turtlebot3_ws/install/turtlebot3_manipulation_description:/home/jaeheyoung/Rokey/7.PracticalProject/Week8_Intel2/turtlebot3_ws/install/turtlebot3_manipulation_cartographer:/home/jaeheyoung/Rokey/7.PracticalProject/Week7_Drive3/drive3_ws/install/my_robot:/opt/ros/humble LD_LIBRARY_PATH=/home/jaeheyoung/Rokey/7.PracticalProject/Week8_Intel2/turtlebot3_ws/install/dynamixel_sdk_custom_interfaces/lib:/home/jaeheyoung/Rokey/7.PracticalProject/Week8_Intel2/turtlebot3_ws/install/dynamixel_sdk/lib:/home/jaeheyoung/Rokey/7.PracticalProject/Week8_Intel2/turtlebot3_ws/install/turtlebot3_manipulation_hardware/lib:/usr/lib/x86_64-linux-gnu/gazebo-11/plugins:/opt/ros/humble/opt/rviz_ogre_vendor/lib:/opt/ros/humble/lib/x86_64-linux-gnu:/opt/ros/humble/lib:/usr/local/cuda-12.6/lib64:/usr/lib/x86_64-linux-gnu/gazebo-11/plugins PYTHONPATH=/home/jaeheyoung/Rokey/7.PracticalProject/Week8_Intel2/turtlebot3_ws/install/dynamixel_sdk_custom_interfaces/local/lib/python3.10/dist-packages:${PYTHONPATH} /usr/bin/cmake --build /home/jaeheyoung/Rokey/7.PracticalProject/Week8_Intel2/turtlebot3_ws/build/dynamixel_sdk_examples -- -j20 -l20
[1.423s] [ 50%] [32mBuilding CXX object CMakeFiles/read_write_node.dir/src/read_write_node.cpp.o[0m
[8.526s] [100%] [32m[1mLinking CXX executable read_write_node[0m
[8.907s] [100%] Built target read_write_node
[8.917s] Invoked command in '/home/jaeheyoung/Rokey/7.PracticalProject/Week8_Intel2/turtlebot3_ws/build/dynamixel_sdk_examples' returned '0': AMENT_PREFIX_PATH=/home/jaeheyoung/Rokey/7.PracticalProject/Week8_Intel2/turtlebot3_ws/install/dynamixel_sdk_custom_interfaces:/home/jaeheyoung/Rokey/7.PracticalProject/Week8_Intel2/turtlebot3_ws/install/dynamixel_sdk:${AMENT_PREFIX_PATH} CMAKE_PREFIX_PATH=/home/jaeheyoung/Rokey/7.PracticalProject/Week8_Intel2/turtlebot3_ws/install/dynamixel_sdk_custom_interfaces:/home/jaeheyoung/Rokey/7.PracticalProject/Week8_Intel2/turtlebot3_ws/install/dynamixel_sdk:/home/jaeheyoung/Rokey/7.PracticalProject/Week8_Intel2/turtlebot3_ws/install/turtlebot3_manipulation:/home/jaeheyoung/Rokey/7.PracticalProject/Week8_Intel2/turtlebot3_ws/install/turtlebot3_manipulation_teleop:/home/jaeheyoung/Rokey/7.PracticalProject/Week8_Intel2/turtlebot3_ws/install/turtlebot3_manipulation_navigation2:/home/jaeheyoung/Rokey/7.PracticalProject/Week8_Intel2/turtlebot3_ws/install/turtlebot3_manipulation_moveit_config:/home/jaeheyoung/Rokey/7.PracticalProject/Week8_Intel2/turtlebot3_ws/install/turtlebot3_manipulation_hardware:/home/jaeheyoung/Rokey/7.PracticalProject/Week8_Intel2/turtlebot3_ws/install/turtlebot3_manipulation_bringup:/home/jaeheyoung/Rokey/7.PracticalProject/Week8_Intel2/turtlebot3_ws/install/turtlebot3_manipulation_description:/home/jaeheyoung/Rokey/7.PracticalProject/Week8_Intel2/turtlebot3_ws/install/turtlebot3_manipulation_cartographer:/home/jaeheyoung/Rokey/7.PracticalProject/Week7_Drive3/drive3_ws/install/my_robot:/opt/ros/humble LD_LIBRARY_PATH=/home/jaeheyoung/Rokey/7.PracticalProject/Week8_Intel2/turtlebot3_ws/install/dynamixel_sdk_custom_interfaces/lib:/home/jaeheyoung/Rokey/7.PracticalProject/Week8_Intel2/turtlebot3_ws/install/dynamixel_sdk/lib:/home/jaeheyoung/Rokey/7.PracticalProject/Week8_Intel2/turtlebot3_ws/install/turtlebot3_manipulation_hardware/lib:/usr/lib/x86_64-linux-gnu/gazebo-11/plugins:/opt/ros/humble/opt/rviz_ogre_vendor/lib:/opt/ros/humble/lib/x86_64-linux-gnu:/opt/ros/humble/lib:/usr/local/cuda-12.6/lib64:/usr/lib/x86_64-linux-gnu/gazebo-11/plugins PYTHONPATH=/home/jaeheyoung/Rokey/7.PracticalProject/Week8_Intel2/turtlebot3_ws/install/dynamixel_sdk_custom_interfaces/local/lib/python3.10/dist-packages:${PYTHONPATH} /usr/bin/cmake --build /home/jaeheyoung/Rokey/7.PracticalProject/Week8_Intel2/turtlebot3_ws/build/dynamixel_sdk_examples -- -j20 -l20
[8.918s] Invoking command in '/home/jaeheyoung/Rokey/7.PracticalProject/Week8_Intel2/turtlebot3_ws/build/dynamixel_sdk_examples': AMENT_PREFIX_PATH=/home/jaeheyoung/Rokey/7.PracticalProject/Week8_Intel2/turtlebot3_ws/install/dynamixel_sdk_custom_interfaces:/home/jaeheyoung/Rokey/7.PracticalProject/Week8_Intel2/turtlebot3_ws/install/dynamixel_sdk:${AMENT_PREFIX_PATH} CMAKE_PREFIX_PATH=/home/jaeheyoung/Rokey/7.PracticalProject/Week8_Intel2/turtlebot3_ws/install/dynamixel_sdk_custom_interfaces:/home/jaeheyoung/Rokey/7.PracticalProject/Week8_Intel2/turtlebot3_ws/install/dynamixel_sdk:/home/jaeheyoung/Rokey/7.PracticalProject/Week8_Intel2/turtlebot3_ws/install/turtlebot3_manipulation:/home/jaeheyoung/Rokey/7.PracticalProject/Week8_Intel2/turtlebot3_ws/install/turtlebot3_manipulation_teleop:/home/jaeheyoung/Rokey/7.PracticalProject/Week8_Intel2/turtlebot3_ws/install/turtlebot3_manipulation_navigation2:/home/jaeheyoung/Rokey/7.PracticalProject/Week8_Intel2/turtlebot3_ws/install/turtlebot3_manipulation_moveit_config:/home/jaeheyoung/Rokey/7.PracticalProject/Week8_Intel2/turtlebot3_ws/install/turtlebot3_manipulation_hardware:/home/jaeheyoung/Rokey/7.PracticalProject/Week8_Intel2/turtlebot3_ws/install/turtlebot3_manipulation_bringup:/home/jaeheyoung/Rokey/7.PracticalProject/Week8_Intel2/turtlebot3_ws/install/turtlebot3_manipulation_description:/home/jaeheyoung/Rokey/7.PracticalProject/Week8_Intel2/turtlebot3_ws/install/turtlebot3_manipulation_cartographer:/home/jaeheyoung/Rokey/7.PracticalProject/Week7_Drive3/drive3_ws/install/my_robot:/opt/ros/humble LD_LIBRARY_PATH=/home/jaeheyoung/Rokey/7.PracticalProject/Week8_Intel2/turtlebot3_ws/install/dynamixel_sdk_custom_interfaces/lib:/home/jaeheyoung/Rokey/7.PracticalProject/Week8_Intel2/turtlebot3_ws/install/dynamixel_sdk/lib:/home/jaeheyoung/Rokey/7.PracticalProject/Week8_Intel2/turtlebot3_ws/install/turtlebot3_manipulation_hardware/lib:/usr/lib/x86_64-linux-gnu/gazebo-11/plugins:/opt/ros/humble/opt/rviz_ogre_vendor/lib:/opt/ros/humble/lib/x86_64-linux-gnu:/opt/ros/humble/lib:/usr/local/cuda-12.6/lib64:/usr/lib/x86_64-linux-gnu/gazebo-11/plugins PYTHONPATH=/home/jaeheyoung/Rokey/7.PracticalProject/Week8_Intel2/turtlebot3_ws/install/dynamixel_sdk_custom_interfaces/local/lib/python3.10/dist-packages:${PYTHONPATH} /usr/bin/cmake --install /home/jaeheyoung/Rokey/7.PracticalProject/Week8_Intel2/turtlebot3_ws/build/dynamixel_sdk_examples
[8.927s] -- Install configuration: ""
[8.928s] -- Execute custom install script
[8.928s] -- Symlinking: /home/jaeheyoung/Rokey/7.PracticalProject/Week8_Intel2/turtlebot3_ws/install/dynamixel_sdk_examples/lib/dynamixel_sdk_examples/read_write_node
[8.938s] -- Symlinking: /home/jaeheyoung/Rokey/7.PracticalProject/Week8_Intel2/turtlebot3_ws/install/dynamixel_sdk_examples/share/ament_index/resource_index/package_run_dependencies/dynamixel_sdk_examples
[8.948s] -- Symlinking: /home/jaeheyoung/Rokey/7.PracticalProject/Week8_Intel2/turtlebot3_ws/install/dynamixel_sdk_examples/share/ament_index/resource_index/parent_prefix_path/dynamixel_sdk_examples
[8.957s] -- Symlinking: /home/jaeheyoung/Rokey/7.PracticalProject/Week8_Intel2/turtlebot3_ws/install/dynamixel_sdk_examples/share/dynamixel_sdk_examples/environment/ament_prefix_path.sh
[8.967s] -- Symlinking: /home/jaeheyoung/Rokey/7.PracticalProject/Week8_Intel2/turtlebot3_ws/install/dynamixel_sdk_examples/share/dynamixel_sdk_examples/environment/ament_prefix_path.dsv
[8.977s] -- Symlinking: /home/jaeheyoung/Rokey/7.PracticalProject/Week8_Intel2/turtlebot3_ws/install/dynamixel_sdk_examples/share/dynamixel_sdk_examples/environment/path.sh
[8.987s] -- Symlinking: /home/jaeheyoung/Rokey/7.PracticalProject/Week8_Intel2/turtlebot3_ws/install/dynamixel_sdk_examples/share/dynamixel_sdk_examples/environment/path.dsv
[8.996s] -- Symlinking: /home/jaeheyoung/Rokey/7.PracticalProject/Week8_Intel2/turtlebot3_ws/install/dynamixel_sdk_examples/share/dynamixel_sdk_examples/local_setup.bash
[9.006s] -- Symlinking: /home/jaeheyoung/Rokey/7.PracticalProject/Week8_Intel2/turtlebot3_ws/install/dynamixel_sdk_examples/share/dynamixel_sdk_examples/local_setup.sh
[9.015s] -- Symlinking: /home/jaeheyoung/Rokey/7.PracticalProject/Week8_Intel2/turtlebot3_ws/install/dynamixel_sdk_examples/share/dynamixel_sdk_examples/local_setup.zsh
[9.024s] -- Symlinking: /home/jaeheyoung/Rokey/7.PracticalProject/Week8_Intel2/turtlebot3_ws/install/dynamixel_sdk_examples/share/dynamixel_sdk_examples/local_setup.dsv
[9.032s] -- Symlinking: /home/jaeheyoung/Rokey/7.PracticalProject/Week8_Intel2/turtlebot3_ws/install/dynamixel_sdk_examples/share/dynamixel_sdk_examples/package.dsv
[9.042s] -- Symlinking: /home/jaeheyoung/Rokey/7.PracticalProject/Week8_Intel2/turtlebot3_ws/install/dynamixel_sdk_examples/share/ament_index/resource_index/packages/dynamixel_sdk_examples
[9.050s] -- Symlinking: /home/jaeheyoung/Rokey/7.PracticalProject/Week8_Intel2/turtlebot3_ws/install/dynamixel_sdk_examples/share/dynamixel_sdk_examples/cmake/dynamixel_sdk_examplesConfig.cmake
[9.059s] -- Symlinking: /home/jaeheyoung/Rokey/7.PracticalProject/Week8_Intel2/turtlebot3_ws/install/dynamixel_sdk_examples/share/dynamixel_sdk_examples/cmake/dynamixel_sdk_examplesConfig-version.cmake
[9.069s] -- Symlinking: /home/jaeheyoung/Rokey/7.PracticalProject/Week8_Intel2/turtlebot3_ws/install/dynamixel_sdk_examples/share/dynamixel_sdk_examples/package.xml
[9.080s] Invoked command in '/home/jaeheyoung/Rokey/7.PracticalProject/Week8_Intel2/turtlebot3_ws/build/dynamixel_sdk_examples' returned '0': AMENT_PREFIX_PATH=/home/jaeheyoung/Rokey/7.PracticalProject/Week8_Intel2/turtlebot3_ws/install/dynamixel_sdk_custom_interfaces:/home/jaeheyoung/Rokey/7.PracticalProject/Week8_Intel2/turtlebot3_ws/install/dynamixel_sdk:${AMENT_PREFIX_PATH} CMAKE_PREFIX_PATH=/home/jaeheyoung/Rokey/7.PracticalProject/Week8_Intel2/turtlebot3_ws/install/dynamixel_sdk_custom_interfaces:/home/jaeheyoung/Rokey/7.PracticalProject/Week8_Intel2/turtlebot3_ws/install/dynamixel_sdk:/home/jaeheyoung/Rokey/7.PracticalProject/Week8_Intel2/turtlebot3_ws/install/turtlebot3_manipulation:/home/jaeheyoung/Rokey/7.PracticalProject/Week8_Intel2/turtlebot3_ws/install/turtlebot3_manipulation_teleop:/home/jaeheyoung/Rokey/7.PracticalProject/Week8_Intel2/turtlebot3_ws/install/turtlebot3_manipulation_navigation2:/home/jaeheyoung/Rokey/7.PracticalProject/Week8_Intel2/turtlebot3_ws/install/turtlebot3_manipulation_moveit_config:/home/jaeheyoung/Rokey/7.PracticalProject/Week8_Intel2/turtlebot3_ws/install/turtlebot3_manipulation_hardware:/home/jaeheyoung/Rokey/7.PracticalProject/Week8_Intel2/turtlebot3_ws/install/turtlebot3_manipulation_bringup:/home/jaeheyoung/Rokey/7.PracticalProject/Week8_Intel2/turtlebot3_ws/install/turtlebot3_manipulation_description:/home/jaeheyoung/Rokey/7.PracticalProject/Week8_Intel2/turtlebot3_ws/install/turtlebot3_manipulation_cartographer:/home/jaeheyoung/Rokey/7.PracticalProject/Week7_Drive3/drive3_ws/install/my_robot:/opt/ros/humble LD_LIBRARY_PATH=/home/jaeheyoung/Rokey/7.PracticalProject/Week8_Intel2/turtlebot3_ws/install/dynamixel_sdk_custom_interfaces/lib:/home/jaeheyoung/Rokey/7.PracticalProject/Week8_Intel2/turtlebot3_ws/install/dynamixel_sdk/lib:/home/jaeheyoung/Rokey/7.PracticalProject/Week8_Intel2/turtlebot3_ws/install/turtlebot3_manipulation_hardware/lib:/usr/lib/x86_64-linux-gnu/gazebo-11/plugins:/opt/ros/humble/opt/rviz_ogre_vendor/lib:/opt/ros/humble/lib/x86_64-linux-gnu:/opt/ros/humble/lib:/usr/local/cuda-12.6/lib64:/usr/lib/x86_64-linux-gnu/gazebo-11/plugins PYTHONPATH=/home/jaeheyoung/Rokey/7.PracticalProject/Week8_Intel2/turtlebot3_ws/install/dynamixel_sdk_custom_interfaces/local/lib/python3.10/dist-packages:${PYTHONPATH} /usr/bin/cmake --install /home/jaeheyoung/Rokey/7.PracticalProject/Week8_Intel2/turtlebot3_ws/build/dynamixel_sdk_examples
